Performing system checks...

System check identified no issues (0 silenced).
December 19, 2020 - 10:33:46
Django version 2.2.13, using settings 'MrDoc.settings'
Starting development server at http://0.0.0.0:9200/
Quit the server with CONTROL-C.
Performing system checks...

Performing system checks...

System check identified no issues (0 silenced).
December 19, 2020 - 14:12:43
Django version 2.2.13, using settings 'MrDoc.settings'
Starting development server at http://0.0.0.0:9200/
Quit the server with CONTROL-C.
Performing system checks...

System check identified no issues (0 silenced).
December 20, 2020 - 09:02:43
Django version 2.2.13, using settings 'MrDoc.settings'
Starting development server at http://0.0.0.0:9200/
Quit the server with CONTROL-C.
Performing system checks...

System check identified no issues (0 silenced).
December 20, 2020 - 11:41:17
Django version 2.2.13, using settings 'MrDoc.settings'
Starting development server at http://0.0.0.0:9200/
Quit the server with CONTROL-C.
Performing system checks...

System check identified no issues (0 silenced).
December 20, 2020 - 11:45:46
Django version 2.2.13, using settings 'MrDoc.settings'
Starting development server at http://0.0.0.0:9200/
Quit the server with CONTROL-C.
Performing system checks...

System check identified no issues (0 silenced).
December 28, 2020 - 22:33:40
Django version 2.2.13, using settings 'MrDoc.settings'
Starting development server at http://0.0.0.0:9200/
Quit the server with CONTROL-C.
Performing system checks...

System check identified no issues (0 silenced).
December 31, 2020 - 14:00:48
Django version 2.2.13, using settings 'MrDoc.settings'
Starting development server at http://0.0.0.0:9200/
Quit the server with CONTROL-C.
/mnt/hgfs/Personal/Server/projects/MrDoc/media/reportmd_temp/grayson_《大数据平台核心技术》作业_2021-01-01.zip
Performing system checks...

System check identified no issues (0 silenced).
January 01, 2021 - 22:18:06
Django version 2.2.13, using settings 'MrDoc.settings'
Starting development server at http://0.0.0.0:9200/
Quit the server with CONTROL-C.
Performing system checks...

System check identified no issues (0 silenced).
January 02, 2021 - 11:14:49
Django version 2.2.13, using settings 'MrDoc.settings'
Starting development server at http://0.0.0.0:9200/
Quit the server with CONTROL-C.
Performing system checks...

System check identified no issues (0 silenced).
January 29, 2021 - 18:46:58
Django version 2.2.13, using settings 'MrDoc.settings'
Starting development server at http://0.0.0.0:9200/
Quit the server with CONTROL-C.
Performing system checks...

System check identified no issues (0 silenced).
January 29, 2021 - 19:01:03
Django version 2.2.13, using settings 'MrDoc.settings'
Starting development server at http://0.0.0.0:9200/
Quit the server with CONTROL-C.
Performing system checks...

System check identified no issues (0 silenced).
January 30, 2021 - 10:21:52
Django version 2.2.13, using settings 'MrDoc.settings'
Starting development server at http://0.0.0.0:9200/
Quit the server with CONTROL-C.
Performing system checks...

System check identified no issues (0 silenced).
February 03, 2021 - 16:09:20
Django version 2.2.13, using settings 'MrDoc.settings'
Starting development server at http://0.0.0.0:9200/
Quit the server with CONTROL-C.
Performing system checks...

System check identified no issues (0 silenced).

You have 1 unapplied migration(s). Your project may not work properly until you apply the migrations for app(s): app_doc.
Run 'python manage.py migrate' to apply them.
February 07, 2021 - 14:27:58
Django version 2.2.13, using settings 'MrDoc.settings'
Starting development server at http://0.0.0.0:9200/
Quit the server with CONTROL-C.
/mnt/hgfs/Personal/Server/projects/MrDoc/media/reportmd_temp/grayson_《大数据平台核心技术》作业_2021-02-07.zip
/mnt/hgfs/Personal/Server/projects/MrDoc/media/reportmd_temp/grayson_《大数据平台核心技术》作业_2021-02-07.zip
/mnt/hgfs/Personal/Server/projects/MrDoc/media/reportmd_temp/grayson_《网络数据采集》作业_2021-02-07.zip
/mnt/hgfs/Personal/Server/projects/MrDoc/media/reportmd_temp/grayson_关于我_2021-02-07.zip
/mnt/hgfs/Personal/Server/projects/MrDoc/media/reportmd_temp/grayson_学习笔记(TDH)_2021-02-07.zip
/mnt/hgfs/Personal/Server/projects/MrDoc/media/reportmd_temp/grayson_学习笔记(Shell)_2021-02-07.zip
/mnt/hgfs/Personal/Server/projects/MrDoc/media/reportmd_temp/grayson_学习笔记(Redis)_2021-02-07.zip
/mnt/hgfs/Personal/Server/projects/MrDoc/media/reportmd_temp/grayson_学习笔记(Python)_2021-02-07.zip
/mnt/hgfs/Personal/Server/projects/MrDoc/media/reportmd_temp/grayson_学习笔记(Oracle)_2021-02-07.zip
/mnt/hgfs/Personal/Server/projects/MrDoc/media/reportmd_temp/grayson_学习笔记(MongoDB)_2021-02-07.zip
/mnt/hgfs/Personal/Server/projects/MrDoc/media/reportmd_temp/grayson_学习笔记(Manager)_2021-02-07.zip
/mnt/hgfs/Personal/Server/projects/MrDoc/media/reportmd_temp/grayson_学习笔记(JVM)_2021-02-07.zip
/mnt/hgfs/Personal/Server/projects/MrDoc/media/reportmd_temp/grayson_学习笔记(Kafka)_2021-02-07.zip
/mnt/hgfs/Personal/Server/projects/MrDoc/media/reportmd_temp/grayson_学习笔记(Inceptor)_2021-02-07.zip
/mnt/hgfs/Personal/Server/projects/MrDoc/media/reportmd_temp/grayson_学习笔记(Hive)_2021-02-07.zip
/mnt/hgfs/Personal/Server/projects/MrDoc/media/reportmd_temp/grayson_学习笔记(HBase)_2021-02-07.zip
/mnt/hgfs/Personal/Server/projects/MrDoc/media/reportmd_temp/grayson_学习笔记(ElasticSearch)_2021-02-07.zip
/mnt/hgfs/Personal/Server/projects/MrDoc/media/reportmd_temp/grayson_学习笔记(Docker)_2021-02-07.zip
/mnt/hgfs/Personal/Server/projects/MrDoc/media/reportmd_temp/grayson_学习笔记(总结)_2021-02-07.zip
Performing system checks...

System check identified no issues (0 silenced).
March 01, 2021 - 10:09:05
Django version 2.2.13, using settings 'MrDoc.settings'
Starting development server at http://0.0.0.0:9200/
Quit the server with CONTROL-C.




















Performing system checks...

System check identified no issues (0 silenced).
March 06, 2021 - 09:05:31
Django version 2.2.13, using settings 'MrDoc.settings'
Starting development server at http://0.0.0.0:9200/
Quit the server with CONTROL-C.
Performing system checks...

System check identified no issues (0 silenced).
March 08, 2021 - 14:41:50
Django version 2.2.13, using settings 'MrDoc.settings'
Starting development server at http://0.0.0.0:9200/
Quit the server with CONTROL-C.
Performing system checks...

System check identified no issues (0 silenced).
March 08, 2021 - 14:58:40
Django version 2.2.13, using settings 'MrDoc.settings'
Starting development server at http://0.0.0.0:9200/
Quit the server with CONTROL-C.
Performing system checks...

System check identified no issues (0 silenced).
March 13, 2021 - 21:46:04
Django version 2.2.13, using settings 'MrDoc.settings'
Starting development server at http://0.0.0.0:9200/
Quit the server with CONTROL-C.
Performing system checks...

System check identified no issues (0 silenced).
March 29, 2021 - 17:25:20
Django version 2.2.13, using settings 'MrDoc.settings'
Starting development server at http://0.0.0.0:9200/
Quit the server with CONTROL-C.
Performing system checks...

System check identified no issues (0 silenced).
April 02, 2021 - 10:57:17
Django version 2.2.13, using settings 'MrDoc.settings'
Starting development server at http://0.0.0.0:9200/
Quit the server with CONTROL-C.
Performing system checks...

System check identified no issues (0 silenced).
April 06, 2021 - 14:18:20
Django version 2.2.13, using settings 'MrDoc.settings'
Starting development server at http://0.0.0.0:9200/
Quit the server with CONTROL-C.
