[09/Jan/2022 14:30:02] "GET / HTTP/1.1" 200 48001
[09/Jan/2022 14:37:37] "GET /project-46/doc-838/ HTTP/1.0" 302 0
[09/Jan/2022 14:37:39] "GET /check_viewcode/?to=/project-46/doc-838/ HTTP/1.0" 200 3066
[09/Jan/2022 14:46:04] "GET / HTTP/1.1" 200 48001
[09/Jan/2022 14:46:05] "GET /static/mrdoc/mrdoc.css?version=0.7.4 HTTP/1.1" 304 0
[09/Jan/2022 14:46:05] "GET /static/layui/css/layui.css?version=0.7.4 HTTP/1.1" 304 0
[09/Jan/2022 14:46:05] "GET /static/iconFont/iconfont.css?version=0.7.4 HTTP/1.1" 304 0
[09/Jan/2022 14:46:05] "GET /static/iconFont/iconfont.js?version=0.7.4 HTTP/1.1" 304 0
[09/Jan/2022 14:46:05] "GET /static/icon_img/create-doc-icon.svg HTTP/1.1" 304 0
[09/Jan/2022 14:46:05] "GET /static/logo.svg HTTP/1.1" 304 0
[09/Jan/2022 14:46:05] "GET /static/icon_img/create-table-icon.svg HTTP/1.1" 304 0
[09/Jan/2022 14:46:05] "GET /static/jquery/3.1.1/jquery.min.js HTTP/1.1" 304 0
[09/Jan/2022 14:46:05] "GET /static/layui/layui.js?version=0.7.4 HTTP/1.1" 304 0
[09/Jan/2022 14:46:05] "GET /static/layui/font/iconfont.woff2?v=256 HTTP/1.1" 304 0
[09/Jan/2022 14:46:05] "GET /static/icon_img/viewcode.svg HTTP/1.1" 304 0
[09/Jan/2022 14:46:06] "GET /static/layui/css/modules/layer/default/layer.css?v=3.5.1 HTTP/1.1" 304 0
[09/Jan/2022 14:46:06] "GET /static/layui/css/modules/laydate/default/laydate.css?v=5.3.1 HTTP/1.1" 304 0
[09/Jan/2022 14:46:06] "GET /static/layui/css/modules/code.css?v=2 HTTP/1.1" 304 0
[09/Jan/2022 14:46:06] "GET /static/search/mrdoc_logo_300.png HTTP/1.1" 304 0
[09/Jan/2022 14:46:09] "GET / HTTP/1.0" 200 57762
[09/Jan/2022 14:46:10] "GET /static/layui/css/layui.css?version=0.7.4 HTTP/1.0" 200 79875
[09/Jan/2022 14:46:10] "GET /static/mrdoc/mrdoc.css?version=0.7.4 HTTP/1.0" 200 21396
[09/Jan/2022 14:46:10] "GET /static/iconFont/iconfont.css?version=0.7.4 HTTP/1.0" 200 22891
[09/Jan/2022 14:46:10] "GET /static/iconFont/iconfont.js?version=0.7.4 HTTP/1.0" 200 130522
[09/Jan/2022 14:46:10] "GET /static/jquery/3.1.1/jquery.min.js HTTP/1.0" 200 86709
[09/Jan/2022 14:46:10] "GET /static/logo.svg HTTP/1.0" 200 15252
[09/Jan/2022 14:46:10] "GET /static/layui/layui.js?version=0.7.4 HTTP/1.0" 200 291286
[09/Jan/2022 14:46:10] "GET /static/icon_img/create-doc-icon.svg HTTP/1.0" 200 894
[09/Jan/2022 14:46:10] "GET /static/icon_img/create-table-icon.svg HTTP/1.0" 200 967
[09/Jan/2022 14:46:10] "GET /static/icon_img/create-pro-icon.svg HTTP/1.0" 200 1821
[09/Jan/2022 14:46:10] "GET /static/icon_img/simi.svg HTTP/1.0" 200 1798
[09/Jan/2022 14:46:10] "GET /static/icon_img/viewcode.svg HTTP/1.0" 200 1137
[09/Jan/2022 14:46:10] "GET /static/layui/font/iconfont.woff2?v=256 HTTP/1.0" 200 25964
[09/Jan/2022 14:46:11] "GET /static/layui/css/modules/laydate/default/laydate.css?v=5.3.1 HTTP/1.0" 200 7365
[09/Jan/2022 14:46:11] "GET /static/layui/css/modules/layer/default/layer.css?v=3.5.1 HTTP/1.0" 200 14271
[09/Jan/2022 14:46:11] "GET /static/layui/css/modules/code.css?v=2 HTTP/1.0" 200 1319
[09/Jan/2022 14:46:11] "GET /static/search/mrdoc_logo_300.png HTTP/1.0" 200 1255
[09/Jan/2022 14:46:12] "GET /static/search/mrdoc_logo_300.png HTTP/1.0" 200 1255
[09/Jan/2022 14:46:15] "GET / HTTP/1.0" 200 57762
[09/Jan/2022 14:46:18] "GET / HTTP/1.0" 200 57762
[09/Jan/2022 14:46:20] "GET /project-53/doc-891/ HTTP/1.0" 200 41722
[09/Jan/2022 14:46:21] "GET /static/editor.md/css/editormd.css?version=0.7.4 HTTP/1.0" 200 79072
[09/Jan/2022 14:46:21] "GET /static/vditor/dist/index.css?version=0.7.4 HTTP/1.0" 200 36079
[09/Jan/2022 14:46:21] "GET /static/viewerjs/viewer.min.css?version=0.7.4 HTTP/1.0" 200 7796
[09/Jan/2022 14:46:21] "GET /static/mrdoc/mrdoc-docs.css?version=0.7.4 HTTP/1.0" 200 3546
[09/Jan/2022 14:46:21] "GET /static/viewerjs/viewer.min.js?version=0.7.4 HTTP/1.0" 200 32388
[09/Jan/2022 14:46:21] "GET /static/qrcodejs/qrcode.min.js?version=0.7.4 HTTP/1.0" 200 19927
[09/Jan/2022 14:46:21] "GET /static/mrdoc/mrdoc-docs.js?version=0.7.4 HTTP/1.0" 200 16661
[09/Jan/2022 14:46:21] "GET /static/editor.md/lib/purify.min.js?version=0.7.4 HTTP/1.0" 200 18018
[09/Jan/2022 14:46:21] "GET /static/vditor/dist/method.min.js?version=0.7.4 HTTP/1.0" 200 51382
[09/Jan/2022 14:46:21] "GET /static/toc/doctoc.js?version=0.7.4 HTTP/1.0" 200 11498
[09/Jan/2022 14:46:21] "GET /static/dashang/dashang_wx.webp HTTP/1.0" 200 11276
[09/Jan/2022 14:46:21] "GET /static/dashang/dashang_alipay.webp HTTP/1.0" 200 20156
[09/Jan/2022 14:46:21] "GET /static/dashang/dashang_qq.webp HTTP/1.0" 200 13280
[09/Jan/2022 14:46:21] "GET /static/dashang/dashang_paypal.png HTTP/1.0" 200 6834
[09/Jan/2022 14:46:24] "GET / HTTP/1.0" 200 48001
[09/Jan/2022 14:46:24] "GET /static/search/mrdoc_logo_300.png HTTP/1.0" 200 1255
[09/Jan/2022 14:46:26] "GET /static/vditor//dist/js/lute/lute.min.js HTTP/1.0" 200 2220501
[09/Jan/2022 14:46:26] "GET /static/editor.md/fonts/fontawesome-webfont.woff2?v=4.3.0 HTTP/1.0" 200 56780
[09/Jan/2022 14:46:28] "GET /static/vditor//dist/js/highlight.js/styles/github.css HTTP/1.0" 200 4047
[09/Jan/2022 14:46:28] "GET /static/vditor//dist/js/katex/katex.min.css HTTP/1.0" 200 22094
[09/Jan/2022 14:46:28] "GET /static/vditor//dist/js/katex/katex.min.js HTTP/1.0" 200 255613
[09/Jan/2022 14:46:29] "GET /static/vditor//dist/js/icons/ant.js HTTP/1.0" 200 42983
[09/Jan/2022 14:46:29] "GET /media/202112/2021-12-18_160320_892162.png HTTP/1.0" 404 5631
[09/Jan/2022 14:46:29] "GET /media/202112/2021-12-18_161641_713625.png HTTP/1.0" 404 5631
[09/Jan/2022 14:46:29] "GET /media/202112/2021-12-18_162137_176474.png HTTP/1.0" 404 5631
[09/Jan/2022 14:46:29] "GET /media/202112/2021-12-18_170438_469892.png HTTP/1.0" 404 5631
[09/Jan/2022 14:46:29] "GET /media/202112/2021-12-19_100611_088200.png HTTP/1.0" 404 5631
[09/Jan/2022 14:46:29] "GET /media/202112/2021-12-19_105809_127613.png HTTP/1.0" 404 5631
[09/Jan/2022 14:46:29] "GET /media/202112/2021-12-19_112828_122003.png HTTP/1.0" 404 5631
[09/Jan/2022 14:46:29] "GET /media/202112/2021-12-19_161019_353256.png HTTP/1.0" 404 5631
[09/Jan/2022 14:46:29] "GET /media/202112/2021-12-19_161240_548047.png HTTP/1.0" 404 5631
[09/Jan/2022 14:46:29] "GET /media/202112/2021-12-19_161755_031964.png HTTP/1.0" 404 5631
[09/Jan/2022 14:46:29] "GET /media/202112/2021-12-19_162116_969654.png HTTP/1.0" 404 5631
[09/Jan/2022 14:46:29] "GET /media/202112/2021-12-19_1657260.04642150690593416.png HTTP/1.0" 404 5631
[09/Jan/2022 14:46:29] "GET /media/202112/2021-12-19_1715020.13017431922923417.png HTTP/1.0" 404 5631
[09/Jan/2022 14:46:29] "GET /media/202112/2021-12-19_1934110.8850201676297518.png HTTP/1.0" 404 5631
[09/Jan/2022 14:46:29] "GET /static/vditor//dist/js/katex/fonts/KaTeX_Math-Italic.woff2 HTTP/1.0" 200 20096
[09/Jan/2022 14:46:29] "GET /static/vditor//dist/js/katex/fonts/KaTeX_Main-Regular.woff2 HTTP/1.0" 200 32464
[09/Jan/2022 14:46:34] "GET /project-53/doc-891/ HTTP/1.0" 200 41722
[09/Jan/2022 14:46:41] "GET /media/202112/2021-12-18_160320_892162.png HTTP/1.0" 404 5631
[09/Jan/2022 14:46:41] "GET /media/202112/2021-12-18_161641_713625.png HTTP/1.0" 404 5631
[09/Jan/2022 14:46:41] "GET /media/202112/2021-12-18_162137_176474.png HTTP/1.0" 404 5631
[09/Jan/2022 14:46:41] "GET /media/202112/2021-12-18_170438_469892.png HTTP/1.0" 404 5631
[09/Jan/2022 14:46:41] "GET /media/202112/2021-12-19_100611_088200.png HTTP/1.0" 404 5631
[09/Jan/2022 14:46:41] "GET /media/202112/2021-12-19_105809_127613.png HTTP/1.0" 404 5631
[09/Jan/2022 14:46:41] "GET /media/202112/2021-12-19_112828_122003.png HTTP/1.0" 404 5631
[09/Jan/2022 14:46:41] "GET /media/202112/2021-12-19_161019_353256.png HTTP/1.0" 404 5631
[09/Jan/2022 14:46:41] "GET /media/202112/2021-12-19_161240_548047.png HTTP/1.0" 404 5631
[09/Jan/2022 14:46:41] "GET /media/202112/2021-12-19_161755_031964.png HTTP/1.0" 404 5631
[09/Jan/2022 14:46:41] "GET /media/202112/2021-12-19_162116_969654.png HTTP/1.0" 404 5631
[09/Jan/2022 14:46:41] "GET /media/202112/2021-12-19_1657260.04642150690593416.png HTTP/1.0" 404 5631
[09/Jan/2022 14:46:42] "GET /media/202112/2021-12-19_1934110.8850201676297518.png HTTP/1.0" 404 5631
[09/Jan/2022 14:46:42] "GET /media/202112/2021-12-19_1715020.13017431922923417.png HTTP/1.0" 404 5631
[09/Jan/2022 14:46:55] "GET /media/202107/2021-07-24_102733.png HTTP/1.0" 200 1709392
[09/Jan/2022 14:46:55] "GET /media/202107/jsjdsorg3_1627096131.jpeg HTTP/1.0" 200 163819
[09/Jan/2022 14:46:55] "GET /media/202107/comaplogo_1627096542.gif HTTP/1.0" 200 14994
[09/Jan/2022 14:46:55] "GET /media/202107/neccs_logo@2x_1627097222.png HTTP/1.0" 200 41862
[09/Jan/2022 14:48:03] "GET /robots.txt HTTP/1.0" 404 3965
[09/Jan/2022 14:48:04] "GET /download_doc_md/816/ HTTP/1.0" 200 3965
[09/Jan/2022 14:49:38] "GET / HTTP/1.0" 200 57762
[09/Jan/2022 14:50:11] "GET / HTTP/1.0" 200 57762
[09/Jan/2022 14:51:13] "GET / HTTP/1.0" 200 57762
[09/Jan/2022 14:51:18] "GET /project-53/doc-891/ HTTP/1.0" 200 41722
[09/Jan/2022 14:51:18] "GET /static/mrdoc/mrdoc-docs.js?version=0.7.4 HTTP/1.0" 200 16661
[09/Jan/2022 14:51:18] "GET /static/toc/doctoc.js?version=0.7.4 HTTP/1.0" 200 11498
[09/Jan/2022 14:51:19] "GET /media/202112/2021-12-18_160320_892162.png HTTP/1.0" 404 5631
[09/Jan/2022 14:51:19] "GET /media/202112/2021-12-18_161641_713625.png HTTP/1.0" 404 5631
[09/Jan/2022 14:51:19] "GET /media/202112/2021-12-18_170438_469892.png HTTP/1.0" 404 5631
[09/Jan/2022 14:51:19] "GET /media/202112/2021-12-18_162137_176474.png HTTP/1.0" 404 5631
[09/Jan/2022 14:51:19] "GET /media/202112/2021-12-19_100611_088200.png HTTP/1.0" 404 5631
[09/Jan/2022 14:51:19] "GET /media/202112/2021-12-19_112828_122003.png HTTP/1.0" 404 5631
[09/Jan/2022 14:51:19] "GET /media/202112/2021-12-19_105809_127613.png HTTP/1.0" 404 5631
[09/Jan/2022 14:51:19] "GET /media/202112/2021-12-19_161019_353256.png HTTP/1.0" 404 5631
[09/Jan/2022 14:51:19] "GET /media/202112/2021-12-19_161240_548047.png HTTP/1.0" 404 5631
[09/Jan/2022 14:51:19] "GET /media/202112/2021-12-19_161755_031964.png HTTP/1.0" 404 5631
[09/Jan/2022 14:51:19] "GET /media/202112/2021-12-19_162116_969654.png HTTP/1.0" 404 5631
[09/Jan/2022 14:51:19] "GET /media/202112/2021-12-19_1657260.04642150690593416.png HTTP/1.0" 404 5631
[09/Jan/2022 14:51:19] "GET /media/202112/2021-12-19_1715020.13017431922923417.png HTTP/1.0" 404 5631
[09/Jan/2022 14:51:19] "GET /media/202112/2021-12-19_1934110.8850201676297518.png HTTP/1.0" 404 5631
[09/Jan/2022 14:51:29] "GET / HTTP/1.0" 200 57762
[09/Jan/2022 14:51:31] "GET /project-53/doc-891/ HTTP/1.0" 200 41722
[09/Jan/2022 14:51:32] "GET /media/202112/2021-12-18_160320_892162.png HTTP/1.0" 404 5631
[09/Jan/2022 14:51:33] "GET /media/202112/2021-12-18_161641_713625.png HTTP/1.0" 404 5631
[09/Jan/2022 14:51:33] "GET /media/202112/2021-12-18_162137_176474.png HTTP/1.0" 404 5631
[09/Jan/2022 14:51:33] "GET /media/202112/2021-12-18_170438_469892.png HTTP/1.0" 404 5631
[09/Jan/2022 14:51:33] "GET /media/202112/2021-12-19_100611_088200.png HTTP/1.0" 404 5631
[09/Jan/2022 14:51:33] "GET /media/202112/2021-12-19_105809_127613.png HTTP/1.0" 404 5631
[09/Jan/2022 14:51:33] "GET /media/202112/2021-12-19_112828_122003.png HTTP/1.0" 404 5631
[09/Jan/2022 14:51:33] "GET /media/202112/2021-12-19_161019_353256.png HTTP/1.0" 404 5631
[09/Jan/2022 14:51:33] "GET /media/202112/2021-12-19_161240_548047.png HTTP/1.0" 404 5631
[09/Jan/2022 14:51:33] "GET /media/202112/2021-12-19_161755_031964.png HTTP/1.0" 404 5631
[09/Jan/2022 14:51:33] "GET /media/202112/2021-12-19_162116_969654.png HTTP/1.0" 404 5631
[09/Jan/2022 14:51:33] "GET /media/202112/2021-12-19_1657260.04642150690593416.png HTTP/1.0" 404 5631
[09/Jan/2022 14:51:33] "GET /media/202112/2021-12-19_1715020.13017431922923417.png HTTP/1.0" 404 5631
[09/Jan/2022 14:51:33] "GET /media/202112/2021-12-19_1934110.8850201676297518.png HTTP/1.0" 404 5631
[09/Jan/2022 14:53:20] "GET / HTTP/1.0" 200 57762
[09/Jan/2022 14:53:24] "GET /?page=2&kw=&sort=&role=-1 HTTP/1.0" 200 46349
[09/Jan/2022 14:53:28] "GET /project-21/doc-900/ HTTP/1.0" 200 69658
[09/Jan/2022 14:53:29] "GET /media/202201/2022-01-03_2054110.6387905739214823.png HTTP/1.0" 404 5631
[09/Jan/2022 14:55:27] "GET / HTTP/1.1" 200 48001
----------------------------------------
Exception happened during processing of request from ('167.94.138.114', 36818)
Traceback (most recent call last):
  File "/www/server/python_manager/versions/3.6.8/lib/python3.6/socketserver.py", line 654, in process_request_thread
    self.finish_request(request, client_address)
  File "/www/server/python_manager/versions/3.6.8/lib/python3.6/socketserver.py", line 364, in finish_request
    self.RequestHandlerClass(request, client_address, self)
  File "/www/server/python_manager/versions/3.6.8/lib/python3.6/socketserver.py", line 724, in __init__
    self.handle()
  File "/www/server/python_manager/versions/3.6.8/lib/python3.6/site-packages/django/core/servers/basehttp.py", line 169, in handle
    self.handle_one_request()
  File "/www/server/python_manager/versions/3.6.8/lib/python3.6/site-packages/django/core/servers/basehttp.py", line 179, in handle_one_request
    self.raw_requestline = self.rfile.readline(65537)
  File "/www/server/python_manager/versions/3.6.8/lib/python3.6/socket.py", line 586, in readinto
    return self._sock.recv_into(b)
ConnectionResetError: [Errno 104] Connection reset by peer
----------------------------------------
[09/Jan/2022 14:55:29] code 400, message Bad request syntax ("\x16\x03\x01\x00î\x01\x00\x00ê\x03\x03t-ìÝ@\\_«cöÅo¯Ö[''÷V`\x904\xad7É9\x8e\x06Ö!ñ[ æûª\x00\x1c1pt\x9f\t\x0b\x81Ê.í÷¦\x90+\x1e\x9fö\x98yµdLvKÈ\x06µ\x00&Ì¨Ì©À/À0À+À,À\x13À\tÀ\x14À")
[09/Jan/2022 14:55:29] You're accessing the development server over HTTPS, but it only supports HTTP.

[09/Jan/2022 14:55:31] "GET / HTTP/1.1" 200 48001
----------------------------------------
Exception happened during processing of request from ('167.94.138.114', 39236)
Traceback (most recent call last):
  File "/www/server/python_manager/versions/3.6.8/lib/python3.6/socketserver.py", line 654, in process_request_thread
    self.finish_request(request, client_address)
  File "/www/server/python_manager/versions/3.6.8/lib/python3.6/socketserver.py", line 364, in finish_request
    self.RequestHandlerClass(request, client_address, self)
  File "/www/server/python_manager/versions/3.6.8/lib/python3.6/socketserver.py", line 724, in __init__
    self.handle()
  File "/www/server/python_manager/versions/3.6.8/lib/python3.6/site-packages/django/core/servers/basehttp.py", line 171, in handle
    self.handle_one_request()
  File "/www/server/python_manager/versions/3.6.8/lib/python3.6/site-packages/django/core/servers/basehttp.py", line 179, in handle_one_request
    self.raw_requestline = self.rfile.readline(65537)
  File "/www/server/python_manager/versions/3.6.8/lib/python3.6/socket.py", line 586, in readinto
    return self._sock.recv_into(b)
ConnectionResetError: [Errno 104] Connection reset by peer
----------------------------------------
[09/Jan/2022 14:55:31] "GET / HTTP/1.1" 200 48001
[09/Jan/2022 14:55:54] "GET /download_doc_md/246/ HTTP/1.0" 200 3986
[09/Jan/2022 15:00:20] "GET / HTTP/1.1" 200 48001
[09/Jan/2022 15:06:26] "GET /project-37/doc-756/ HTTP/1.0" 200 50099
[09/Jan/2022 15:14:25] "GET /project-37/doc-809/ HTTP/1.0" 200 55441
[09/Jan/2022 15:14:28] "GET /static/vditor/dist/index.css?version=0.7.4 HTTP/1.0" 200 36079
[09/Jan/2022 15:16:59] "GET /project-21/doc-872/ HTTP/1.0" 200 83656
[09/Jan/2022 15:17:23] "GET /media/202106/236-%E4%BA%8C%E5%8F%89%E6%A0%91%E7%9A%84%E6%9C%80%E8%BF%91%E5%85%AC%E5%85%B1%E7%A5%96%E5%85%88%EF%BC%88%E8%A7%A3%E6%B3%95%E4%B8%80%EF%BC%9A%E5%89%8D%E5%BA%8F%E9%81%8D%E5%8E%86%EF%BC%89_1624369019.gif HTTP/1.0" 200 3047030
[09/Jan/2022 15:18:53] "GET /project-26/doc-342/ HTTP/1.0" 200 47336
[09/Jan/2022 15:18:54] "GET /static/editor.md/css/editormd.css?version=0.7.4 HTTP/1.0" 200 79072
[09/Jan/2022 15:18:54] "GET /static/layui/css/layui.css?version=0.7.4 HTTP/1.0" 200 79875
[09/Jan/2022 15:18:54] "GET /static/vditor/dist/index.css?version=0.7.4 HTTP/1.0" 200 36079
[09/Jan/2022 15:18:54] "GET /static/viewerjs/viewer.min.css?version=0.7.4 HTTP/1.0" 200 7796
[09/Jan/2022 15:18:54] "GET /static/mrdoc/mrdoc.css?version=0.7.4 HTTP/1.0" 200 21396
[09/Jan/2022 15:18:54] "GET /static/mrdoc/mrdoc-docs.css?version=0.7.4 HTTP/1.0" 200 3546
[09/Jan/2022 15:18:54] "GET /static/iconFont/iconfont.css?version=0.7.4 HTTP/1.0" 200 22891
[09/Jan/2022 15:18:54] "GET /static/jquery/3.1.1/jquery.min.js HTTP/1.0" 200 86709
[09/Jan/2022 15:18:54] "GET /static/layui/layui.js?version=0.7.4 HTTP/1.0" 200 291286
[09/Jan/2022 15:18:54] "GET /static/viewerjs/viewer.min.js?version=0.7.4 HTTP/1.0" 200 32388
[09/Jan/2022 15:18:54] "GET /static/qrcodejs/qrcode.min.js?version=0.7.4 HTTP/1.0" 200 19927
[09/Jan/2022 15:18:55] "GET /static/dashang/dashang_wx.webp HTTP/1.0" 200 11276
[09/Jan/2022 15:18:55] "GET /static/dashang/dashang_alipay.webp HTTP/1.0" 200 20156
[09/Jan/2022 15:18:55] "GET /static/dashang/dashang_qq.webp HTTP/1.0" 200 13280
[09/Jan/2022 15:18:55] "GET /static/dashang/dashang_paypal.png HTTP/1.0" 200 6834
[09/Jan/2022 15:18:55] "GET /static/mrdoc/mrdoc-docs.js?version=0.7.4 HTTP/1.0" 200 16661
[09/Jan/2022 15:18:55] "GET /static/editor.md/lib/purify.min.js?version=0.7.4 HTTP/1.0" 200 18018
[09/Jan/2022 15:18:55] "GET /static/iconFont/iconfont.js?version=0.7.4 HTTP/1.0" 200 130522
[09/Jan/2022 15:18:55] "GET /static/vditor/dist/method.min.js?version=0.7.4 HTTP/1.0" 200 51382
[09/Jan/2022 15:18:55] "GET /static/toc/doctoc.js?version=0.7.4 HTTP/1.0" 200 11498
[09/Jan/2022 15:18:55] "GET /static/editor.md/fonts/fontawesome-webfont.woff2?v=4.3.0 HTTP/1.0" 200 56780
[09/Jan/2022 15:18:55] "GET /static/layui/font/iconfont.woff2?v=256 HTTP/1.0" 200 25964
[09/Jan/2022 15:18:55] "GET /static/layui/css/modules/laydate/default/laydate.css?v=5.3.1 HTTP/1.0" 200 7365
[09/Jan/2022 15:18:55] "GET /static/layui/css/modules/layer/default/layer.css?v=3.5.1 HTTP/1.0" 200 14271
[09/Jan/2022 15:18:55] "GET /static/layui/css/modules/code.css?v=2 HTTP/1.0" 200 1319
[09/Jan/2022 15:18:55] "GET /static/vditor//dist/js/lute/lute.min.js HTTP/1.0" 200 2220501
[09/Jan/2022 15:18:57] "GET /static/vditor//dist/js/highlight.js/styles/github.css HTTP/1.0" 200 4047
[09/Jan/2022 15:18:57] "GET /static/vditor//dist/js/katex/katex.min.css HTTP/1.0" 200 22094
[09/Jan/2022 15:18:57] "GET /static/vditor//dist/js/katex/katex.min.js HTTP/1.0" 200 255613
[09/Jan/2022 15:18:57] "GET /media/202105/2021-05-22_171643.png HTTP/1.0" 200 38267
[09/Jan/2022 15:18:57] "GET /media/202105/2021-05-22_172143.png HTTP/1.0" 200 27390
[09/Jan/2022 15:18:57] "GET /static/vditor//dist/js/icons/ant.js HTTP/1.0" 200 42983
[09/Jan/2022 15:18:57] "GET /media/202107/2021-07-28_1039530.17124614514673764.png HTTP/1.0" 200 47066
[09/Jan/2022 15:18:57] "GET /media/202107/2021-07-28_1112420.6409522974374684.png HTTP/1.0" 200 67897
[09/Jan/2022 15:18:57] "GET /media/202105/2021-05-23_162651.png HTTP/1.0" 200 9442
[09/Jan/2022 15:18:57] "GET /media/202105/2021-05-23_171217.png HTTP/1.0" 200 91806
[09/Jan/2022 15:18:57] "GET /static/vditor//dist/js/katex/fonts/KaTeX_Math-Italic.woff2 HTTP/1.0" 200 20096
[09/Jan/2022 15:18:58] "GET /static/vditor//dist/js/katex/fonts/KaTeX_Main-Regular.woff2 HTTP/1.0" 200 32464
[09/Jan/2022 15:18:59] "GET /static/search/mrdoc_logo_300.png HTTP/1.0" 200 1255
[09/Jan/2022 15:19:46] "GET / HTTP/1.0" 200 48001
[09/Jan/2022 15:19:47] "GET /static/iconFont/iconfont.css?version=0.7.4 HTTP/1.0" 200 22891
[09/Jan/2022 15:21:13] "GET /project-24/doc-244/ HTTP/1.0" 200 35996
[09/Jan/2022 15:21:56] "GET /project-21/doc-784/ HTTP/1.0" 200 57251
[09/Jan/2022 15:21:57] "GET /static/mrdoc/mrdoc-docs.js?version=0.7.4 HTTP/1.0" 200 16661
[09/Jan/2022 15:21:57] "GET /static/toc/doctoc.js?version=0.7.4 HTTP/1.0" 200 11498
[09/Jan/2022 15:22:01] "GET /project-21/doc-255/ HTTP/1.0" 200 62813
[09/Jan/2022 15:22:02] "GET /media/202104/2021-04-02_193340.png HTTP/1.0" 200 18290
[09/Jan/2022 15:22:02] "GET /media/202104/2021-04-02_193407.png HTTP/1.0" 200 20821
[09/Jan/2022 15:22:02] "GET /media/202104/2021-04-02_193421.png HTTP/1.0" 200 17742
[09/Jan/2022 15:22:02] "GET /media/202104/2021-04-02_193440.png HTTP/1.0" 200 27213
[09/Jan/2022 15:22:02] "GET /media/202104/2021-04-02_201811.png HTTP/1.0" 200 19103
[09/Jan/2022 15:22:02] "GET /static/vditor//dist/js/katex/fonts/KaTeX_Size2-Regular.woff2 HTTP/1.0" 200 5392
[09/Jan/2022 15:22:07] "GET /project-21/doc-277/ HTTP/1.0" 200 61102
[09/Jan/2022 15:22:08] "GET /media/202104/2021-04-09_201534.png HTTP/1.0" 200 9860
[09/Jan/2022 15:22:08] "GET /media/202104/2021-04-09_201625.png HTTP/1.0" 200 9935
[09/Jan/2022 15:22:08] "GET /media/202104/2021-04-09_201618.png HTTP/1.0" 200 7104
[09/Jan/2022 15:22:12] "GET /project-21/doc-295/ HTTP/1.0" 200 62802
[09/Jan/2022 15:22:13] "GET /media/202104/2021-04-28_210531.png HTTP/1.0" 200 4324
[09/Jan/2022 15:22:17] "GET /project-21/doc-780/ HTTP/1.0" 200 57320
[09/Jan/2022 15:22:27] "GET /project-21/doc-724/ HTTP/1.0" 200 84070
[09/Jan/2022 15:22:28] "GET /media/202111/2021-11-13_2156250.32776863153577696.png HTTP/1.0" 404 5631
[09/Jan/2022 15:27:31] "GET /download_doc_md/261/ HTTP/1.0" 200 3986
[09/Jan/2022 15:38:08] "GET /download_doc_md/883/ HTTP/1.0" 200 3986
[09/Jan/2022 15:40:48] "GET /project-21/doc-783/ HTTP/1.0" 200 56320
[09/Jan/2022 15:48:48] "GET /project-34/doc-525/ HTTP/1.0" 200 40280
[09/Jan/2022 15:59:22] "GET /download_doc_md/752/ HTTP/1.0" 200 3986
[09/Jan/2022 16:02:44] "GET /robots.txt HTTP/1.0" 404 3965
[09/Jan/2022 16:02:48] "GET /project-21/doc-270/ HTTP/1.0" 200 69287
[09/Jan/2022 16:09:55] "GET /download_doc_md/227/ HTTP/1.0" 200 3986
[09/Jan/2022 16:16:22] "GET /modify_doc/724/ HTTP/1.0" 200 105050
[09/Jan/2022 16:16:22] "GET /static/mrdoc/mrdoc-editor.css?version=0.7.4 HTTP/1.0" 200 3092
[09/Jan/2022 16:16:22] "GET /static/mrdoc/mrdoc.editor.js?version=0.7.4 HTTP/1.0" 200 21716
[09/Jan/2022 16:16:23] "POST /get_pro_doc_tree/ HTTP/1.0" 200 16821
[09/Jan/2022 16:16:25] "GET /media/202111/2021-11-13_2156250.32776863153577696.png HTTP/1.0" 404 5631
[09/Jan/2022 16:16:28] "GET /media/202111/2021-11-13_2156250.32776863153577696.png HTTP/1.0" 404 5631
[09/Jan/2022 16:16:59] "GET /media/202111/2021-11-13_2156250.32776863153577696.png HTTP/1.0" 404 5631
[09/Jan/2022 16:20:32] "GET /download_doc_md/336/ HTTP/1.0" 200 3986
[09/Jan/2022 16:30:20] "POST /modify_doc/724/ HTTP/1.0" 200 52
[09/Jan/2022 16:30:22] "POST /modify_doc/724/ HTTP/1.0" 200 52
[09/Jan/2022 16:30:51] "GET /project-34/doc-529/ HTTP/1.0" 200 72432
[09/Jan/2022 16:31:09] "GET /project-21/doc-255/ HTTP/1.0" 200 61917
Performing system checks...

System check identified no issues (0 silenced).
January 09, 2022 - 20:06:27
Django version 2.2.26, using settings 'MrDoc.settings'
Starting development server at http://0.0.0.0:9200/
Quit the server with CONTROL-C.
