2022-06-06 02:55:58.963 | ERROR    | app_doc.views:doc:1075 - 文集浏览出错
Traceback (most recent call last):
  File "/usr/lib64/python3.6/threading.py", line 887, in _bootstrap
    self._bootstrap_inner()
    │    └ <function Thread._bootstrap_inner at 0x7f2a00d8d048>
    └ <Thread(Thread-1357, started daemon 139818007516928)>
  File "/usr/lib64/python3.6/threading.py", line 919, in _bootstrap_inner
    self.run()
    │    └ <function Thread.run at 0x7f2a00d8cd90>
    └ <Thread(Thread-1357, started daemon 139818007516928)>
  File "/usr/lib64/python3.6/threading.py", line 867, in run
    self._target(*self._args, **self._kwargs)
    │    │        │    │        │    └ {}
    │    │        │    │        └ <Thread(Thread-1357, started daemon 139818007516928)>
    │    │        │    └ (<socket.socket fd=6, family=AddressFamily.AF_INET, type=SocketKind.SOCK_STREAM, proto=0, laddr=('127.0.0.1', 9200), raddr=('...
    │    │        └ <Thread(Thread-1357, started daemon 139818007516928)>
    │    └ <bound method ThreadingMixIn.process_request_thread of <django.core.servers.basehttp.WSGIServer object at 0x7f29fa479eb8>>
    └ <Thread(Thread-1357, started daemon 139818007516928)>
  File "/usr/lib64/python3.6/socketserver.py", line 654, in process_request_thread
    self.finish_request(request, client_address)
    │    │              │        └ ('127.0.0.1', 37246)
    │    │              └ <socket.socket fd=6, family=AddressFamily.AF_INET, type=SocketKind.SOCK_STREAM, proto=0, laddr=('127.0.0.1', 9200), raddr=('1...
    │    └ <function BaseServer.finish_request at 0x7f29f9d2b1e0>
    └ <django.core.servers.basehttp.WSGIServer object at 0x7f29fa479eb8>
  File "/usr/lib64/python3.6/socketserver.py", line 364, in finish_request
    self.RequestHandlerClass(request, client_address, self)
    │    │                   │        │               └ <django.core.servers.basehttp.WSGIServer object at 0x7f29fa479eb8>
    │    │                   │        └ ('127.0.0.1', 37246)
    │    │                   └ <socket.socket fd=6, family=AddressFamily.AF_INET, type=SocketKind.SOCK_STREAM, proto=0, laddr=('127.0.0.1', 9200), raddr=('1...
    │    └ <class 'django.core.servers.basehttp.WSGIRequestHandler'>
    └ <django.core.servers.basehttp.WSGIServer object at 0x7f29fa479eb8>
  File "/usr/lib64/python3.6/socketserver.py", line 724, in __init__
    self.handle()
    │    └ <function WSGIRequestHandler.handle at 0x7f29f8b19f28>
    └ <django.core.servers.basehttp.WSGIRequestHandler object at 0x7f29f1e5c240>

  File "/usr/local/lib64/python3.6/site-packages/django/core/servers/basehttp.py", line 169, in handle
    self.handle_one_request()
    │    └ <function WSGIRequestHandler.handle_one_request at 0x7f29f8b1a048>
    └ <django.core.servers.basehttp.WSGIRequestHandler object at 0x7f29f1e5c240>

  File "/usr/local/lib64/python3.6/site-packages/django/core/servers/basehttp.py", line 194, in handle_one_request
    handler.run(self.server.get_app())
    │       │   │    │      └ <function WSGIServer.get_app at 0x7f29f8b19510>
    │       │   │    └ <django.core.servers.basehttp.WSGIServer object at 0x7f29fa479eb8>
    │       │   └ <django.core.servers.basehttp.WSGIRequestHandler object at 0x7f29f1e5c240>
    │       └ <function BaseHandler.run at 0x7f29f8b13268>
    └ <django.core.servers.basehttp.ServerHandler object at 0x7f29ebd78358>

  File "/usr/lib64/python3.6/wsgiref/handlers.py", line 137, in run
    self.result = application(self.environ, self.start_response)
    │    │        │           │    │        │    └ <function BaseHandler.start_response at 0x7f29f8b13598>
    │    │        │           │    │        └ <django.core.servers.basehttp.ServerHandler object at 0x7f29ebd78358>
    │    │        │           │    └ {'LS_COLORS': 'rs=0:di=38;5;33:ln=38;5;51:mh=00:pi=40;38;5;11:so=38;5;13:do=38;5;5:bd=48;5;232;38;5;11:cd=48;5;232;38;5;3:or=...
    │    │        │           └ <django.core.servers.basehttp.ServerHandler object at 0x7f29ebd78358>
    │    │        └ <django.core.handlers.wsgi.WSGIHandler object at 0x7f29f3599518>
    │    └ None
    └ <django.core.servers.basehttp.ServerHandler object at 0x7f29ebd78358>

  File "/usr/local/lib64/python3.6/site-packages/django/core/handlers/wsgi.py", line 141, in __call__
    response = self.get_response(request)
               │    │            └ <WSGIRequest: GET '/project-21/doc-790/'>
               │    └ <function BaseHandler.get_response at 0x7f29f8b58730>
               └ <django.core.handlers.wsgi.WSGIHandler object at 0x7f29f3599518>

  File "/usr/local/lib64/python3.6/site-packages/django/core/handlers/base.py", line 75, in get_response
    response = self._middleware_chain(request)
               │    │                 └ <WSGIRequest: GET '/project-21/doc-790/'>
               │    └ <function convert_exception_to_response.<locals>.inner at 0x7f29f1e351e0>
               └ <django.core.handlers.wsgi.WSGIHandler object at 0x7f29f3599518>

  File "/usr/local/lib64/python3.6/site-packages/django/core/handlers/exception.py", line 34, in inner
    response = get_response(request)
               │            └ <WSGIRequest: GET '/project-21/doc-790/'>
               └ <django.middleware.security.SecurityMiddleware object at 0x7f29f1e4e780>

  File "/usr/local/lib64/python3.6/site-packages/django/utils/deprecation.py", line 94, in __call__
    response = response or self.get_response(request)
               │           │    │            └ <WSGIRequest: GET '/project-21/doc-790/'>
               │           │    └ <function convert_exception_to_response.<locals>.inner at 0x7f29f1e35158>
               │           └ <django.middleware.security.SecurityMiddleware object at 0x7f29f1e4e780>
               └ None

  File "/usr/local/lib64/python3.6/site-packages/django/core/handlers/exception.py", line 34, in inner
    response = get_response(request)
               │            └ <WSGIRequest: GET '/project-21/doc-790/'>
               └ <django.contrib.sessions.middleware.SessionMiddleware object at 0x7f29f1e4ebe0>

  File "/usr/local/lib64/python3.6/site-packages/django/utils/deprecation.py", line 94, in __call__
    response = response or self.get_response(request)
               │           │    │            └ <WSGIRequest: GET '/project-21/doc-790/'>
               │           │    └ <function convert_exception_to_response.<locals>.inner at 0x7f29f1e350d0>
               │           └ <django.contrib.sessions.middleware.SessionMiddleware object at 0x7f29f1e4ebe0>
               └ None

  File "/usr/local/lib64/python3.6/site-packages/django/core/handlers/exception.py", line 34, in inner
    response = get_response(request)
               │            └ <WSGIRequest: GET '/project-21/doc-790/'>
               └ <django.middleware.locale.LocaleMiddleware object at 0x7f29f1e5ce80>

  File "/usr/local/lib64/python3.6/site-packages/django/utils/deprecation.py", line 94, in __call__
    response = response or self.get_response(request)
               │           │    │            └ <WSGIRequest: GET '/project-21/doc-790/'>
               │           │    └ <function convert_exception_to_response.<locals>.inner at 0x7f29f1e35048>
               │           └ <django.middleware.locale.LocaleMiddleware object at 0x7f29f1e5ce80>
               └ None

  File "/usr/local/lib64/python3.6/site-packages/django/core/handlers/exception.py", line 34, in inner
    response = get_response(request)
               │            └ <WSGIRequest: GET '/project-21/doc-790/'>
               └ <django.middleware.common.CommonMiddleware object at 0x7f29f1e5c438>

  File "/usr/local/lib64/python3.6/site-packages/django/utils/deprecation.py", line 94, in __call__
    response = response or self.get_response(request)
               │           │    │            └ <WSGIRequest: GET '/project-21/doc-790/'>
               │           │    └ <function convert_exception_to_response.<locals>.inner at 0x7f29f1e22f28>
               │           └ <django.middleware.common.CommonMiddleware object at 0x7f29f1e5c438>
               └ None

  File "/usr/local/lib64/python3.6/site-packages/django/core/handlers/exception.py", line 34, in inner
    response = get_response(request)
               │            └ <WSGIRequest: GET '/project-21/doc-790/'>
               └ <corsheaders.middleware.CorsMiddleware object at 0x7f29f2b99208>

  File "/usr/local/lib64/python3.6/site-packages/django/utils/deprecation.py", line 94, in __call__
    response = response or self.get_response(request)
               │           │    │            └ <WSGIRequest: GET '/project-21/doc-790/'>
               │           │    └ <function convert_exception_to_response.<locals>.inner at 0x7f29f1e22ea0>
               │           └ <corsheaders.middleware.CorsMiddleware object at 0x7f29f2b99208>
               └ None

  File "/usr/local/lib64/python3.6/site-packages/django/core/handlers/exception.py", line 34, in inner
    response = get_response(request)
               │            └ <WSGIRequest: GET '/project-21/doc-790/'>
               └ <django.middleware.csrf.CsrfViewMiddleware object at 0x7f29f2b99ef0>

  File "/usr/local/lib64/python3.6/site-packages/django/utils/deprecation.py", line 94, in __call__
    response = response or self.get_response(request)
               │           │    │            └ <WSGIRequest: GET '/project-21/doc-790/'>
               │           │    └ <function convert_exception_to_response.<locals>.inner at 0x7f29f1e22e18>
               │           └ <django.middleware.csrf.CsrfViewMiddleware object at 0x7f29f2b99ef0>
               └ None

  File "/usr/local/lib64/python3.6/site-packages/django/core/handlers/exception.py", line 34, in inner
    response = get_response(request)
               │            └ <WSGIRequest: GET '/project-21/doc-790/'>
               └ <django.contrib.auth.middleware.AuthenticationMiddleware object at 0x7f29f2b99e48>

  File "/usr/local/lib64/python3.6/site-packages/django/utils/deprecation.py", line 94, in __call__
    response = response or self.get_response(request)
               │           │    │            └ <WSGIRequest: GET '/project-21/doc-790/'>
               │           │    └ <function convert_exception_to_response.<locals>.inner at 0x7f29f1e22d90>
               │           └ <django.contrib.auth.middleware.AuthenticationMiddleware object at 0x7f29f2b99e48>
               └ None

  File "/usr/local/lib64/python3.6/site-packages/django/core/handlers/exception.py", line 34, in inner
    response = get_response(request)
               │            └ <WSGIRequest: GET '/project-21/doc-790/'>
               └ <django.contrib.messages.middleware.MessageMiddleware object at 0x7f29f2b99dd8>

  File "/usr/local/lib64/python3.6/site-packages/django/utils/deprecation.py", line 94, in __call__
    response = response or self.get_response(request)
               │           │    │            └ <WSGIRequest: GET '/project-21/doc-790/'>
               │           │    └ <function convert_exception_to_response.<locals>.inner at 0x7f29f1e22d08>
               │           └ <django.contrib.messages.middleware.MessageMiddleware object at 0x7f29f2b99dd8>
               └ None

  File "/usr/local/lib64/python3.6/site-packages/django/core/handlers/exception.py", line 34, in inner
    response = get_response(request)
               │            └ <WSGIRequest: GET '/project-21/doc-790/'>
               └ <django.middleware.clickjacking.XFrameOptionsMiddleware object at 0x7f29f1e68860>

  File "/usr/local/lib64/python3.6/site-packages/django/utils/deprecation.py", line 94, in __call__
    response = response or self.get_response(request)
               │           │    │            └ <WSGIRequest: GET '/project-21/doc-790/'>
               │           │    └ <function convert_exception_to_response.<locals>.inner at 0x7f29f1e22c80>
               │           └ <django.middleware.clickjacking.XFrameOptionsMiddleware object at 0x7f29f1e68860>
               └ None

  File "/usr/local/lib64/python3.6/site-packages/django/core/handlers/exception.py", line 34, in inner
    response = get_response(request)
               │            └ <WSGIRequest: GET '/project-21/doc-790/'>
               └ <app_admin.middleware.require_login_middleware.RequiredLoginMiddleware object at 0x7f29f1e68ba8>

  File "/usr/local/projects/MrDoc/app_admin/middleware/require_login_middleware.py", line 36, in __call__
    response = self.get_response(request)
               │    │            └ <WSGIRequest: GET '/project-21/doc-790/'>
               │    └ <function BaseHandler._get_response at 0x7f29f81972f0>
               └ <app_admin.middleware.require_login_middleware.RequiredLoginMiddleware object at 0x7f29f1e68ba8>

  File "/usr/local/lib64/python3.6/site-packages/django/core/handlers/exception.py", line 34, in inner
    response = get_response(request)
               │            └ <WSGIRequest: GET '/project-21/doc-790/'>
               └ <bound method BaseHandler._get_response of <django.core.handlers.wsgi.WSGIHandler object at 0x7f29f3599518>>

  File "/usr/local/lib64/python3.6/site-packages/django/core/handlers/base.py", line 113, in _get_response
    response = wrapped_callback(request, *callback_args, **callback_kwargs)
               │                │         │                └ {'pro_id': 21, 'doc_id': 790}
               │                │         └ ()
               │                └ <WSGIRequest: GET '/project-21/doc-790/'>
               └ <function doc at 0x7f29f27b6378>

  File "/usr/local/lib64/python3.6/site-packages/django/views/decorators/http.py", line 40, in inner
    return func(request, *args, **kwargs)
           │    │         │       └ {'pro_id': 21, 'doc_id': 790}
           │    │         └ ()
           │    └ <WSGIRequest: GET '/project-21/doc-790/'>
           └ <function doc at 0x7f29f27b62f0>

> File "/usr/local/projects/MrDoc/app_doc/views.py", line 1002, in doc
    doc = Doc.objects.get(id=int(doc_id),status__in=[0,1]) # 文档信息
          │   │                  └ 790
          │   └ <django.db.models.manager.ManagerDescriptor object at 0x7f29f8c20358>
          └ <class 'app_doc.models.Doc'>

  File "/usr/local/lib64/python3.6/site-packages/django/db/models/manager.py", line 82, in manager_method
    return getattr(self.get_queryset(), name)(*args, **kwargs)
                   │    │               │      │       └ {'id': 790, 'status__in': [0, 1]}
                   │    │               │      └ ()
                   │    │               └ 'get'
                   │    └ <function BaseManager.get_queryset at 0x7f29f9de3d90>
                   └ <django.db.models.manager.Manager object at 0x7f29f81b56a0>

  File "/usr/local/lib64/python3.6/site-packages/django/db/models/query.py", line 408, in get
    self.model._meta.object_name
    │    │     │     └ 'Doc'
    │    │     └ <Options for Doc>
    │    └ <class 'app_doc.models.Doc'>
    └ <QuerySet [<Doc: About>, <Doc: 1、算法框架>, <Doc: 1、TDH>, <Doc: 1.1 常用方法>, <Doc: 2、Shell>, <Doc: 2.1 常用命令>, <Doc: 2.2 示例脚本>, <Doc...

app_doc.models.Doc.DoesNotExist: Doc matching query does not exist.
2022-06-06 06:57:04.211 | ERROR    | app_doc.views:doc:1075 - Collection browsing error
Traceback (most recent call last):
  File "/usr/lib64/python3.6/threading.py", line 887, in _bootstrap
    self._bootstrap_inner()
    │    └ <function Thread._bootstrap_inner at 0x7f2a00d8d048>
    └ <Thread(Thread-1422, started daemon 139818007516928)>
  File "/usr/lib64/python3.6/threading.py", line 919, in _bootstrap_inner
    self.run()
    │    └ <function Thread.run at 0x7f2a00d8cd90>
    └ <Thread(Thread-1422, started daemon 139818007516928)>
  File "/usr/lib64/python3.6/threading.py", line 867, in run
    self._target(*self._args, **self._kwargs)
    │    │        │    │        │    └ {}
    │    │        │    │        └ <Thread(Thread-1422, started daemon 139818007516928)>
    │    │        │    └ (<socket.socket fd=6, family=AddressFamily.AF_INET, type=SocketKind.SOCK_STREAM, proto=0, laddr=('127.0.0.1', 9200), raddr=('...
    │    │        └ <Thread(Thread-1422, started daemon 139818007516928)>
    │    └ <bound method ThreadingMixIn.process_request_thread of <django.core.servers.basehttp.WSGIServer object at 0x7f29fa479eb8>>
    └ <Thread(Thread-1422, started daemon 139818007516928)>
  File "/usr/lib64/python3.6/socketserver.py", line 654, in process_request_thread
    self.finish_request(request, client_address)
    │    │              │        └ ('127.0.0.1', 37604)
    │    │              └ <socket.socket fd=6, family=AddressFamily.AF_INET, type=SocketKind.SOCK_STREAM, proto=0, laddr=('127.0.0.1', 9200), raddr=('1...
    │    └ <function BaseServer.finish_request at 0x7f29f9d2b1e0>
    └ <django.core.servers.basehttp.WSGIServer object at 0x7f29fa479eb8>
  File "/usr/lib64/python3.6/socketserver.py", line 364, in finish_request
    self.RequestHandlerClass(request, client_address, self)
    │    │                   │        │               └ <django.core.servers.basehttp.WSGIServer object at 0x7f29fa479eb8>
    │    │                   │        └ ('127.0.0.1', 37604)
    │    │                   └ <socket.socket fd=6, family=AddressFamily.AF_INET, type=SocketKind.SOCK_STREAM, proto=0, laddr=('127.0.0.1', 9200), raddr=('1...
    │    └ <class 'django.core.servers.basehttp.WSGIRequestHandler'>
    └ <django.core.servers.basehttp.WSGIServer object at 0x7f29fa479eb8>
  File "/usr/lib64/python3.6/socketserver.py", line 724, in __init__
    self.handle()
    │    └ <function WSGIRequestHandler.handle at 0x7f29f8b19f28>
    └ <django.core.servers.basehttp.WSGIRequestHandler object at 0x7f29eb2f3908>

  File "/usr/local/lib64/python3.6/site-packages/django/core/servers/basehttp.py", line 169, in handle
    self.handle_one_request()
    │    └ <function WSGIRequestHandler.handle_one_request at 0x7f29f8b1a048>
    └ <django.core.servers.basehttp.WSGIRequestHandler object at 0x7f29eb2f3908>

  File "/usr/local/lib64/python3.6/site-packages/django/core/servers/basehttp.py", line 194, in handle_one_request
    handler.run(self.server.get_app())
    │       │   │    │      └ <function WSGIServer.get_app at 0x7f29f8b19510>
    │       │   │    └ <django.core.servers.basehttp.WSGIServer object at 0x7f29fa479eb8>
    │       │   └ <django.core.servers.basehttp.WSGIRequestHandler object at 0x7f29eb2f3908>
    │       └ <function BaseHandler.run at 0x7f29f8b13268>
    └ <django.core.servers.basehttp.ServerHandler object at 0x7f29f0101a58>

  File "/usr/lib64/python3.6/wsgiref/handlers.py", line 137, in run
    self.result = application(self.environ, self.start_response)
    │    │        │           │    │        │    └ <function BaseHandler.start_response at 0x7f29f8b13598>
    │    │        │           │    │        └ <django.core.servers.basehttp.ServerHandler object at 0x7f29f0101a58>
    │    │        │           │    └ {'LS_COLORS': 'rs=0:di=38;5;33:ln=38;5;51:mh=00:pi=40;38;5;11:so=38;5;13:do=38;5;5:bd=48;5;232;38;5;11:cd=48;5;232;38;5;3:or=...
    │    │        │           └ <django.core.servers.basehttp.ServerHandler object at 0x7f29f0101a58>
    │    │        └ <django.core.handlers.wsgi.WSGIHandler object at 0x7f29f3599518>
    │    └ None
    └ <django.core.servers.basehttp.ServerHandler object at 0x7f29f0101a58>

  File "/usr/local/lib64/python3.6/site-packages/django/core/handlers/wsgi.py", line 141, in __call__
    response = self.get_response(request)
               │    │            └ <WSGIRequest: GET '/project-21/doc-790/'>
               │    └ <function BaseHandler.get_response at 0x7f29f8b58730>
               └ <django.core.handlers.wsgi.WSGIHandler object at 0x7f29f3599518>

  File "/usr/local/lib64/python3.6/site-packages/django/core/handlers/base.py", line 75, in get_response
    response = self._middleware_chain(request)
               │    │                 └ <WSGIRequest: GET '/project-21/doc-790/'>
               │    └ <function convert_exception_to_response.<locals>.inner at 0x7f29f1e351e0>
               └ <django.core.handlers.wsgi.WSGIHandler object at 0x7f29f3599518>

  File "/usr/local/lib64/python3.6/site-packages/django/core/handlers/exception.py", line 34, in inner
    response = get_response(request)
               │            └ <WSGIRequest: GET '/project-21/doc-790/'>
               └ <django.middleware.security.SecurityMiddleware object at 0x7f29f1e4e780>

  File "/usr/local/lib64/python3.6/site-packages/django/utils/deprecation.py", line 94, in __call__
    response = response or self.get_response(request)
               │           │    │            └ <WSGIRequest: GET '/project-21/doc-790/'>
               │           │    └ <function convert_exception_to_response.<locals>.inner at 0x7f29f1e35158>
               │           └ <django.middleware.security.SecurityMiddleware object at 0x7f29f1e4e780>
               └ None

  File "/usr/local/lib64/python3.6/site-packages/django/core/handlers/exception.py", line 34, in inner
    response = get_response(request)
               │            └ <WSGIRequest: GET '/project-21/doc-790/'>
               └ <django.contrib.sessions.middleware.SessionMiddleware object at 0x7f29f1e4ebe0>

  File "/usr/local/lib64/python3.6/site-packages/django/utils/deprecation.py", line 94, in __call__
    response = response or self.get_response(request)
               │           │    │            └ <WSGIRequest: GET '/project-21/doc-790/'>
               │           │    └ <function convert_exception_to_response.<locals>.inner at 0x7f29f1e350d0>
               │           └ <django.contrib.sessions.middleware.SessionMiddleware object at 0x7f29f1e4ebe0>
               └ None

  File "/usr/local/lib64/python3.6/site-packages/django/core/handlers/exception.py", line 34, in inner
    response = get_response(request)
               │            └ <WSGIRequest: GET '/project-21/doc-790/'>
               └ <django.middleware.locale.LocaleMiddleware object at 0x7f29f1e5ce80>

  File "/usr/local/lib64/python3.6/site-packages/django/utils/deprecation.py", line 94, in __call__
    response = response or self.get_response(request)
               │           │    │            └ <WSGIRequest: GET '/project-21/doc-790/'>
               │           │    └ <function convert_exception_to_response.<locals>.inner at 0x7f29f1e35048>
               │           └ <django.middleware.locale.LocaleMiddleware object at 0x7f29f1e5ce80>
               └ None

  File "/usr/local/lib64/python3.6/site-packages/django/core/handlers/exception.py", line 34, in inner
    response = get_response(request)
               │            └ <WSGIRequest: GET '/project-21/doc-790/'>
               └ <django.middleware.common.CommonMiddleware object at 0x7f29f1e5c438>

  File "/usr/local/lib64/python3.6/site-packages/django/utils/deprecation.py", line 94, in __call__
    response = response or self.get_response(request)
               │           │    │            └ <WSGIRequest: GET '/project-21/doc-790/'>
               │           │    └ <function convert_exception_to_response.<locals>.inner at 0x7f29f1e22f28>
               │           └ <django.middleware.common.CommonMiddleware object at 0x7f29f1e5c438>
               └ None

  File "/usr/local/lib64/python3.6/site-packages/django/core/handlers/exception.py", line 34, in inner
    response = get_response(request)
               │            └ <WSGIRequest: GET '/project-21/doc-790/'>
               └ <corsheaders.middleware.CorsMiddleware object at 0x7f29f2b99208>

  File "/usr/local/lib64/python3.6/site-packages/django/utils/deprecation.py", line 94, in __call__
    response = response or self.get_response(request)
               │           │    │            └ <WSGIRequest: GET '/project-21/doc-790/'>
               │           │    └ <function convert_exception_to_response.<locals>.inner at 0x7f29f1e22ea0>
               │           └ <corsheaders.middleware.CorsMiddleware object at 0x7f29f2b99208>
               └ None

  File "/usr/local/lib64/python3.6/site-packages/django/core/handlers/exception.py", line 34, in inner
    response = get_response(request)
               │            └ <WSGIRequest: GET '/project-21/doc-790/'>
               └ <django.middleware.csrf.CsrfViewMiddleware object at 0x7f29f2b99ef0>

  File "/usr/local/lib64/python3.6/site-packages/django/utils/deprecation.py", line 94, in __call__
    response = response or self.get_response(request)
               │           │    │            └ <WSGIRequest: GET '/project-21/doc-790/'>
               │           │    └ <function convert_exception_to_response.<locals>.inner at 0x7f29f1e22e18>
               │           └ <django.middleware.csrf.CsrfViewMiddleware object at 0x7f29f2b99ef0>
               └ None

  File "/usr/local/lib64/python3.6/site-packages/django/core/handlers/exception.py", line 34, in inner
    response = get_response(request)
               │            └ <WSGIRequest: GET '/project-21/doc-790/'>
               └ <django.contrib.auth.middleware.AuthenticationMiddleware object at 0x7f29f2b99e48>

  File "/usr/local/lib64/python3.6/site-packages/django/utils/deprecation.py", line 94, in __call__
    response = response or self.get_response(request)
               │           │    │            └ <WSGIRequest: GET '/project-21/doc-790/'>
               │           │    └ <function convert_exception_to_response.<locals>.inner at 0x7f29f1e22d90>
               │           └ <django.contrib.auth.middleware.AuthenticationMiddleware object at 0x7f29f2b99e48>
               └ None

  File "/usr/local/lib64/python3.6/site-packages/django/core/handlers/exception.py", line 34, in inner
    response = get_response(request)
               │            └ <WSGIRequest: GET '/project-21/doc-790/'>
               └ <django.contrib.messages.middleware.MessageMiddleware object at 0x7f29f2b99dd8>

  File "/usr/local/lib64/python3.6/site-packages/django/utils/deprecation.py", line 94, in __call__
    response = response or self.get_response(request)
               │           │    │            └ <WSGIRequest: GET '/project-21/doc-790/'>
               │           │    └ <function convert_exception_to_response.<locals>.inner at 0x7f29f1e22d08>
               │           └ <django.contrib.messages.middleware.MessageMiddleware object at 0x7f29f2b99dd8>
               └ None

  File "/usr/local/lib64/python3.6/site-packages/django/core/handlers/exception.py", line 34, in inner
    response = get_response(request)
               │            └ <WSGIRequest: GET '/project-21/doc-790/'>
               └ <django.middleware.clickjacking.XFrameOptionsMiddleware object at 0x7f29f1e68860>

  File "/usr/local/lib64/python3.6/site-packages/django/utils/deprecation.py", line 94, in __call__
    response = response or self.get_response(request)
               │           │    │            └ <WSGIRequest: GET '/project-21/doc-790/'>
               │           │    └ <function convert_exception_to_response.<locals>.inner at 0x7f29f1e22c80>
               │           └ <django.middleware.clickjacking.XFrameOptionsMiddleware object at 0x7f29f1e68860>
               └ None

  File "/usr/local/lib64/python3.6/site-packages/django/core/handlers/exception.py", line 34, in inner
    response = get_response(request)
               │            └ <WSGIRequest: GET '/project-21/doc-790/'>
               └ <app_admin.middleware.require_login_middleware.RequiredLoginMiddleware object at 0x7f29f1e68ba8>

  File "/usr/local/projects/MrDoc/app_admin/middleware/require_login_middleware.py", line 36, in __call__
    response = self.get_response(request)
               │    │            └ <WSGIRequest: GET '/project-21/doc-790/'>
               │    └ <function BaseHandler._get_response at 0x7f29f81972f0>
               └ <app_admin.middleware.require_login_middleware.RequiredLoginMiddleware object at 0x7f29f1e68ba8>

  File "/usr/local/lib64/python3.6/site-packages/django/core/handlers/exception.py", line 34, in inner
    response = get_response(request)
               │            └ <WSGIRequest: GET '/project-21/doc-790/'>
               └ <bound method BaseHandler._get_response of <django.core.handlers.wsgi.WSGIHandler object at 0x7f29f3599518>>

  File "/usr/local/lib64/python3.6/site-packages/django/core/handlers/base.py", line 113, in _get_response
    response = wrapped_callback(request, *callback_args, **callback_kwargs)
               │                │         │                └ {'pro_id': 21, 'doc_id': 790}
               │                │         └ ()
               │                └ <WSGIRequest: GET '/project-21/doc-790/'>
               └ <function doc at 0x7f29f27b6378>

  File "/usr/local/lib64/python3.6/site-packages/django/views/decorators/http.py", line 40, in inner
    return func(request, *args, **kwargs)
           │    │         │       └ {'pro_id': 21, 'doc_id': 790}
           │    │         └ ()
           │    └ <WSGIRequest: GET '/project-21/doc-790/'>
           └ <function doc at 0x7f29f27b62f0>

> File "/usr/local/projects/MrDoc/app_doc/views.py", line 1002, in doc
    doc = Doc.objects.get(id=int(doc_id),status__in=[0,1]) # 文档信息
          │   │                  └ 790
          │   └ <django.db.models.manager.ManagerDescriptor object at 0x7f29f8c20358>
          └ <class 'app_doc.models.Doc'>

  File "/usr/local/lib64/python3.6/site-packages/django/db/models/manager.py", line 82, in manager_method
    return getattr(self.get_queryset(), name)(*args, **kwargs)
                   │    │               │      │       └ {'id': 790, 'status__in': [0, 1]}
                   │    │               │      └ ()
                   │    │               └ 'get'
                   │    └ <function BaseManager.get_queryset at 0x7f29f9de3d90>
                   └ <django.db.models.manager.Manager object at 0x7f29f81b56a0>

  File "/usr/local/lib64/python3.6/site-packages/django/db/models/query.py", line 408, in get
    self.model._meta.object_name
    │    │     │     └ 'Doc'
    │    │     └ <Options for Doc>
    │    └ <class 'app_doc.models.Doc'>
    └ <QuerySet [<Doc: About>, <Doc: 1、算法框架>, <Doc: 1、TDH>, <Doc: 1.1 常用方法>, <Doc: 2、Shell>, <Doc: 2.1 常用命令>, <Doc: 2.2 示例脚本>, <Doc...

app_doc.models.Doc.DoesNotExist: Doc matching query does not exist.
2022-06-06 07:58:40.231 | ERROR    | app_doc.views:doc:1075 - 文集浏览出错
Traceback (most recent call last):
  File "/usr/lib64/python3.6/threading.py", line 887, in _bootstrap
    self._bootstrap_inner()
    │    └ <function Thread._bootstrap_inner at 0x7f2a00d8d048>
    └ <Thread(Thread-1433, started daemon 139818007516928)>
  File "/usr/lib64/python3.6/threading.py", line 919, in _bootstrap_inner
    self.run()
    │    └ <function Thread.run at 0x7f2a00d8cd90>
    └ <Thread(Thread-1433, started daemon 139818007516928)>
  File "/usr/lib64/python3.6/threading.py", line 867, in run
    self._target(*self._args, **self._kwargs)
    │    │        │    │        │    └ {}
    │    │        │    │        └ <Thread(Thread-1433, started daemon 139818007516928)>
    │    │        │    └ (<socket.socket fd=6, family=AddressFamily.AF_INET, type=SocketKind.SOCK_STREAM, proto=0, laddr=('127.0.0.1', 9200), raddr=('...
    │    │        └ <Thread(Thread-1433, started daemon 139818007516928)>
    │    └ <bound method ThreadingMixIn.process_request_thread of <django.core.servers.basehttp.WSGIServer object at 0x7f29fa479eb8>>
    └ <Thread(Thread-1433, started daemon 139818007516928)>
  File "/usr/lib64/python3.6/socketserver.py", line 654, in process_request_thread
    self.finish_request(request, client_address)
    │    │              │        └ ('127.0.0.1', 37652)
    │    │              └ <socket.socket fd=6, family=AddressFamily.AF_INET, type=SocketKind.SOCK_STREAM, proto=0, laddr=('127.0.0.1', 9200), raddr=('1...
    │    └ <function BaseServer.finish_request at 0x7f29f9d2b1e0>
    └ <django.core.servers.basehttp.WSGIServer object at 0x7f29fa479eb8>
  File "/usr/lib64/python3.6/socketserver.py", line 364, in finish_request
    self.RequestHandlerClass(request, client_address, self)
    │    │                   │        │               └ <django.core.servers.basehttp.WSGIServer object at 0x7f29fa479eb8>
    │    │                   │        └ ('127.0.0.1', 37652)
    │    │                   └ <socket.socket fd=6, family=AddressFamily.AF_INET, type=SocketKind.SOCK_STREAM, proto=0, laddr=('127.0.0.1', 9200), raddr=('1...
    │    └ <class 'django.core.servers.basehttp.WSGIRequestHandler'>
    └ <django.core.servers.basehttp.WSGIServer object at 0x7f29fa479eb8>
  File "/usr/lib64/python3.6/socketserver.py", line 724, in __init__
    self.handle()
    │    └ <function WSGIRequestHandler.handle at 0x7f29f8b19f28>
    └ <django.core.servers.basehttp.WSGIRequestHandler object at 0x7f29ebff16d8>

  File "/usr/local/lib64/python3.6/site-packages/django/core/servers/basehttp.py", line 169, in handle
    self.handle_one_request()
    │    └ <function WSGIRequestHandler.handle_one_request at 0x7f29f8b1a048>
    └ <django.core.servers.basehttp.WSGIRequestHandler object at 0x7f29ebff16d8>

  File "/usr/local/lib64/python3.6/site-packages/django/core/servers/basehttp.py", line 194, in handle_one_request
    handler.run(self.server.get_app())
    │       │   │    │      └ <function WSGIServer.get_app at 0x7f29f8b19510>
    │       │   │    └ <django.core.servers.basehttp.WSGIServer object at 0x7f29fa479eb8>
    │       │   └ <django.core.servers.basehttp.WSGIRequestHandler object at 0x7f29ebff16d8>
    │       └ <function BaseHandler.run at 0x7f29f8b13268>
    └ <django.core.servers.basehttp.ServerHandler object at 0x7f29ebff12b0>

  File "/usr/lib64/python3.6/wsgiref/handlers.py", line 137, in run
    self.result = application(self.environ, self.start_response)
    │    │        │           │    │        │    └ <function BaseHandler.start_response at 0x7f29f8b13598>
    │    │        │           │    │        └ <django.core.servers.basehttp.ServerHandler object at 0x7f29ebff12b0>
    │    │        │           │    └ {'LS_COLORS': 'rs=0:di=38;5;33:ln=38;5;51:mh=00:pi=40;38;5;11:so=38;5;13:do=38;5;5:bd=48;5;232;38;5;11:cd=48;5;232;38;5;3:or=...
    │    │        │           └ <django.core.servers.basehttp.ServerHandler object at 0x7f29ebff12b0>
    │    │        └ <django.core.handlers.wsgi.WSGIHandler object at 0x7f29f3599518>
    │    └ None
    └ <django.core.servers.basehttp.ServerHandler object at 0x7f29ebff12b0>

  File "/usr/local/lib64/python3.6/site-packages/django/core/handlers/wsgi.py", line 141, in __call__
    response = self.get_response(request)
               │    │            └ <WSGIRequest: GET '/project-21/doc-732/'>
               │    └ <function BaseHandler.get_response at 0x7f29f8b58730>
               └ <django.core.handlers.wsgi.WSGIHandler object at 0x7f29f3599518>

  File "/usr/local/lib64/python3.6/site-packages/django/core/handlers/base.py", line 75, in get_response
    response = self._middleware_chain(request)
               │    │                 └ <WSGIRequest: GET '/project-21/doc-732/'>
               │    └ <function convert_exception_to_response.<locals>.inner at 0x7f29f1e351e0>
               └ <django.core.handlers.wsgi.WSGIHandler object at 0x7f29f3599518>

  File "/usr/local/lib64/python3.6/site-packages/django/core/handlers/exception.py", line 34, in inner
    response = get_response(request)
               │            └ <WSGIRequest: GET '/project-21/doc-732/'>
               └ <django.middleware.security.SecurityMiddleware object at 0x7f29f1e4e780>

  File "/usr/local/lib64/python3.6/site-packages/django/utils/deprecation.py", line 94, in __call__
    response = response or self.get_response(request)
               │           │    │            └ <WSGIRequest: GET '/project-21/doc-732/'>
               │           │    └ <function convert_exception_to_response.<locals>.inner at 0x7f29f1e35158>
               │           └ <django.middleware.security.SecurityMiddleware object at 0x7f29f1e4e780>
               └ None

  File "/usr/local/lib64/python3.6/site-packages/django/core/handlers/exception.py", line 34, in inner
    response = get_response(request)
               │            └ <WSGIRequest: GET '/project-21/doc-732/'>
               └ <django.contrib.sessions.middleware.SessionMiddleware object at 0x7f29f1e4ebe0>

  File "/usr/local/lib64/python3.6/site-packages/django/utils/deprecation.py", line 94, in __call__
    response = response or self.get_response(request)
               │           │    │            └ <WSGIRequest: GET '/project-21/doc-732/'>
               │           │    └ <function convert_exception_to_response.<locals>.inner at 0x7f29f1e350d0>
               │           └ <django.contrib.sessions.middleware.SessionMiddleware object at 0x7f29f1e4ebe0>
               └ None

  File "/usr/local/lib64/python3.6/site-packages/django/core/handlers/exception.py", line 34, in inner
    response = get_response(request)
               │            └ <WSGIRequest: GET '/project-21/doc-732/'>
               └ <django.middleware.locale.LocaleMiddleware object at 0x7f29f1e5ce80>

  File "/usr/local/lib64/python3.6/site-packages/django/utils/deprecation.py", line 94, in __call__
    response = response or self.get_response(request)
               │           │    │            └ <WSGIRequest: GET '/project-21/doc-732/'>
               │           │    └ <function convert_exception_to_response.<locals>.inner at 0x7f29f1e35048>
               │           └ <django.middleware.locale.LocaleMiddleware object at 0x7f29f1e5ce80>
               └ None

  File "/usr/local/lib64/python3.6/site-packages/django/core/handlers/exception.py", line 34, in inner
    response = get_response(request)
               │            └ <WSGIRequest: GET '/project-21/doc-732/'>
               └ <django.middleware.common.CommonMiddleware object at 0x7f29f1e5c438>

  File "/usr/local/lib64/python3.6/site-packages/django/utils/deprecation.py", line 94, in __call__
    response = response or self.get_response(request)
               │           │    │            └ <WSGIRequest: GET '/project-21/doc-732/'>
               │           │    └ <function convert_exception_to_response.<locals>.inner at 0x7f29f1e22f28>
               │           └ <django.middleware.common.CommonMiddleware object at 0x7f29f1e5c438>
               └ None

  File "/usr/local/lib64/python3.6/site-packages/django/core/handlers/exception.py", line 34, in inner
    response = get_response(request)
               │            └ <WSGIRequest: GET '/project-21/doc-732/'>
               └ <corsheaders.middleware.CorsMiddleware object at 0x7f29f2b99208>

  File "/usr/local/lib64/python3.6/site-packages/django/utils/deprecation.py", line 94, in __call__
    response = response or self.get_response(request)
               │           │    │            └ <WSGIRequest: GET '/project-21/doc-732/'>
               │           │    └ <function convert_exception_to_response.<locals>.inner at 0x7f29f1e22ea0>
               │           └ <corsheaders.middleware.CorsMiddleware object at 0x7f29f2b99208>
               └ None

  File "/usr/local/lib64/python3.6/site-packages/django/core/handlers/exception.py", line 34, in inner
    response = get_response(request)
               │            └ <WSGIRequest: GET '/project-21/doc-732/'>
               └ <django.middleware.csrf.CsrfViewMiddleware object at 0x7f29f2b99ef0>

  File "/usr/local/lib64/python3.6/site-packages/django/utils/deprecation.py", line 94, in __call__
    response = response or self.get_response(request)
               │           │    │            └ <WSGIRequest: GET '/project-21/doc-732/'>
               │           │    └ <function convert_exception_to_response.<locals>.inner at 0x7f29f1e22e18>
               │           └ <django.middleware.csrf.CsrfViewMiddleware object at 0x7f29f2b99ef0>
               └ None

  File "/usr/local/lib64/python3.6/site-packages/django/core/handlers/exception.py", line 34, in inner
    response = get_response(request)
               │            └ <WSGIRequest: GET '/project-21/doc-732/'>
               └ <django.contrib.auth.middleware.AuthenticationMiddleware object at 0x7f29f2b99e48>

  File "/usr/local/lib64/python3.6/site-packages/django/utils/deprecation.py", line 94, in __call__
    response = response or self.get_response(request)
               │           │    │            └ <WSGIRequest: GET '/project-21/doc-732/'>
               │           │    └ <function convert_exception_to_response.<locals>.inner at 0x7f29f1e22d90>
               │           └ <django.contrib.auth.middleware.AuthenticationMiddleware object at 0x7f29f2b99e48>
               └ None

  File "/usr/local/lib64/python3.6/site-packages/django/core/handlers/exception.py", line 34, in inner
    response = get_response(request)
               │            └ <WSGIRequest: GET '/project-21/doc-732/'>
               └ <django.contrib.messages.middleware.MessageMiddleware object at 0x7f29f2b99dd8>

  File "/usr/local/lib64/python3.6/site-packages/django/utils/deprecation.py", line 94, in __call__
    response = response or self.get_response(request)
               │           │    │            └ <WSGIRequest: GET '/project-21/doc-732/'>
               │           │    └ <function convert_exception_to_response.<locals>.inner at 0x7f29f1e22d08>
               │           └ <django.contrib.messages.middleware.MessageMiddleware object at 0x7f29f2b99dd8>
               └ None

  File "/usr/local/lib64/python3.6/site-packages/django/core/handlers/exception.py", line 34, in inner
    response = get_response(request)
               │            └ <WSGIRequest: GET '/project-21/doc-732/'>
               └ <django.middleware.clickjacking.XFrameOptionsMiddleware object at 0x7f29f1e68860>

  File "/usr/local/lib64/python3.6/site-packages/django/utils/deprecation.py", line 94, in __call__
    response = response or self.get_response(request)
               │           │    │            └ <WSGIRequest: GET '/project-21/doc-732/'>
               │           │    └ <function convert_exception_to_response.<locals>.inner at 0x7f29f1e22c80>
               │           └ <django.middleware.clickjacking.XFrameOptionsMiddleware object at 0x7f29f1e68860>
               └ None

  File "/usr/local/lib64/python3.6/site-packages/django/core/handlers/exception.py", line 34, in inner
    response = get_response(request)
               │            └ <WSGIRequest: GET '/project-21/doc-732/'>
               └ <app_admin.middleware.require_login_middleware.RequiredLoginMiddleware object at 0x7f29f1e68ba8>

  File "/usr/local/projects/MrDoc/app_admin/middleware/require_login_middleware.py", line 36, in __call__
    response = self.get_response(request)
               │    │            └ <WSGIRequest: GET '/project-21/doc-732/'>
               │    └ <function BaseHandler._get_response at 0x7f29f81972f0>
               └ <app_admin.middleware.require_login_middleware.RequiredLoginMiddleware object at 0x7f29f1e68ba8>

  File "/usr/local/lib64/python3.6/site-packages/django/core/handlers/exception.py", line 34, in inner
    response = get_response(request)
               │            └ <WSGIRequest: GET '/project-21/doc-732/'>
               └ <bound method BaseHandler._get_response of <django.core.handlers.wsgi.WSGIHandler object at 0x7f29f3599518>>

  File "/usr/local/lib64/python3.6/site-packages/django/core/handlers/base.py", line 113, in _get_response
    response = wrapped_callback(request, *callback_args, **callback_kwargs)
               │                │         │                └ {'pro_id': 21, 'doc_id': 732}
               │                │         └ ()
               │                └ <WSGIRequest: GET '/project-21/doc-732/'>
               └ <function doc at 0x7f29f27b6378>

  File "/usr/local/lib64/python3.6/site-packages/django/views/decorators/http.py", line 40, in inner
    return func(request, *args, **kwargs)
           │    │         │       └ {'pro_id': 21, 'doc_id': 732}
           │    │         └ ()
           │    └ <WSGIRequest: GET '/project-21/doc-732/'>
           └ <function doc at 0x7f29f27b62f0>

> File "/usr/local/projects/MrDoc/app_doc/views.py", line 1002, in doc
    doc = Doc.objects.get(id=int(doc_id),status__in=[0,1]) # 文档信息
          │   │                  └ 732
          │   └ <django.db.models.manager.ManagerDescriptor object at 0x7f29f8c20358>
          └ <class 'app_doc.models.Doc'>

  File "/usr/local/lib64/python3.6/site-packages/django/db/models/manager.py", line 82, in manager_method
    return getattr(self.get_queryset(), name)(*args, **kwargs)
                   │    │               │      │       └ {'id': 732, 'status__in': [0, 1]}
                   │    │               │      └ ()
                   │    │               └ 'get'
                   │    └ <function BaseManager.get_queryset at 0x7f29f9de3d90>
                   └ <django.db.models.manager.Manager object at 0x7f29f81b56a0>

  File "/usr/local/lib64/python3.6/site-packages/django/db/models/query.py", line 408, in get
    self.model._meta.object_name
    │    │     │     └ 'Doc'
    │    │     └ <Options for Doc>
    │    └ <class 'app_doc.models.Doc'>
    └ <QuerySet [<Doc: About>, <Doc: 1、算法框架>, <Doc: 1、TDH>, <Doc: 1.1 常用方法>, <Doc: 2、Shell>, <Doc: 2.1 常用命令>, <Doc: 2.2 示例脚本>, <Doc...

app_doc.models.Doc.DoesNotExist: Doc matching query does not exist.
2022-06-06 12:34:46.759 | ERROR    | app_doc.views:doc:1075 - 文集浏览出错
Traceback (most recent call last):
  File "/usr/lib64/python3.6/threading.py", line 887, in _bootstrap
    self._bootstrap_inner()
    │    └ <function Thread._bootstrap_inner at 0x7f2a00d8d048>
    └ <Thread(Thread-1785, started daemon 139818015909632)>
  File "/usr/lib64/python3.6/threading.py", line 919, in _bootstrap_inner
    self.run()
    │    └ <function Thread.run at 0x7f2a00d8cd90>
    └ <Thread(Thread-1785, started daemon 139818015909632)>
  File "/usr/lib64/python3.6/threading.py", line 867, in run
    self._target(*self._args, **self._kwargs)
    │    │        │    │        │    └ {}
    │    │        │    │        └ <Thread(Thread-1785, started daemon 139818015909632)>
    │    │        │    └ (<socket.socket fd=6, family=AddressFamily.AF_INET, type=SocketKind.SOCK_STREAM, proto=0, laddr=('127.0.0.1', 9200), raddr=('...
    │    │        └ <Thread(Thread-1785, started daemon 139818015909632)>
    │    └ <bound method ThreadingMixIn.process_request_thread of <django.core.servers.basehttp.WSGIServer object at 0x7f29fa479eb8>>
    └ <Thread(Thread-1785, started daemon 139818015909632)>
  File "/usr/lib64/python3.6/socketserver.py", line 654, in process_request_thread
    self.finish_request(request, client_address)
    │    │              │        └ ('127.0.0.1', 38494)
    │    │              └ <socket.socket fd=6, family=AddressFamily.AF_INET, type=SocketKind.SOCK_STREAM, proto=0, laddr=('127.0.0.1', 9200), raddr=('1...
    │    └ <function BaseServer.finish_request at 0x7f29f9d2b1e0>
    └ <django.core.servers.basehttp.WSGIServer object at 0x7f29fa479eb8>
  File "/usr/lib64/python3.6/socketserver.py", line 364, in finish_request
    self.RequestHandlerClass(request, client_address, self)
    │    │                   │        │               └ <django.core.servers.basehttp.WSGIServer object at 0x7f29fa479eb8>
    │    │                   │        └ ('127.0.0.1', 38494)
    │    │                   └ <socket.socket fd=6, family=AddressFamily.AF_INET, type=SocketKind.SOCK_STREAM, proto=0, laddr=('127.0.0.1', 9200), raddr=('1...
    │    └ <class 'django.core.servers.basehttp.WSGIRequestHandler'>
    └ <django.core.servers.basehttp.WSGIServer object at 0x7f29fa479eb8>
  File "/usr/lib64/python3.6/socketserver.py", line 724, in __init__
    self.handle()
    │    └ <function WSGIRequestHandler.handle at 0x7f29f8b19f28>
    └ <django.core.servers.basehttp.WSGIRequestHandler object at 0x7f29eb499e80>

  File "/usr/local/lib64/python3.6/site-packages/django/core/servers/basehttp.py", line 169, in handle
    self.handle_one_request()
    │    └ <function WSGIRequestHandler.handle_one_request at 0x7f29f8b1a048>
    └ <django.core.servers.basehttp.WSGIRequestHandler object at 0x7f29eb499e80>

  File "/usr/local/lib64/python3.6/site-packages/django/core/servers/basehttp.py", line 194, in handle_one_request
    handler.run(self.server.get_app())
    │       │   │    │      └ <function WSGIServer.get_app at 0x7f29f8b19510>
    │       │   │    └ <django.core.servers.basehttp.WSGIServer object at 0x7f29fa479eb8>
    │       │   └ <django.core.servers.basehttp.WSGIRequestHandler object at 0x7f29eb499e80>
    │       └ <function BaseHandler.run at 0x7f29f8b13268>
    └ <django.core.servers.basehttp.ServerHandler object at 0x7f29f0962208>

  File "/usr/lib64/python3.6/wsgiref/handlers.py", line 137, in run
    self.result = application(self.environ, self.start_response)
    │    │        │           │    │        │    └ <function BaseHandler.start_response at 0x7f29f8b13598>
    │    │        │           │    │        └ <django.core.servers.basehttp.ServerHandler object at 0x7f29f0962208>
    │    │        │           │    └ {'LS_COLORS': 'rs=0:di=38;5;33:ln=38;5;51:mh=00:pi=40;38;5;11:so=38;5;13:do=38;5;5:bd=48;5;232;38;5;11:cd=48;5;232;38;5;3:or=...
    │    │        │           └ <django.core.servers.basehttp.ServerHandler object at 0x7f29f0962208>
    │    │        └ <django.core.handlers.wsgi.WSGIHandler object at 0x7f29f3599518>
    │    └ None
    └ <django.core.servers.basehttp.ServerHandler object at 0x7f29f0962208>

  File "/usr/local/lib64/python3.6/site-packages/django/core/handlers/wsgi.py", line 141, in __call__
    response = self.get_response(request)
               │    │            └ <WSGIRequest: GET '/project-34/doc-512/'>
               │    └ <function BaseHandler.get_response at 0x7f29f8b58730>
               └ <django.core.handlers.wsgi.WSGIHandler object at 0x7f29f3599518>

  File "/usr/local/lib64/python3.6/site-packages/django/core/handlers/base.py", line 75, in get_response
    response = self._middleware_chain(request)
               │    │                 └ <WSGIRequest: GET '/project-34/doc-512/'>
               │    └ <function convert_exception_to_response.<locals>.inner at 0x7f29f1e351e0>
               └ <django.core.handlers.wsgi.WSGIHandler object at 0x7f29f3599518>

  File "/usr/local/lib64/python3.6/site-packages/django/core/handlers/exception.py", line 34, in inner
    response = get_response(request)
               │            └ <WSGIRequest: GET '/project-34/doc-512/'>
               └ <django.middleware.security.SecurityMiddleware object at 0x7f29f1e4e780>

  File "/usr/local/lib64/python3.6/site-packages/django/utils/deprecation.py", line 94, in __call__
    response = response or self.get_response(request)
               │           │    │            └ <WSGIRequest: GET '/project-34/doc-512/'>
               │           │    └ <function convert_exception_to_response.<locals>.inner at 0x7f29f1e35158>
               │           └ <django.middleware.security.SecurityMiddleware object at 0x7f29f1e4e780>
               └ None

  File "/usr/local/lib64/python3.6/site-packages/django/core/handlers/exception.py", line 34, in inner
    response = get_response(request)
               │            └ <WSGIRequest: GET '/project-34/doc-512/'>
               └ <django.contrib.sessions.middleware.SessionMiddleware object at 0x7f29f1e4ebe0>

  File "/usr/local/lib64/python3.6/site-packages/django/utils/deprecation.py", line 94, in __call__
    response = response or self.get_response(request)
               │           │    │            └ <WSGIRequest: GET '/project-34/doc-512/'>
               │           │    └ <function convert_exception_to_response.<locals>.inner at 0x7f29f1e350d0>
               │           └ <django.contrib.sessions.middleware.SessionMiddleware object at 0x7f29f1e4ebe0>
               └ None

  File "/usr/local/lib64/python3.6/site-packages/django/core/handlers/exception.py", line 34, in inner
    response = get_response(request)
               │            └ <WSGIRequest: GET '/project-34/doc-512/'>
               └ <django.middleware.locale.LocaleMiddleware object at 0x7f29f1e5ce80>

  File "/usr/local/lib64/python3.6/site-packages/django/utils/deprecation.py", line 94, in __call__
    response = response or self.get_response(request)
               │           │    │            └ <WSGIRequest: GET '/project-34/doc-512/'>
               │           │    └ <function convert_exception_to_response.<locals>.inner at 0x7f29f1e35048>
               │           └ <django.middleware.locale.LocaleMiddleware object at 0x7f29f1e5ce80>
               └ None

  File "/usr/local/lib64/python3.6/site-packages/django/core/handlers/exception.py", line 34, in inner
    response = get_response(request)
               │            └ <WSGIRequest: GET '/project-34/doc-512/'>
               └ <django.middleware.common.CommonMiddleware object at 0x7f29f1e5c438>

  File "/usr/local/lib64/python3.6/site-packages/django/utils/deprecation.py", line 94, in __call__
    response = response or self.get_response(request)
               │           │    │            └ <WSGIRequest: GET '/project-34/doc-512/'>
               │           │    └ <function convert_exception_to_response.<locals>.inner at 0x7f29f1e22f28>
               │           └ <django.middleware.common.CommonMiddleware object at 0x7f29f1e5c438>
               └ None

  File "/usr/local/lib64/python3.6/site-packages/django/core/handlers/exception.py", line 34, in inner
    response = get_response(request)
               │            └ <WSGIRequest: GET '/project-34/doc-512/'>
               └ <corsheaders.middleware.CorsMiddleware object at 0x7f29f2b99208>

  File "/usr/local/lib64/python3.6/site-packages/django/utils/deprecation.py", line 94, in __call__
    response = response or self.get_response(request)
               │           │    │            └ <WSGIRequest: GET '/project-34/doc-512/'>
               │           │    └ <function convert_exception_to_response.<locals>.inner at 0x7f29f1e22ea0>
               │           └ <corsheaders.middleware.CorsMiddleware object at 0x7f29f2b99208>
               └ None

  File "/usr/local/lib64/python3.6/site-packages/django/core/handlers/exception.py", line 34, in inner
    response = get_response(request)
               │            └ <WSGIRequest: GET '/project-34/doc-512/'>
               └ <django.middleware.csrf.CsrfViewMiddleware object at 0x7f29f2b99ef0>

  File "/usr/local/lib64/python3.6/site-packages/django/utils/deprecation.py", line 94, in __call__
    response = response or self.get_response(request)
               │           │    │            └ <WSGIRequest: GET '/project-34/doc-512/'>
               │           │    └ <function convert_exception_to_response.<locals>.inner at 0x7f29f1e22e18>
               │           └ <django.middleware.csrf.CsrfViewMiddleware object at 0x7f29f2b99ef0>
               └ None

  File "/usr/local/lib64/python3.6/site-packages/django/core/handlers/exception.py", line 34, in inner
    response = get_response(request)
               │            └ <WSGIRequest: GET '/project-34/doc-512/'>
               └ <django.contrib.auth.middleware.AuthenticationMiddleware object at 0x7f29f2b99e48>

  File "/usr/local/lib64/python3.6/site-packages/django/utils/deprecation.py", line 94, in __call__
    response = response or self.get_response(request)
               │           │    │            └ <WSGIRequest: GET '/project-34/doc-512/'>
               │           │    └ <function convert_exception_to_response.<locals>.inner at 0x7f29f1e22d90>
               │           └ <django.contrib.auth.middleware.AuthenticationMiddleware object at 0x7f29f2b99e48>
               └ None

  File "/usr/local/lib64/python3.6/site-packages/django/core/handlers/exception.py", line 34, in inner
    response = get_response(request)
               │            └ <WSGIRequest: GET '/project-34/doc-512/'>
               └ <django.contrib.messages.middleware.MessageMiddleware object at 0x7f29f2b99dd8>

  File "/usr/local/lib64/python3.6/site-packages/django/utils/deprecation.py", line 94, in __call__
    response = response or self.get_response(request)
               │           │    │            └ <WSGIRequest: GET '/project-34/doc-512/'>
               │           │    └ <function convert_exception_to_response.<locals>.inner at 0x7f29f1e22d08>
               │           └ <django.contrib.messages.middleware.MessageMiddleware object at 0x7f29f2b99dd8>
               └ None

  File "/usr/local/lib64/python3.6/site-packages/django/core/handlers/exception.py", line 34, in inner
    response = get_response(request)
               │            └ <WSGIRequest: GET '/project-34/doc-512/'>
               └ <django.middleware.clickjacking.XFrameOptionsMiddleware object at 0x7f29f1e68860>

  File "/usr/local/lib64/python3.6/site-packages/django/utils/deprecation.py", line 94, in __call__
    response = response or self.get_response(request)
               │           │    │            └ <WSGIRequest: GET '/project-34/doc-512/'>
               │           │    └ <function convert_exception_to_response.<locals>.inner at 0x7f29f1e22c80>
               │           └ <django.middleware.clickjacking.XFrameOptionsMiddleware object at 0x7f29f1e68860>
               └ None

  File "/usr/local/lib64/python3.6/site-packages/django/core/handlers/exception.py", line 34, in inner
    response = get_response(request)
               │            └ <WSGIRequest: GET '/project-34/doc-512/'>
               └ <app_admin.middleware.require_login_middleware.RequiredLoginMiddleware object at 0x7f29f1e68ba8>

  File "/usr/local/projects/MrDoc/app_admin/middleware/require_login_middleware.py", line 36, in __call__
    response = self.get_response(request)
               │    │            └ <WSGIRequest: GET '/project-34/doc-512/'>
               │    └ <function BaseHandler._get_response at 0x7f29f81972f0>
               └ <app_admin.middleware.require_login_middleware.RequiredLoginMiddleware object at 0x7f29f1e68ba8>

  File "/usr/local/lib64/python3.6/site-packages/django/core/handlers/exception.py", line 34, in inner
    response = get_response(request)
               │            └ <WSGIRequest: GET '/project-34/doc-512/'>
               └ <bound method BaseHandler._get_response of <django.core.handlers.wsgi.WSGIHandler object at 0x7f29f3599518>>

  File "/usr/local/lib64/python3.6/site-packages/django/core/handlers/base.py", line 113, in _get_response
    response = wrapped_callback(request, *callback_args, **callback_kwargs)
               │                │         │                └ {'pro_id': 34, 'doc_id': 512}
               │                │         └ ()
               │                └ <WSGIRequest: GET '/project-34/doc-512/'>
               └ <function doc at 0x7f29f27b6378>

  File "/usr/local/lib64/python3.6/site-packages/django/views/decorators/http.py", line 40, in inner
    return func(request, *args, **kwargs)
           │    │         │       └ {'pro_id': 34, 'doc_id': 512}
           │    │         └ ()
           │    └ <WSGIRequest: GET '/project-34/doc-512/'>
           └ <function doc at 0x7f29f27b62f0>

> File "/usr/local/projects/MrDoc/app_doc/views.py", line 1002, in doc
    doc = Doc.objects.get(id=int(doc_id),status__in=[0,1]) # 文档信息
          │   │                  └ 512
          │   └ <django.db.models.manager.ManagerDescriptor object at 0x7f29f8c20358>
          └ <class 'app_doc.models.Doc'>

  File "/usr/local/lib64/python3.6/site-packages/django/db/models/manager.py", line 82, in manager_method
    return getattr(self.get_queryset(), name)(*args, **kwargs)
                   │    │               │      │       └ {'id': 512, 'status__in': [0, 1]}
                   │    │               │      └ ()
                   │    │               └ 'get'
                   │    └ <function BaseManager.get_queryset at 0x7f29f9de3d90>
                   └ <django.db.models.manager.Manager object at 0x7f29f81b56a0>

  File "/usr/local/lib64/python3.6/site-packages/django/db/models/query.py", line 408, in get
    self.model._meta.object_name
    │    │     │     └ 'Doc'
    │    │     └ <Options for Doc>
    │    └ <class 'app_doc.models.Doc'>
    └ <QuerySet [<Doc: About>, <Doc: 1、算法框架>, <Doc: 1、TDH>, <Doc: 1.1 常用方法>, <Doc: 2、Shell>, <Doc: 2.1 常用命令>, <Doc: 2.2 示例脚本>, <Doc...

app_doc.models.Doc.DoesNotExist: Doc matching query does not exist.
2022-06-06 17:32:58.311 | ERROR    | app_doc.util_upload_img:url_img_upload:321 - 上传URL图片异常：MissingSchema("Invalid URL '/media/202205/2022-05-28_1148300.050953602887815364.png': No schema supplied. Perhaps you meant http:///media/202205/2022-05-28_1148300.050953602887815364.png?",)
2022-06-06 17:32:58.324 | ERROR    | app_doc.util_upload_img:url_img_upload:321 - 上传URL图片异常：MissingSchema("Invalid URL '/media/202205/2022-05-28_1151150.4816085587647606.png': No schema supplied. Perhaps you meant http:///media/202205/2022-05-28_1151150.4816085587647606.png?",)
2022-06-06 17:32:58.416 | ERROR    | app_doc.util_upload_img:url_img_upload:321 - 上传URL图片异常：MissingSchema("Invalid URL '/media/202205/2022-05-28_1156350.7073084618631299.png': No schema supplied. Perhaps you meant http:///media/202205/2022-05-28_1156350.7073084618631299.png?",)
2022-06-06 17:32:58.426 | ERROR    | app_doc.util_upload_img:url_img_upload:321 - 上传URL图片异常：MissingSchema("Invalid URL '/media/202205/2022-05-29_1134020.139742301000497.png': No schema supplied. Perhaps you meant http:///media/202205/2022-05-29_1134020.139742301000497.png?",)
2022-06-06 17:32:58.459 | ERROR    | app_doc.util_upload_img:url_img_upload:321 - 上传URL图片异常：MissingSchema("Invalid URL '/media/202205/2022-05-29_1610300.1202024267313998.png': No schema supplied. Perhaps you meant http:///media/202205/2022-05-29_1610300.1202024267313998.png?",)
2022-06-06 17:32:58.469 | ERROR    | app_doc.util_upload_img:url_img_upload:321 - 上传URL图片异常：MissingSchema("Invalid URL '/media/202205/2022-05-29_1647180.7275877842219161.png': No schema supplied. Perhaps you meant http:///media/202205/2022-05-29_1647180.7275877842219161.png?",)
2022-06-06 17:32:58.515 | ERROR    | app_doc.util_upload_img:url_img_upload:321 - 上传URL图片异常：MissingSchema("Invalid URL '/media/202205/2022-05-27_102456_404830.png': No schema supplied. Perhaps you meant http:///media/202205/2022-05-27_102456_404830.png?",)
2022-06-06 17:32:58.528 | ERROR    | app_doc.util_upload_img:url_img_upload:321 - 上传URL图片异常：MissingSchema("Invalid URL '/media/202205/2022-05-27_103001_656451.png': No schema supplied. Perhaps you meant http:///media/202205/2022-05-27_103001_656451.png?",)
2022-06-06 17:32:58.541 | ERROR    | app_doc.util_upload_img:url_img_upload:321 - 上传URL图片异常：MissingSchema("Invalid URL '/media/202205/2022-05-30_1622060.7070800430543429.png': No schema supplied. Perhaps you meant http:///media/202205/2022-05-30_1622060.7070800430543429.png?",)
2022-06-06 17:32:58.554 | ERROR    | app_doc.util_upload_img:url_img_upload:321 - 上传URL图片异常：MissingSchema("Invalid URL '/media/202206/2022-06-01_1933440.29035427711482786.png': No schema supplied. Perhaps you meant http:///media/202206/2022-06-01_1933440.29035427711482786.png?",)
2022-06-06 17:32:58.568 | ERROR    | app_doc.util_upload_img:url_img_upload:321 - 上传URL图片异常：MissingSchema("Invalid URL '/media/202206/2022-06-01_1709220.7318460992745337.png': No schema supplied. Perhaps you meant http:///media/202206/2022-06-01_1709220.7318460992745337.png?",)
2022-06-06 17:32:58.582 | ERROR    | app_doc.util_upload_img:url_img_upload:321 - 上传URL图片异常：MissingSchema("Invalid URL '/media/202206/2022-06-01_1937230.6582568592635254.png': No schema supplied. Perhaps you meant http:///media/202206/2022-06-01_1937230.6582568592635254.png?",)
2022-06-06 17:32:58.594 | ERROR    | app_doc.util_upload_img:url_img_upload:321 - 上传URL图片异常：MissingSchema("Invalid URL '/media/202206/2022-06-01_1938090.4511449929817345.png': No schema supplied. Perhaps you meant http:///media/202206/2022-06-01_1938090.4511449929817345.png?",)
2022-06-06 17:32:58.607 | ERROR    | app_doc.util_upload_img:url_img_upload:321 - 上传URL图片异常：MissingSchema("Invalid URL '/media/202206/2022-06-01_2019230.16935938666390438.png': No schema supplied. Perhaps you meant http:///media/202206/2022-06-01_2019230.16935938666390438.png?",)
2022-06-06 17:32:59.384 | ERROR    | app_doc.util_upload_img:url_img_upload:321 - 上传URL图片异常：MissingSchema("Invalid URL '/media/202206/2022-06-06_173254_724726.png': No schema supplied. Perhaps you meant http:///media/202206/2022-06-06_173254_724726.png?",)
2022-06-06 17:32:59.393 | ERROR    | app_doc.util_upload_img:url_img_upload:321 - 上传URL图片异常：MissingSchema("Invalid URL '/media/202206/2022-06-04_213705_225227.png': No schema supplied. Perhaps you meant http:///media/202206/2022-06-04_213705_225227.png?",)
2022-06-06 17:32:59.403 | ERROR    | app_doc.util_upload_img:url_img_upload:321 - 上传URL图片异常：MissingSchema("Invalid URL '/media/202206/2022-06-04_201702_388188.png': No schema supplied. Perhaps you meant http:///media/202206/2022-06-04_201702_388188.png?",)
2022-06-06 17:32:59.413 | ERROR    | app_doc.util_upload_img:url_img_upload:321 - 上传URL图片异常：MissingSchema("Invalid URL '/media/202206/2022-06-03_1629530.5397257460978355.png': No schema supplied. Perhaps you meant http:///media/202206/2022-06-03_1629530.5397257460978355.png?",)
2022-06-06 17:32:59.424 | ERROR    | app_doc.util_upload_img:url_img_upload:321 - 上传URL图片异常：MissingSchema("Invalid URL '/media/202206/2022-06-03_1622040.18671759779350017.png': No schema supplied. Perhaps you meant http:///media/202206/2022-06-03_1622040.18671759779350017.png?",)
2022-06-06 17:32:59.433 | ERROR    | app_doc.util_upload_img:url_img_upload:321 - 上传URL图片异常：MissingSchema("Invalid URL '/media/202206/2022-06-03_1618140.28732872641956697.png': No schema supplied. Perhaps you meant http:///media/202206/2022-06-03_1618140.28732872641956697.png?",)
2022-06-06 17:32:59.443 | ERROR    | app_doc.util_upload_img:url_img_upload:321 - 上传URL图片异常：MissingSchema("Invalid URL '/media/202206/2022-06-03_1537510.057198173806761066.png': No schema supplied. Perhaps you meant http:///media/202206/2022-06-03_1537510.057198173806761066.png?",)
2022-06-06 17:32:59.453 | ERROR    | app_doc.util_upload_img:url_img_upload:321 - 上传URL图片异常：MissingSchema("Invalid URL '/media/202206/2022-06-03_1648200.6230039278219002.png': No schema supplied. Perhaps you meant http:///media/202206/2022-06-03_1648200.6230039278219002.png?",)
2022-06-06 17:32:59.463 | ERROR    | app_doc.util_upload_img:url_img_upload:321 - 上传URL图片异常：MissingSchema("Invalid URL '/media/202206/2022-06-03_1647310.7864654018436411.png': No schema supplied. Perhaps you meant http:///media/202206/2022-06-03_1647310.7864654018436411.png?",)
2022-06-06 17:32:59.473 | ERROR    | app_doc.util_upload_img:url_img_upload:321 - 上传URL图片异常：MissingSchema("Invalid URL '/media/202206/2022-06-03_1647500.6498301969113863.png': No schema supplied. Perhaps you meant http:///media/202206/2022-06-03_1647500.6498301969113863.png?",)
2022-06-06 17:32:59.483 | ERROR    | app_doc.util_upload_img:url_img_upload:321 - 上传URL图片异常：MissingSchema("Invalid URL '/media/202206/2022-06-03_1648060.8472386668425588.png': No schema supplied. Perhaps you meant http:///media/202206/2022-06-03_1648060.8472386668425588.png?",)
2022-06-06 17:33:00.416 | ERROR    | app_doc.util_upload_img:url_img_upload:321 - 上传URL图片异常：MissingSchema("Invalid URL '/media/202205/2022-05-28_1148300.050953602887815364.png': No schema supplied. Perhaps you meant http:///media/202205/2022-05-28_1148300.050953602887815364.png?",)
2022-06-06 17:33:00.436 | ERROR    | app_doc.util_upload_img:url_img_upload:321 - 上传URL图片异常：MissingSchema("Invalid URL '/media/202205/2022-05-28_1151150.4816085587647606.png': No schema supplied. Perhaps you meant http:///media/202205/2022-05-28_1151150.4816085587647606.png?",)
2022-06-06 17:33:00.449 | ERROR    | app_doc.util_upload_img:url_img_upload:321 - 上传URL图片异常：MissingSchema("Invalid URL '/media/202205/2022-05-28_1156350.7073084618631299.png': No schema supplied. Perhaps you meant http:///media/202205/2022-05-28_1156350.7073084618631299.png?",)
2022-06-06 17:33:00.460 | ERROR    | app_doc.util_upload_img:url_img_upload:321 - 上传URL图片异常：MissingSchema("Invalid URL '/media/202205/2022-05-29_1134020.139742301000497.png': No schema supplied. Perhaps you meant http:///media/202205/2022-05-29_1134020.139742301000497.png?",)
2022-06-06 17:33:00.470 | ERROR    | app_doc.util_upload_img:url_img_upload:321 - 上传URL图片异常：MissingSchema("Invalid URL '/media/202205/2022-05-29_1610300.1202024267313998.png': No schema supplied. Perhaps you meant http:///media/202205/2022-05-29_1610300.1202024267313998.png?",)
2022-06-06 17:33:00.481 | ERROR    | app_doc.util_upload_img:url_img_upload:321 - 上传URL图片异常：MissingSchema("Invalid URL '/media/202205/2022-05-29_1647180.7275877842219161.png': No schema supplied. Perhaps you meant http:///media/202205/2022-05-29_1647180.7275877842219161.png?",)
2022-06-06 17:33:00.491 | ERROR    | app_doc.util_upload_img:url_img_upload:321 - 上传URL图片异常：MissingSchema("Invalid URL '/media/202205/2022-05-27_102456_404830.png': No schema supplied. Perhaps you meant http:///media/202205/2022-05-27_102456_404830.png?",)
2022-06-06 17:33:00.504 | ERROR    | app_doc.util_upload_img:url_img_upload:321 - 上传URL图片异常：MissingSchema("Invalid URL '/media/202205/2022-05-27_103001_656451.png': No schema supplied. Perhaps you meant http:///media/202205/2022-05-27_103001_656451.png?",)
2022-06-06 17:33:00.515 | ERROR    | app_doc.util_upload_img:url_img_upload:321 - 上传URL图片异常：MissingSchema("Invalid URL '/media/202205/2022-05-30_1622060.7070800430543429.png': No schema supplied. Perhaps you meant http:///media/202205/2022-05-30_1622060.7070800430543429.png?",)
2022-06-06 17:33:00.525 | ERROR    | app_doc.util_upload_img:url_img_upload:321 - 上传URL图片异常：MissingSchema("Invalid URL '/media/202206/2022-06-01_1933440.29035427711482786.png': No schema supplied. Perhaps you meant http:///media/202206/2022-06-01_1933440.29035427711482786.png?",)
2022-06-06 17:33:00.535 | ERROR    | app_doc.util_upload_img:url_img_upload:321 - 上传URL图片异常：MissingSchema("Invalid URL '/media/202206/2022-06-01_1709220.7318460992745337.png': No schema supplied. Perhaps you meant http:///media/202206/2022-06-01_1709220.7318460992745337.png?",)
2022-06-06 17:33:00.545 | ERROR    | app_doc.util_upload_img:url_img_upload:321 - 上传URL图片异常：MissingSchema("Invalid URL '/media/202206/2022-06-01_1937230.6582568592635254.png': No schema supplied. Perhaps you meant http:///media/202206/2022-06-01_1937230.6582568592635254.png?",)
2022-06-06 17:33:00.556 | ERROR    | app_doc.util_upload_img:url_img_upload:321 - 上传URL图片异常：MissingSchema("Invalid URL '/media/202206/2022-06-01_1938090.4511449929817345.png': No schema supplied. Perhaps you meant http:///media/202206/2022-06-01_1938090.4511449929817345.png?",)
2022-06-06 17:33:00.569 | ERROR    | app_doc.util_upload_img:url_img_upload:321 - 上传URL图片异常：MissingSchema("Invalid URL '/media/202206/2022-06-03_1622040.18671759779350017.png': No schema supplied. Perhaps you meant http:///media/202206/2022-06-03_1622040.18671759779350017.png?",)
2022-06-06 17:33:01.506 | ERROR    | app_doc.util_upload_img:url_img_upload:321 - 上传URL图片异常：MissingSchema("Invalid URL '/media/202206/2022-06-06_173254_724726.png': No schema supplied. Perhaps you meant http:///media/202206/2022-06-06_173254_724726.png?",)
2022-06-06 17:33:01.519 | ERROR    | app_doc.util_upload_img:url_img_upload:321 - 上传URL图片异常：MissingSchema("Invalid URL '/media/202206/2022-06-04_213705_225227.png': No schema supplied. Perhaps you meant http:///media/202206/2022-06-04_213705_225227.png?",)
2022-06-06 17:33:01.531 | ERROR    | app_doc.util_upload_img:url_img_upload:321 - 上传URL图片异常：MissingSchema("Invalid URL '/media/202206/2022-06-04_201702_388188.png': No schema supplied. Perhaps you meant http:///media/202206/2022-06-04_201702_388188.png?",)
2022-06-06 17:33:01.541 | ERROR    | app_doc.util_upload_img:url_img_upload:321 - 上传URL图片异常：MissingSchema("Invalid URL '/media/202206/2022-06-03_1629530.5397257460978355.png': No schema supplied. Perhaps you meant http:///media/202206/2022-06-03_1629530.5397257460978355.png?",)
2022-06-06 17:33:01.551 | ERROR    | app_doc.util_upload_img:url_img_upload:321 - 上传URL图片异常：MissingSchema("Invalid URL '/media/202206/2022-06-03_1618140.28732872641956697.png': No schema supplied. Perhaps you meant http:///media/202206/2022-06-03_1618140.28732872641956697.png?",)
2022-06-06 17:33:01.561 | ERROR    | app_doc.util_upload_img:url_img_upload:321 - 上传URL图片异常：MissingSchema("Invalid URL '/media/202206/2022-06-03_1537510.057198173806761066.png': No schema supplied. Perhaps you meant http:///media/202206/2022-06-03_1537510.057198173806761066.png?",)
2022-06-06 17:33:01.570 | ERROR    | app_doc.util_upload_img:url_img_upload:321 - 上传URL图片异常：MissingSchema("Invalid URL '/media/202206/2022-06-03_1648200.6230039278219002.png': No schema supplied. Perhaps you meant http:///media/202206/2022-06-03_1648200.6230039278219002.png?",)
2022-06-06 17:33:01.582 | ERROR    | app_doc.util_upload_img:url_img_upload:321 - 上传URL图片异常：MissingSchema("Invalid URL '/media/202206/2022-06-03_1647310.7864654018436411.png': No schema supplied. Perhaps you meant http:///media/202206/2022-06-03_1647310.7864654018436411.png?",)
2022-06-06 17:33:01.595 | ERROR    | app_doc.util_upload_img:url_img_upload:321 - 上传URL图片异常：MissingSchema("Invalid URL '/media/202206/2022-06-03_1647500.6498301969113863.png': No schema supplied. Perhaps you meant http:///media/202206/2022-06-03_1647500.6498301969113863.png?",)
2022-06-06 17:33:01.607 | ERROR    | app_doc.util_upload_img:url_img_upload:321 - 上传URL图片异常：MissingSchema("Invalid URL '/media/202206/2022-06-03_1648060.8472386668425588.png': No schema supplied. Perhaps you meant http:///media/202206/2022-06-03_1648060.8472386668425588.png?",)
2022-06-06 17:33:01.618 | ERROR    | app_doc.util_upload_img:url_img_upload:321 - 上传URL图片异常：MissingSchema("Invalid URL '/media/202206/2022-06-01_2019230.16935938666390438.png': No schema supplied. Perhaps you meant http:///media/202206/2022-06-01_2019230.16935938666390438.png?",)
2022-06-06 17:49:43.042 | ERROR    | app_doc.util_upload_img:url_img_upload:321 - 上传URL图片异常：MissingSchema("Invalid URL '/media/202205/2022-05-28_1148300.050953602887815364.png': No schema supplied. Perhaps you meant http:///media/202205/2022-05-28_1148300.050953602887815364.png?",)
2022-06-06 17:49:43.057 | ERROR    | app_doc.util_upload_img:url_img_upload:321 - 上传URL图片异常：MissingSchema("Invalid URL '/media/202205/2022-05-28_1151150.4816085587647606.png': No schema supplied. Perhaps you meant http:///media/202205/2022-05-28_1151150.4816085587647606.png?",)
2022-06-06 17:49:43.073 | ERROR    | app_doc.util_upload_img:url_img_upload:321 - 上传URL图片异常：MissingSchema("Invalid URL '/media/202205/2022-05-28_1156350.7073084618631299.png': No schema supplied. Perhaps you meant http:///media/202205/2022-05-28_1156350.7073084618631299.png?",)
2022-06-06 17:49:43.088 | ERROR    | app_doc.util_upload_img:url_img_upload:321 - 上传URL图片异常：MissingSchema("Invalid URL '/media/202205/2022-05-29_1134020.139742301000497.png': No schema supplied. Perhaps you meant http:///media/202205/2022-05-29_1134020.139742301000497.png?",)
2022-06-06 17:49:43.101 | ERROR    | app_doc.util_upload_img:url_img_upload:321 - 上传URL图片异常：MissingSchema("Invalid URL '/media/202205/2022-05-29_1610300.1202024267313998.png': No schema supplied. Perhaps you meant http:///media/202205/2022-05-29_1610300.1202024267313998.png?",)
2022-06-06 17:49:43.142 | ERROR    | app_doc.util_upload_img:url_img_upload:321 - 上传URL图片异常：MissingSchema("Invalid URL '/media/202205/2022-05-29_1647180.7275877842219161.png': No schema supplied. Perhaps you meant http:///media/202205/2022-05-29_1647180.7275877842219161.png?",)
2022-06-06 17:49:43.153 | ERROR    | app_doc.util_upload_img:url_img_upload:321 - 上传URL图片异常：MissingSchema("Invalid URL '/media/202205/2022-05-27_102456_404830.png': No schema supplied. Perhaps you meant http:///media/202205/2022-05-27_102456_404830.png?",)
2022-06-06 17:49:43.204 | ERROR    | app_doc.util_upload_img:url_img_upload:321 - 上传URL图片异常：MissingSchema("Invalid URL '/media/202205/2022-05-27_103001_656451.png': No schema supplied. Perhaps you meant http:///media/202205/2022-05-27_103001_656451.png?",)
2022-06-06 17:49:43.229 | ERROR    | app_doc.util_upload_img:url_img_upload:321 - 上传URL图片异常：MissingSchema("Invalid URL '/media/202205/2022-05-30_1622060.7070800430543429.png': No schema supplied. Perhaps you meant http:///media/202205/2022-05-30_1622060.7070800430543429.png?",)
2022-06-06 17:49:43.281 | ERROR    | app_doc.util_upload_img:url_img_upload:321 - 上传URL图片异常：MissingSchema("Invalid URL '/media/202206/2022-06-01_1933440.29035427711482786.png': No schema supplied. Perhaps you meant http:///media/202206/2022-06-01_1933440.29035427711482786.png?",)
2022-06-06 17:49:43.320 | ERROR    | app_doc.util_upload_img:url_img_upload:321 - 上传URL图片异常：MissingSchema("Invalid URL '/media/202206/2022-06-01_1709220.7318460992745337.png': No schema supplied. Perhaps you meant http:///media/202206/2022-06-01_1709220.7318460992745337.png?",)
2022-06-06 17:49:43.356 | ERROR    | app_doc.util_upload_img:url_img_upload:321 - 上传URL图片异常：MissingSchema("Invalid URL '/media/202206/2022-06-01_1937230.6582568592635254.png': No schema supplied. Perhaps you meant http:///media/202206/2022-06-01_1937230.6582568592635254.png?",)
2022-06-06 17:49:43.368 | ERROR    | app_doc.util_upload_img:url_img_upload:321 - 上传URL图片异常：MissingSchema("Invalid URL '/media/202206/2022-06-01_1938090.4511449929817345.png': No schema supplied. Perhaps you meant http:///media/202206/2022-06-01_1938090.4511449929817345.png?",)
2022-06-06 17:49:43.383 | ERROR    | app_doc.util_upload_img:url_img_upload:321 - 上传URL图片异常：MissingSchema("Invalid URL '/media/202206/2022-06-01_2019230.16935938666390438.png': No schema supplied. Perhaps you meant http:///media/202206/2022-06-01_2019230.16935938666390438.png?",)
2022-06-06 17:49:43.396 | ERROR    | app_doc.util_upload_img:url_img_upload:321 - 上传URL图片异常：MissingSchema("Invalid URL '/media/202206/2022-06-03_1648060.8472386668425588.png': No schema supplied. Perhaps you meant http:///media/202206/2022-06-03_1648060.8472386668425588.png?",)
2022-06-06 17:49:43.412 | ERROR    | app_doc.util_upload_img:url_img_upload:321 - 上传URL图片异常：MissingSchema("Invalid URL '/media/202206/2022-06-03_1647500.6498301969113863.png': No schema supplied. Perhaps you meant http:///media/202206/2022-06-03_1647500.6498301969113863.png?",)
2022-06-06 17:49:43.423 | ERROR    | app_doc.util_upload_img:url_img_upload:321 - 上传URL图片异常：MissingSchema("Invalid URL '/media/202206/2022-06-03_1647310.7864654018436411.png': No schema supplied. Perhaps you meant http:///media/202206/2022-06-03_1647310.7864654018436411.png?",)
2022-06-06 17:49:43.435 | ERROR    | app_doc.util_upload_img:url_img_upload:321 - 上传URL图片异常：MissingSchema("Invalid URL '/media/202206/2022-06-03_1648200.6230039278219002.png': No schema supplied. Perhaps you meant http:///media/202206/2022-06-03_1648200.6230039278219002.png?",)
2022-06-06 17:49:43.449 | ERROR    | app_doc.util_upload_img:url_img_upload:321 - 上传URL图片异常：MissingSchema("Invalid URL '/media/202206/2022-06-03_1537510.057198173806761066.png': No schema supplied. Perhaps you meant http:///media/202206/2022-06-03_1537510.057198173806761066.png?",)
2022-06-06 17:49:43.462 | ERROR    | app_doc.util_upload_img:url_img_upload:321 - 上传URL图片异常：MissingSchema("Invalid URL '/media/202206/2022-06-03_1618140.28732872641956697.png': No schema supplied. Perhaps you meant http:///media/202206/2022-06-03_1618140.28732872641956697.png?",)
2022-06-06 17:49:43.475 | ERROR    | app_doc.util_upload_img:url_img_upload:321 - 上传URL图片异常：MissingSchema("Invalid URL '/media/202206/2022-06-03_1622040.18671759779350017.png': No schema supplied. Perhaps you meant http:///media/202206/2022-06-03_1622040.18671759779350017.png?",)
2022-06-06 17:49:43.488 | ERROR    | app_doc.util_upload_img:url_img_upload:321 - 上传URL图片异常：MissingSchema("Invalid URL '/media/202206/2022-06-03_1629530.5397257460978355.png': No schema supplied. Perhaps you meant http:///media/202206/2022-06-03_1629530.5397257460978355.png?",)
2022-06-06 17:49:43.501 | ERROR    | app_doc.util_upload_img:url_img_upload:321 - 上传URL图片异常：MissingSchema("Invalid URL '/media/202206/2022-06-04_213705_225227.png': No schema supplied. Perhaps you meant http:///media/202206/2022-06-04_213705_225227.png?",)
2022-06-06 17:49:44.376 | ERROR    | app_doc.util_upload_img:url_img_upload:321 - 上传URL图片异常：MissingSchema("Invalid URL '/media/202206/2022-06-06_173254_724726.png': No schema supplied. Perhaps you meant http:///media/202206/2022-06-06_173254_724726.png?",)
2022-06-06 17:49:44.390 | ERROR    | app_doc.util_upload_img:url_img_upload:321 - 上传URL图片异常：MissingSchema("Invalid URL '/media/202206/2022-06-04_201702_388188.png': No schema supplied. Perhaps you meant http:///media/202206/2022-06-04_201702_388188.png?",)
