2022-04-23 22:52:40.934 | ERROR    | app_doc.views:doc:1073 - Collection browsing error
Traceback (most recent call last):
  File "/www/server/python_manager/versions/3.6.8/lib/python3.6/threading.py", line 884, in _bootstrap
    self._bootstrap_inner()
    │    └ <function Thread._bootstrap_inner at 0x7f8731686510>
    └ <Thread(Thread-2414, started daemon 140218375497472)>
  File "/www/server/python_manager/versions/3.6.8/lib/python3.6/threading.py", line 916, in _bootstrap_inner
    self.run()
    │    └ <function Thread.run at 0x7f87316862f0>
    └ <Thread(Thread-2414, started daemon 140218375497472)>
  File "/www/server/python_manager/versions/3.6.8/lib/python3.6/threading.py", line 864, in run
    self._target(*self._args, **self._kwargs)
    │    │        │    │        │    └ {}
    │    │        │    │        └ <Thread(Thread-2414, started daemon 140218375497472)>
    │    │        │    └ (<socket.socket fd=7, family=AddressFamily.AF_INET, type=SocketKind.SOCK_STREAM, proto=0, laddr=('127.0.0.1', 9200), raddr=('...
    │    │        └ <Thread(Thread-2414, started daemon 140218375497472)>
    │    └ <bound method ThreadingMixIn.process_request_thread of <django.core.servers.basehttp.WSGIServer object at 0x7f872cc5c0b8>>
    └ <Thread(Thread-2414, started daemon 140218375497472)>
  File "/www/server/python_manager/versions/3.6.8/lib/python3.6/socketserver.py", line 654, in process_request_thread
    self.finish_request(request, client_address)
    │    │              │        └ ('127.0.0.1', 54168)
    │    │              └ <socket.socket fd=7, family=AddressFamily.AF_INET, type=SocketKind.SOCK_STREAM, proto=0, laddr=('127.0.0.1', 9200), raddr=('1...
    │    └ <function BaseServer.finish_request at 0x7f872c4f5bf8>
    └ <django.core.servers.basehttp.WSGIServer object at 0x7f872cc5c0b8>
  File "/www/server/python_manager/versions/3.6.8/lib/python3.6/socketserver.py", line 364, in finish_request
    self.RequestHandlerClass(request, client_address, self)
    │    │                   │        │               └ <django.core.servers.basehttp.WSGIServer object at 0x7f872cc5c0b8>
    │    │                   │        └ ('127.0.0.1', 54168)
    │    │                   └ <socket.socket fd=7, family=AddressFamily.AF_INET, type=SocketKind.SOCK_STREAM, proto=0, laddr=('127.0.0.1', 9200), raddr=('1...
    │    └ <class 'django.core.servers.basehttp.WSGIRequestHandler'>
    └ <django.core.servers.basehttp.WSGIServer object at 0x7f872cc5c0b8>
  File "/www/server/python_manager/versions/3.6.8/lib/python3.6/socketserver.py", line 724, in __init__
    self.handle()
    │    └ <function WSGIRequestHandler.handle at 0x7f872b4f2bf8>
    └ <django.core.servers.basehttp.WSGIRequestHandler object at 0x7f87227a3780>
  File "/www/server/python_manager/versions/3.6.8/lib/python3.6/site-packages/django/core/servers/basehttp.py", line 169, in handle
    self.handle_one_request()
    │    └ <function WSGIRequestHandler.handle_one_request at 0x7f872b4f2c80>
    └ <django.core.servers.basehttp.WSGIRequestHandler object at 0x7f87227a3780>
  File "/www/server/python_manager/versions/3.6.8/lib/python3.6/site-packages/django/core/servers/basehttp.py", line 194, in handle_one_request
    handler.run(self.server.get_app())
    │       │   │    │      └ <function WSGIServer.get_app at 0x7f872b4f2268>
    │       │   │    └ <django.core.servers.basehttp.WSGIServer object at 0x7f872cc5c0b8>
    │       │   └ <django.core.servers.basehttp.WSGIRequestHandler object at 0x7f87227a3780>
    │       └ <function BaseHandler.run at 0x7f872b4e6f28>
    └ <django.core.servers.basehttp.ServerHandler object at 0x7f872154ac50>
  File "/www/server/python_manager/versions/3.6.8/lib/python3.6/wsgiref/handlers.py", line 137, in run
    self.result = application(self.environ, self.start_response)
    │    │        │           │    │        │    └ <function BaseHandler.start_response at 0x7f872b4ef2f0>
    │    │        │           │    │        └ <django.core.servers.basehttp.ServerHandler object at 0x7f872154ac50>
    │    │        │           │    └ {'LC_ALL': 'en_US.UTF-8', 'LS_COLORS': 'rs=0:di=38;5;33:ln=38;5;51:mh=00:pi=40;38;5;11:so=38;5;13:do=38;5;5:bd=48;5;232;38;5;...
    │    │        │           └ <django.core.servers.basehttp.ServerHandler object at 0x7f872154ac50>
    │    │        └ <django.core.handlers.wsgi.WSGIHandler object at 0x7f8729fcec88>
    │    └ None
    └ <django.core.servers.basehttp.ServerHandler object at 0x7f872154ac50>
  File "/www/server/python_manager/versions/3.6.8/lib/python3.6/site-packages/django/core/handlers/wsgi.py", line 141, in __call__
    response = self.get_response(request)
               │    │            └ <WSGIRequest: GET '/project-21/doc-338/'>
               │    └ <function BaseHandler.get_response at 0x7f872b536488>
               └ <django.core.handlers.wsgi.WSGIHandler object at 0x7f8729fcec88>
  File "/www/server/python_manager/versions/3.6.8/lib/python3.6/site-packages/django/core/handlers/base.py", line 75, in get_response
    response = self._middleware_chain(request)
               │    │                 └ <WSGIRequest: GET '/project-21/doc-338/'>
               │    └ <function convert_exception_to_response.<locals>.inner at 0x7f87287c1bf8>
               └ <django.core.handlers.wsgi.WSGIHandler object at 0x7f8729fcec88>
  File "/www/server/python_manager/versions/3.6.8/lib/python3.6/site-packages/django/core/handlers/exception.py", line 34, in inner
    response = get_response(request)
               │            └ <WSGIRequest: GET '/project-21/doc-338/'>
               └ <django.middleware.security.SecurityMiddleware object at 0x7f87287f2198>
  File "/www/server/python_manager/versions/3.6.8/lib/python3.6/site-packages/django/utils/deprecation.py", line 94, in __call__
    response = response or self.get_response(request)
               │           │    │            └ <WSGIRequest: GET '/project-21/doc-338/'>
               │           │    └ <function convert_exception_to_response.<locals>.inner at 0x7f87287c1b70>
               │           └ <django.middleware.security.SecurityMiddleware object at 0x7f87287f2198>
               └ None
  File "/www/server/python_manager/versions/3.6.8/lib/python3.6/site-packages/django/core/handlers/exception.py", line 34, in inner
    response = get_response(request)
               │            └ <WSGIRequest: GET '/project-21/doc-338/'>
               └ <django.contrib.sessions.middleware.SessionMiddleware object at 0x7f87287f2748>
  File "/www/server/python_manager/versions/3.6.8/lib/python3.6/site-packages/django/utils/deprecation.py", line 94, in __call__
    response = response or self.get_response(request)
               │           │    │            └ <WSGIRequest: GET '/project-21/doc-338/'>
               │           │    └ <function convert_exception_to_response.<locals>.inner at 0x7f87287c1ae8>
               │           └ <django.contrib.sessions.middleware.SessionMiddleware object at 0x7f87287f2748>
               └ None
  File "/www/server/python_manager/versions/3.6.8/lib/python3.6/site-packages/django/core/handlers/exception.py", line 34, in inner
    response = get_response(request)
               │            └ <WSGIRequest: GET '/project-21/doc-338/'>
               └ <django.middleware.locale.LocaleMiddleware object at 0x7f87287fc588>
  File "/www/server/python_manager/versions/3.6.8/lib/python3.6/site-packages/django/utils/deprecation.py", line 94, in __call__
    response = response or self.get_response(request)
               │           │    │            └ <WSGIRequest: GET '/project-21/doc-338/'>
               │           │    └ <function convert_exception_to_response.<locals>.inner at 0x7f87287c1a60>
               │           └ <django.middleware.locale.LocaleMiddleware object at 0x7f87287fc588>
               └ None
  File "/www/server/python_manager/versions/3.6.8/lib/python3.6/site-packages/django/core/handlers/exception.py", line 34, in inner
    response = get_response(request)
               │            └ <WSGIRequest: GET '/project-21/doc-338/'>
               └ <django.middleware.common.CommonMiddleware object at 0x7f87287fc0f0>
  File "/www/server/python_manager/versions/3.6.8/lib/python3.6/site-packages/django/utils/deprecation.py", line 94, in __call__
    response = response or self.get_response(request)
               │           │    │            └ <WSGIRequest: GET '/project-21/doc-338/'>
               │           │    └ <function convert_exception_to_response.<locals>.inner at 0x7f87287c19d8>
               │           └ <django.middleware.common.CommonMiddleware object at 0x7f87287fc0f0>
               └ None
  File "/www/server/python_manager/versions/3.6.8/lib/python3.6/site-packages/django/core/handlers/exception.py", line 34, in inner
    response = get_response(request)
               │            └ <WSGIRequest: GET '/project-21/doc-338/'>
               └ <django.middleware.csrf.CsrfViewMiddleware object at 0x7f8729fe60b8>
  File "/www/server/python_manager/versions/3.6.8/lib/python3.6/site-packages/django/utils/deprecation.py", line 94, in __call__
    response = response or self.get_response(request)
               │           │    │            └ <WSGIRequest: GET '/project-21/doc-338/'>
               │           │    └ <function convert_exception_to_response.<locals>.inner at 0x7f87287c1950>
               │           └ <django.middleware.csrf.CsrfViewMiddleware object at 0x7f8729fe60b8>
               └ None
  File "/www/server/python_manager/versions/3.6.8/lib/python3.6/site-packages/django/core/handlers/exception.py", line 34, in inner
    response = get_response(request)
               │            └ <WSGIRequest: GET '/project-21/doc-338/'>
               └ <django.contrib.auth.middleware.AuthenticationMiddleware object at 0x7f87293a22b0>
  File "/www/server/python_manager/versions/3.6.8/lib/python3.6/site-packages/django/utils/deprecation.py", line 94, in __call__
    response = response or self.get_response(request)
               │           │    │            └ <WSGIRequest: GET '/project-21/doc-338/'>
               │           │    └ <function convert_exception_to_response.<locals>.inner at 0x7f87287c18c8>
               │           └ <django.contrib.auth.middleware.AuthenticationMiddleware object at 0x7f87293a22b0>
               └ None
  File "/www/server/python_manager/versions/3.6.8/lib/python3.6/site-packages/django/core/handlers/exception.py", line 34, in inner
    response = get_response(request)
               │            └ <WSGIRequest: GET '/project-21/doc-338/'>
               └ <django.contrib.messages.middleware.MessageMiddleware object at 0x7f87293a2400>
  File "/www/server/python_manager/versions/3.6.8/lib/python3.6/site-packages/django/utils/deprecation.py", line 94, in __call__
    response = response or self.get_response(request)
               │           │    │            └ <WSGIRequest: GET '/project-21/doc-338/'>
               │           │    └ <function convert_exception_to_response.<locals>.inner at 0x7f87287c1840>
               │           └ <django.contrib.messages.middleware.MessageMiddleware object at 0x7f87293a2400>
               └ None
  File "/www/server/python_manager/versions/3.6.8/lib/python3.6/site-packages/django/core/handlers/exception.py", line 34, in inner
    response = get_response(request)
               │            └ <WSGIRequest: GET '/project-21/doc-338/'>
               └ <django.middleware.clickjacking.XFrameOptionsMiddleware object at 0x7f87293a2358>
  File "/www/server/python_manager/versions/3.6.8/lib/python3.6/site-packages/django/utils/deprecation.py", line 94, in __call__
    response = response or self.get_response(request)
               │           │    │            └ <WSGIRequest: GET '/project-21/doc-338/'>
               │           │    └ <function convert_exception_to_response.<locals>.inner at 0x7f87287c17b8>
               │           └ <django.middleware.clickjacking.XFrameOptionsMiddleware object at 0x7f87293a2358>
               └ None
  File "/www/server/python_manager/versions/3.6.8/lib/python3.6/site-packages/django/core/handlers/exception.py", line 34, in inner
    response = get_response(request)
               │            └ <WSGIRequest: GET '/project-21/doc-338/'>
               └ <app_admin.middleware.require_login_middleware.RequiredLoginMiddleware object at 0x7f8729643160>

  File "/usr/local/projects/MrDoc/app_admin/middleware/require_login_middleware.py", line 35, in __call__
    response = self.get_response(request)
               │    │            └ <WSGIRequest: GET '/project-21/doc-338/'>
               │    └ <function BaseHandler._get_response at 0x7f87289f7a60>
               └ <app_admin.middleware.require_login_middleware.RequiredLoginMiddleware object at 0x7f8729643160>

  File "/www/server/python_manager/versions/3.6.8/lib/python3.6/site-packages/django/core/handlers/exception.py", line 34, in inner
    response = get_response(request)
               │            └ <WSGIRequest: GET '/project-21/doc-338/'>
               └ <bound method BaseHandler._get_response of <django.core.handlers.wsgi.WSGIHandler object at 0x7f8729fcec88>>
  File "/www/server/python_manager/versions/3.6.8/lib/python3.6/site-packages/django/core/handlers/base.py", line 113, in _get_response
    response = wrapped_callback(request, *callback_args, **callback_kwargs)
               │                │         │                └ {'pro_id': 21, 'doc_id': 338}
               │                │         └ ()
               │                └ <WSGIRequest: GET '/project-21/doc-338/'>
               └ <function doc at 0x7f87292ca8c8>
  File "/www/server/python_manager/versions/3.6.8/lib/python3.6/site-packages/django/views/decorators/http.py", line 40, in inner
    return func(request, *args, **kwargs)
           │    │         │       └ {'pro_id': 21, 'doc_id': 338}
           │    │         └ ()
           │    └ <WSGIRequest: GET '/project-21/doc-338/'>
           └ <function doc at 0x7f87292ca840>

> File "/usr/local/projects/MrDoc/app_doc/views.py", line 1000, in doc
    doc = Doc.objects.get(id=int(doc_id),status__in=[0,1]) # 文档信息
          │   │                  └ 338
          │   └ <django.db.models.manager.ManagerDescriptor object at 0x7f872b5fc1d0>
          └ <class 'app_doc.models.Doc'>

  File "/www/server/python_manager/versions/3.6.8/lib/python3.6/site-packages/django/db/models/manager.py", line 82, in manager_method
    return getattr(self.get_queryset(), name)(*args, **kwargs)
                   │    │               │      │       └ {'id': 338, 'status__in': [0, 1]}
                   │    │               │      └ ()
                   │    │               └ 'get'
                   │    └ <function BaseManager.get_queryset at 0x7f872c5c1ae8>
                   └ <django.db.models.manager.Manager object at 0x7f8728875978>
  File "/www/server/python_manager/versions/3.6.8/lib/python3.6/site-packages/django/db/models/query.py", line 408, in get
    self.model._meta.object_name
    │    │     │     └ 'Doc'
    │    │     └ <Options for Doc>
    │    └ <class 'app_doc.models.Doc'>
    └ <QuerySet [<Doc: About>, <Doc: 1、算法框架>, <Doc: 1、TDH>, <Doc: 1.1 常用方法>, <Doc: 2、Shell>, <Doc: 2.1 常用命令>, <Doc: 2.2 示例脚本>, <Doc...

app_doc.models.Doc.DoesNotExist: Doc matching query does not exist.
2022-04-24 00:56:17.734 | ERROR    | app_doc.views:doc:1073 - 文集浏览出错
Traceback (most recent call last):
  File "/www/server/python_manager/versions/3.6.8/lib/python3.6/threading.py", line 884, in _bootstrap
    self._bootstrap_inner()
    │    └ <function Thread._bootstrap_inner at 0x7f8731686510>
    └ <Thread(Thread-2539, started daemon 140217276995328)>
  File "/www/server/python_manager/versions/3.6.8/lib/python3.6/threading.py", line 916, in _bootstrap_inner
    self.run()
    │    └ <function Thread.run at 0x7f87316862f0>
    └ <Thread(Thread-2539, started daemon 140217276995328)>
  File "/www/server/python_manager/versions/3.6.8/lib/python3.6/threading.py", line 864, in run
    self._target(*self._args, **self._kwargs)
    │    │        │    │        │    └ {}
    │    │        │    │        └ <Thread(Thread-2539, started daemon 140217276995328)>
    │    │        │    └ (<socket.socket fd=76, family=AddressFamily.AF_INET, type=SocketKind.SOCK_STREAM, proto=0, laddr=('127.0.0.1', 9200), raddr=(...
    │    │        └ <Thread(Thread-2539, started daemon 140217276995328)>
    │    └ <bound method ThreadingMixIn.process_request_thread of <django.core.servers.basehttp.WSGIServer object at 0x7f872cc5c0b8>>
    └ <Thread(Thread-2539, started daemon 140217276995328)>
  File "/www/server/python_manager/versions/3.6.8/lib/python3.6/socketserver.py", line 654, in process_request_thread
    self.finish_request(request, client_address)
    │    │              │        └ ('127.0.0.1', 54324)
    │    │              └ <socket.socket fd=76, family=AddressFamily.AF_INET, type=SocketKind.SOCK_STREAM, proto=0, laddr=('127.0.0.1', 9200), raddr=('...
    │    └ <function BaseServer.finish_request at 0x7f872c4f5bf8>
    └ <django.core.servers.basehttp.WSGIServer object at 0x7f872cc5c0b8>
  File "/www/server/python_manager/versions/3.6.8/lib/python3.6/socketserver.py", line 364, in finish_request
    self.RequestHandlerClass(request, client_address, self)
    │    │                   │        │               └ <django.core.servers.basehttp.WSGIServer object at 0x7f872cc5c0b8>
    │    │                   │        └ ('127.0.0.1', 54324)
    │    │                   └ <socket.socket fd=76, family=AddressFamily.AF_INET, type=SocketKind.SOCK_STREAM, proto=0, laddr=('127.0.0.1', 9200), raddr=('...
    │    └ <class 'django.core.servers.basehttp.WSGIRequestHandler'>
    └ <django.core.servers.basehttp.WSGIServer object at 0x7f872cc5c0b8>
  File "/www/server/python_manager/versions/3.6.8/lib/python3.6/socketserver.py", line 724, in __init__
    self.handle()
    │    └ <function WSGIRequestHandler.handle at 0x7f872b4f2bf8>
    └ <django.core.servers.basehttp.WSGIRequestHandler object at 0x7f8721f5dc88>
  File "/www/server/python_manager/versions/3.6.8/lib/python3.6/site-packages/django/core/servers/basehttp.py", line 169, in handle
    self.handle_one_request()
    │    └ <function WSGIRequestHandler.handle_one_request at 0x7f872b4f2c80>
    └ <django.core.servers.basehttp.WSGIRequestHandler object at 0x7f8721f5dc88>
  File "/www/server/python_manager/versions/3.6.8/lib/python3.6/site-packages/django/core/servers/basehttp.py", line 194, in handle_one_request
    handler.run(self.server.get_app())
    │       │   │    │      └ <function WSGIServer.get_app at 0x7f872b4f2268>
    │       │   │    └ <django.core.servers.basehttp.WSGIServer object at 0x7f872cc5c0b8>
    │       │   └ <django.core.servers.basehttp.WSGIRequestHandler object at 0x7f8721f5dc88>
    │       └ <function BaseHandler.run at 0x7f872b4e6f28>
    └ <django.core.servers.basehttp.ServerHandler object at 0x7f8721f5d470>
  File "/www/server/python_manager/versions/3.6.8/lib/python3.6/wsgiref/handlers.py", line 137, in run
    self.result = application(self.environ, self.start_response)
    │    │        │           │    │        │    └ <function BaseHandler.start_response at 0x7f872b4ef2f0>
    │    │        │           │    │        └ <django.core.servers.basehttp.ServerHandler object at 0x7f8721f5d470>
    │    │        │           │    └ {'LC_ALL': 'en_US.UTF-8', 'LS_COLORS': 'rs=0:di=38;5;33:ln=38;5;51:mh=00:pi=40;38;5;11:so=38;5;13:do=38;5;5:bd=48;5;232;38;5;...
    │    │        │           └ <django.core.servers.basehttp.ServerHandler object at 0x7f8721f5d470>
    │    │        └ <django.core.handlers.wsgi.WSGIHandler object at 0x7f8729fcec88>
    │    └ None
    └ <django.core.servers.basehttp.ServerHandler object at 0x7f8721f5d470>
  File "/www/server/python_manager/versions/3.6.8/lib/python3.6/site-packages/django/core/handlers/wsgi.py", line 141, in __call__
    response = self.get_response(request)
               │    │            └ <WSGIRequest: GET '/project-21/doc-323/'>
               │    └ <function BaseHandler.get_response at 0x7f872b536488>
               └ <django.core.handlers.wsgi.WSGIHandler object at 0x7f8729fcec88>
  File "/www/server/python_manager/versions/3.6.8/lib/python3.6/site-packages/django/core/handlers/base.py", line 75, in get_response
    response = self._middleware_chain(request)
               │    │                 └ <WSGIRequest: GET '/project-21/doc-323/'>
               │    └ <function convert_exception_to_response.<locals>.inner at 0x7f87287c1bf8>
               └ <django.core.handlers.wsgi.WSGIHandler object at 0x7f8729fcec88>
  File "/www/server/python_manager/versions/3.6.8/lib/python3.6/site-packages/django/core/handlers/exception.py", line 34, in inner
    response = get_response(request)
               │            └ <WSGIRequest: GET '/project-21/doc-323/'>
               └ <django.middleware.security.SecurityMiddleware object at 0x7f87287f2198>
  File "/www/server/python_manager/versions/3.6.8/lib/python3.6/site-packages/django/utils/deprecation.py", line 94, in __call__
    response = response or self.get_response(request)
               │           │    │            └ <WSGIRequest: GET '/project-21/doc-323/'>
               │           │    └ <function convert_exception_to_response.<locals>.inner at 0x7f87287c1b70>
               │           └ <django.middleware.security.SecurityMiddleware object at 0x7f87287f2198>
               └ None
  File "/www/server/python_manager/versions/3.6.8/lib/python3.6/site-packages/django/core/handlers/exception.py", line 34, in inner
    response = get_response(request)
               │            └ <WSGIRequest: GET '/project-21/doc-323/'>
               └ <django.contrib.sessions.middleware.SessionMiddleware object at 0x7f87287f2748>
  File "/www/server/python_manager/versions/3.6.8/lib/python3.6/site-packages/django/utils/deprecation.py", line 94, in __call__
    response = response or self.get_response(request)
               │           │    │            └ <WSGIRequest: GET '/project-21/doc-323/'>
               │           │    └ <function convert_exception_to_response.<locals>.inner at 0x7f87287c1ae8>
               │           └ <django.contrib.sessions.middleware.SessionMiddleware object at 0x7f87287f2748>
               └ None
  File "/www/server/python_manager/versions/3.6.8/lib/python3.6/site-packages/django/core/handlers/exception.py", line 34, in inner
    response = get_response(request)
               │            └ <WSGIRequest: GET '/project-21/doc-323/'>
               └ <django.middleware.locale.LocaleMiddleware object at 0x7f87287fc588>
  File "/www/server/python_manager/versions/3.6.8/lib/python3.6/site-packages/django/utils/deprecation.py", line 94, in __call__
    response = response or self.get_response(request)
               │           │    │            └ <WSGIRequest: GET '/project-21/doc-323/'>
               │           │    └ <function convert_exception_to_response.<locals>.inner at 0x7f87287c1a60>
               │           └ <django.middleware.locale.LocaleMiddleware object at 0x7f87287fc588>
               └ None
  File "/www/server/python_manager/versions/3.6.8/lib/python3.6/site-packages/django/core/handlers/exception.py", line 34, in inner
    response = get_response(request)
               │            └ <WSGIRequest: GET '/project-21/doc-323/'>
               └ <django.middleware.common.CommonMiddleware object at 0x7f87287fc0f0>
  File "/www/server/python_manager/versions/3.6.8/lib/python3.6/site-packages/django/utils/deprecation.py", line 94, in __call__
    response = response or self.get_response(request)
               │           │    │            └ <WSGIRequest: GET '/project-21/doc-323/'>
               │           │    └ <function convert_exception_to_response.<locals>.inner at 0x7f87287c19d8>
               │           └ <django.middleware.common.CommonMiddleware object at 0x7f87287fc0f0>
               └ None
  File "/www/server/python_manager/versions/3.6.8/lib/python3.6/site-packages/django/core/handlers/exception.py", line 34, in inner
    response = get_response(request)
               │            └ <WSGIRequest: GET '/project-21/doc-323/'>
               └ <django.middleware.csrf.CsrfViewMiddleware object at 0x7f8729fe60b8>
  File "/www/server/python_manager/versions/3.6.8/lib/python3.6/site-packages/django/utils/deprecation.py", line 94, in __call__
    response = response or self.get_response(request)
               │           │    │            └ <WSGIRequest: GET '/project-21/doc-323/'>
               │           │    └ <function convert_exception_to_response.<locals>.inner at 0x7f87287c1950>
               │           └ <django.middleware.csrf.CsrfViewMiddleware object at 0x7f8729fe60b8>
               └ None
  File "/www/server/python_manager/versions/3.6.8/lib/python3.6/site-packages/django/core/handlers/exception.py", line 34, in inner
    response = get_response(request)
               │            └ <WSGIRequest: GET '/project-21/doc-323/'>
               └ <django.contrib.auth.middleware.AuthenticationMiddleware object at 0x7f87293a22b0>
  File "/www/server/python_manager/versions/3.6.8/lib/python3.6/site-packages/django/utils/deprecation.py", line 94, in __call__
    response = response or self.get_response(request)
               │           │    │            └ <WSGIRequest: GET '/project-21/doc-323/'>
               │           │    └ <function convert_exception_to_response.<locals>.inner at 0x7f87287c18c8>
               │           └ <django.contrib.auth.middleware.AuthenticationMiddleware object at 0x7f87293a22b0>
               └ None
  File "/www/server/python_manager/versions/3.6.8/lib/python3.6/site-packages/django/core/handlers/exception.py", line 34, in inner
    response = get_response(request)
               │            └ <WSGIRequest: GET '/project-21/doc-323/'>
               └ <django.contrib.messages.middleware.MessageMiddleware object at 0x7f87293a2400>
  File "/www/server/python_manager/versions/3.6.8/lib/python3.6/site-packages/django/utils/deprecation.py", line 94, in __call__
    response = response or self.get_response(request)
               │           │    │            └ <WSGIRequest: GET '/project-21/doc-323/'>
               │           │    └ <function convert_exception_to_response.<locals>.inner at 0x7f87287c1840>
               │           └ <django.contrib.messages.middleware.MessageMiddleware object at 0x7f87293a2400>
               └ None
  File "/www/server/python_manager/versions/3.6.8/lib/python3.6/site-packages/django/core/handlers/exception.py", line 34, in inner
    response = get_response(request)
               │            └ <WSGIRequest: GET '/project-21/doc-323/'>
               └ <django.middleware.clickjacking.XFrameOptionsMiddleware object at 0x7f87293a2358>
  File "/www/server/python_manager/versions/3.6.8/lib/python3.6/site-packages/django/utils/deprecation.py", line 94, in __call__
    response = response or self.get_response(request)
               │           │    │            └ <WSGIRequest: GET '/project-21/doc-323/'>
               │           │    └ <function convert_exception_to_response.<locals>.inner at 0x7f87287c17b8>
               │           └ <django.middleware.clickjacking.XFrameOptionsMiddleware object at 0x7f87293a2358>
               └ None
  File "/www/server/python_manager/versions/3.6.8/lib/python3.6/site-packages/django/core/handlers/exception.py", line 34, in inner
    response = get_response(request)
               │            └ <WSGIRequest: GET '/project-21/doc-323/'>
               └ <app_admin.middleware.require_login_middleware.RequiredLoginMiddleware object at 0x7f8729643160>

  File "/usr/local/projects/MrDoc/app_admin/middleware/require_login_middleware.py", line 35, in __call__
    response = self.get_response(request)
               │    │            └ <WSGIRequest: GET '/project-21/doc-323/'>
               │    └ <function BaseHandler._get_response at 0x7f87289f7a60>
               └ <app_admin.middleware.require_login_middleware.RequiredLoginMiddleware object at 0x7f8729643160>

  File "/www/server/python_manager/versions/3.6.8/lib/python3.6/site-packages/django/core/handlers/exception.py", line 34, in inner
    response = get_response(request)
               │            └ <WSGIRequest: GET '/project-21/doc-323/'>
               └ <bound method BaseHandler._get_response of <django.core.handlers.wsgi.WSGIHandler object at 0x7f8729fcec88>>
  File "/www/server/python_manager/versions/3.6.8/lib/python3.6/site-packages/django/core/handlers/base.py", line 113, in _get_response
    response = wrapped_callback(request, *callback_args, **callback_kwargs)
               │                │         │                └ {'pro_id': 21, 'doc_id': 323}
               │                │         └ ()
               │                └ <WSGIRequest: GET '/project-21/doc-323/'>
               └ <function doc at 0x7f87292ca8c8>
  File "/www/server/python_manager/versions/3.6.8/lib/python3.6/site-packages/django/views/decorators/http.py", line 40, in inner
    return func(request, *args, **kwargs)
           │    │         │       └ {'pro_id': 21, 'doc_id': 323}
           │    │         └ ()
           │    └ <WSGIRequest: GET '/project-21/doc-323/'>
           └ <function doc at 0x7f87292ca840>

> File "/usr/local/projects/MrDoc/app_doc/views.py", line 1000, in doc
    doc = Doc.objects.get(id=int(doc_id),status__in=[0,1]) # 文档信息
          │   │                  └ 323
          │   └ <django.db.models.manager.ManagerDescriptor object at 0x7f872b5fc1d0>
          └ <class 'app_doc.models.Doc'>

  File "/www/server/python_manager/versions/3.6.8/lib/python3.6/site-packages/django/db/models/manager.py", line 82, in manager_method
    return getattr(self.get_queryset(), name)(*args, **kwargs)
                   │    │               │      │       └ {'id': 323, 'status__in': [0, 1]}
                   │    │               │      └ ()
                   │    │               └ 'get'
                   │    └ <function BaseManager.get_queryset at 0x7f872c5c1ae8>
                   └ <django.db.models.manager.Manager object at 0x7f8728875978>
  File "/www/server/python_manager/versions/3.6.8/lib/python3.6/site-packages/django/db/models/query.py", line 408, in get
    self.model._meta.object_name
    │    │     │     └ 'Doc'
    │    │     └ <Options for Doc>
    │    └ <class 'app_doc.models.Doc'>
    └ <QuerySet [<Doc: About>, <Doc: 1、算法框架>, <Doc: 1、TDH>, <Doc: 1.1 常用方法>, <Doc: 2、Shell>, <Doc: 2.1 常用命令>, <Doc: 2.2 示例脚本>, <Doc...

app_doc.models.Doc.DoesNotExist: Doc matching query does not exist.
2022-04-24 02:17:36.145 | ERROR    | app_doc.views:doc:1073 - Collection browsing error
Traceback (most recent call last):
  File "/www/server/python_manager/versions/3.6.8/lib/python3.6/threading.py", line 884, in _bootstrap
    self._bootstrap_inner()
    │    └ <function Thread._bootstrap_inner at 0x7f8731686510>
    └ <Thread(Thread-2554, started daemon 140217276995328)>
  File "/www/server/python_manager/versions/3.6.8/lib/python3.6/threading.py", line 916, in _bootstrap_inner
    self.run()
    │    └ <function Thread.run at 0x7f87316862f0>
    └ <Thread(Thread-2554, started daemon 140217276995328)>
  File "/www/server/python_manager/versions/3.6.8/lib/python3.6/threading.py", line 864, in run
    self._target(*self._args, **self._kwargs)
    │    │        │    │        │    └ {}
    │    │        │    │        └ <Thread(Thread-2554, started daemon 140217276995328)>
    │    │        │    └ (<socket.socket fd=76, family=AddressFamily.AF_INET, type=SocketKind.SOCK_STREAM, proto=0, laddr=('127.0.0.1', 9200), raddr=(...
    │    │        └ <Thread(Thread-2554, started daemon 140217276995328)>
    │    └ <bound method ThreadingMixIn.process_request_thread of <django.core.servers.basehttp.WSGIServer object at 0x7f872cc5c0b8>>
    └ <Thread(Thread-2554, started daemon 140217276995328)>
  File "/www/server/python_manager/versions/3.6.8/lib/python3.6/socketserver.py", line 654, in process_request_thread
    self.finish_request(request, client_address)
    │    │              │        └ ('127.0.0.1', 54382)
    │    │              └ <socket.socket fd=76, family=AddressFamily.AF_INET, type=SocketKind.SOCK_STREAM, proto=0, laddr=('127.0.0.1', 9200), raddr=('...
    │    └ <function BaseServer.finish_request at 0x7f872c4f5bf8>
    └ <django.core.servers.basehttp.WSGIServer object at 0x7f872cc5c0b8>
  File "/www/server/python_manager/versions/3.6.8/lib/python3.6/socketserver.py", line 364, in finish_request
    self.RequestHandlerClass(request, client_address, self)
    │    │                   │        │               └ <django.core.servers.basehttp.WSGIServer object at 0x7f872cc5c0b8>
    │    │                   │        └ ('127.0.0.1', 54382)
    │    │                   └ <socket.socket fd=76, family=AddressFamily.AF_INET, type=SocketKind.SOCK_STREAM, proto=0, laddr=('127.0.0.1', 9200), raddr=('...
    │    └ <class 'django.core.servers.basehttp.WSGIRequestHandler'>
    └ <django.core.servers.basehttp.WSGIServer object at 0x7f872cc5c0b8>
  File "/www/server/python_manager/versions/3.6.8/lib/python3.6/socketserver.py", line 724, in __init__
    self.handle()
    │    └ <function WSGIRequestHandler.handle at 0x7f872b4f2bf8>
    └ <django.core.servers.basehttp.WSGIRequestHandler object at 0x7f8721e239b0>
  File "/www/server/python_manager/versions/3.6.8/lib/python3.6/site-packages/django/core/servers/basehttp.py", line 169, in handle
    self.handle_one_request()
    │    └ <function WSGIRequestHandler.handle_one_request at 0x7f872b4f2c80>
    └ <django.core.servers.basehttp.WSGIRequestHandler object at 0x7f8721e239b0>
  File "/www/server/python_manager/versions/3.6.8/lib/python3.6/site-packages/django/core/servers/basehttp.py", line 194, in handle_one_request
    handler.run(self.server.get_app())
    │       │   │    │      └ <function WSGIServer.get_app at 0x7f872b4f2268>
    │       │   │    └ <django.core.servers.basehttp.WSGIServer object at 0x7f872cc5c0b8>
    │       │   └ <django.core.servers.basehttp.WSGIRequestHandler object at 0x7f8721e239b0>
    │       └ <function BaseHandler.run at 0x7f872b4e6f28>
    └ <django.core.servers.basehttp.ServerHandler object at 0x7f8721f4e358>
  File "/www/server/python_manager/versions/3.6.8/lib/python3.6/wsgiref/handlers.py", line 137, in run
    self.result = application(self.environ, self.start_response)
    │    │        │           │    │        │    └ <function BaseHandler.start_response at 0x7f872b4ef2f0>
    │    │        │           │    │        └ <django.core.servers.basehttp.ServerHandler object at 0x7f8721f4e358>
    │    │        │           │    └ {'LC_ALL': 'en_US.UTF-8', 'LS_COLORS': 'rs=0:di=38;5;33:ln=38;5;51:mh=00:pi=40;38;5;11:so=38;5;13:do=38;5;5:bd=48;5;232;38;5;...
    │    │        │           └ <django.core.servers.basehttp.ServerHandler object at 0x7f8721f4e358>
    │    │        └ <django.core.handlers.wsgi.WSGIHandler object at 0x7f8729fcec88>
    │    └ None
    └ <django.core.servers.basehttp.ServerHandler object at 0x7f8721f4e358>
  File "/www/server/python_manager/versions/3.6.8/lib/python3.6/site-packages/django/core/handlers/wsgi.py", line 141, in __call__
    response = self.get_response(request)
               │    │            └ <WSGIRequest: GET '/project-21/doc-777/'>
               │    └ <function BaseHandler.get_response at 0x7f872b536488>
               └ <django.core.handlers.wsgi.WSGIHandler object at 0x7f8729fcec88>
  File "/www/server/python_manager/versions/3.6.8/lib/python3.6/site-packages/django/core/handlers/base.py", line 75, in get_response
    response = self._middleware_chain(request)
               │    │                 └ <WSGIRequest: GET '/project-21/doc-777/'>
               │    └ <function convert_exception_to_response.<locals>.inner at 0x7f87287c1bf8>
               └ <django.core.handlers.wsgi.WSGIHandler object at 0x7f8729fcec88>
  File "/www/server/python_manager/versions/3.6.8/lib/python3.6/site-packages/django/core/handlers/exception.py", line 34, in inner
    response = get_response(request)
               │            └ <WSGIRequest: GET '/project-21/doc-777/'>
               └ <django.middleware.security.SecurityMiddleware object at 0x7f87287f2198>
  File "/www/server/python_manager/versions/3.6.8/lib/python3.6/site-packages/django/utils/deprecation.py", line 94, in __call__
    response = response or self.get_response(request)
               │           │    │            └ <WSGIRequest: GET '/project-21/doc-777/'>
               │           │    └ <function convert_exception_to_response.<locals>.inner at 0x7f87287c1b70>
               │           └ <django.middleware.security.SecurityMiddleware object at 0x7f87287f2198>
               └ None
  File "/www/server/python_manager/versions/3.6.8/lib/python3.6/site-packages/django/core/handlers/exception.py", line 34, in inner
    response = get_response(request)
               │            └ <WSGIRequest: GET '/project-21/doc-777/'>
               └ <django.contrib.sessions.middleware.SessionMiddleware object at 0x7f87287f2748>
  File "/www/server/python_manager/versions/3.6.8/lib/python3.6/site-packages/django/utils/deprecation.py", line 94, in __call__
    response = response or self.get_response(request)
               │           │    │            └ <WSGIRequest: GET '/project-21/doc-777/'>
               │           │    └ <function convert_exception_to_response.<locals>.inner at 0x7f87287c1ae8>
               │           └ <django.contrib.sessions.middleware.SessionMiddleware object at 0x7f87287f2748>
               └ None
  File "/www/server/python_manager/versions/3.6.8/lib/python3.6/site-packages/django/core/handlers/exception.py", line 34, in inner
    response = get_response(request)
               │            └ <WSGIRequest: GET '/project-21/doc-777/'>
               └ <django.middleware.locale.LocaleMiddleware object at 0x7f87287fc588>
  File "/www/server/python_manager/versions/3.6.8/lib/python3.6/site-packages/django/utils/deprecation.py", line 94, in __call__
    response = response or self.get_response(request)
               │           │    │            └ <WSGIRequest: GET '/project-21/doc-777/'>
               │           │    └ <function convert_exception_to_response.<locals>.inner at 0x7f87287c1a60>
               │           └ <django.middleware.locale.LocaleMiddleware object at 0x7f87287fc588>
               └ None
  File "/www/server/python_manager/versions/3.6.8/lib/python3.6/site-packages/django/core/handlers/exception.py", line 34, in inner
    response = get_response(request)
               │            └ <WSGIRequest: GET '/project-21/doc-777/'>
               └ <django.middleware.common.CommonMiddleware object at 0x7f87287fc0f0>
  File "/www/server/python_manager/versions/3.6.8/lib/python3.6/site-packages/django/utils/deprecation.py", line 94, in __call__
    response = response or self.get_response(request)
               │           │    │            └ <WSGIRequest: GET '/project-21/doc-777/'>
               │           │    └ <function convert_exception_to_response.<locals>.inner at 0x7f87287c19d8>
               │           └ <django.middleware.common.CommonMiddleware object at 0x7f87287fc0f0>
               └ None
  File "/www/server/python_manager/versions/3.6.8/lib/python3.6/site-packages/django/core/handlers/exception.py", line 34, in inner
    response = get_response(request)
               │            └ <WSGIRequest: GET '/project-21/doc-777/'>
               └ <django.middleware.csrf.CsrfViewMiddleware object at 0x7f8729fe60b8>
  File "/www/server/python_manager/versions/3.6.8/lib/python3.6/site-packages/django/utils/deprecation.py", line 94, in __call__
    response = response or self.get_response(request)
               │           │    │            └ <WSGIRequest: GET '/project-21/doc-777/'>
               │           │    └ <function convert_exception_to_response.<locals>.inner at 0x7f87287c1950>
               │           └ <django.middleware.csrf.CsrfViewMiddleware object at 0x7f8729fe60b8>
               └ None
  File "/www/server/python_manager/versions/3.6.8/lib/python3.6/site-packages/django/core/handlers/exception.py", line 34, in inner
    response = get_response(request)
               │            └ <WSGIRequest: GET '/project-21/doc-777/'>
               └ <django.contrib.auth.middleware.AuthenticationMiddleware object at 0x7f87293a22b0>
  File "/www/server/python_manager/versions/3.6.8/lib/python3.6/site-packages/django/utils/deprecation.py", line 94, in __call__
    response = response or self.get_response(request)
               │           │    │            └ <WSGIRequest: GET '/project-21/doc-777/'>
               │           │    └ <function convert_exception_to_response.<locals>.inner at 0x7f87287c18c8>
               │           └ <django.contrib.auth.middleware.AuthenticationMiddleware object at 0x7f87293a22b0>
               └ None
  File "/www/server/python_manager/versions/3.6.8/lib/python3.6/site-packages/django/core/handlers/exception.py", line 34, in inner
    response = get_response(request)
               │            └ <WSGIRequest: GET '/project-21/doc-777/'>
               └ <django.contrib.messages.middleware.MessageMiddleware object at 0x7f87293a2400>
  File "/www/server/python_manager/versions/3.6.8/lib/python3.6/site-packages/django/utils/deprecation.py", line 94, in __call__
    response = response or self.get_response(request)
               │           │    │            └ <WSGIRequest: GET '/project-21/doc-777/'>
               │           │    └ <function convert_exception_to_response.<locals>.inner at 0x7f87287c1840>
               │           └ <django.contrib.messages.middleware.MessageMiddleware object at 0x7f87293a2400>
               └ None
  File "/www/server/python_manager/versions/3.6.8/lib/python3.6/site-packages/django/core/handlers/exception.py", line 34, in inner
    response = get_response(request)
               │            └ <WSGIRequest: GET '/project-21/doc-777/'>
               └ <django.middleware.clickjacking.XFrameOptionsMiddleware object at 0x7f87293a2358>
  File "/www/server/python_manager/versions/3.6.8/lib/python3.6/site-packages/django/utils/deprecation.py", line 94, in __call__
    response = response or self.get_response(request)
               │           │    │            └ <WSGIRequest: GET '/project-21/doc-777/'>
               │           │    └ <function convert_exception_to_response.<locals>.inner at 0x7f87287c17b8>
               │           └ <django.middleware.clickjacking.XFrameOptionsMiddleware object at 0x7f87293a2358>
               └ None
  File "/www/server/python_manager/versions/3.6.8/lib/python3.6/site-packages/django/core/handlers/exception.py", line 34, in inner
    response = get_response(request)
               │            └ <WSGIRequest: GET '/project-21/doc-777/'>
               └ <app_admin.middleware.require_login_middleware.RequiredLoginMiddleware object at 0x7f8729643160>

  File "/usr/local/projects/MrDoc/app_admin/middleware/require_login_middleware.py", line 35, in __call__
    response = self.get_response(request)
               │    │            └ <WSGIRequest: GET '/project-21/doc-777/'>
               │    └ <function BaseHandler._get_response at 0x7f87289f7a60>
               └ <app_admin.middleware.require_login_middleware.RequiredLoginMiddleware object at 0x7f8729643160>

  File "/www/server/python_manager/versions/3.6.8/lib/python3.6/site-packages/django/core/handlers/exception.py", line 34, in inner
    response = get_response(request)
               │            └ <WSGIRequest: GET '/project-21/doc-777/'>
               └ <bound method BaseHandler._get_response of <django.core.handlers.wsgi.WSGIHandler object at 0x7f8729fcec88>>
  File "/www/server/python_manager/versions/3.6.8/lib/python3.6/site-packages/django/core/handlers/base.py", line 113, in _get_response
    response = wrapped_callback(request, *callback_args, **callback_kwargs)
               │                │         │                └ {'pro_id': 21, 'doc_id': 777}
               │                │         └ ()
               │                └ <WSGIRequest: GET '/project-21/doc-777/'>
               └ <function doc at 0x7f87292ca8c8>
  File "/www/server/python_manager/versions/3.6.8/lib/python3.6/site-packages/django/views/decorators/http.py", line 40, in inner
    return func(request, *args, **kwargs)
           │    │         │       └ {'pro_id': 21, 'doc_id': 777}
           │    │         └ ()
           │    └ <WSGIRequest: GET '/project-21/doc-777/'>
           └ <function doc at 0x7f87292ca840>

> File "/usr/local/projects/MrDoc/app_doc/views.py", line 1000, in doc
    doc = Doc.objects.get(id=int(doc_id),status__in=[0,1]) # 文档信息
          │   │                  └ 777
          │   └ <django.db.models.manager.ManagerDescriptor object at 0x7f872b5fc1d0>
          └ <class 'app_doc.models.Doc'>

  File "/www/server/python_manager/versions/3.6.8/lib/python3.6/site-packages/django/db/models/manager.py", line 82, in manager_method
    return getattr(self.get_queryset(), name)(*args, **kwargs)
                   │    │               │      │       └ {'id': 777, 'status__in': [0, 1]}
                   │    │               │      └ ()
                   │    │               └ 'get'
                   │    └ <function BaseManager.get_queryset at 0x7f872c5c1ae8>
                   └ <django.db.models.manager.Manager object at 0x7f8728875978>
  File "/www/server/python_manager/versions/3.6.8/lib/python3.6/site-packages/django/db/models/query.py", line 408, in get
    self.model._meta.object_name
    │    │     │     └ 'Doc'
    │    │     └ <Options for Doc>
    │    └ <class 'app_doc.models.Doc'>
    └ <QuerySet [<Doc: About>, <Doc: 1、算法框架>, <Doc: 1、TDH>, <Doc: 1.1 常用方法>, <Doc: 2、Shell>, <Doc: 2.1 常用命令>, <Doc: 2.2 示例脚本>, <Doc...

app_doc.models.Doc.DoesNotExist: Doc matching query does not exist.
2022-04-24 14:21:41.249 | ERROR    | app_doc.views:doc:1073 - 文集浏览出错
Traceback (most recent call last):
  File "/www/server/python_manager/versions/3.6.8/lib/python3.6/threading.py", line 884, in _bootstrap
    self._bootstrap_inner()
    │    └ <function Thread._bootstrap_inner at 0x7f917e3ca510>
    └ <Thread(Thread-315, started daemon 140260729542400)>
  File "/www/server/python_manager/versions/3.6.8/lib/python3.6/threading.py", line 916, in _bootstrap_inner
    self.run()
    │    └ <function Thread.run at 0x7f917e3ca2f0>
    └ <Thread(Thread-315, started daemon 140260729542400)>
  File "/www/server/python_manager/versions/3.6.8/lib/python3.6/threading.py", line 864, in run
    self._target(*self._args, **self._kwargs)
    │    │        │    │        │    └ {}
    │    │        │    │        └ <Thread(Thread-315, started daemon 140260729542400)>
    │    │        │    └ (<socket.socket fd=155, family=AddressFamily.AF_INET, type=SocketKind.SOCK_STREAM, proto=0, laddr=('127.0.0.1', 9200), raddr=...
    │    │        └ <Thread(Thread-315, started daemon 140260729542400)>
    │    └ <bound method ThreadingMixIn.process_request_thread of <django.core.servers.basehttp.WSGIServer object at 0x7f91799a2048>>
    └ <Thread(Thread-315, started daemon 140260729542400)>
  File "/www/server/python_manager/versions/3.6.8/lib/python3.6/socketserver.py", line 654, in process_request_thread
    self.finish_request(request, client_address)
    │    │              │        └ ('127.0.0.1', 55044)
    │    │              └ <socket.socket fd=155, family=AddressFamily.AF_INET, type=SocketKind.SOCK_STREAM, proto=0, laddr=('127.0.0.1', 9200), raddr=(...
    │    └ <function BaseServer.finish_request at 0x7f9179239bf8>
    └ <django.core.servers.basehttp.WSGIServer object at 0x7f91799a2048>
  File "/www/server/python_manager/versions/3.6.8/lib/python3.6/socketserver.py", line 364, in finish_request
    self.RequestHandlerClass(request, client_address, self)
    │    │                   │        │               └ <django.core.servers.basehttp.WSGIServer object at 0x7f91799a2048>
    │    │                   │        └ ('127.0.0.1', 55044)
    │    │                   └ <socket.socket fd=155, family=AddressFamily.AF_INET, type=SocketKind.SOCK_STREAM, proto=0, laddr=('127.0.0.1', 9200), raddr=(...
    │    └ <class 'django.core.servers.basehttp.WSGIRequestHandler'>
    └ <django.core.servers.basehttp.WSGIServer object at 0x7f91799a2048>
  File "/www/server/python_manager/versions/3.6.8/lib/python3.6/socketserver.py", line 724, in __init__
    self.handle()
    │    └ <function WSGIRequestHandler.handle at 0x7f9178236bf8>
    └ <django.core.servers.basehttp.WSGIRequestHandler object at 0x7f916ff271d0>
  File "/www/server/python_manager/versions/3.6.8/lib/python3.6/site-packages/django/core/servers/basehttp.py", line 169, in handle
    self.handle_one_request()
    │    └ <function WSGIRequestHandler.handle_one_request at 0x7f9178236c80>
    └ <django.core.servers.basehttp.WSGIRequestHandler object at 0x7f916ff271d0>
  File "/www/server/python_manager/versions/3.6.8/lib/python3.6/site-packages/django/core/servers/basehttp.py", line 194, in handle_one_request
    handler.run(self.server.get_app())
    │       │   │    │      └ <function WSGIServer.get_app at 0x7f9178236268>
    │       │   │    └ <django.core.servers.basehttp.WSGIServer object at 0x7f91799a2048>
    │       │   └ <django.core.servers.basehttp.WSGIRequestHandler object at 0x7f916ff271d0>
    │       └ <function BaseHandler.run at 0x7f9178229f28>
    └ <django.core.servers.basehttp.ServerHandler object at 0x7f916fe62940>
  File "/www/server/python_manager/versions/3.6.8/lib/python3.6/wsgiref/handlers.py", line 137, in run
    self.result = application(self.environ, self.start_response)
    │    │        │           │    │        │    └ <function BaseHandler.start_response at 0x7f91782322f0>
    │    │        │           │    │        └ <django.core.servers.basehttp.ServerHandler object at 0x7f916fe62940>
    │    │        │           │    └ {'LC_ALL': 'en_US.UTF-8', 'LS_COLORS': 'rs=0:di=38;5;33:ln=38;5;51:mh=00:pi=40;38;5;11:so=38;5;13:do=38;5;5:bd=48;5;232;38;5;...
    │    │        │           └ <django.core.servers.basehttp.ServerHandler object at 0x7f916fe62940>
    │    │        └ <django.core.handlers.wsgi.WSGIHandler object at 0x7f9176155160>
    │    └ None
    └ <django.core.servers.basehttp.ServerHandler object at 0x7f916fe62940>
  File "/www/server/python_manager/versions/3.6.8/lib/python3.6/site-packages/django/core/handlers/wsgi.py", line 141, in __call__
    response = self.get_response(request)
               │    │            └ <WSGIRequest: GET '/project-21/doc-273/'>
               │    └ <function BaseHandler.get_response at 0x7f917827a488>
               └ <django.core.handlers.wsgi.WSGIHandler object at 0x7f9176155160>
  File "/www/server/python_manager/versions/3.6.8/lib/python3.6/site-packages/django/core/handlers/base.py", line 75, in get_response
    response = self._middleware_chain(request)
               │    │                 └ <WSGIRequest: GET '/project-21/doc-273/'>
               │    └ <function convert_exception_to_response.<locals>.inner at 0x7f9175502d08>
               └ <django.core.handlers.wsgi.WSGIHandler object at 0x7f9176155160>
  File "/www/server/python_manager/versions/3.6.8/lib/python3.6/site-packages/django/core/handlers/exception.py", line 34, in inner
    response = get_response(request)
               │            └ <WSGIRequest: GET '/project-21/doc-273/'>
               └ <django.middleware.security.SecurityMiddleware object at 0x7f9175533278>
  File "/www/server/python_manager/versions/3.6.8/lib/python3.6/site-packages/django/utils/deprecation.py", line 94, in __call__
    response = response or self.get_response(request)
               │           │    │            └ <WSGIRequest: GET '/project-21/doc-273/'>
               │           │    └ <function convert_exception_to_response.<locals>.inner at 0x7f9175502c80>
               │           └ <django.middleware.security.SecurityMiddleware object at 0x7f9175533278>
               └ None
  File "/www/server/python_manager/versions/3.6.8/lib/python3.6/site-packages/django/core/handlers/exception.py", line 34, in inner
    response = get_response(request)
               │            └ <WSGIRequest: GET '/project-21/doc-273/'>
               └ <django.contrib.sessions.middleware.SessionMiddleware object at 0x7f9175533c50>
  File "/www/server/python_manager/versions/3.6.8/lib/python3.6/site-packages/django/utils/deprecation.py", line 94, in __call__
    response = response or self.get_response(request)
               │           │    │            └ <WSGIRequest: GET '/project-21/doc-273/'>
               │           │    └ <function convert_exception_to_response.<locals>.inner at 0x7f9175502bf8>
               │           └ <django.contrib.sessions.middleware.SessionMiddleware object at 0x7f9175533c50>
               └ None
  File "/www/server/python_manager/versions/3.6.8/lib/python3.6/site-packages/django/core/handlers/exception.py", line 34, in inner
    response = get_response(request)
               │            └ <WSGIRequest: GET '/project-21/doc-273/'>
               └ <django.middleware.locale.LocaleMiddleware object at 0x7f91755336a0>
  File "/www/server/python_manager/versions/3.6.8/lib/python3.6/site-packages/django/utils/deprecation.py", line 94, in __call__
    response = response or self.get_response(request)
               │           │    │            └ <WSGIRequest: GET '/project-21/doc-273/'>
               │           │    └ <function convert_exception_to_response.<locals>.inner at 0x7f9175502b70>
               │           └ <django.middleware.locale.LocaleMiddleware object at 0x7f91755336a0>
               └ None
  File "/www/server/python_manager/versions/3.6.8/lib/python3.6/site-packages/django/core/handlers/exception.py", line 34, in inner
    response = get_response(request)
               │            └ <WSGIRequest: GET '/project-21/doc-273/'>
               └ <django.middleware.common.CommonMiddleware object at 0x7f91760e72b0>
  File "/www/server/python_manager/versions/3.6.8/lib/python3.6/site-packages/django/utils/deprecation.py", line 94, in __call__
    response = response or self.get_response(request)
               │           │    │            └ <WSGIRequest: GET '/project-21/doc-273/'>
               │           │    └ <function convert_exception_to_response.<locals>.inner at 0x7f9175502ae8>
               │           └ <django.middleware.common.CommonMiddleware object at 0x7f91760e72b0>
               └ None
  File "/www/server/python_manager/versions/3.6.8/lib/python3.6/site-packages/django/core/handlers/exception.py", line 34, in inner
    response = get_response(request)
               │            └ <WSGIRequest: GET '/project-21/doc-273/'>
               └ <django.middleware.csrf.CsrfViewMiddleware object at 0x7f91760e7240>
  File "/www/server/python_manager/versions/3.6.8/lib/python3.6/site-packages/django/utils/deprecation.py", line 94, in __call__
    response = response or self.get_response(request)
               │           │    │            └ <WSGIRequest: GET '/project-21/doc-273/'>
               │           │    └ <function convert_exception_to_response.<locals>.inner at 0x7f9175502a60>
               │           └ <django.middleware.csrf.CsrfViewMiddleware object at 0x7f91760e7240>
               └ None
  File "/www/server/python_manager/versions/3.6.8/lib/python3.6/site-packages/django/core/handlers/exception.py", line 34, in inner
    response = get_response(request)
               │            └ <WSGIRequest: GET '/project-21/doc-273/'>
               └ <django.contrib.auth.middleware.AuthenticationMiddleware object at 0x7f91760e7278>
  File "/www/server/python_manager/versions/3.6.8/lib/python3.6/site-packages/django/utils/deprecation.py", line 94, in __call__
    response = response or self.get_response(request)
               │           │    │            └ <WSGIRequest: GET '/project-21/doc-273/'>
               │           │    └ <function convert_exception_to_response.<locals>.inner at 0x7f91755029d8>
               │           └ <django.contrib.auth.middleware.AuthenticationMiddleware object at 0x7f91760e7278>
               └ None
  File "/www/server/python_manager/versions/3.6.8/lib/python3.6/site-packages/django/core/handlers/exception.py", line 34, in inner
    response = get_response(request)
               │            └ <WSGIRequest: GET '/project-21/doc-273/'>
               └ <django.contrib.messages.middleware.MessageMiddleware object at 0x7f917554bdd8>
  File "/www/server/python_manager/versions/3.6.8/lib/python3.6/site-packages/django/utils/deprecation.py", line 94, in __call__
    response = response or self.get_response(request)
               │           │    │            └ <WSGIRequest: GET '/project-21/doc-273/'>
               │           │    └ <function convert_exception_to_response.<locals>.inner at 0x7f9175502950>
               │           └ <django.contrib.messages.middleware.MessageMiddleware object at 0x7f917554bdd8>
               └ None
  File "/www/server/python_manager/versions/3.6.8/lib/python3.6/site-packages/django/core/handlers/exception.py", line 34, in inner
    response = get_response(request)
               │            └ <WSGIRequest: GET '/project-21/doc-273/'>
               └ <django.middleware.clickjacking.XFrameOptionsMiddleware object at 0x7f917554b1d0>
  File "/www/server/python_manager/versions/3.6.8/lib/python3.6/site-packages/django/utils/deprecation.py", line 94, in __call__
    response = response or self.get_response(request)
               │           │    │            └ <WSGIRequest: GET '/project-21/doc-273/'>
               │           │    └ <function convert_exception_to_response.<locals>.inner at 0x7f91755028c8>
               │           └ <django.middleware.clickjacking.XFrameOptionsMiddleware object at 0x7f917554b1d0>
               └ None
  File "/www/server/python_manager/versions/3.6.8/lib/python3.6/site-packages/django/core/handlers/exception.py", line 34, in inner
    response = get_response(request)
               │            └ <WSGIRequest: GET '/project-21/doc-273/'>
               └ <app_admin.middleware.require_login_middleware.RequiredLoginMiddleware object at 0x7f9176d290f0>

  File "/usr/local/projects/MrDoc/app_admin/middleware/require_login_middleware.py", line 35, in __call__
    response = self.get_response(request)
               │    │            └ <WSGIRequest: GET '/project-21/doc-273/'>
               │    └ <function BaseHandler._get_response at 0x7f9175560e18>
               └ <app_admin.middleware.require_login_middleware.RequiredLoginMiddleware object at 0x7f9176d290f0>

  File "/www/server/python_manager/versions/3.6.8/lib/python3.6/site-packages/django/core/handlers/exception.py", line 34, in inner
    response = get_response(request)
               │            └ <WSGIRequest: GET '/project-21/doc-273/'>
               └ <bound method BaseHandler._get_response of <django.core.handlers.wsgi.WSGIHandler object at 0x7f9176155160>>
  File "/www/server/python_manager/versions/3.6.8/lib/python3.6/site-packages/django/core/handlers/base.py", line 113, in _get_response
    response = wrapped_callback(request, *callback_args, **callback_kwargs)
               │                │         │                └ {'pro_id': 21, 'doc_id': 273}
               │                │         └ ()
               │                └ <WSGIRequest: GET '/project-21/doc-273/'>
               └ <function doc at 0x7f917600f950>
  File "/www/server/python_manager/versions/3.6.8/lib/python3.6/site-packages/django/views/decorators/http.py", line 40, in inner
    return func(request, *args, **kwargs)
           │    │         │       └ {'pro_id': 21, 'doc_id': 273}
           │    │         └ ()
           │    └ <WSGIRequest: GET '/project-21/doc-273/'>
           └ <function doc at 0x7f917600f8c8>

> File "/usr/local/projects/MrDoc/app_doc/views.py", line 1000, in doc
    doc = Doc.objects.get(id=int(doc_id),status__in=[0,1]) # 文档信息
          │   │                  └ 273
          │   └ <django.db.models.manager.ManagerDescriptor object at 0x7f9178340160>
          └ <class 'app_doc.models.Doc'>

  File "/www/server/python_manager/versions/3.6.8/lib/python3.6/site-packages/django/db/models/manager.py", line 82, in manager_method
    return getattr(self.get_queryset(), name)(*args, **kwargs)
                   │    │               │      │       └ {'id': 273, 'status__in': [0, 1]}
                   │    │               │      └ ()
                   │    │               └ 'get'
                   │    └ <function BaseManager.get_queryset at 0x7f9179304ae8>
                   └ <django.db.models.manager.Manager object at 0x7f91755ae9e8>
  File "/www/server/python_manager/versions/3.6.8/lib/python3.6/site-packages/django/db/models/query.py", line 408, in get
    self.model._meta.object_name
    │    │     │     └ 'Doc'
    │    │     └ <Options for Doc>
    │    └ <class 'app_doc.models.Doc'>
    └ <QuerySet [<Doc: About>, <Doc: 1、算法框架>, <Doc: 1、TDH>, <Doc: 1.1 常用方法>, <Doc: 2、Shell>, <Doc: 2.1 常用命令>, <Doc: 2.2 示例脚本>, <Doc...

app_doc.models.Doc.DoesNotExist: Doc matching query does not exist.
2022-04-24 21:37:23.475 | ERROR    | app_doc.views:doc:1073 - Collection browsing error
Traceback (most recent call last):
  File "/www/server/python_manager/versions/3.6.8/lib/python3.6/threading.py", line 884, in _bootstrap
    self._bootstrap_inner()
    │    └ <function Thread._bootstrap_inner at 0x7f917e3ca510>
    └ <Thread(Thread-975, started daemon 140260729542400)>
  File "/www/server/python_manager/versions/3.6.8/lib/python3.6/threading.py", line 916, in _bootstrap_inner
    self.run()
    │    └ <function Thread.run at 0x7f917e3ca2f0>
    └ <Thread(Thread-975, started daemon 140260729542400)>
  File "/www/server/python_manager/versions/3.6.8/lib/python3.6/threading.py", line 864, in run
    self._target(*self._args, **self._kwargs)
    │    │        │    │        │    └ {}
    │    │        │    │        └ <Thread(Thread-975, started daemon 140260729542400)>
    │    │        │    └ (<socket.socket fd=155, family=AddressFamily.AF_INET, type=SocketKind.SOCK_STREAM, proto=0, laddr=('127.0.0.1', 9200), raddr=...
    │    │        └ <Thread(Thread-975, started daemon 140260729542400)>
    │    └ <bound method ThreadingMixIn.process_request_thread of <django.core.servers.basehttp.WSGIServer object at 0x7f91799a2048>>
    └ <Thread(Thread-975, started daemon 140260729542400)>
  File "/www/server/python_manager/versions/3.6.8/lib/python3.6/socketserver.py", line 654, in process_request_thread
    self.finish_request(request, client_address)
    │    │              │        └ ('127.0.0.1', 57326)
    │    │              └ <socket.socket fd=155, family=AddressFamily.AF_INET, type=SocketKind.SOCK_STREAM, proto=0, laddr=('127.0.0.1', 9200), raddr=(...
    │    └ <function BaseServer.finish_request at 0x7f9179239bf8>
    └ <django.core.servers.basehttp.WSGIServer object at 0x7f91799a2048>
  File "/www/server/python_manager/versions/3.6.8/lib/python3.6/socketserver.py", line 364, in finish_request
    self.RequestHandlerClass(request, client_address, self)
    │    │                   │        │               └ <django.core.servers.basehttp.WSGIServer object at 0x7f91799a2048>
    │    │                   │        └ ('127.0.0.1', 57326)
    │    │                   └ <socket.socket fd=155, family=AddressFamily.AF_INET, type=SocketKind.SOCK_STREAM, proto=0, laddr=('127.0.0.1', 9200), raddr=(...
    │    └ <class 'django.core.servers.basehttp.WSGIRequestHandler'>
    └ <django.core.servers.basehttp.WSGIServer object at 0x7f91799a2048>
  File "/www/server/python_manager/versions/3.6.8/lib/python3.6/socketserver.py", line 724, in __init__
    self.handle()
    │    └ <function WSGIRequestHandler.handle at 0x7f9178236bf8>
    └ <django.core.servers.basehttp.WSGIRequestHandler object at 0x7f916fe30278>
  File "/www/server/python_manager/versions/3.6.8/lib/python3.6/site-packages/django/core/servers/basehttp.py", line 169, in handle
    self.handle_one_request()
    │    └ <function WSGIRequestHandler.handle_one_request at 0x7f9178236c80>
    └ <django.core.servers.basehttp.WSGIRequestHandler object at 0x7f916fe30278>
  File "/www/server/python_manager/versions/3.6.8/lib/python3.6/site-packages/django/core/servers/basehttp.py", line 194, in handle_one_request
    handler.run(self.server.get_app())
    │       │   │    │      └ <function WSGIServer.get_app at 0x7f9178236268>
    │       │   │    └ <django.core.servers.basehttp.WSGIServer object at 0x7f91799a2048>
    │       │   └ <django.core.servers.basehttp.WSGIRequestHandler object at 0x7f916fe30278>
    │       └ <function BaseHandler.run at 0x7f9178229f28>
    └ <django.core.servers.basehttp.ServerHandler object at 0x7f916fe307f0>
  File "/www/server/python_manager/versions/3.6.8/lib/python3.6/wsgiref/handlers.py", line 137, in run
    self.result = application(self.environ, self.start_response)
    │    │        │           │    │        │    └ <function BaseHandler.start_response at 0x7f91782322f0>
    │    │        │           │    │        └ <django.core.servers.basehttp.ServerHandler object at 0x7f916fe307f0>
    │    │        │           │    └ {'LC_ALL': 'en_US.UTF-8', 'LS_COLORS': 'rs=0:di=38;5;33:ln=38;5;51:mh=00:pi=40;38;5;11:so=38;5;13:do=38;5;5:bd=48;5;232;38;5;...
    │    │        │           └ <django.core.servers.basehttp.ServerHandler object at 0x7f916fe307f0>
    │    │        └ <django.core.handlers.wsgi.WSGIHandler object at 0x7f9176155160>
    │    └ None
    └ <django.core.servers.basehttp.ServerHandler object at 0x7f916fe307f0>
  File "/www/server/python_manager/versions/3.6.8/lib/python3.6/site-packages/django/core/handlers/wsgi.py", line 141, in __call__
    response = self.get_response(request)
               │    │            └ <WSGIRequest: GET '/project-21/doc-790/'>
               │    └ <function BaseHandler.get_response at 0x7f917827a488>
               └ <django.core.handlers.wsgi.WSGIHandler object at 0x7f9176155160>
  File "/www/server/python_manager/versions/3.6.8/lib/python3.6/site-packages/django/core/handlers/base.py", line 75, in get_response
    response = self._middleware_chain(request)
               │    │                 └ <WSGIRequest: GET '/project-21/doc-790/'>
               │    └ <function convert_exception_to_response.<locals>.inner at 0x7f9175502d08>
               └ <django.core.handlers.wsgi.WSGIHandler object at 0x7f9176155160>
  File "/www/server/python_manager/versions/3.6.8/lib/python3.6/site-packages/django/core/handlers/exception.py", line 34, in inner
    response = get_response(request)
               │            └ <WSGIRequest: GET '/project-21/doc-790/'>
               └ <django.middleware.security.SecurityMiddleware object at 0x7f9175533278>
  File "/www/server/python_manager/versions/3.6.8/lib/python3.6/site-packages/django/utils/deprecation.py", line 94, in __call__
    response = response or self.get_response(request)
               │           │    │            └ <WSGIRequest: GET '/project-21/doc-790/'>
               │           │    └ <function convert_exception_to_response.<locals>.inner at 0x7f9175502c80>
               │           └ <django.middleware.security.SecurityMiddleware object at 0x7f9175533278>
               └ None
  File "/www/server/python_manager/versions/3.6.8/lib/python3.6/site-packages/django/core/handlers/exception.py", line 34, in inner
    response = get_response(request)
               │            └ <WSGIRequest: GET '/project-21/doc-790/'>
               └ <django.contrib.sessions.middleware.SessionMiddleware object at 0x7f9175533c50>
  File "/www/server/python_manager/versions/3.6.8/lib/python3.6/site-packages/django/utils/deprecation.py", line 94, in __call__
    response = response or self.get_response(request)
               │           │    │            └ <WSGIRequest: GET '/project-21/doc-790/'>
               │           │    └ <function convert_exception_to_response.<locals>.inner at 0x7f9175502bf8>
               │           └ <django.contrib.sessions.middleware.SessionMiddleware object at 0x7f9175533c50>
               └ None
  File "/www/server/python_manager/versions/3.6.8/lib/python3.6/site-packages/django/core/handlers/exception.py", line 34, in inner
    response = get_response(request)
               │            └ <WSGIRequest: GET '/project-21/doc-790/'>
               └ <django.middleware.locale.LocaleMiddleware object at 0x7f91755336a0>
  File "/www/server/python_manager/versions/3.6.8/lib/python3.6/site-packages/django/utils/deprecation.py", line 94, in __call__
    response = response or self.get_response(request)
               │           │    │            └ <WSGIRequest: GET '/project-21/doc-790/'>
               │           │    └ <function convert_exception_to_response.<locals>.inner at 0x7f9175502b70>
               │           └ <django.middleware.locale.LocaleMiddleware object at 0x7f91755336a0>
               └ None
  File "/www/server/python_manager/versions/3.6.8/lib/python3.6/site-packages/django/core/handlers/exception.py", line 34, in inner
    response = get_response(request)
               │            └ <WSGIRequest: GET '/project-21/doc-790/'>
               └ <django.middleware.common.CommonMiddleware object at 0x7f91760e72b0>
  File "/www/server/python_manager/versions/3.6.8/lib/python3.6/site-packages/django/utils/deprecation.py", line 94, in __call__
    response = response or self.get_response(request)
               │           │    │            └ <WSGIRequest: GET '/project-21/doc-790/'>
               │           │    └ <function convert_exception_to_response.<locals>.inner at 0x7f9175502ae8>
               │           └ <django.middleware.common.CommonMiddleware object at 0x7f91760e72b0>
               └ None
  File "/www/server/python_manager/versions/3.6.8/lib/python3.6/site-packages/django/core/handlers/exception.py", line 34, in inner
    response = get_response(request)
               │            └ <WSGIRequest: GET '/project-21/doc-790/'>
               └ <django.middleware.csrf.CsrfViewMiddleware object at 0x7f91760e7240>
  File "/www/server/python_manager/versions/3.6.8/lib/python3.6/site-packages/django/utils/deprecation.py", line 94, in __call__
    response = response or self.get_response(request)
               │           │    │            └ <WSGIRequest: GET '/project-21/doc-790/'>
               │           │    └ <function convert_exception_to_response.<locals>.inner at 0x7f9175502a60>
               │           └ <django.middleware.csrf.CsrfViewMiddleware object at 0x7f91760e7240>
               └ None
  File "/www/server/python_manager/versions/3.6.8/lib/python3.6/site-packages/django/core/handlers/exception.py", line 34, in inner
    response = get_response(request)
               │            └ <WSGIRequest: GET '/project-21/doc-790/'>
               └ <django.contrib.auth.middleware.AuthenticationMiddleware object at 0x7f91760e7278>
  File "/www/server/python_manager/versions/3.6.8/lib/python3.6/site-packages/django/utils/deprecation.py", line 94, in __call__
    response = response or self.get_response(request)
               │           │    │            └ <WSGIRequest: GET '/project-21/doc-790/'>
               │           │    └ <function convert_exception_to_response.<locals>.inner at 0x7f91755029d8>
               │           └ <django.contrib.auth.middleware.AuthenticationMiddleware object at 0x7f91760e7278>
               └ None
  File "/www/server/python_manager/versions/3.6.8/lib/python3.6/site-packages/django/core/handlers/exception.py", line 34, in inner
    response = get_response(request)
               │            └ <WSGIRequest: GET '/project-21/doc-790/'>
               └ <django.contrib.messages.middleware.MessageMiddleware object at 0x7f917554bdd8>
  File "/www/server/python_manager/versions/3.6.8/lib/python3.6/site-packages/django/utils/deprecation.py", line 94, in __call__
    response = response or self.get_response(request)
               │           │    │            └ <WSGIRequest: GET '/project-21/doc-790/'>
               │           │    └ <function convert_exception_to_response.<locals>.inner at 0x7f9175502950>
               │           └ <django.contrib.messages.middleware.MessageMiddleware object at 0x7f917554bdd8>
               └ None
  File "/www/server/python_manager/versions/3.6.8/lib/python3.6/site-packages/django/core/handlers/exception.py", line 34, in inner
    response = get_response(request)
               │            └ <WSGIRequest: GET '/project-21/doc-790/'>
               └ <django.middleware.clickjacking.XFrameOptionsMiddleware object at 0x7f917554b1d0>
  File "/www/server/python_manager/versions/3.6.8/lib/python3.6/site-packages/django/utils/deprecation.py", line 94, in __call__
    response = response or self.get_response(request)
               │           │    │            └ <WSGIRequest: GET '/project-21/doc-790/'>
               │           │    └ <function convert_exception_to_response.<locals>.inner at 0x7f91755028c8>
               │           └ <django.middleware.clickjacking.XFrameOptionsMiddleware object at 0x7f917554b1d0>
               └ None
  File "/www/server/python_manager/versions/3.6.8/lib/python3.6/site-packages/django/core/handlers/exception.py", line 34, in inner
    response = get_response(request)
               │            └ <WSGIRequest: GET '/project-21/doc-790/'>
               └ <app_admin.middleware.require_login_middleware.RequiredLoginMiddleware object at 0x7f9176d290f0>

  File "/usr/local/projects/MrDoc/app_admin/middleware/require_login_middleware.py", line 35, in __call__
    response = self.get_response(request)
               │    │            └ <WSGIRequest: GET '/project-21/doc-790/'>
               │    └ <function BaseHandler._get_response at 0x7f9175560e18>
               └ <app_admin.middleware.require_login_middleware.RequiredLoginMiddleware object at 0x7f9176d290f0>

  File "/www/server/python_manager/versions/3.6.8/lib/python3.6/site-packages/django/core/handlers/exception.py", line 34, in inner
    response = get_response(request)
               │            └ <WSGIRequest: GET '/project-21/doc-790/'>
               └ <bound method BaseHandler._get_response of <django.core.handlers.wsgi.WSGIHandler object at 0x7f9176155160>>
  File "/www/server/python_manager/versions/3.6.8/lib/python3.6/site-packages/django/core/handlers/base.py", line 113, in _get_response
    response = wrapped_callback(request, *callback_args, **callback_kwargs)
               │                │         │                └ {'pro_id': 21, 'doc_id': 790}
               │                │         └ ()
               │                └ <WSGIRequest: GET '/project-21/doc-790/'>
               └ <function doc at 0x7f917600f950>
  File "/www/server/python_manager/versions/3.6.8/lib/python3.6/site-packages/django/views/decorators/http.py", line 40, in inner
    return func(request, *args, **kwargs)
           │    │         │       └ {'pro_id': 21, 'doc_id': 790}
           │    │         └ ()
           │    └ <WSGIRequest: GET '/project-21/doc-790/'>
           └ <function doc at 0x7f917600f8c8>

> File "/usr/local/projects/MrDoc/app_doc/views.py", line 1000, in doc
    doc = Doc.objects.get(id=int(doc_id),status__in=[0,1]) # 文档信息
          │   │                  └ 790
          │   └ <django.db.models.manager.ManagerDescriptor object at 0x7f9178340160>
          └ <class 'app_doc.models.Doc'>

  File "/www/server/python_manager/versions/3.6.8/lib/python3.6/site-packages/django/db/models/manager.py", line 82, in manager_method
    return getattr(self.get_queryset(), name)(*args, **kwargs)
                   │    │               │      │       └ {'id': 790, 'status__in': [0, 1]}
                   │    │               │      └ ()
                   │    │               └ 'get'
                   │    └ <function BaseManager.get_queryset at 0x7f9179304ae8>
                   └ <django.db.models.manager.Manager object at 0x7f91755ae9e8>
  File "/www/server/python_manager/versions/3.6.8/lib/python3.6/site-packages/django/db/models/query.py", line 408, in get
    self.model._meta.object_name
    │    │     │     └ 'Doc'
    │    │     └ <Options for Doc>
    │    └ <class 'app_doc.models.Doc'>
    └ <QuerySet [<Doc: About>, <Doc: 1、算法框架>, <Doc: 1、TDH>, <Doc: 1.1 常用方法>, <Doc: 2、Shell>, <Doc: 2.1 常用命令>, <Doc: 2.2 示例脚本>, <Doc...

app_doc.models.Doc.DoesNotExist: Doc matching query does not exist.
