2022-01-18 09:43:58.851 | ERROR    | app_doc.views:doc:1070 - Collection browsing error
Traceback (most recent call last):
  File "/www/server/python_manager/versions/3.6.8/lib/python3.6/threading.py", line 884, in _bootstrap
    self._bootstrap_inner()
    │    └ <function Thread._bootstrap_inner at 0x7feee6cc2510>
    └ <Thread(Thread-727, started daemon 140663812245248)>
  File "/www/server/python_manager/versions/3.6.8/lib/python3.6/threading.py", line 916, in _bootstrap_inner
    self.run()
    │    └ <function Thread.run at 0x7feee6cc22f0>
    └ <Thread(Thread-727, started daemon 140663812245248)>
  File "/www/server/python_manager/versions/3.6.8/lib/python3.6/threading.py", line 864, in run
    self._target(*self._args, **self._kwargs)
    │    │        │    │        │    └ {}
    │    │        │    │        └ <Thread(Thread-727, started daemon 140663812245248)>
    │    │        │    └ (<socket.socket fd=7, family=AddressFamily.AF_INET, type=SocketKind.SOCK_STREAM, proto=0, laddr=('127.0.0.1', 9200), raddr=('...
    │    │        └ <Thread(Thread-727, started daemon 140663812245248)>
    │    └ <bound method ThreadingMixIn.process_request_thread of <django.core.servers.basehttp.WSGIServer object at 0x7feee228be80>>
    └ <Thread(Thread-727, started daemon 140663812245248)>
  File "/www/server/python_manager/versions/3.6.8/lib/python3.6/socketserver.py", line 654, in process_request_thread
    self.finish_request(request, client_address)
    │    │              │        └ ('127.0.0.1', 34196)
    │    │              └ <socket.socket fd=7, family=AddressFamily.AF_INET, type=SocketKind.SOCK_STREAM, proto=0, laddr=('127.0.0.1', 9200), raddr=('1...
    │    └ <function BaseServer.finish_request at 0x7feee1b2fbf8>
    └ <django.core.servers.basehttp.WSGIServer object at 0x7feee228be80>
  File "/www/server/python_manager/versions/3.6.8/lib/python3.6/socketserver.py", line 364, in finish_request
    self.RequestHandlerClass(request, client_address, self)
    │    │                   │        │               └ <django.core.servers.basehttp.WSGIServer object at 0x7feee228be80>
    │    │                   │        └ ('127.0.0.1', 34196)
    │    │                   └ <socket.socket fd=7, family=AddressFamily.AF_INET, type=SocketKind.SOCK_STREAM, proto=0, laddr=('127.0.0.1', 9200), raddr=('1...
    │    └ <class 'django.core.servers.basehttp.WSGIRequestHandler'>
    └ <django.core.servers.basehttp.WSGIServer object at 0x7feee228be80>
  File "/www/server/python_manager/versions/3.6.8/lib/python3.6/socketserver.py", line 724, in __init__
    self.handle()
    │    └ <function WSGIRequestHandler.handle at 0x7feee0b28d08>
    └ <django.core.servers.basehttp.WSGIRequestHandler object at 0x7feee2bb4f98>
  File "/www/server/python_manager/versions/3.6.8/lib/python3.6/site-packages/django/core/servers/basehttp.py", line 169, in handle
    self.handle_one_request()
    │    └ <function WSGIRequestHandler.handle_one_request at 0x7feee0b28d90>
    └ <django.core.servers.basehttp.WSGIRequestHandler object at 0x7feee2bb4f98>
  File "/www/server/python_manager/versions/3.6.8/lib/python3.6/site-packages/django/core/servers/basehttp.py", line 194, in handle_one_request
    handler.run(self.server.get_app())
    │       │   │    │      └ <function WSGIServer.get_app at 0x7feee0b28378>
    │       │   │    └ <django.core.servers.basehttp.WSGIServer object at 0x7feee228be80>
    │       │   └ <django.core.servers.basehttp.WSGIRequestHandler object at 0x7feee2bb4f98>
    │       └ <function BaseHandler.run at 0x7feee0b240d0>
    └ <django.core.servers.basehttp.ServerHandler object at 0x7feed35356a0>
  File "/www/server/python_manager/versions/3.6.8/lib/python3.6/wsgiref/handlers.py", line 137, in run
    self.result = application(self.environ, self.start_response)
    │    │        │           │    │        │    └ <function BaseHandler.start_response at 0x7feee0b24400>
    │    │        │           │    │        └ <django.core.servers.basehttp.ServerHandler object at 0x7feed35356a0>
    │    │        │           │    └ {'LC_ALL': 'en_US.UTF-8', 'LS_COLORS': 'rs=0:di=38;5;33:ln=38;5;51:mh=00:pi=40;38;5;11:so=38;5;13:do=38;5;5:bd=48;5;232;38;5;...
    │    │        │           └ <django.core.servers.basehttp.ServerHandler object at 0x7feed35356a0>
    │    │        └ <django.core.handlers.wsgi.WSGIHandler object at 0x7feedaa1ea58>
    │    └ None
    └ <django.core.servers.basehttp.ServerHandler object at 0x7feed35356a0>
  File "/www/server/python_manager/versions/3.6.8/lib/python3.6/site-packages/django/core/handlers/wsgi.py", line 141, in __call__
    response = self.get_response(request)
               │    │            └ <WSGIRequest: GET '/project-46/doc-839/'>
               │    └ <function BaseHandler.get_response at 0x7feee0b6b598>
               └ <django.core.handlers.wsgi.WSGIHandler object at 0x7feedaa1ea58>
  File "/www/server/python_manager/versions/3.6.8/lib/python3.6/site-packages/django/core/handlers/base.py", line 75, in get_response
    response = self._middleware_chain(request)
               │    │                 └ <WSGIRequest: GET '/project-46/doc-839/'>
               │    └ <function convert_exception_to_response.<locals>.inner at 0x7feed9e33b70>
               └ <django.core.handlers.wsgi.WSGIHandler object at 0x7feedaa1ea58>
  File "/www/server/python_manager/versions/3.6.8/lib/python3.6/site-packages/django/core/handlers/exception.py", line 34, in inner
    response = get_response(request)
               │            └ <WSGIRequest: GET '/project-46/doc-839/'>
               └ <django.middleware.security.SecurityMiddleware object at 0x7feed9e3fd68>
  File "/www/server/python_manager/versions/3.6.8/lib/python3.6/site-packages/django/utils/deprecation.py", line 94, in __call__
    response = response or self.get_response(request)
               │           │    │            └ <WSGIRequest: GET '/project-46/doc-839/'>
               │           │    └ <function convert_exception_to_response.<locals>.inner at 0x7feed9e33ae8>
               │           └ <django.middleware.security.SecurityMiddleware object at 0x7feed9e3fd68>
               └ None
  File "/www/server/python_manager/versions/3.6.8/lib/python3.6/site-packages/django/core/handlers/exception.py", line 34, in inner
    response = get_response(request)
               │            └ <WSGIRequest: GET '/project-46/doc-839/'>
               └ <django.contrib.sessions.middleware.SessionMiddleware object at 0x7feed9e3fe10>
  File "/www/server/python_manager/versions/3.6.8/lib/python3.6/site-packages/django/utils/deprecation.py", line 94, in __call__
    response = response or self.get_response(request)
               │           │    │            └ <WSGIRequest: GET '/project-46/doc-839/'>
               │           │    └ <function convert_exception_to_response.<locals>.inner at 0x7feed9e33a60>
               │           └ <django.contrib.sessions.middleware.SessionMiddleware object at 0x7feed9e3fe10>
               └ None
  File "/www/server/python_manager/versions/3.6.8/lib/python3.6/site-packages/django/core/handlers/exception.py", line 34, in inner
    response = get_response(request)
               │            └ <WSGIRequest: GET '/project-46/doc-839/'>
               └ <django.middleware.locale.LocaleMiddleware object at 0x7feed9e4fef0>
  File "/www/server/python_manager/versions/3.6.8/lib/python3.6/site-packages/django/utils/deprecation.py", line 94, in __call__
    response = response or self.get_response(request)
               │           │    │            └ <WSGIRequest: GET '/project-46/doc-839/'>
               │           │    └ <function convert_exception_to_response.<locals>.inner at 0x7feed9e339d8>
               │           └ <django.middleware.locale.LocaleMiddleware object at 0x7feed9e4fef0>
               └ None
  File "/www/server/python_manager/versions/3.6.8/lib/python3.6/site-packages/django/core/handlers/exception.py", line 34, in inner
    response = get_response(request)
               │            └ <WSGIRequest: GET '/project-46/doc-839/'>
               └ <django.middleware.common.CommonMiddleware object at 0x7feedaa2eb70>
  File "/www/server/python_manager/versions/3.6.8/lib/python3.6/site-packages/django/utils/deprecation.py", line 94, in __call__
    response = response or self.get_response(request)
               │           │    │            └ <WSGIRequest: GET '/project-46/doc-839/'>
               │           │    └ <function convert_exception_to_response.<locals>.inner at 0x7feed9e33950>
               │           └ <django.middleware.common.CommonMiddleware object at 0x7feedaa2eb70>
               └ None
  File "/www/server/python_manager/versions/3.6.8/lib/python3.6/site-packages/django/core/handlers/exception.py", line 34, in inner
    response = get_response(request)
               │            └ <WSGIRequest: GET '/project-46/doc-839/'>
               └ <django.middleware.csrf.CsrfViewMiddleware object at 0x7feedaa2eb38>
  File "/www/server/python_manager/versions/3.6.8/lib/python3.6/site-packages/django/utils/deprecation.py", line 94, in __call__
    response = response or self.get_response(request)
               │           │    │            └ <WSGIRequest: GET '/project-46/doc-839/'>
               │           │    └ <function convert_exception_to_response.<locals>.inner at 0x7feed9e338c8>
               │           └ <django.middleware.csrf.CsrfViewMiddleware object at 0x7feedaa2eb38>
               └ None
  File "/www/server/python_manager/versions/3.6.8/lib/python3.6/site-packages/django/core/handlers/exception.py", line 34, in inner
    response = get_response(request)
               │            └ <WSGIRequest: GET '/project-46/doc-839/'>
               └ <django.contrib.auth.middleware.AuthenticationMiddleware object at 0x7feedaa2eb00>
  File "/www/server/python_manager/versions/3.6.8/lib/python3.6/site-packages/django/utils/deprecation.py", line 94, in __call__
    response = response or self.get_response(request)
               │           │    │            └ <WSGIRequest: GET '/project-46/doc-839/'>
               │           │    └ <function convert_exception_to_response.<locals>.inner at 0x7feed9e33840>
               │           └ <django.contrib.auth.middleware.AuthenticationMiddleware object at 0x7feedaa2eb00>
               └ None
  File "/www/server/python_manager/versions/3.6.8/lib/python3.6/site-packages/django/core/handlers/exception.py", line 34, in inner
    response = get_response(request)
               │            └ <WSGIRequest: GET '/project-46/doc-839/'>
               └ <django.contrib.messages.middleware.MessageMiddleware object at 0x7feedaa2ec18>
  File "/www/server/python_manager/versions/3.6.8/lib/python3.6/site-packages/django/utils/deprecation.py", line 94, in __call__
    response = response or self.get_response(request)
               │           │    │            └ <WSGIRequest: GET '/project-46/doc-839/'>
               │           │    └ <function convert_exception_to_response.<locals>.inner at 0x7feed9e337b8>
               │           └ <django.contrib.messages.middleware.MessageMiddleware object at 0x7feedaa2ec18>
               └ None
  File "/www/server/python_manager/versions/3.6.8/lib/python3.6/site-packages/django/core/handlers/exception.py", line 34, in inner
    response = get_response(request)
               │            └ <WSGIRequest: GET '/project-46/doc-839/'>
               └ <django.middleware.clickjacking.XFrameOptionsMiddleware object at 0x7feedb5efe10>
  File "/www/server/python_manager/versions/3.6.8/lib/python3.6/site-packages/django/utils/deprecation.py", line 94, in __call__
    response = response or self.get_response(request)
               │           │    │            └ <WSGIRequest: GET '/project-46/doc-839/'>
               │           │    └ <function convert_exception_to_response.<locals>.inner at 0x7feed9e33730>
               │           └ <django.middleware.clickjacking.XFrameOptionsMiddleware object at 0x7feedb5efe10>
               └ None
  File "/www/server/python_manager/versions/3.6.8/lib/python3.6/site-packages/django/core/handlers/exception.py", line 34, in inner
    response = get_response(request)
               │            └ <WSGIRequest: GET '/project-46/doc-839/'>
               └ <app_admin.middleware.require_login_middleware.RequiredLoginMiddleware object at 0x7feed9e56be0>

  File "/usr/local/projects/MrDoc/app_admin/middleware/require_login_middleware.py", line 35, in __call__
    response = self.get_response(request)
               │    │            └ <WSGIRequest: GET '/project-46/doc-839/'>
               │    └ <function BaseHandler._get_response at 0x7feed9e11c80>
               └ <app_admin.middleware.require_login_middleware.RequiredLoginMiddleware object at 0x7feed9e56be0>

  File "/www/server/python_manager/versions/3.6.8/lib/python3.6/site-packages/django/core/handlers/exception.py", line 34, in inner
    response = get_response(request)
               │            └ <WSGIRequest: GET '/project-46/doc-839/'>
               └ <bound method BaseHandler._get_response of <django.core.handlers.wsgi.WSGIHandler object at 0x7feedaa1ea58>>
  File "/www/server/python_manager/versions/3.6.8/lib/python3.6/site-packages/django/core/handlers/base.py", line 113, in _get_response
    response = wrapped_callback(request, *callback_args, **callback_kwargs)
               │                │         │                └ {'pro_id': 46, 'doc_id': 839}
               │                │         └ ()
               │                └ <WSGIRequest: GET '/project-46/doc-839/'>
               └ <function doc at 0x7feeda8dd6a8>
  File "/www/server/python_manager/versions/3.6.8/lib/python3.6/site-packages/django/views/decorators/http.py", line 40, in inner
    return func(request, *args, **kwargs)
           │    │         │       └ {'pro_id': 46, 'doc_id': 839}
           │    │         └ ()
           │    └ <WSGIRequest: GET '/project-46/doc-839/'>
           └ <function doc at 0x7feeda8dd620>

> File "/usr/local/projects/MrDoc/app_doc/views.py", line 997, in doc
    doc = Doc.objects.get(id=int(doc_id),status__in=[0,1]) # 文档信息
          │   │                  └ 839
          │   └ <django.db.models.manager.ManagerDescriptor object at 0x7feee0c2be80>
          └ <class 'app_doc.models.Doc'>

  File "/www/server/python_manager/versions/3.6.8/lib/python3.6/site-packages/django/db/models/manager.py", line 82, in manager_method
    return getattr(self.get_queryset(), name)(*args, **kwargs)
                   │    │               │      │       └ {'id': 839, 'status__in': [0, 1]}
                   │    │               │      └ ()
                   │    │               └ 'get'
                   │    └ <function BaseManager.get_queryset at 0x7feee1bfbae8>
                   └ <django.db.models.manager.Manager object at 0x7feed9ed91d0>
  File "/www/server/python_manager/versions/3.6.8/lib/python3.6/site-packages/django/db/models/query.py", line 408, in get
    self.model._meta.object_name
    │    │     │     └ 'Doc'
    │    │     └ <Options for Doc>
    │    └ <class 'app_doc.models.Doc'>
    └ <QuerySet [<Doc: About>, <Doc: 1、算法框架>, <Doc: 1、TDH>, <Doc: 1.1 常用方法>, <Doc: 2、Shell>, <Doc: 2.1 常用命令>, <Doc: 2.2 示例脚本>, <Doc...

app_doc.models.Doc.DoesNotExist: Doc matching query does not exist.
2022-01-18 18:15:51.518 | ERROR    | app_doc.views:doc:1070 - 文集浏览出错
Traceback (most recent call last):
  File "/www/server/python_manager/versions/3.6.8/lib/python3.6/threading.py", line 884, in _bootstrap
    self._bootstrap_inner()
    │    └ <function Thread._bootstrap_inner at 0x7feee6cc2510>
    └ <Thread(Thread-876, started daemon 140663812245248)>
  File "/www/server/python_manager/versions/3.6.8/lib/python3.6/threading.py", line 916, in _bootstrap_inner
    self.run()
    │    └ <function Thread.run at 0x7feee6cc22f0>
    └ <Thread(Thread-876, started daemon 140663812245248)>
  File "/www/server/python_manager/versions/3.6.8/lib/python3.6/threading.py", line 864, in run
    self._target(*self._args, **self._kwargs)
    │    │        │    │        │    └ {}
    │    │        │    │        └ <Thread(Thread-876, started daemon 140663812245248)>
    │    │        │    └ (<socket.socket fd=7, family=AddressFamily.AF_INET, type=SocketKind.SOCK_STREAM, proto=0, laddr=('127.0.0.1', 9200), raddr=('...
    │    │        └ <Thread(Thread-876, started daemon 140663812245248)>
    │    └ <bound method ThreadingMixIn.process_request_thread of <django.core.servers.basehttp.WSGIServer object at 0x7feee228be80>>
    └ <Thread(Thread-876, started daemon 140663812245248)>
  File "/www/server/python_manager/versions/3.6.8/lib/python3.6/socketserver.py", line 654, in process_request_thread
    self.finish_request(request, client_address)
    │    │              │        └ ('127.0.0.1', 35038)
    │    │              └ <socket.socket fd=7, family=AddressFamily.AF_INET, type=SocketKind.SOCK_STREAM, proto=0, laddr=('127.0.0.1', 9200), raddr=('1...
    │    └ <function BaseServer.finish_request at 0x7feee1b2fbf8>
    └ <django.core.servers.basehttp.WSGIServer object at 0x7feee228be80>
  File "/www/server/python_manager/versions/3.6.8/lib/python3.6/socketserver.py", line 364, in finish_request
    self.RequestHandlerClass(request, client_address, self)
    │    │                   │        │               └ <django.core.servers.basehttp.WSGIServer object at 0x7feee228be80>
    │    │                   │        └ ('127.0.0.1', 35038)
    │    │                   └ <socket.socket fd=7, family=AddressFamily.AF_INET, type=SocketKind.SOCK_STREAM, proto=0, laddr=('127.0.0.1', 9200), raddr=('1...
    │    └ <class 'django.core.servers.basehttp.WSGIRequestHandler'>
    └ <django.core.servers.basehttp.WSGIServer object at 0x7feee228be80>
  File "/www/server/python_manager/versions/3.6.8/lib/python3.6/socketserver.py", line 724, in __init__
    self.handle()
    │    └ <function WSGIRequestHandler.handle at 0x7feee0b28d08>
    └ <django.core.servers.basehttp.WSGIRequestHandler object at 0x7feed36c2550>
  File "/www/server/python_manager/versions/3.6.8/lib/python3.6/site-packages/django/core/servers/basehttp.py", line 169, in handle
    self.handle_one_request()
    │    └ <function WSGIRequestHandler.handle_one_request at 0x7feee0b28d90>
    └ <django.core.servers.basehttp.WSGIRequestHandler object at 0x7feed36c2550>
  File "/www/server/python_manager/versions/3.6.8/lib/python3.6/site-packages/django/core/servers/basehttp.py", line 194, in handle_one_request
    handler.run(self.server.get_app())
    │       │   │    │      └ <function WSGIServer.get_app at 0x7feee0b28378>
    │       │   │    └ <django.core.servers.basehttp.WSGIServer object at 0x7feee228be80>
    │       │   └ <django.core.servers.basehttp.WSGIRequestHandler object at 0x7feed36c2550>
    │       └ <function BaseHandler.run at 0x7feee0b240d0>
    └ <django.core.servers.basehttp.ServerHandler object at 0x7feed895b2e8>
  File "/www/server/python_manager/versions/3.6.8/lib/python3.6/wsgiref/handlers.py", line 137, in run
    self.result = application(self.environ, self.start_response)
    │    │        │           │    │        │    └ <function BaseHandler.start_response at 0x7feee0b24400>
    │    │        │           │    │        └ <django.core.servers.basehttp.ServerHandler object at 0x7feed895b2e8>
    │    │        │           │    └ {'LC_ALL': 'en_US.UTF-8', 'LS_COLORS': 'rs=0:di=38;5;33:ln=38;5;51:mh=00:pi=40;38;5;11:so=38;5;13:do=38;5;5:bd=48;5;232;38;5;...
    │    │        │           └ <django.core.servers.basehttp.ServerHandler object at 0x7feed895b2e8>
    │    │        └ <django.core.handlers.wsgi.WSGIHandler object at 0x7feedaa1ea58>
    │    └ None
    └ <django.core.servers.basehttp.ServerHandler object at 0x7feed895b2e8>
  File "/www/server/python_manager/versions/3.6.8/lib/python3.6/site-packages/django/core/handlers/wsgi.py", line 141, in __call__
    response = self.get_response(request)
               │    │            └ <WSGIRequest: GET '/project-21/doc-343/'>
               │    └ <function BaseHandler.get_response at 0x7feee0b6b598>
               └ <django.core.handlers.wsgi.WSGIHandler object at 0x7feedaa1ea58>
  File "/www/server/python_manager/versions/3.6.8/lib/python3.6/site-packages/django/core/handlers/base.py", line 75, in get_response
    response = self._middleware_chain(request)
               │    │                 └ <WSGIRequest: GET '/project-21/doc-343/'>
               │    └ <function convert_exception_to_response.<locals>.inner at 0x7feed9e33b70>
               └ <django.core.handlers.wsgi.WSGIHandler object at 0x7feedaa1ea58>
  File "/www/server/python_manager/versions/3.6.8/lib/python3.6/site-packages/django/core/handlers/exception.py", line 34, in inner
    response = get_response(request)
               │            └ <WSGIRequest: GET '/project-21/doc-343/'>
               └ <django.middleware.security.SecurityMiddleware object at 0x7feed9e3fd68>
  File "/www/server/python_manager/versions/3.6.8/lib/python3.6/site-packages/django/utils/deprecation.py", line 94, in __call__
    response = response or self.get_response(request)
               │           │    │            └ <WSGIRequest: GET '/project-21/doc-343/'>
               │           │    └ <function convert_exception_to_response.<locals>.inner at 0x7feed9e33ae8>
               │           └ <django.middleware.security.SecurityMiddleware object at 0x7feed9e3fd68>
               └ None
  File "/www/server/python_manager/versions/3.6.8/lib/python3.6/site-packages/django/core/handlers/exception.py", line 34, in inner
    response = get_response(request)
               │            └ <WSGIRequest: GET '/project-21/doc-343/'>
               └ <django.contrib.sessions.middleware.SessionMiddleware object at 0x7feed9e3fe10>
  File "/www/server/python_manager/versions/3.6.8/lib/python3.6/site-packages/django/utils/deprecation.py", line 94, in __call__
    response = response or self.get_response(request)
               │           │    │            └ <WSGIRequest: GET '/project-21/doc-343/'>
               │           │    └ <function convert_exception_to_response.<locals>.inner at 0x7feed9e33a60>
               │           └ <django.contrib.sessions.middleware.SessionMiddleware object at 0x7feed9e3fe10>
               └ None
  File "/www/server/python_manager/versions/3.6.8/lib/python3.6/site-packages/django/core/handlers/exception.py", line 34, in inner
    response = get_response(request)
               │            └ <WSGIRequest: GET '/project-21/doc-343/'>
               └ <django.middleware.locale.LocaleMiddleware object at 0x7feed9e4fef0>
  File "/www/server/python_manager/versions/3.6.8/lib/python3.6/site-packages/django/utils/deprecation.py", line 94, in __call__
    response = response or self.get_response(request)
               │           │    │            └ <WSGIRequest: GET '/project-21/doc-343/'>
               │           │    └ <function convert_exception_to_response.<locals>.inner at 0x7feed9e339d8>
               │           └ <django.middleware.locale.LocaleMiddleware object at 0x7feed9e4fef0>
               └ None
  File "/www/server/python_manager/versions/3.6.8/lib/python3.6/site-packages/django/core/handlers/exception.py", line 34, in inner
    response = get_response(request)
               │            └ <WSGIRequest: GET '/project-21/doc-343/'>
               └ <django.middleware.common.CommonMiddleware object at 0x7feedaa2eb70>
  File "/www/server/python_manager/versions/3.6.8/lib/python3.6/site-packages/django/utils/deprecation.py", line 94, in __call__
    response = response or self.get_response(request)
               │           │    │            └ <WSGIRequest: GET '/project-21/doc-343/'>
               │           │    └ <function convert_exception_to_response.<locals>.inner at 0x7feed9e33950>
               │           └ <django.middleware.common.CommonMiddleware object at 0x7feedaa2eb70>
               └ None
  File "/www/server/python_manager/versions/3.6.8/lib/python3.6/site-packages/django/core/handlers/exception.py", line 34, in inner
    response = get_response(request)
               │            └ <WSGIRequest: GET '/project-21/doc-343/'>
               └ <django.middleware.csrf.CsrfViewMiddleware object at 0x7feedaa2eb38>
  File "/www/server/python_manager/versions/3.6.8/lib/python3.6/site-packages/django/utils/deprecation.py", line 94, in __call__
    response = response or self.get_response(request)
               │           │    │            └ <WSGIRequest: GET '/project-21/doc-343/'>
               │           │    └ <function convert_exception_to_response.<locals>.inner at 0x7feed9e338c8>
               │           └ <django.middleware.csrf.CsrfViewMiddleware object at 0x7feedaa2eb38>
               └ None
  File "/www/server/python_manager/versions/3.6.8/lib/python3.6/site-packages/django/core/handlers/exception.py", line 34, in inner
    response = get_response(request)
               │            └ <WSGIRequest: GET '/project-21/doc-343/'>
               └ <django.contrib.auth.middleware.AuthenticationMiddleware object at 0x7feedaa2eb00>
  File "/www/server/python_manager/versions/3.6.8/lib/python3.6/site-packages/django/utils/deprecation.py", line 94, in __call__
    response = response or self.get_response(request)
               │           │    │            └ <WSGIRequest: GET '/project-21/doc-343/'>
               │           │    └ <function convert_exception_to_response.<locals>.inner at 0x7feed9e33840>
               │           └ <django.contrib.auth.middleware.AuthenticationMiddleware object at 0x7feedaa2eb00>
               └ None
  File "/www/server/python_manager/versions/3.6.8/lib/python3.6/site-packages/django/core/handlers/exception.py", line 34, in inner
    response = get_response(request)
               │            └ <WSGIRequest: GET '/project-21/doc-343/'>
               └ <django.contrib.messages.middleware.MessageMiddleware object at 0x7feedaa2ec18>
  File "/www/server/python_manager/versions/3.6.8/lib/python3.6/site-packages/django/utils/deprecation.py", line 94, in __call__
    response = response or self.get_response(request)
               │           │    │            └ <WSGIRequest: GET '/project-21/doc-343/'>
               │           │    └ <function convert_exception_to_response.<locals>.inner at 0x7feed9e337b8>
               │           └ <django.contrib.messages.middleware.MessageMiddleware object at 0x7feedaa2ec18>
               └ None
  File "/www/server/python_manager/versions/3.6.8/lib/python3.6/site-packages/django/core/handlers/exception.py", line 34, in inner
    response = get_response(request)
               │            └ <WSGIRequest: GET '/project-21/doc-343/'>
               └ <django.middleware.clickjacking.XFrameOptionsMiddleware object at 0x7feedb5efe10>
  File "/www/server/python_manager/versions/3.6.8/lib/python3.6/site-packages/django/utils/deprecation.py", line 94, in __call__
    response = response or self.get_response(request)
               │           │    │            └ <WSGIRequest: GET '/project-21/doc-343/'>
               │           │    └ <function convert_exception_to_response.<locals>.inner at 0x7feed9e33730>
               │           └ <django.middleware.clickjacking.XFrameOptionsMiddleware object at 0x7feedb5efe10>
               └ None
  File "/www/server/python_manager/versions/3.6.8/lib/python3.6/site-packages/django/core/handlers/exception.py", line 34, in inner
    response = get_response(request)
               │            └ <WSGIRequest: GET '/project-21/doc-343/'>
               └ <app_admin.middleware.require_login_middleware.RequiredLoginMiddleware object at 0x7feed9e56be0>

  File "/usr/local/projects/MrDoc/app_admin/middleware/require_login_middleware.py", line 35, in __call__
    response = self.get_response(request)
               │    │            └ <WSGIRequest: GET '/project-21/doc-343/'>
               │    └ <function BaseHandler._get_response at 0x7feed9e11c80>
               └ <app_admin.middleware.require_login_middleware.RequiredLoginMiddleware object at 0x7feed9e56be0>

  File "/www/server/python_manager/versions/3.6.8/lib/python3.6/site-packages/django/core/handlers/exception.py", line 34, in inner
    response = get_response(request)
               │            └ <WSGIRequest: GET '/project-21/doc-343/'>
               └ <bound method BaseHandler._get_response of <django.core.handlers.wsgi.WSGIHandler object at 0x7feedaa1ea58>>
  File "/www/server/python_manager/versions/3.6.8/lib/python3.6/site-packages/django/core/handlers/base.py", line 113, in _get_response
    response = wrapped_callback(request, *callback_args, **callback_kwargs)
               │                │         │                └ {'pro_id': 21, 'doc_id': 343}
               │                │         └ ()
               │                └ <WSGIRequest: GET '/project-21/doc-343/'>
               └ <function doc at 0x7feeda8dd6a8>
  File "/www/server/python_manager/versions/3.6.8/lib/python3.6/site-packages/django/views/decorators/http.py", line 40, in inner
    return func(request, *args, **kwargs)
           │    │         │       └ {'pro_id': 21, 'doc_id': 343}
           │    │         └ ()
           │    └ <WSGIRequest: GET '/project-21/doc-343/'>
           └ <function doc at 0x7feeda8dd620>

> File "/usr/local/projects/MrDoc/app_doc/views.py", line 997, in doc
    doc = Doc.objects.get(id=int(doc_id),status__in=[0,1]) # 文档信息
          │   │                  └ 343
          │   └ <django.db.models.manager.ManagerDescriptor object at 0x7feee0c2be80>
          └ <class 'app_doc.models.Doc'>

  File "/www/server/python_manager/versions/3.6.8/lib/python3.6/site-packages/django/db/models/manager.py", line 82, in manager_method
    return getattr(self.get_queryset(), name)(*args, **kwargs)
                   │    │               │      │       └ {'id': 343, 'status__in': [0, 1]}
                   │    │               │      └ ()
                   │    │               └ 'get'
                   │    └ <function BaseManager.get_queryset at 0x7feee1bfbae8>
                   └ <django.db.models.manager.Manager object at 0x7feed9ed91d0>
  File "/www/server/python_manager/versions/3.6.8/lib/python3.6/site-packages/django/db/models/query.py", line 408, in get
    self.model._meta.object_name
    │    │     │     └ 'Doc'
    │    │     └ <Options for Doc>
    │    └ <class 'app_doc.models.Doc'>
    └ <QuerySet [<Doc: About>, <Doc: 1、算法框架>, <Doc: 1、TDH>, <Doc: 1.1 常用方法>, <Doc: 2、Shell>, <Doc: 2.1 常用命令>, <Doc: 2.2 示例脚本>, <Doc...

app_doc.models.Doc.DoesNotExist: Doc matching query does not exist.
2022-01-19 04:26:54.574 | ERROR    | app_doc.views:doc:1070 - 文集浏览出错
Traceback (most recent call last):
  File "/www/server/python_manager/versions/3.6.8/lib/python3.6/threading.py", line 884, in _bootstrap
    self._bootstrap_inner()
    │    └ <function Thread._bootstrap_inner at 0x7feee6cc2510>
    └ <Thread(Thread-932, started daemon 140663812245248)>
  File "/www/server/python_manager/versions/3.6.8/lib/python3.6/threading.py", line 916, in _bootstrap_inner
    self.run()
    │    └ <function Thread.run at 0x7feee6cc22f0>
    └ <Thread(Thread-932, started daemon 140663812245248)>
  File "/www/server/python_manager/versions/3.6.8/lib/python3.6/threading.py", line 864, in run
    self._target(*self._args, **self._kwargs)
    │    │        │    │        │    └ {}
    │    │        │    │        └ <Thread(Thread-932, started daemon 140663812245248)>
    │    │        │    └ (<socket.socket fd=7, family=AddressFamily.AF_INET, type=SocketKind.SOCK_STREAM, proto=0, laddr=('127.0.0.1', 9200), raddr=('...
    │    │        └ <Thread(Thread-932, started daemon 140663812245248)>
    │    └ <bound method ThreadingMixIn.process_request_thread of <django.core.servers.basehttp.WSGIServer object at 0x7feee228be80>>
    └ <Thread(Thread-932, started daemon 140663812245248)>
  File "/www/server/python_manager/versions/3.6.8/lib/python3.6/socketserver.py", line 654, in process_request_thread
    self.finish_request(request, client_address)
    │    │              │        └ ('127.0.0.1', 35478)
    │    │              └ <socket.socket fd=7, family=AddressFamily.AF_INET, type=SocketKind.SOCK_STREAM, proto=0, laddr=('127.0.0.1', 9200), raddr=('1...
    │    └ <function BaseServer.finish_request at 0x7feee1b2fbf8>
    └ <django.core.servers.basehttp.WSGIServer object at 0x7feee228be80>
  File "/www/server/python_manager/versions/3.6.8/lib/python3.6/socketserver.py", line 364, in finish_request
    self.RequestHandlerClass(request, client_address, self)
    │    │                   │        │               └ <django.core.servers.basehttp.WSGIServer object at 0x7feee228be80>
    │    │                   │        └ ('127.0.0.1', 35478)
    │    │                   └ <socket.socket fd=7, family=AddressFamily.AF_INET, type=SocketKind.SOCK_STREAM, proto=0, laddr=('127.0.0.1', 9200), raddr=('1...
    │    └ <class 'django.core.servers.basehttp.WSGIRequestHandler'>
    └ <django.core.servers.basehttp.WSGIServer object at 0x7feee228be80>
  File "/www/server/python_manager/versions/3.6.8/lib/python3.6/socketserver.py", line 724, in __init__
    self.handle()
    │    └ <function WSGIRequestHandler.handle at 0x7feee0b28d08>
    └ <django.core.servers.basehttp.WSGIRequestHandler object at 0x7feed36a05f8>
  File "/www/server/python_manager/versions/3.6.8/lib/python3.6/site-packages/django/core/servers/basehttp.py", line 169, in handle
    self.handle_one_request()
    │    └ <function WSGIRequestHandler.handle_one_request at 0x7feee0b28d90>
    └ <django.core.servers.basehttp.WSGIRequestHandler object at 0x7feed36a05f8>
  File "/www/server/python_manager/versions/3.6.8/lib/python3.6/site-packages/django/core/servers/basehttp.py", line 194, in handle_one_request
    handler.run(self.server.get_app())
    │       │   │    │      └ <function WSGIServer.get_app at 0x7feee0b28378>
    │       │   │    └ <django.core.servers.basehttp.WSGIServer object at 0x7feee228be80>
    │       │   └ <django.core.servers.basehttp.WSGIRequestHandler object at 0x7feed36a05f8>
    │       └ <function BaseHandler.run at 0x7feee0b240d0>
    └ <django.core.servers.basehttp.ServerHandler object at 0x7feed36c2550>
  File "/www/server/python_manager/versions/3.6.8/lib/python3.6/wsgiref/handlers.py", line 137, in run
    self.result = application(self.environ, self.start_response)
    │    │        │           │    │        │    └ <function BaseHandler.start_response at 0x7feee0b24400>
    │    │        │           │    │        └ <django.core.servers.basehttp.ServerHandler object at 0x7feed36c2550>
    │    │        │           │    └ {'LC_ALL': 'en_US.UTF-8', 'LS_COLORS': 'rs=0:di=38;5;33:ln=38;5;51:mh=00:pi=40;38;5;11:so=38;5;13:do=38;5;5:bd=48;5;232;38;5;...
    │    │        │           └ <django.core.servers.basehttp.ServerHandler object at 0x7feed36c2550>
    │    │        └ <django.core.handlers.wsgi.WSGIHandler object at 0x7feedaa1ea58>
    │    └ None
    └ <django.core.servers.basehttp.ServerHandler object at 0x7feed36c2550>
  File "/www/server/python_manager/versions/3.6.8/lib/python3.6/site-packages/django/core/handlers/wsgi.py", line 141, in __call__
    response = self.get_response(request)
               │    │            └ <WSGIRequest: GET '/project-34/doc-512/'>
               │    └ <function BaseHandler.get_response at 0x7feee0b6b598>
               └ <django.core.handlers.wsgi.WSGIHandler object at 0x7feedaa1ea58>
  File "/www/server/python_manager/versions/3.6.8/lib/python3.6/site-packages/django/core/handlers/base.py", line 75, in get_response
    response = self._middleware_chain(request)
               │    │                 └ <WSGIRequest: GET '/project-34/doc-512/'>
               │    └ <function convert_exception_to_response.<locals>.inner at 0x7feed9e33b70>
               └ <django.core.handlers.wsgi.WSGIHandler object at 0x7feedaa1ea58>
  File "/www/server/python_manager/versions/3.6.8/lib/python3.6/site-packages/django/core/handlers/exception.py", line 34, in inner
    response = get_response(request)
               │            └ <WSGIRequest: GET '/project-34/doc-512/'>
               └ <django.middleware.security.SecurityMiddleware object at 0x7feed9e3fd68>
  File "/www/server/python_manager/versions/3.6.8/lib/python3.6/site-packages/django/utils/deprecation.py", line 94, in __call__
    response = response or self.get_response(request)
               │           │    │            └ <WSGIRequest: GET '/project-34/doc-512/'>
               │           │    └ <function convert_exception_to_response.<locals>.inner at 0x7feed9e33ae8>
               │           └ <django.middleware.security.SecurityMiddleware object at 0x7feed9e3fd68>
               └ None
  File "/www/server/python_manager/versions/3.6.8/lib/python3.6/site-packages/django/core/handlers/exception.py", line 34, in inner
    response = get_response(request)
               │            └ <WSGIRequest: GET '/project-34/doc-512/'>
               └ <django.contrib.sessions.middleware.SessionMiddleware object at 0x7feed9e3fe10>
  File "/www/server/python_manager/versions/3.6.8/lib/python3.6/site-packages/django/utils/deprecation.py", line 94, in __call__
    response = response or self.get_response(request)
               │           │    │            └ <WSGIRequest: GET '/project-34/doc-512/'>
               │           │    └ <function convert_exception_to_response.<locals>.inner at 0x7feed9e33a60>
               │           └ <django.contrib.sessions.middleware.SessionMiddleware object at 0x7feed9e3fe10>
               └ None
  File "/www/server/python_manager/versions/3.6.8/lib/python3.6/site-packages/django/core/handlers/exception.py", line 34, in inner
    response = get_response(request)
               │            └ <WSGIRequest: GET '/project-34/doc-512/'>
               └ <django.middleware.locale.LocaleMiddleware object at 0x7feed9e4fef0>
  File "/www/server/python_manager/versions/3.6.8/lib/python3.6/site-packages/django/utils/deprecation.py", line 94, in __call__
    response = response or self.get_response(request)
               │           │    │            └ <WSGIRequest: GET '/project-34/doc-512/'>
               │           │    └ <function convert_exception_to_response.<locals>.inner at 0x7feed9e339d8>
               │           └ <django.middleware.locale.LocaleMiddleware object at 0x7feed9e4fef0>
               └ None
  File "/www/server/python_manager/versions/3.6.8/lib/python3.6/site-packages/django/core/handlers/exception.py", line 34, in inner
    response = get_response(request)
               │            └ <WSGIRequest: GET '/project-34/doc-512/'>
               └ <django.middleware.common.CommonMiddleware object at 0x7feedaa2eb70>
  File "/www/server/python_manager/versions/3.6.8/lib/python3.6/site-packages/django/utils/deprecation.py", line 94, in __call__
    response = response or self.get_response(request)
               │           │    │            └ <WSGIRequest: GET '/project-34/doc-512/'>
               │           │    └ <function convert_exception_to_response.<locals>.inner at 0x7feed9e33950>
               │           └ <django.middleware.common.CommonMiddleware object at 0x7feedaa2eb70>
               └ None
  File "/www/server/python_manager/versions/3.6.8/lib/python3.6/site-packages/django/core/handlers/exception.py", line 34, in inner
    response = get_response(request)
               │            └ <WSGIRequest: GET '/project-34/doc-512/'>
               └ <django.middleware.csrf.CsrfViewMiddleware object at 0x7feedaa2eb38>
  File "/www/server/python_manager/versions/3.6.8/lib/python3.6/site-packages/django/utils/deprecation.py", line 94, in __call__
    response = response or self.get_response(request)
               │           │    │            └ <WSGIRequest: GET '/project-34/doc-512/'>
               │           │    └ <function convert_exception_to_response.<locals>.inner at 0x7feed9e338c8>
               │           └ <django.middleware.csrf.CsrfViewMiddleware object at 0x7feedaa2eb38>
               └ None
  File "/www/server/python_manager/versions/3.6.8/lib/python3.6/site-packages/django/core/handlers/exception.py", line 34, in inner
    response = get_response(request)
               │            └ <WSGIRequest: GET '/project-34/doc-512/'>
               └ <django.contrib.auth.middleware.AuthenticationMiddleware object at 0x7feedaa2eb00>
  File "/www/server/python_manager/versions/3.6.8/lib/python3.6/site-packages/django/utils/deprecation.py", line 94, in __call__
    response = response or self.get_response(request)
               │           │    │            └ <WSGIRequest: GET '/project-34/doc-512/'>
               │           │    └ <function convert_exception_to_response.<locals>.inner at 0x7feed9e33840>
               │           └ <django.contrib.auth.middleware.AuthenticationMiddleware object at 0x7feedaa2eb00>
               └ None
  File "/www/server/python_manager/versions/3.6.8/lib/python3.6/site-packages/django/core/handlers/exception.py", line 34, in inner
    response = get_response(request)
               │            └ <WSGIRequest: GET '/project-34/doc-512/'>
               └ <django.contrib.messages.middleware.MessageMiddleware object at 0x7feedaa2ec18>
  File "/www/server/python_manager/versions/3.6.8/lib/python3.6/site-packages/django/utils/deprecation.py", line 94, in __call__
    response = response or self.get_response(request)
               │           │    │            └ <WSGIRequest: GET '/project-34/doc-512/'>
               │           │    └ <function convert_exception_to_response.<locals>.inner at 0x7feed9e337b8>
               │           └ <django.contrib.messages.middleware.MessageMiddleware object at 0x7feedaa2ec18>
               └ None
  File "/www/server/python_manager/versions/3.6.8/lib/python3.6/site-packages/django/core/handlers/exception.py", line 34, in inner
    response = get_response(request)
               │            └ <WSGIRequest: GET '/project-34/doc-512/'>
               └ <django.middleware.clickjacking.XFrameOptionsMiddleware object at 0x7feedb5efe10>
  File "/www/server/python_manager/versions/3.6.8/lib/python3.6/site-packages/django/utils/deprecation.py", line 94, in __call__
    response = response or self.get_response(request)
               │           │    │            └ <WSGIRequest: GET '/project-34/doc-512/'>
               │           │    └ <function convert_exception_to_response.<locals>.inner at 0x7feed9e33730>
               │           └ <django.middleware.clickjacking.XFrameOptionsMiddleware object at 0x7feedb5efe10>
               └ None
  File "/www/server/python_manager/versions/3.6.8/lib/python3.6/site-packages/django/core/handlers/exception.py", line 34, in inner
    response = get_response(request)
               │            └ <WSGIRequest: GET '/project-34/doc-512/'>
               └ <app_admin.middleware.require_login_middleware.RequiredLoginMiddleware object at 0x7feed9e56be0>

  File "/usr/local/projects/MrDoc/app_admin/middleware/require_login_middleware.py", line 35, in __call__
    response = self.get_response(request)
               │    │            └ <WSGIRequest: GET '/project-34/doc-512/'>
               │    └ <function BaseHandler._get_response at 0x7feed9e11c80>
               └ <app_admin.middleware.require_login_middleware.RequiredLoginMiddleware object at 0x7feed9e56be0>

  File "/www/server/python_manager/versions/3.6.8/lib/python3.6/site-packages/django/core/handlers/exception.py", line 34, in inner
    response = get_response(request)
               │            └ <WSGIRequest: GET '/project-34/doc-512/'>
               └ <bound method BaseHandler._get_response of <django.core.handlers.wsgi.WSGIHandler object at 0x7feedaa1ea58>>
  File "/www/server/python_manager/versions/3.6.8/lib/python3.6/site-packages/django/core/handlers/base.py", line 113, in _get_response
    response = wrapped_callback(request, *callback_args, **callback_kwargs)
               │                │         │                └ {'pro_id': 34, 'doc_id': 512}
               │                │         └ ()
               │                └ <WSGIRequest: GET '/project-34/doc-512/'>
               └ <function doc at 0x7feeda8dd6a8>
  File "/www/server/python_manager/versions/3.6.8/lib/python3.6/site-packages/django/views/decorators/http.py", line 40, in inner
    return func(request, *args, **kwargs)
           │    │         │       └ {'pro_id': 34, 'doc_id': 512}
           │    │         └ ()
           │    └ <WSGIRequest: GET '/project-34/doc-512/'>
           └ <function doc at 0x7feeda8dd620>

> File "/usr/local/projects/MrDoc/app_doc/views.py", line 997, in doc
    doc = Doc.objects.get(id=int(doc_id),status__in=[0,1]) # 文档信息
          │   │                  └ 512
          │   └ <django.db.models.manager.ManagerDescriptor object at 0x7feee0c2be80>
          └ <class 'app_doc.models.Doc'>

  File "/www/server/python_manager/versions/3.6.8/lib/python3.6/site-packages/django/db/models/manager.py", line 82, in manager_method
    return getattr(self.get_queryset(), name)(*args, **kwargs)
                   │    │               │      │       └ {'id': 512, 'status__in': [0, 1]}
                   │    │               │      └ ()
                   │    │               └ 'get'
                   │    └ <function BaseManager.get_queryset at 0x7feee1bfbae8>
                   └ <django.db.models.manager.Manager object at 0x7feed9ed91d0>
  File "/www/server/python_manager/versions/3.6.8/lib/python3.6/site-packages/django/db/models/query.py", line 408, in get
    self.model._meta.object_name
    │    │     │     └ 'Doc'
    │    │     └ <Options for Doc>
    │    └ <class 'app_doc.models.Doc'>
    └ <QuerySet [<Doc: About>, <Doc: 1、算法框架>, <Doc: 1、TDH>, <Doc: 1.1 常用方法>, <Doc: 2、Shell>, <Doc: 2.1 常用命令>, <Doc: 2.2 示例脚本>, <Doc...

app_doc.models.Doc.DoesNotExist: Doc matching query does not exist.
