2022-03-09 17:48:32.697 | ERROR    | app_doc.views:doc:1070 - 文集浏览出错
Traceback (most recent call last):
  File "/www/server/python_manager/versions/3.6.8/lib/python3.6/threading.py", line 884, in _bootstrap
    self._bootstrap_inner()
    │    └ <function Thread._bootstrap_inner at 0x7f7085956510>
    └ <Thread(Thread-5216, started daemon 140118013675264)>
  File "/www/server/python_manager/versions/3.6.8/lib/python3.6/threading.py", line 916, in _bootstrap_inner
    self.run()
    │    └ <function Thread.run at 0x7f70859562f0>
    └ <Thread(Thread-5216, started daemon 140118013675264)>
  File "/www/server/python_manager/versions/3.6.8/lib/python3.6/threading.py", line 864, in run
    self._target(*self._args, **self._kwargs)
    │    │        │    │        │    └ {}
    │    │        │    │        └ <Thread(Thread-5216, started daemon 140118013675264)>
    │    │        │    └ (<socket.socket fd=289, family=AddressFamily.AF_INET, type=SocketKind.SOCK_STREAM, proto=0, laddr=('127.0.0.1', 9200), raddr=...
    │    │        └ <Thread(Thread-5216, started daemon 140118013675264)>
    │    └ <bound method ThreadingMixIn.process_request_thread of <django.core.servers.basehttp.WSGIServer object at 0x7f7080f2c0b8>>
    └ <Thread(Thread-5216, started daemon 140118013675264)>
  File "/www/server/python_manager/versions/3.6.8/lib/python3.6/socketserver.py", line 654, in process_request_thread
    self.finish_request(request, client_address)
    │    │              │        └ ('127.0.0.1', 36976)
    │    │              └ <socket.socket fd=289, family=AddressFamily.AF_INET, type=SocketKind.SOCK_STREAM, proto=0, laddr=('127.0.0.1', 9200), raddr=(...
    │    └ <function BaseServer.finish_request at 0x7f70807c6bf8>
    └ <django.core.servers.basehttp.WSGIServer object at 0x7f7080f2c0b8>
  File "/www/server/python_manager/versions/3.6.8/lib/python3.6/socketserver.py", line 364, in finish_request
    self.RequestHandlerClass(request, client_address, self)
    │    │                   │        │               └ <django.core.servers.basehttp.WSGIServer object at 0x7f7080f2c0b8>
    │    │                   │        └ ('127.0.0.1', 36976)
    │    │                   └ <socket.socket fd=289, family=AddressFamily.AF_INET, type=SocketKind.SOCK_STREAM, proto=0, laddr=('127.0.0.1', 9200), raddr=(...
    │    └ <class 'django.core.servers.basehttp.WSGIRequestHandler'>
    └ <django.core.servers.basehttp.WSGIServer object at 0x7f7080f2c0b8>
  File "/www/server/python_manager/versions/3.6.8/lib/python3.6/socketserver.py", line 724, in __init__
    self.handle()
    │    └ <function WSGIRequestHandler.handle at 0x7f707f7c5bf8>
    └ <django.core.servers.basehttp.WSGIRequestHandler object at 0x7f7080460cc0>
  File "/www/server/python_manager/versions/3.6.8/lib/python3.6/site-packages/django/core/servers/basehttp.py", line 169, in handle
    self.handle_one_request()
    │    └ <function WSGIRequestHandler.handle_one_request at 0x7f707f7c5c80>
    └ <django.core.servers.basehttp.WSGIRequestHandler object at 0x7f7080460cc0>
  File "/www/server/python_manager/versions/3.6.8/lib/python3.6/site-packages/django/core/servers/basehttp.py", line 194, in handle_one_request
    handler.run(self.server.get_app())
    │       │   │    │      └ <function WSGIServer.get_app at 0x7f707f7c5268>
    │       │   │    └ <django.core.servers.basehttp.WSGIServer object at 0x7f7080f2c0b8>
    │       │   └ <django.core.servers.basehttp.WSGIRequestHandler object at 0x7f7080460cc0>
    │       └ <function BaseHandler.run at 0x7f707f7baf28>
    └ <django.core.servers.basehttp.ServerHandler object at 0x7f7080409828>
  File "/www/server/python_manager/versions/3.6.8/lib/python3.6/wsgiref/handlers.py", line 137, in run
    self.result = application(self.environ, self.start_response)
    │    │        │           │    │        │    └ <function BaseHandler.start_response at 0x7f707f7c12f0>
    │    │        │           │    │        └ <django.core.servers.basehttp.ServerHandler object at 0x7f7080409828>
    │    │        │           │    └ {'LC_ALL': 'en_US.UTF-8', 'LS_COLORS': 'rs=0:di=38;5;33:ln=38;5;51:mh=00:pi=40;38;5;11:so=38;5;13:do=38;5;5:bd=48;5;232;38;5;...
    │    │        │           └ <django.core.servers.basehttp.ServerHandler object at 0x7f7080409828>
    │    │        └ <django.core.handlers.wsgi.WSGIHandler object at 0x7f707d6d8f60>
    │    └ None
    └ <django.core.servers.basehttp.ServerHandler object at 0x7f7080409828>
  File "/www/server/python_manager/versions/3.6.8/lib/python3.6/site-packages/django/core/handlers/wsgi.py", line 141, in __call__
    response = self.get_response(request)
               │    │            └ <WSGIRequest: GET '/project-21/doc-777/'>
               │    └ <function BaseHandler.get_response at 0x7f707f807488>
               └ <django.core.handlers.wsgi.WSGIHandler object at 0x7f707d6d8f60>
  File "/www/server/python_manager/versions/3.6.8/lib/python3.6/site-packages/django/core/handlers/base.py", line 75, in get_response
    response = self._middleware_chain(request)
               │    │                 └ <WSGIRequest: GET '/project-21/doc-777/'>
               │    └ <function convert_exception_to_response.<locals>.inner at 0x7f707ca91bf8>
               └ <django.core.handlers.wsgi.WSGIHandler object at 0x7f707d6d8f60>
  File "/www/server/python_manager/versions/3.6.8/lib/python3.6/site-packages/django/core/handlers/exception.py", line 34, in inner
    response = get_response(request)
               │            └ <WSGIRequest: GET '/project-21/doc-777/'>
               └ <django.middleware.security.SecurityMiddleware object at 0x7f707cac18d0>
  File "/www/server/python_manager/versions/3.6.8/lib/python3.6/site-packages/django/utils/deprecation.py", line 94, in __call__
    response = response or self.get_response(request)
               │           │    │            └ <WSGIRequest: GET '/project-21/doc-777/'>
               │           │    └ <function convert_exception_to_response.<locals>.inner at 0x7f707ca91b70>
               │           └ <django.middleware.security.SecurityMiddleware object at 0x7f707cac18d0>
               └ None
  File "/www/server/python_manager/versions/3.6.8/lib/python3.6/site-packages/django/core/handlers/exception.py", line 34, in inner
    response = get_response(request)
               │            └ <WSGIRequest: GET '/project-21/doc-777/'>
               └ <django.contrib.sessions.middleware.SessionMiddleware object at 0x7f707cac1908>
  File "/www/server/python_manager/versions/3.6.8/lib/python3.6/site-packages/django/utils/deprecation.py", line 94, in __call__
    response = response or self.get_response(request)
               │           │    │            └ <WSGIRequest: GET '/project-21/doc-777/'>
               │           │    └ <function convert_exception_to_response.<locals>.inner at 0x7f707ca91ae8>
               │           └ <django.contrib.sessions.middleware.SessionMiddleware object at 0x7f707cac1908>
               └ None
  File "/www/server/python_manager/versions/3.6.8/lib/python3.6/site-packages/django/core/handlers/exception.py", line 34, in inner
    response = get_response(request)
               │            └ <WSGIRequest: GET '/project-21/doc-777/'>
               └ <django.middleware.locale.LocaleMiddleware object at 0x7f707cac1c88>
  File "/www/server/python_manager/versions/3.6.8/lib/python3.6/site-packages/django/utils/deprecation.py", line 94, in __call__
    response = response or self.get_response(request)
               │           │    │            └ <WSGIRequest: GET '/project-21/doc-777/'>
               │           │    └ <function convert_exception_to_response.<locals>.inner at 0x7f707ca91a60>
               │           └ <django.middleware.locale.LocaleMiddleware object at 0x7f707cac1c88>
               └ None
  File "/www/server/python_manager/versions/3.6.8/lib/python3.6/site-packages/django/core/handlers/exception.py", line 34, in inner
    response = get_response(request)
               │            └ <WSGIRequest: GET '/project-21/doc-777/'>
               └ <django.middleware.common.CommonMiddleware object at 0x7f707d672198>
  File "/www/server/python_manager/versions/3.6.8/lib/python3.6/site-packages/django/utils/deprecation.py", line 94, in __call__
    response = response or self.get_response(request)
               │           │    │            └ <WSGIRequest: GET '/project-21/doc-777/'>
               │           │    └ <function convert_exception_to_response.<locals>.inner at 0x7f707ca919d8>
               │           └ <django.middleware.common.CommonMiddleware object at 0x7f707d672198>
               └ None
  File "/www/server/python_manager/versions/3.6.8/lib/python3.6/site-packages/django/core/handlers/exception.py", line 34, in inner
    response = get_response(request)
               │            └ <WSGIRequest: GET '/project-21/doc-777/'>
               └ <django.middleware.csrf.CsrfViewMiddleware object at 0x7f707d672128>
  File "/www/server/python_manager/versions/3.6.8/lib/python3.6/site-packages/django/utils/deprecation.py", line 94, in __call__
    response = response or self.get_response(request)
               │           │    │            └ <WSGIRequest: GET '/project-21/doc-777/'>
               │           │    └ <function convert_exception_to_response.<locals>.inner at 0x7f707ca91950>
               │           └ <django.middleware.csrf.CsrfViewMiddleware object at 0x7f707d672128>
               └ None
  File "/www/server/python_manager/versions/3.6.8/lib/python3.6/site-packages/django/core/handlers/exception.py", line 34, in inner
    response = get_response(request)
               │            └ <WSGIRequest: GET '/project-21/doc-777/'>
               └ <django.contrib.auth.middleware.AuthenticationMiddleware object at 0x7f707d672160>
  File "/www/server/python_manager/versions/3.6.8/lib/python3.6/site-packages/django/utils/deprecation.py", line 94, in __call__
    response = response or self.get_response(request)
               │           │    │            └ <WSGIRequest: GET '/project-21/doc-777/'>
               │           │    └ <function convert_exception_to_response.<locals>.inner at 0x7f707ca918c8>
               │           └ <django.contrib.auth.middleware.AuthenticationMiddleware object at 0x7f707d672160>
               └ None
  File "/www/server/python_manager/versions/3.6.8/lib/python3.6/site-packages/django/core/handlers/exception.py", line 34, in inner
    response = get_response(request)
               │            └ <WSGIRequest: GET '/project-21/doc-777/'>
               └ <django.contrib.messages.middleware.MessageMiddleware object at 0x7f707cace6a0>
  File "/www/server/python_manager/versions/3.6.8/lib/python3.6/site-packages/django/utils/deprecation.py", line 94, in __call__
    response = response or self.get_response(request)
               │           │    │            └ <WSGIRequest: GET '/project-21/doc-777/'>
               │           │    └ <function convert_exception_to_response.<locals>.inner at 0x7f707ca91840>
               │           └ <django.contrib.messages.middleware.MessageMiddleware object at 0x7f707cace6a0>
               └ None
  File "/www/server/python_manager/versions/3.6.8/lib/python3.6/site-packages/django/core/handlers/exception.py", line 34, in inner
    response = get_response(request)
               │            └ <WSGIRequest: GET '/project-21/doc-777/'>
               └ <django.middleware.clickjacking.XFrameOptionsMiddleware object at 0x7f707cacec18>
  File "/www/server/python_manager/versions/3.6.8/lib/python3.6/site-packages/django/utils/deprecation.py", line 94, in __call__
    response = response or self.get_response(request)
               │           │    │            └ <WSGIRequest: GET '/project-21/doc-777/'>
               │           │    └ <function convert_exception_to_response.<locals>.inner at 0x7f707ca917b8>
               │           └ <django.middleware.clickjacking.XFrameOptionsMiddleware object at 0x7f707cacec18>
               └ None
  File "/www/server/python_manager/versions/3.6.8/lib/python3.6/site-packages/django/core/handlers/exception.py", line 34, in inner
    response = get_response(request)
               │            └ <WSGIRequest: GET '/project-21/doc-777/'>
               └ <app_admin.middleware.require_login_middleware.RequiredLoginMiddleware object at 0x7f707e369160>

  File "/usr/local/projects/MrDoc/app_admin/middleware/require_login_middleware.py", line 35, in __call__
    response = self.get_response(request)
               │    │            └ <WSGIRequest: GET '/project-21/doc-777/'>
               │    └ <function BaseHandler._get_response at 0x7f707caebea0>
               └ <app_admin.middleware.require_login_middleware.RequiredLoginMiddleware object at 0x7f707e369160>

  File "/www/server/python_manager/versions/3.6.8/lib/python3.6/site-packages/django/core/handlers/exception.py", line 34, in inner
    response = get_response(request)
               │            └ <WSGIRequest: GET '/project-21/doc-777/'>
               └ <bound method BaseHandler._get_response of <django.core.handlers.wsgi.WSGIHandler object at 0x7f707d6d8f60>>
  File "/www/server/python_manager/versions/3.6.8/lib/python3.6/site-packages/django/core/handlers/base.py", line 113, in _get_response
    response = wrapped_callback(request, *callback_args, **callback_kwargs)
               │                │         │                └ {'pro_id': 21, 'doc_id': 777}
               │                │         └ ()
               │                └ <WSGIRequest: GET '/project-21/doc-777/'>
               └ <function doc at 0x7f707d599598>
  File "/www/server/python_manager/versions/3.6.8/lib/python3.6/site-packages/django/views/decorators/http.py", line 40, in inner
    return func(request, *args, **kwargs)
           │    │         │       └ {'pro_id': 21, 'doc_id': 777}
           │    │         └ ()
           │    └ <WSGIRequest: GET '/project-21/doc-777/'>
           └ <function doc at 0x7f707d599510>

> File "/usr/local/projects/MrDoc/app_doc/views.py", line 997, in doc
    doc = Doc.objects.get(id=int(doc_id),status__in=[0,1]) # 文档信息
          │   │                  └ 777
          │   └ <django.db.models.manager.ManagerDescriptor object at 0x7f707f8cc1d0>
          └ <class 'app_doc.models.Doc'>

  File "/www/server/python_manager/versions/3.6.8/lib/python3.6/site-packages/django/db/models/manager.py", line 82, in manager_method
    return getattr(self.get_queryset(), name)(*args, **kwargs)
                   │    │               │      │       └ {'id': 777, 'status__in': [0, 1]}
                   │    │               │      └ ()
                   │    │               └ 'get'
                   │    └ <function BaseManager.get_queryset at 0x7f7080890ae8>
                   └ <django.db.models.manager.Manager object at 0x7f707cb3bac8>
  File "/www/server/python_manager/versions/3.6.8/lib/python3.6/site-packages/django/db/models/query.py", line 408, in get
    self.model._meta.object_name
    │    │     │     └ 'Doc'
    │    │     └ <Options for Doc>
    │    └ <class 'app_doc.models.Doc'>
    └ <QuerySet [<Doc: About>, <Doc: 1、算法框架>, <Doc: 1、TDH>, <Doc: 1.1 常用方法>, <Doc: 2、Shell>, <Doc: 2.1 常用命令>, <Doc: 2.2 示例脚本>, <Doc...

app_doc.models.Doc.DoesNotExist: Doc matching query does not exist.
2022-03-09 17:55:27.038 | ERROR    | app_doc.views:doc:1070 - 文集浏览出错
Traceback (most recent call last):
  File "/www/server/python_manager/versions/3.6.8/lib/python3.6/threading.py", line 884, in _bootstrap
    self._bootstrap_inner()
    │    └ <function Thread._bootstrap_inner at 0x7f7085956510>
    └ <Thread(Thread-5217, started daemon 140118013675264)>
  File "/www/server/python_manager/versions/3.6.8/lib/python3.6/threading.py", line 916, in _bootstrap_inner
    self.run()
    │    └ <function Thread.run at 0x7f70859562f0>
    └ <Thread(Thread-5217, started daemon 140118013675264)>
  File "/www/server/python_manager/versions/3.6.8/lib/python3.6/threading.py", line 864, in run
    self._target(*self._args, **self._kwargs)
    │    │        │    │        │    └ {}
    │    │        │    │        └ <Thread(Thread-5217, started daemon 140118013675264)>
    │    │        │    └ (<socket.socket fd=289, family=AddressFamily.AF_INET, type=SocketKind.SOCK_STREAM, proto=0, laddr=('127.0.0.1', 9200), raddr=...
    │    │        └ <Thread(Thread-5217, started daemon 140118013675264)>
    │    └ <bound method ThreadingMixIn.process_request_thread of <django.core.servers.basehttp.WSGIServer object at 0x7f7080f2c0b8>>
    └ <Thread(Thread-5217, started daemon 140118013675264)>
  File "/www/server/python_manager/versions/3.6.8/lib/python3.6/socketserver.py", line 654, in process_request_thread
    self.finish_request(request, client_address)
    │    │              │        └ ('127.0.0.1', 37144)
    │    │              └ <socket.socket fd=289, family=AddressFamily.AF_INET, type=SocketKind.SOCK_STREAM, proto=0, laddr=('127.0.0.1', 9200), raddr=(...
    │    └ <function BaseServer.finish_request at 0x7f70807c6bf8>
    └ <django.core.servers.basehttp.WSGIServer object at 0x7f7080f2c0b8>
  File "/www/server/python_manager/versions/3.6.8/lib/python3.6/socketserver.py", line 364, in finish_request
    self.RequestHandlerClass(request, client_address, self)
    │    │                   │        │               └ <django.core.servers.basehttp.WSGIServer object at 0x7f7080f2c0b8>
    │    │                   │        └ ('127.0.0.1', 37144)
    │    │                   └ <socket.socket fd=289, family=AddressFamily.AF_INET, type=SocketKind.SOCK_STREAM, proto=0, laddr=('127.0.0.1', 9200), raddr=(...
    │    └ <class 'django.core.servers.basehttp.WSGIRequestHandler'>
    └ <django.core.servers.basehttp.WSGIServer object at 0x7f7080f2c0b8>
  File "/www/server/python_manager/versions/3.6.8/lib/python3.6/socketserver.py", line 724, in __init__
    self.handle()
    │    └ <function WSGIRequestHandler.handle at 0x7f707f7c5bf8>
    └ <django.core.servers.basehttp.WSGIRequestHandler object at 0x7f7080460cc0>
  File "/www/server/python_manager/versions/3.6.8/lib/python3.6/site-packages/django/core/servers/basehttp.py", line 169, in handle
    self.handle_one_request()
    │    └ <function WSGIRequestHandler.handle_one_request at 0x7f707f7c5c80>
    └ <django.core.servers.basehttp.WSGIRequestHandler object at 0x7f7080460cc0>
  File "/www/server/python_manager/versions/3.6.8/lib/python3.6/site-packages/django/core/servers/basehttp.py", line 194, in handle_one_request
    handler.run(self.server.get_app())
    │       │   │    │      └ <function WSGIServer.get_app at 0x7f707f7c5268>
    │       │   │    └ <django.core.servers.basehttp.WSGIServer object at 0x7f7080f2c0b8>
    │       │   └ <django.core.servers.basehttp.WSGIRequestHandler object at 0x7f7080460cc0>
    │       └ <function BaseHandler.run at 0x7f707f7baf28>
    └ <django.core.servers.basehttp.ServerHandler object at 0x7f7080409860>
  File "/www/server/python_manager/versions/3.6.8/lib/python3.6/wsgiref/handlers.py", line 137, in run
    self.result = application(self.environ, self.start_response)
    │    │        │           │    │        │    └ <function BaseHandler.start_response at 0x7f707f7c12f0>
    │    │        │           │    │        └ <django.core.servers.basehttp.ServerHandler object at 0x7f7080409860>
    │    │        │           │    └ {'LC_ALL': 'en_US.UTF-8', 'LS_COLORS': 'rs=0:di=38;5;33:ln=38;5;51:mh=00:pi=40;38;5;11:so=38;5;13:do=38;5;5:bd=48;5;232;38;5;...
    │    │        │           └ <django.core.servers.basehttp.ServerHandler object at 0x7f7080409860>
    │    │        └ <django.core.handlers.wsgi.WSGIHandler object at 0x7f707d6d8f60>
    │    └ None
    └ <django.core.servers.basehttp.ServerHandler object at 0x7f7080409860>
  File "/www/server/python_manager/versions/3.6.8/lib/python3.6/site-packages/django/core/handlers/wsgi.py", line 141, in __call__
    response = self.get_response(request)
               │    │            └ <WSGIRequest: GET '/project-21/doc-777/'>
               │    └ <function BaseHandler.get_response at 0x7f707f807488>
               └ <django.core.handlers.wsgi.WSGIHandler object at 0x7f707d6d8f60>
  File "/www/server/python_manager/versions/3.6.8/lib/python3.6/site-packages/django/core/handlers/base.py", line 75, in get_response
    response = self._middleware_chain(request)
               │    │                 └ <WSGIRequest: GET '/project-21/doc-777/'>
               │    └ <function convert_exception_to_response.<locals>.inner at 0x7f707ca91bf8>
               └ <django.core.handlers.wsgi.WSGIHandler object at 0x7f707d6d8f60>
  File "/www/server/python_manager/versions/3.6.8/lib/python3.6/site-packages/django/core/handlers/exception.py", line 34, in inner
    response = get_response(request)
               │            └ <WSGIRequest: GET '/project-21/doc-777/'>
               └ <django.middleware.security.SecurityMiddleware object at 0x7f707cac18d0>
  File "/www/server/python_manager/versions/3.6.8/lib/python3.6/site-packages/django/utils/deprecation.py", line 94, in __call__
    response = response or self.get_response(request)
               │           │    │            └ <WSGIRequest: GET '/project-21/doc-777/'>
               │           │    └ <function convert_exception_to_response.<locals>.inner at 0x7f707ca91b70>
               │           └ <django.middleware.security.SecurityMiddleware object at 0x7f707cac18d0>
               └ None
  File "/www/server/python_manager/versions/3.6.8/lib/python3.6/site-packages/django/core/handlers/exception.py", line 34, in inner
    response = get_response(request)
               │            └ <WSGIRequest: GET '/project-21/doc-777/'>
               └ <django.contrib.sessions.middleware.SessionMiddleware object at 0x7f707cac1908>
  File "/www/server/python_manager/versions/3.6.8/lib/python3.6/site-packages/django/utils/deprecation.py", line 94, in __call__
    response = response or self.get_response(request)
               │           │    │            └ <WSGIRequest: GET '/project-21/doc-777/'>
               │           │    └ <function convert_exception_to_response.<locals>.inner at 0x7f707ca91ae8>
               │           └ <django.contrib.sessions.middleware.SessionMiddleware object at 0x7f707cac1908>
               └ None
  File "/www/server/python_manager/versions/3.6.8/lib/python3.6/site-packages/django/core/handlers/exception.py", line 34, in inner
    response = get_response(request)
               │            └ <WSGIRequest: GET '/project-21/doc-777/'>
               └ <django.middleware.locale.LocaleMiddleware object at 0x7f707cac1c88>
  File "/www/server/python_manager/versions/3.6.8/lib/python3.6/site-packages/django/utils/deprecation.py", line 94, in __call__
    response = response or self.get_response(request)
               │           │    │            └ <WSGIRequest: GET '/project-21/doc-777/'>
               │           │    └ <function convert_exception_to_response.<locals>.inner at 0x7f707ca91a60>
               │           └ <django.middleware.locale.LocaleMiddleware object at 0x7f707cac1c88>
               └ None
  File "/www/server/python_manager/versions/3.6.8/lib/python3.6/site-packages/django/core/handlers/exception.py", line 34, in inner
    response = get_response(request)
               │            └ <WSGIRequest: GET '/project-21/doc-777/'>
               └ <django.middleware.common.CommonMiddleware object at 0x7f707d672198>
  File "/www/server/python_manager/versions/3.6.8/lib/python3.6/site-packages/django/utils/deprecation.py", line 94, in __call__
    response = response or self.get_response(request)
               │           │    │            └ <WSGIRequest: GET '/project-21/doc-777/'>
               │           │    └ <function convert_exception_to_response.<locals>.inner at 0x7f707ca919d8>
               │           └ <django.middleware.common.CommonMiddleware object at 0x7f707d672198>
               └ None
  File "/www/server/python_manager/versions/3.6.8/lib/python3.6/site-packages/django/core/handlers/exception.py", line 34, in inner
    response = get_response(request)
               │            └ <WSGIRequest: GET '/project-21/doc-777/'>
               └ <django.middleware.csrf.CsrfViewMiddleware object at 0x7f707d672128>
  File "/www/server/python_manager/versions/3.6.8/lib/python3.6/site-packages/django/utils/deprecation.py", line 94, in __call__
    response = response or self.get_response(request)
               │           │    │            └ <WSGIRequest: GET '/project-21/doc-777/'>
               │           │    └ <function convert_exception_to_response.<locals>.inner at 0x7f707ca91950>
               │           └ <django.middleware.csrf.CsrfViewMiddleware object at 0x7f707d672128>
               └ None
  File "/www/server/python_manager/versions/3.6.8/lib/python3.6/site-packages/django/core/handlers/exception.py", line 34, in inner
    response = get_response(request)
               │            └ <WSGIRequest: GET '/project-21/doc-777/'>
               └ <django.contrib.auth.middleware.AuthenticationMiddleware object at 0x7f707d672160>
  File "/www/server/python_manager/versions/3.6.8/lib/python3.6/site-packages/django/utils/deprecation.py", line 94, in __call__
    response = response or self.get_response(request)
               │           │    │            └ <WSGIRequest: GET '/project-21/doc-777/'>
               │           │    └ <function convert_exception_to_response.<locals>.inner at 0x7f707ca918c8>
               │           └ <django.contrib.auth.middleware.AuthenticationMiddleware object at 0x7f707d672160>
               └ None
  File "/www/server/python_manager/versions/3.6.8/lib/python3.6/site-packages/django/core/handlers/exception.py", line 34, in inner
    response = get_response(request)
               │            └ <WSGIRequest: GET '/project-21/doc-777/'>
               └ <django.contrib.messages.middleware.MessageMiddleware object at 0x7f707cace6a0>
  File "/www/server/python_manager/versions/3.6.8/lib/python3.6/site-packages/django/utils/deprecation.py", line 94, in __call__
    response = response or self.get_response(request)
               │           │    │            └ <WSGIRequest: GET '/project-21/doc-777/'>
               │           │    └ <function convert_exception_to_response.<locals>.inner at 0x7f707ca91840>
               │           └ <django.contrib.messages.middleware.MessageMiddleware object at 0x7f707cace6a0>
               └ None
  File "/www/server/python_manager/versions/3.6.8/lib/python3.6/site-packages/django/core/handlers/exception.py", line 34, in inner
    response = get_response(request)
               │            └ <WSGIRequest: GET '/project-21/doc-777/'>
               └ <django.middleware.clickjacking.XFrameOptionsMiddleware object at 0x7f707cacec18>
  File "/www/server/python_manager/versions/3.6.8/lib/python3.6/site-packages/django/utils/deprecation.py", line 94, in __call__
    response = response or self.get_response(request)
               │           │    │            └ <WSGIRequest: GET '/project-21/doc-777/'>
               │           │    └ <function convert_exception_to_response.<locals>.inner at 0x7f707ca917b8>
               │           └ <django.middleware.clickjacking.XFrameOptionsMiddleware object at 0x7f707cacec18>
               └ None
  File "/www/server/python_manager/versions/3.6.8/lib/python3.6/site-packages/django/core/handlers/exception.py", line 34, in inner
    response = get_response(request)
               │            └ <WSGIRequest: GET '/project-21/doc-777/'>
               └ <app_admin.middleware.require_login_middleware.RequiredLoginMiddleware object at 0x7f707e369160>

  File "/usr/local/projects/MrDoc/app_admin/middleware/require_login_middleware.py", line 35, in __call__
    response = self.get_response(request)
               │    │            └ <WSGIRequest: GET '/project-21/doc-777/'>
               │    └ <function BaseHandler._get_response at 0x7f707caebea0>
               └ <app_admin.middleware.require_login_middleware.RequiredLoginMiddleware object at 0x7f707e369160>

  File "/www/server/python_manager/versions/3.6.8/lib/python3.6/site-packages/django/core/handlers/exception.py", line 34, in inner
    response = get_response(request)
               │            └ <WSGIRequest: GET '/project-21/doc-777/'>
               └ <bound method BaseHandler._get_response of <django.core.handlers.wsgi.WSGIHandler object at 0x7f707d6d8f60>>
  File "/www/server/python_manager/versions/3.6.8/lib/python3.6/site-packages/django/core/handlers/base.py", line 113, in _get_response
    response = wrapped_callback(request, *callback_args, **callback_kwargs)
               │                │         │                └ {'pro_id': 21, 'doc_id': 777}
               │                │         └ ()
               │                └ <WSGIRequest: GET '/project-21/doc-777/'>
               └ <function doc at 0x7f707d599598>
  File "/www/server/python_manager/versions/3.6.8/lib/python3.6/site-packages/django/views/decorators/http.py", line 40, in inner
    return func(request, *args, **kwargs)
           │    │         │       └ {'pro_id': 21, 'doc_id': 777}
           │    │         └ ()
           │    └ <WSGIRequest: GET '/project-21/doc-777/'>
           └ <function doc at 0x7f707d599510>

> File "/usr/local/projects/MrDoc/app_doc/views.py", line 997, in doc
    doc = Doc.objects.get(id=int(doc_id),status__in=[0,1]) # 文档信息
          │   │                  └ 777
          │   └ <django.db.models.manager.ManagerDescriptor object at 0x7f707f8cc1d0>
          └ <class 'app_doc.models.Doc'>

  File "/www/server/python_manager/versions/3.6.8/lib/python3.6/site-packages/django/db/models/manager.py", line 82, in manager_method
    return getattr(self.get_queryset(), name)(*args, **kwargs)
                   │    │               │      │       └ {'id': 777, 'status__in': [0, 1]}
                   │    │               │      └ ()
                   │    │               └ 'get'
                   │    └ <function BaseManager.get_queryset at 0x7f7080890ae8>
                   └ <django.db.models.manager.Manager object at 0x7f707cb3bac8>
  File "/www/server/python_manager/versions/3.6.8/lib/python3.6/site-packages/django/db/models/query.py", line 408, in get
    self.model._meta.object_name
    │    │     │     └ 'Doc'
    │    │     └ <Options for Doc>
    │    └ <class 'app_doc.models.Doc'>
    └ <QuerySet [<Doc: About>, <Doc: 1、算法框架>, <Doc: 1、TDH>, <Doc: 1.1 常用方法>, <Doc: 2、Shell>, <Doc: 2.1 常用命令>, <Doc: 2.2 示例脚本>, <Doc...

app_doc.models.Doc.DoesNotExist: Doc matching query does not exist.
2022-03-09 18:26:03.969 | ERROR    | app_doc.views:doc:1070 - 文集浏览出错
Traceback (most recent call last):
  File "/www/server/python_manager/versions/3.6.8/lib/python3.6/threading.py", line 884, in _bootstrap
    self._bootstrap_inner()
    │    └ <function Thread._bootstrap_inner at 0x7f7085956510>
    └ <Thread(Thread-5224, started daemon 140118013675264)>
  File "/www/server/python_manager/versions/3.6.8/lib/python3.6/threading.py", line 916, in _bootstrap_inner
    self.run()
    │    └ <function Thread.run at 0x7f70859562f0>
    └ <Thread(Thread-5224, started daemon 140118013675264)>
  File "/www/server/python_manager/versions/3.6.8/lib/python3.6/threading.py", line 864, in run
    self._target(*self._args, **self._kwargs)
    │    │        │    │        │    └ {}
    │    │        │    │        └ <Thread(Thread-5224, started daemon 140118013675264)>
    │    │        │    └ (<socket.socket fd=289, family=AddressFamily.AF_INET, type=SocketKind.SOCK_STREAM, proto=0, laddr=('127.0.0.1', 9200), raddr=...
    │    │        └ <Thread(Thread-5224, started daemon 140118013675264)>
    │    └ <bound method ThreadingMixIn.process_request_thread of <django.core.servers.basehttp.WSGIServer object at 0x7f7080f2c0b8>>
    └ <Thread(Thread-5224, started daemon 140118013675264)>
  File "/www/server/python_manager/versions/3.6.8/lib/python3.6/socketserver.py", line 654, in process_request_thread
    self.finish_request(request, client_address)
    │    │              │        └ ('127.0.0.1', 37906)
    │    │              └ <socket.socket fd=289, family=AddressFamily.AF_INET, type=SocketKind.SOCK_STREAM, proto=0, laddr=('127.0.0.1', 9200), raddr=(...
    │    └ <function BaseServer.finish_request at 0x7f70807c6bf8>
    └ <django.core.servers.basehttp.WSGIServer object at 0x7f7080f2c0b8>
  File "/www/server/python_manager/versions/3.6.8/lib/python3.6/socketserver.py", line 364, in finish_request
    self.RequestHandlerClass(request, client_address, self)
    │    │                   │        │               └ <django.core.servers.basehttp.WSGIServer object at 0x7f7080f2c0b8>
    │    │                   │        └ ('127.0.0.1', 37906)
    │    │                   └ <socket.socket fd=289, family=AddressFamily.AF_INET, type=SocketKind.SOCK_STREAM, proto=0, laddr=('127.0.0.1', 9200), raddr=(...
    │    └ <class 'django.core.servers.basehttp.WSGIRequestHandler'>
    └ <django.core.servers.basehttp.WSGIServer object at 0x7f7080f2c0b8>
  File "/www/server/python_manager/versions/3.6.8/lib/python3.6/socketserver.py", line 724, in __init__
    self.handle()
    │    └ <function WSGIRequestHandler.handle at 0x7f707f7c5bf8>
    └ <django.core.servers.basehttp.WSGIRequestHandler object at 0x7f7080460cc0>
  File "/www/server/python_manager/versions/3.6.8/lib/python3.6/site-packages/django/core/servers/basehttp.py", line 169, in handle
    self.handle_one_request()
    │    └ <function WSGIRequestHandler.handle_one_request at 0x7f707f7c5c80>
    └ <django.core.servers.basehttp.WSGIRequestHandler object at 0x7f7080460cc0>
  File "/www/server/python_manager/versions/3.6.8/lib/python3.6/site-packages/django/core/servers/basehttp.py", line 194, in handle_one_request
    handler.run(self.server.get_app())
    │       │   │    │      └ <function WSGIServer.get_app at 0x7f707f7c5268>
    │       │   │    └ <django.core.servers.basehttp.WSGIServer object at 0x7f7080f2c0b8>
    │       │   └ <django.core.servers.basehttp.WSGIRequestHandler object at 0x7f7080460cc0>
    │       └ <function BaseHandler.run at 0x7f707f7baf28>
    └ <django.core.servers.basehttp.ServerHandler object at 0x7f7080448588>
  File "/www/server/python_manager/versions/3.6.8/lib/python3.6/wsgiref/handlers.py", line 137, in run
    self.result = application(self.environ, self.start_response)
    │    │        │           │    │        │    └ <function BaseHandler.start_response at 0x7f707f7c12f0>
    │    │        │           │    │        └ <django.core.servers.basehttp.ServerHandler object at 0x7f7080448588>
    │    │        │           │    └ {'LC_ALL': 'en_US.UTF-8', 'LS_COLORS': 'rs=0:di=38;5;33:ln=38;5;51:mh=00:pi=40;38;5;11:so=38;5;13:do=38;5;5:bd=48;5;232;38;5;...
    │    │        │           └ <django.core.servers.basehttp.ServerHandler object at 0x7f7080448588>
    │    │        └ <django.core.handlers.wsgi.WSGIHandler object at 0x7f707d6d8f60>
    │    └ None
    └ <django.core.servers.basehttp.ServerHandler object at 0x7f7080448588>
  File "/www/server/python_manager/versions/3.6.8/lib/python3.6/site-packages/django/core/handlers/wsgi.py", line 141, in __call__
    response = self.get_response(request)
               │    │            └ <WSGIRequest: GET '/project-21/doc-790/'>
               │    └ <function BaseHandler.get_response at 0x7f707f807488>
               └ <django.core.handlers.wsgi.WSGIHandler object at 0x7f707d6d8f60>
  File "/www/server/python_manager/versions/3.6.8/lib/python3.6/site-packages/django/core/handlers/base.py", line 75, in get_response
    response = self._middleware_chain(request)
               │    │                 └ <WSGIRequest: GET '/project-21/doc-790/'>
               │    └ <function convert_exception_to_response.<locals>.inner at 0x7f707ca91bf8>
               └ <django.core.handlers.wsgi.WSGIHandler object at 0x7f707d6d8f60>
  File "/www/server/python_manager/versions/3.6.8/lib/python3.6/site-packages/django/core/handlers/exception.py", line 34, in inner
    response = get_response(request)
               │            └ <WSGIRequest: GET '/project-21/doc-790/'>
               └ <django.middleware.security.SecurityMiddleware object at 0x7f707cac18d0>
  File "/www/server/python_manager/versions/3.6.8/lib/python3.6/site-packages/django/utils/deprecation.py", line 94, in __call__
    response = response or self.get_response(request)
               │           │    │            └ <WSGIRequest: GET '/project-21/doc-790/'>
               │           │    └ <function convert_exception_to_response.<locals>.inner at 0x7f707ca91b70>
               │           └ <django.middleware.security.SecurityMiddleware object at 0x7f707cac18d0>
               └ None
  File "/www/server/python_manager/versions/3.6.8/lib/python3.6/site-packages/django/core/handlers/exception.py", line 34, in inner
    response = get_response(request)
               │            └ <WSGIRequest: GET '/project-21/doc-790/'>
               └ <django.contrib.sessions.middleware.SessionMiddleware object at 0x7f707cac1908>
  File "/www/server/python_manager/versions/3.6.8/lib/python3.6/site-packages/django/utils/deprecation.py", line 94, in __call__
    response = response or self.get_response(request)
               │           │    │            └ <WSGIRequest: GET '/project-21/doc-790/'>
               │           │    └ <function convert_exception_to_response.<locals>.inner at 0x7f707ca91ae8>
               │           └ <django.contrib.sessions.middleware.SessionMiddleware object at 0x7f707cac1908>
               └ None
  File "/www/server/python_manager/versions/3.6.8/lib/python3.6/site-packages/django/core/handlers/exception.py", line 34, in inner
    response = get_response(request)
               │            └ <WSGIRequest: GET '/project-21/doc-790/'>
               └ <django.middleware.locale.LocaleMiddleware object at 0x7f707cac1c88>
  File "/www/server/python_manager/versions/3.6.8/lib/python3.6/site-packages/django/utils/deprecation.py", line 94, in __call__
    response = response or self.get_response(request)
               │           │    │            └ <WSGIRequest: GET '/project-21/doc-790/'>
               │           │    └ <function convert_exception_to_response.<locals>.inner at 0x7f707ca91a60>
               │           └ <django.middleware.locale.LocaleMiddleware object at 0x7f707cac1c88>
               └ None
  File "/www/server/python_manager/versions/3.6.8/lib/python3.6/site-packages/django/core/handlers/exception.py", line 34, in inner
    response = get_response(request)
               │            └ <WSGIRequest: GET '/project-21/doc-790/'>
               └ <django.middleware.common.CommonMiddleware object at 0x7f707d672198>
  File "/www/server/python_manager/versions/3.6.8/lib/python3.6/site-packages/django/utils/deprecation.py", line 94, in __call__
    response = response or self.get_response(request)
               │           │    │            └ <WSGIRequest: GET '/project-21/doc-790/'>
               │           │    └ <function convert_exception_to_response.<locals>.inner at 0x7f707ca919d8>
               │           └ <django.middleware.common.CommonMiddleware object at 0x7f707d672198>
               └ None
  File "/www/server/python_manager/versions/3.6.8/lib/python3.6/site-packages/django/core/handlers/exception.py", line 34, in inner
    response = get_response(request)
               │            └ <WSGIRequest: GET '/project-21/doc-790/'>
               └ <django.middleware.csrf.CsrfViewMiddleware object at 0x7f707d672128>
  File "/www/server/python_manager/versions/3.6.8/lib/python3.6/site-packages/django/utils/deprecation.py", line 94, in __call__
    response = response or self.get_response(request)
               │           │    │            └ <WSGIRequest: GET '/project-21/doc-790/'>
               │           │    └ <function convert_exception_to_response.<locals>.inner at 0x7f707ca91950>
               │           └ <django.middleware.csrf.CsrfViewMiddleware object at 0x7f707d672128>
               └ None
  File "/www/server/python_manager/versions/3.6.8/lib/python3.6/site-packages/django/core/handlers/exception.py", line 34, in inner
    response = get_response(request)
               │            └ <WSGIRequest: GET '/project-21/doc-790/'>
               └ <django.contrib.auth.middleware.AuthenticationMiddleware object at 0x7f707d672160>
  File "/www/server/python_manager/versions/3.6.8/lib/python3.6/site-packages/django/utils/deprecation.py", line 94, in __call__
    response = response or self.get_response(request)
               │           │    │            └ <WSGIRequest: GET '/project-21/doc-790/'>
               │           │    └ <function convert_exception_to_response.<locals>.inner at 0x7f707ca918c8>
               │           └ <django.contrib.auth.middleware.AuthenticationMiddleware object at 0x7f707d672160>
               └ None
  File "/www/server/python_manager/versions/3.6.8/lib/python3.6/site-packages/django/core/handlers/exception.py", line 34, in inner
    response = get_response(request)
               │            └ <WSGIRequest: GET '/project-21/doc-790/'>
               └ <django.contrib.messages.middleware.MessageMiddleware object at 0x7f707cace6a0>
  File "/www/server/python_manager/versions/3.6.8/lib/python3.6/site-packages/django/utils/deprecation.py", line 94, in __call__
    response = response or self.get_response(request)
               │           │    │            └ <WSGIRequest: GET '/project-21/doc-790/'>
               │           │    └ <function convert_exception_to_response.<locals>.inner at 0x7f707ca91840>
               │           └ <django.contrib.messages.middleware.MessageMiddleware object at 0x7f707cace6a0>
               └ None
  File "/www/server/python_manager/versions/3.6.8/lib/python3.6/site-packages/django/core/handlers/exception.py", line 34, in inner
    response = get_response(request)
               │            └ <WSGIRequest: GET '/project-21/doc-790/'>
               └ <django.middleware.clickjacking.XFrameOptionsMiddleware object at 0x7f707cacec18>
  File "/www/server/python_manager/versions/3.6.8/lib/python3.6/site-packages/django/utils/deprecation.py", line 94, in __call__
    response = response or self.get_response(request)
               │           │    │            └ <WSGIRequest: GET '/project-21/doc-790/'>
               │           │    └ <function convert_exception_to_response.<locals>.inner at 0x7f707ca917b8>
               │           └ <django.middleware.clickjacking.XFrameOptionsMiddleware object at 0x7f707cacec18>
               └ None
  File "/www/server/python_manager/versions/3.6.8/lib/python3.6/site-packages/django/core/handlers/exception.py", line 34, in inner
    response = get_response(request)
               │            └ <WSGIRequest: GET '/project-21/doc-790/'>
               └ <app_admin.middleware.require_login_middleware.RequiredLoginMiddleware object at 0x7f707e369160>

  File "/usr/local/projects/MrDoc/app_admin/middleware/require_login_middleware.py", line 35, in __call__
    response = self.get_response(request)
               │    │            └ <WSGIRequest: GET '/project-21/doc-790/'>
               │    └ <function BaseHandler._get_response at 0x7f707caebea0>
               └ <app_admin.middleware.require_login_middleware.RequiredLoginMiddleware object at 0x7f707e369160>

  File "/www/server/python_manager/versions/3.6.8/lib/python3.6/site-packages/django/core/handlers/exception.py", line 34, in inner
    response = get_response(request)
               │            └ <WSGIRequest: GET '/project-21/doc-790/'>
               └ <bound method BaseHandler._get_response of <django.core.handlers.wsgi.WSGIHandler object at 0x7f707d6d8f60>>
  File "/www/server/python_manager/versions/3.6.8/lib/python3.6/site-packages/django/core/handlers/base.py", line 113, in _get_response
    response = wrapped_callback(request, *callback_args, **callback_kwargs)
               │                │         │                └ {'pro_id': 21, 'doc_id': 790}
               │                │         └ ()
               │                └ <WSGIRequest: GET '/project-21/doc-790/'>
               └ <function doc at 0x7f707d599598>
  File "/www/server/python_manager/versions/3.6.8/lib/python3.6/site-packages/django/views/decorators/http.py", line 40, in inner
    return func(request, *args, **kwargs)
           │    │         │       └ {'pro_id': 21, 'doc_id': 790}
           │    │         └ ()
           │    └ <WSGIRequest: GET '/project-21/doc-790/'>
           └ <function doc at 0x7f707d599510>

> File "/usr/local/projects/MrDoc/app_doc/views.py", line 997, in doc
    doc = Doc.objects.get(id=int(doc_id),status__in=[0,1]) # 文档信息
          │   │                  └ 790
          │   └ <django.db.models.manager.ManagerDescriptor object at 0x7f707f8cc1d0>
          └ <class 'app_doc.models.Doc'>

  File "/www/server/python_manager/versions/3.6.8/lib/python3.6/site-packages/django/db/models/manager.py", line 82, in manager_method
    return getattr(self.get_queryset(), name)(*args, **kwargs)
                   │    │               │      │       └ {'id': 790, 'status__in': [0, 1]}
                   │    │               │      └ ()
                   │    │               └ 'get'
                   │    └ <function BaseManager.get_queryset at 0x7f7080890ae8>
                   └ <django.db.models.manager.Manager object at 0x7f707cb3bac8>
  File "/www/server/python_manager/versions/3.6.8/lib/python3.6/site-packages/django/db/models/query.py", line 408, in get
    self.model._meta.object_name
    │    │     │     └ 'Doc'
    │    │     └ <Options for Doc>
    │    └ <class 'app_doc.models.Doc'>
    └ <QuerySet [<Doc: About>, <Doc: 1、算法框架>, <Doc: 1、TDH>, <Doc: 1.1 常用方法>, <Doc: 2、Shell>, <Doc: 2.1 常用命令>, <Doc: 2.2 示例脚本>, <Doc...

app_doc.models.Doc.DoesNotExist: Doc matching query does not exist.
2022-03-09 23:56:30.334 | ERROR    | app_doc.views:doc:1070 - Collection browsing error
Traceback (most recent call last):
  File "/www/server/python_manager/versions/3.6.8/lib/python3.6/threading.py", line 884, in _bootstrap
    self._bootstrap_inner()
    │    └ <function Thread._bootstrap_inner at 0x7f7085956510>
    └ <Thread(Thread-5364, started daemon 140118013675264)>
  File "/www/server/python_manager/versions/3.6.8/lib/python3.6/threading.py", line 916, in _bootstrap_inner
    self.run()
    │    └ <function Thread.run at 0x7f70859562f0>
    └ <Thread(Thread-5364, started daemon 140118013675264)>
  File "/www/server/python_manager/versions/3.6.8/lib/python3.6/threading.py", line 864, in run
    self._target(*self._args, **self._kwargs)
    │    │        │    │        │    └ {}
    │    │        │    │        └ <Thread(Thread-5364, started daemon 140118013675264)>
    │    │        │    └ (<socket.socket fd=289, family=AddressFamily.AF_INET, type=SocketKind.SOCK_STREAM, proto=0, laddr=('127.0.0.1', 9200), raddr=...
    │    │        └ <Thread(Thread-5364, started daemon 140118013675264)>
    │    └ <bound method ThreadingMixIn.process_request_thread of <django.core.servers.basehttp.WSGIServer object at 0x7f7080f2c0b8>>
    └ <Thread(Thread-5364, started daemon 140118013675264)>
  File "/www/server/python_manager/versions/3.6.8/lib/python3.6/socketserver.py", line 654, in process_request_thread
    self.finish_request(request, client_address)
    │    │              │        └ ('127.0.0.1', 46218)
    │    │              └ <socket.socket fd=289, family=AddressFamily.AF_INET, type=SocketKind.SOCK_STREAM, proto=0, laddr=('127.0.0.1', 9200), raddr=(...
    │    └ <function BaseServer.finish_request at 0x7f70807c6bf8>
    └ <django.core.servers.basehttp.WSGIServer object at 0x7f7080f2c0b8>
  File "/www/server/python_manager/versions/3.6.8/lib/python3.6/socketserver.py", line 364, in finish_request
    self.RequestHandlerClass(request, client_address, self)
    │    │                   │        │               └ <django.core.servers.basehttp.WSGIServer object at 0x7f7080f2c0b8>
    │    │                   │        └ ('127.0.0.1', 46218)
    │    │                   └ <socket.socket fd=289, family=AddressFamily.AF_INET, type=SocketKind.SOCK_STREAM, proto=0, laddr=('127.0.0.1', 9200), raddr=(...
    │    └ <class 'django.core.servers.basehttp.WSGIRequestHandler'>
    └ <django.core.servers.basehttp.WSGIServer object at 0x7f7080f2c0b8>
  File "/www/server/python_manager/versions/3.6.8/lib/python3.6/socketserver.py", line 724, in __init__
    self.handle()
    │    └ <function WSGIRequestHandler.handle at 0x7f707f7c5bf8>
    └ <django.core.servers.basehttp.WSGIRequestHandler object at 0x7f7080409828>
  File "/www/server/python_manager/versions/3.6.8/lib/python3.6/site-packages/django/core/servers/basehttp.py", line 169, in handle
    self.handle_one_request()
    │    └ <function WSGIRequestHandler.handle_one_request at 0x7f707f7c5c80>
    └ <django.core.servers.basehttp.WSGIRequestHandler object at 0x7f7080409828>
  File "/www/server/python_manager/versions/3.6.8/lib/python3.6/site-packages/django/core/servers/basehttp.py", line 194, in handle_one_request
    handler.run(self.server.get_app())
    │       │   │    │      └ <function WSGIServer.get_app at 0x7f707f7c5268>
    │       │   │    └ <django.core.servers.basehttp.WSGIServer object at 0x7f7080f2c0b8>
    │       │   └ <django.core.servers.basehttp.WSGIRequestHandler object at 0x7f7080409828>
    │       └ <function BaseHandler.run at 0x7f707f7baf28>
    └ <django.core.servers.basehttp.ServerHandler object at 0x7f70803f4400>
  File "/www/server/python_manager/versions/3.6.8/lib/python3.6/wsgiref/handlers.py", line 137, in run
    self.result = application(self.environ, self.start_response)
    │    │        │           │    │        │    └ <function BaseHandler.start_response at 0x7f707f7c12f0>
    │    │        │           │    │        └ <django.core.servers.basehttp.ServerHandler object at 0x7f70803f4400>
    │    │        │           │    └ {'LC_ALL': 'en_US.UTF-8', 'LS_COLORS': 'rs=0:di=38;5;33:ln=38;5;51:mh=00:pi=40;38;5;11:so=38;5;13:do=38;5;5:bd=48;5;232;38;5;...
    │    │        │           └ <django.core.servers.basehttp.ServerHandler object at 0x7f70803f4400>
    │    │        └ <django.core.handlers.wsgi.WSGIHandler object at 0x7f707d6d8f60>
    │    └ None
    └ <django.core.servers.basehttp.ServerHandler object at 0x7f70803f4400>
  File "/www/server/python_manager/versions/3.6.8/lib/python3.6/site-packages/django/core/handlers/wsgi.py", line 141, in __call__
    response = self.get_response(request)
               │    │            └ <WSGIRequest: GET '/project-21/doc-738/'>
               │    └ <function BaseHandler.get_response at 0x7f707f807488>
               └ <django.core.handlers.wsgi.WSGIHandler object at 0x7f707d6d8f60>
  File "/www/server/python_manager/versions/3.6.8/lib/python3.6/site-packages/django/core/handlers/base.py", line 75, in get_response
    response = self._middleware_chain(request)
               │    │                 └ <WSGIRequest: GET '/project-21/doc-738/'>
               │    └ <function convert_exception_to_response.<locals>.inner at 0x7f707ca91bf8>
               └ <django.core.handlers.wsgi.WSGIHandler object at 0x7f707d6d8f60>
  File "/www/server/python_manager/versions/3.6.8/lib/python3.6/site-packages/django/core/handlers/exception.py", line 34, in inner
    response = get_response(request)
               │            └ <WSGIRequest: GET '/project-21/doc-738/'>
               └ <django.middleware.security.SecurityMiddleware object at 0x7f707cac18d0>
  File "/www/server/python_manager/versions/3.6.8/lib/python3.6/site-packages/django/utils/deprecation.py", line 94, in __call__
    response = response or self.get_response(request)
               │           │    │            └ <WSGIRequest: GET '/project-21/doc-738/'>
               │           │    └ <function convert_exception_to_response.<locals>.inner at 0x7f707ca91b70>
               │           └ <django.middleware.security.SecurityMiddleware object at 0x7f707cac18d0>
               └ None
  File "/www/server/python_manager/versions/3.6.8/lib/python3.6/site-packages/django/core/handlers/exception.py", line 34, in inner
    response = get_response(request)
               │            └ <WSGIRequest: GET '/project-21/doc-738/'>
               └ <django.contrib.sessions.middleware.SessionMiddleware object at 0x7f707cac1908>
  File "/www/server/python_manager/versions/3.6.8/lib/python3.6/site-packages/django/utils/deprecation.py", line 94, in __call__
    response = response or self.get_response(request)
               │           │    │            └ <WSGIRequest: GET '/project-21/doc-738/'>
               │           │    └ <function convert_exception_to_response.<locals>.inner at 0x7f707ca91ae8>
               │           └ <django.contrib.sessions.middleware.SessionMiddleware object at 0x7f707cac1908>
               └ None
  File "/www/server/python_manager/versions/3.6.8/lib/python3.6/site-packages/django/core/handlers/exception.py", line 34, in inner
    response = get_response(request)
               │            └ <WSGIRequest: GET '/project-21/doc-738/'>
               └ <django.middleware.locale.LocaleMiddleware object at 0x7f707cac1c88>
  File "/www/server/python_manager/versions/3.6.8/lib/python3.6/site-packages/django/utils/deprecation.py", line 94, in __call__
    response = response or self.get_response(request)
               │           │    │            └ <WSGIRequest: GET '/project-21/doc-738/'>
               │           │    └ <function convert_exception_to_response.<locals>.inner at 0x7f707ca91a60>
               │           └ <django.middleware.locale.LocaleMiddleware object at 0x7f707cac1c88>
               └ None
  File "/www/server/python_manager/versions/3.6.8/lib/python3.6/site-packages/django/core/handlers/exception.py", line 34, in inner
    response = get_response(request)
               │            └ <WSGIRequest: GET '/project-21/doc-738/'>
               └ <django.middleware.common.CommonMiddleware object at 0x7f707d672198>
  File "/www/server/python_manager/versions/3.6.8/lib/python3.6/site-packages/django/utils/deprecation.py", line 94, in __call__
    response = response or self.get_response(request)
               │           │    │            └ <WSGIRequest: GET '/project-21/doc-738/'>
               │           │    └ <function convert_exception_to_response.<locals>.inner at 0x7f707ca919d8>
               │           └ <django.middleware.common.CommonMiddleware object at 0x7f707d672198>
               └ None
  File "/www/server/python_manager/versions/3.6.8/lib/python3.6/site-packages/django/core/handlers/exception.py", line 34, in inner
    response = get_response(request)
               │            └ <WSGIRequest: GET '/project-21/doc-738/'>
               └ <django.middleware.csrf.CsrfViewMiddleware object at 0x7f707d672128>
  File "/www/server/python_manager/versions/3.6.8/lib/python3.6/site-packages/django/utils/deprecation.py", line 94, in __call__
    response = response or self.get_response(request)
               │           │    │            └ <WSGIRequest: GET '/project-21/doc-738/'>
               │           │    └ <function convert_exception_to_response.<locals>.inner at 0x7f707ca91950>
               │           └ <django.middleware.csrf.CsrfViewMiddleware object at 0x7f707d672128>
               └ None
  File "/www/server/python_manager/versions/3.6.8/lib/python3.6/site-packages/django/core/handlers/exception.py", line 34, in inner
    response = get_response(request)
               │            └ <WSGIRequest: GET '/project-21/doc-738/'>
               └ <django.contrib.auth.middleware.AuthenticationMiddleware object at 0x7f707d672160>
  File "/www/server/python_manager/versions/3.6.8/lib/python3.6/site-packages/django/utils/deprecation.py", line 94, in __call__
    response = response or self.get_response(request)
               │           │    │            └ <WSGIRequest: GET '/project-21/doc-738/'>
               │           │    └ <function convert_exception_to_response.<locals>.inner at 0x7f707ca918c8>
               │           └ <django.contrib.auth.middleware.AuthenticationMiddleware object at 0x7f707d672160>
               └ None
  File "/www/server/python_manager/versions/3.6.8/lib/python3.6/site-packages/django/core/handlers/exception.py", line 34, in inner
    response = get_response(request)
               │            └ <WSGIRequest: GET '/project-21/doc-738/'>
               └ <django.contrib.messages.middleware.MessageMiddleware object at 0x7f707cace6a0>
  File "/www/server/python_manager/versions/3.6.8/lib/python3.6/site-packages/django/utils/deprecation.py", line 94, in __call__
    response = response or self.get_response(request)
               │           │    │            └ <WSGIRequest: GET '/project-21/doc-738/'>
               │           │    └ <function convert_exception_to_response.<locals>.inner at 0x7f707ca91840>
               │           └ <django.contrib.messages.middleware.MessageMiddleware object at 0x7f707cace6a0>
               └ None
  File "/www/server/python_manager/versions/3.6.8/lib/python3.6/site-packages/django/core/handlers/exception.py", line 34, in inner
    response = get_response(request)
               │            └ <WSGIRequest: GET '/project-21/doc-738/'>
               └ <django.middleware.clickjacking.XFrameOptionsMiddleware object at 0x7f707cacec18>
  File "/www/server/python_manager/versions/3.6.8/lib/python3.6/site-packages/django/utils/deprecation.py", line 94, in __call__
    response = response or self.get_response(request)
               │           │    │            └ <WSGIRequest: GET '/project-21/doc-738/'>
               │           │    └ <function convert_exception_to_response.<locals>.inner at 0x7f707ca917b8>
               │           └ <django.middleware.clickjacking.XFrameOptionsMiddleware object at 0x7f707cacec18>
               └ None
  File "/www/server/python_manager/versions/3.6.8/lib/python3.6/site-packages/django/core/handlers/exception.py", line 34, in inner
    response = get_response(request)
               │            └ <WSGIRequest: GET '/project-21/doc-738/'>
               └ <app_admin.middleware.require_login_middleware.RequiredLoginMiddleware object at 0x7f707e369160>

  File "/usr/local/projects/MrDoc/app_admin/middleware/require_login_middleware.py", line 35, in __call__
    response = self.get_response(request)
               │    │            └ <WSGIRequest: GET '/project-21/doc-738/'>
               │    └ <function BaseHandler._get_response at 0x7f707caebea0>
               └ <app_admin.middleware.require_login_middleware.RequiredLoginMiddleware object at 0x7f707e369160>

  File "/www/server/python_manager/versions/3.6.8/lib/python3.6/site-packages/django/core/handlers/exception.py", line 34, in inner
    response = get_response(request)
               │            └ <WSGIRequest: GET '/project-21/doc-738/'>
               └ <bound method BaseHandler._get_response of <django.core.handlers.wsgi.WSGIHandler object at 0x7f707d6d8f60>>
  File "/www/server/python_manager/versions/3.6.8/lib/python3.6/site-packages/django/core/handlers/base.py", line 113, in _get_response
    response = wrapped_callback(request, *callback_args, **callback_kwargs)
               │                │         │                └ {'pro_id': 21, 'doc_id': 738}
               │                │         └ ()
               │                └ <WSGIRequest: GET '/project-21/doc-738/'>
               └ <function doc at 0x7f707d599598>
  File "/www/server/python_manager/versions/3.6.8/lib/python3.6/site-packages/django/views/decorators/http.py", line 40, in inner
    return func(request, *args, **kwargs)
           │    │         │       └ {'pro_id': 21, 'doc_id': 738}
           │    │         └ ()
           │    └ <WSGIRequest: GET '/project-21/doc-738/'>
           └ <function doc at 0x7f707d599510>

> File "/usr/local/projects/MrDoc/app_doc/views.py", line 997, in doc
    doc = Doc.objects.get(id=int(doc_id),status__in=[0,1]) # 文档信息
          │   │                  └ 738
          │   └ <django.db.models.manager.ManagerDescriptor object at 0x7f707f8cc1d0>
          └ <class 'app_doc.models.Doc'>

  File "/www/server/python_manager/versions/3.6.8/lib/python3.6/site-packages/django/db/models/manager.py", line 82, in manager_method
    return getattr(self.get_queryset(), name)(*args, **kwargs)
                   │    │               │      │       └ {'id': 738, 'status__in': [0, 1]}
                   │    │               │      └ ()
                   │    │               └ 'get'
                   │    └ <function BaseManager.get_queryset at 0x7f7080890ae8>
                   └ <django.db.models.manager.Manager object at 0x7f707cb3bac8>
  File "/www/server/python_manager/versions/3.6.8/lib/python3.6/site-packages/django/db/models/query.py", line 408, in get
    self.model._meta.object_name
    │    │     │     └ 'Doc'
    │    │     └ <Options for Doc>
    │    └ <class 'app_doc.models.Doc'>
    └ <QuerySet [<Doc: About>, <Doc: 1、算法框架>, <Doc: 1、TDH>, <Doc: 1.1 常用方法>, <Doc: 2、Shell>, <Doc: 2.1 常用命令>, <Doc: 2.2 示例脚本>, <Doc...

app_doc.models.Doc.DoesNotExist: Doc matching query does not exist.
2022-03-10 01:19:57.339 | ERROR    | app_doc.views:doc:1070 - 文集浏览出错
Traceback (most recent call last):
  File "/www/server/python_manager/versions/3.6.8/lib/python3.6/threading.py", line 884, in _bootstrap
    self._bootstrap_inner()
    │    └ <function Thread._bootstrap_inner at 0x7f7085956510>
    └ <Thread(Thread-5385, started daemon 140118013675264)>
  File "/www/server/python_manager/versions/3.6.8/lib/python3.6/threading.py", line 916, in _bootstrap_inner
    self.run()
    │    └ <function Thread.run at 0x7f70859562f0>
    └ <Thread(Thread-5385, started daemon 140118013675264)>
  File "/www/server/python_manager/versions/3.6.8/lib/python3.6/threading.py", line 864, in run
    self._target(*self._args, **self._kwargs)
    │    │        │    │        │    └ {}
    │    │        │    │        └ <Thread(Thread-5385, started daemon 140118013675264)>
    │    │        │    └ (<socket.socket fd=295, family=AddressFamily.AF_INET, type=SocketKind.SOCK_STREAM, proto=0, laddr=('127.0.0.1', 9200), raddr=...
    │    │        └ <Thread(Thread-5385, started daemon 140118013675264)>
    │    └ <bound method ThreadingMixIn.process_request_thread of <django.core.servers.basehttp.WSGIServer object at 0x7f7080f2c0b8>>
    └ <Thread(Thread-5385, started daemon 140118013675264)>
  File "/www/server/python_manager/versions/3.6.8/lib/python3.6/socketserver.py", line 654, in process_request_thread
    self.finish_request(request, client_address)
    │    │              │        └ ('127.0.0.1', 48316)
    │    │              └ <socket.socket fd=295, family=AddressFamily.AF_INET, type=SocketKind.SOCK_STREAM, proto=0, laddr=('127.0.0.1', 9200), raddr=(...
    │    └ <function BaseServer.finish_request at 0x7f70807c6bf8>
    └ <django.core.servers.basehttp.WSGIServer object at 0x7f7080f2c0b8>
  File "/www/server/python_manager/versions/3.6.8/lib/python3.6/socketserver.py", line 364, in finish_request
    self.RequestHandlerClass(request, client_address, self)
    │    │                   │        │               └ <django.core.servers.basehttp.WSGIServer object at 0x7f7080f2c0b8>
    │    │                   │        └ ('127.0.0.1', 48316)
    │    │                   └ <socket.socket fd=295, family=AddressFamily.AF_INET, type=SocketKind.SOCK_STREAM, proto=0, laddr=('127.0.0.1', 9200), raddr=(...
    │    └ <class 'django.core.servers.basehttp.WSGIRequestHandler'>
    └ <django.core.servers.basehttp.WSGIServer object at 0x7f7080f2c0b8>
  File "/www/server/python_manager/versions/3.6.8/lib/python3.6/socketserver.py", line 724, in __init__
    self.handle()
    │    └ <function WSGIRequestHandler.handle at 0x7f707f7c5bf8>
    └ <django.core.servers.basehttp.WSGIRequestHandler object at 0x7f70773cd898>
  File "/www/server/python_manager/versions/3.6.8/lib/python3.6/site-packages/django/core/servers/basehttp.py", line 169, in handle
    self.handle_one_request()
    │    └ <function WSGIRequestHandler.handle_one_request at 0x7f707f7c5c80>
    └ <django.core.servers.basehttp.WSGIRequestHandler object at 0x7f70773cd898>
  File "/www/server/python_manager/versions/3.6.8/lib/python3.6/site-packages/django/core/servers/basehttp.py", line 194, in handle_one_request
    handler.run(self.server.get_app())
    │       │   │    │      └ <function WSGIServer.get_app at 0x7f707f7c5268>
    │       │   │    └ <django.core.servers.basehttp.WSGIServer object at 0x7f7080f2c0b8>
    │       │   └ <django.core.servers.basehttp.WSGIRequestHandler object at 0x7f70773cd898>
    │       └ <function BaseHandler.run at 0x7f707f7baf28>
    └ <django.core.servers.basehttp.ServerHandler object at 0x7f70773cd9e8>
  File "/www/server/python_manager/versions/3.6.8/lib/python3.6/wsgiref/handlers.py", line 137, in run
    self.result = application(self.environ, self.start_response)
    │    │        │           │    │        │    └ <function BaseHandler.start_response at 0x7f707f7c12f0>
    │    │        │           │    │        └ <django.core.servers.basehttp.ServerHandler object at 0x7f70773cd9e8>
    │    │        │           │    └ {'LC_ALL': 'en_US.UTF-8', 'LS_COLORS': 'rs=0:di=38;5;33:ln=38;5;51:mh=00:pi=40;38;5;11:so=38;5;13:do=38;5;5:bd=48;5;232;38;5;...
    │    │        │           └ <django.core.servers.basehttp.ServerHandler object at 0x7f70773cd9e8>
    │    │        └ <django.core.handlers.wsgi.WSGIHandler object at 0x7f707d6d8f60>
    │    └ None
    └ <django.core.servers.basehttp.ServerHandler object at 0x7f70773cd9e8>
  File "/www/server/python_manager/versions/3.6.8/lib/python3.6/site-packages/django/core/handlers/wsgi.py", line 141, in __call__
    response = self.get_response(request)
               │    │            └ <WSGIRequest: GET '/project-1/doc-297/'>
               │    └ <function BaseHandler.get_response at 0x7f707f807488>
               └ <django.core.handlers.wsgi.WSGIHandler object at 0x7f707d6d8f60>
  File "/www/server/python_manager/versions/3.6.8/lib/python3.6/site-packages/django/core/handlers/base.py", line 75, in get_response
    response = self._middleware_chain(request)
               │    │                 └ <WSGIRequest: GET '/project-1/doc-297/'>
               │    └ <function convert_exception_to_response.<locals>.inner at 0x7f707ca91bf8>
               └ <django.core.handlers.wsgi.WSGIHandler object at 0x7f707d6d8f60>
  File "/www/server/python_manager/versions/3.6.8/lib/python3.6/site-packages/django/core/handlers/exception.py", line 34, in inner
    response = get_response(request)
               │            └ <WSGIRequest: GET '/project-1/doc-297/'>
               └ <django.middleware.security.SecurityMiddleware object at 0x7f707cac18d0>
  File "/www/server/python_manager/versions/3.6.8/lib/python3.6/site-packages/django/utils/deprecation.py", line 94, in __call__
    response = response or self.get_response(request)
               │           │    │            └ <WSGIRequest: GET '/project-1/doc-297/'>
               │           │    └ <function convert_exception_to_response.<locals>.inner at 0x7f707ca91b70>
               │           └ <django.middleware.security.SecurityMiddleware object at 0x7f707cac18d0>
               └ None
  File "/www/server/python_manager/versions/3.6.8/lib/python3.6/site-packages/django/core/handlers/exception.py", line 34, in inner
    response = get_response(request)
               │            └ <WSGIRequest: GET '/project-1/doc-297/'>
               └ <django.contrib.sessions.middleware.SessionMiddleware object at 0x7f707cac1908>
  File "/www/server/python_manager/versions/3.6.8/lib/python3.6/site-packages/django/utils/deprecation.py", line 94, in __call__
    response = response or self.get_response(request)
               │           │    │            └ <WSGIRequest: GET '/project-1/doc-297/'>
               │           │    └ <function convert_exception_to_response.<locals>.inner at 0x7f707ca91ae8>
               │           └ <django.contrib.sessions.middleware.SessionMiddleware object at 0x7f707cac1908>
               └ None
  File "/www/server/python_manager/versions/3.6.8/lib/python3.6/site-packages/django/core/handlers/exception.py", line 34, in inner
    response = get_response(request)
               │            └ <WSGIRequest: GET '/project-1/doc-297/'>
               └ <django.middleware.locale.LocaleMiddleware object at 0x7f707cac1c88>
  File "/www/server/python_manager/versions/3.6.8/lib/python3.6/site-packages/django/utils/deprecation.py", line 94, in __call__
    response = response or self.get_response(request)
               │           │    │            └ <WSGIRequest: GET '/project-1/doc-297/'>
               │           │    └ <function convert_exception_to_response.<locals>.inner at 0x7f707ca91a60>
               │           └ <django.middleware.locale.LocaleMiddleware object at 0x7f707cac1c88>
               └ None
  File "/www/server/python_manager/versions/3.6.8/lib/python3.6/site-packages/django/core/handlers/exception.py", line 34, in inner
    response = get_response(request)
               │            └ <WSGIRequest: GET '/project-1/doc-297/'>
               └ <django.middleware.common.CommonMiddleware object at 0x7f707d672198>
  File "/www/server/python_manager/versions/3.6.8/lib/python3.6/site-packages/django/utils/deprecation.py", line 94, in __call__
    response = response or self.get_response(request)
               │           │    │            └ <WSGIRequest: GET '/project-1/doc-297/'>
               │           │    └ <function convert_exception_to_response.<locals>.inner at 0x7f707ca919d8>
               │           └ <django.middleware.common.CommonMiddleware object at 0x7f707d672198>
               └ None
  File "/www/server/python_manager/versions/3.6.8/lib/python3.6/site-packages/django/core/handlers/exception.py", line 34, in inner
    response = get_response(request)
               │            └ <WSGIRequest: GET '/project-1/doc-297/'>
               └ <django.middleware.csrf.CsrfViewMiddleware object at 0x7f707d672128>
  File "/www/server/python_manager/versions/3.6.8/lib/python3.6/site-packages/django/utils/deprecation.py", line 94, in __call__
    response = response or self.get_response(request)
               │           │    │            └ <WSGIRequest: GET '/project-1/doc-297/'>
               │           │    └ <function convert_exception_to_response.<locals>.inner at 0x7f707ca91950>
               │           └ <django.middleware.csrf.CsrfViewMiddleware object at 0x7f707d672128>
               └ None
  File "/www/server/python_manager/versions/3.6.8/lib/python3.6/site-packages/django/core/handlers/exception.py", line 34, in inner
    response = get_response(request)
               │            └ <WSGIRequest: GET '/project-1/doc-297/'>
               └ <django.contrib.auth.middleware.AuthenticationMiddleware object at 0x7f707d672160>
  File "/www/server/python_manager/versions/3.6.8/lib/python3.6/site-packages/django/utils/deprecation.py", line 94, in __call__
    response = response or self.get_response(request)
               │           │    │            └ <WSGIRequest: GET '/project-1/doc-297/'>
               │           │    └ <function convert_exception_to_response.<locals>.inner at 0x7f707ca918c8>
               │           └ <django.contrib.auth.middleware.AuthenticationMiddleware object at 0x7f707d672160>
               └ None
  File "/www/server/python_manager/versions/3.6.8/lib/python3.6/site-packages/django/core/handlers/exception.py", line 34, in inner
    response = get_response(request)
               │            └ <WSGIRequest: GET '/project-1/doc-297/'>
               └ <django.contrib.messages.middleware.MessageMiddleware object at 0x7f707cace6a0>
  File "/www/server/python_manager/versions/3.6.8/lib/python3.6/site-packages/django/utils/deprecation.py", line 94, in __call__
    response = response or self.get_response(request)
               │           │    │            └ <WSGIRequest: GET '/project-1/doc-297/'>
               │           │    └ <function convert_exception_to_response.<locals>.inner at 0x7f707ca91840>
               │           └ <django.contrib.messages.middleware.MessageMiddleware object at 0x7f707cace6a0>
               └ None
  File "/www/server/python_manager/versions/3.6.8/lib/python3.6/site-packages/django/core/handlers/exception.py", line 34, in inner
    response = get_response(request)
               │            └ <WSGIRequest: GET '/project-1/doc-297/'>
               └ <django.middleware.clickjacking.XFrameOptionsMiddleware object at 0x7f707cacec18>
  File "/www/server/python_manager/versions/3.6.8/lib/python3.6/site-packages/django/utils/deprecation.py", line 94, in __call__
    response = response or self.get_response(request)
               │           │    │            └ <WSGIRequest: GET '/project-1/doc-297/'>
               │           │    └ <function convert_exception_to_response.<locals>.inner at 0x7f707ca917b8>
               │           └ <django.middleware.clickjacking.XFrameOptionsMiddleware object at 0x7f707cacec18>
               └ None
  File "/www/server/python_manager/versions/3.6.8/lib/python3.6/site-packages/django/core/handlers/exception.py", line 34, in inner
    response = get_response(request)
               │            └ <WSGIRequest: GET '/project-1/doc-297/'>
               └ <app_admin.middleware.require_login_middleware.RequiredLoginMiddleware object at 0x7f707e369160>

  File "/usr/local/projects/MrDoc/app_admin/middleware/require_login_middleware.py", line 35, in __call__
    response = self.get_response(request)
               │    │            └ <WSGIRequest: GET '/project-1/doc-297/'>
               │    └ <function BaseHandler._get_response at 0x7f707caebea0>
               └ <app_admin.middleware.require_login_middleware.RequiredLoginMiddleware object at 0x7f707e369160>

  File "/www/server/python_manager/versions/3.6.8/lib/python3.6/site-packages/django/core/handlers/exception.py", line 34, in inner
    response = get_response(request)
               │            └ <WSGIRequest: GET '/project-1/doc-297/'>
               └ <bound method BaseHandler._get_response of <django.core.handlers.wsgi.WSGIHandler object at 0x7f707d6d8f60>>
  File "/www/server/python_manager/versions/3.6.8/lib/python3.6/site-packages/django/core/handlers/base.py", line 113, in _get_response
    response = wrapped_callback(request, *callback_args, **callback_kwargs)
               │                │         │                └ {'pro_id': 1, 'doc_id': 297}
               │                │         └ ()
               │                └ <WSGIRequest: GET '/project-1/doc-297/'>
               └ <function doc at 0x7f707d599598>
  File "/www/server/python_manager/versions/3.6.8/lib/python3.6/site-packages/django/views/decorators/http.py", line 40, in inner
    return func(request, *args, **kwargs)
           │    │         │       └ {'pro_id': 1, 'doc_id': 297}
           │    │         └ ()
           │    └ <WSGIRequest: GET '/project-1/doc-297/'>
           └ <function doc at 0x7f707d599510>

> File "/usr/local/projects/MrDoc/app_doc/views.py", line 997, in doc
    doc = Doc.objects.get(id=int(doc_id),status__in=[0,1]) # 文档信息
          │   │                  └ 297
          │   └ <django.db.models.manager.ManagerDescriptor object at 0x7f707f8cc1d0>
          └ <class 'app_doc.models.Doc'>

  File "/www/server/python_manager/versions/3.6.8/lib/python3.6/site-packages/django/db/models/manager.py", line 82, in manager_method
    return getattr(self.get_queryset(), name)(*args, **kwargs)
                   │    │               │      │       └ {'id': 297, 'status__in': [0, 1]}
                   │    │               │      └ ()
                   │    │               └ 'get'
                   │    └ <function BaseManager.get_queryset at 0x7f7080890ae8>
                   └ <django.db.models.manager.Manager object at 0x7f707cb3bac8>
  File "/www/server/python_manager/versions/3.6.8/lib/python3.6/site-packages/django/db/models/query.py", line 408, in get
    self.model._meta.object_name
    │    │     │     └ 'Doc'
    │    │     └ <Options for Doc>
    │    └ <class 'app_doc.models.Doc'>
    └ <QuerySet [<Doc: About>, <Doc: 1、算法框架>, <Doc: 1、TDH>, <Doc: 1.1 常用方法>, <Doc: 2、Shell>, <Doc: 2.1 常用命令>, <Doc: 2.2 示例脚本>, <Doc...

app_doc.models.Doc.DoesNotExist: Doc matching query does not exist.
2022-03-10 12:02:04.377 | ERROR    | app_doc.views:doc:1070 - 文集浏览出错
Traceback (most recent call last):
  File "/www/server/python_manager/versions/3.6.8/lib/python3.6/threading.py", line 884, in _bootstrap
    self._bootstrap_inner()
    │    └ <function Thread._bootstrap_inner at 0x7f7085956510>
    └ <Thread(Thread-5478, started daemon 140118013675264)>
  File "/www/server/python_manager/versions/3.6.8/lib/python3.6/threading.py", line 916, in _bootstrap_inner
    self.run()
    │    └ <function Thread.run at 0x7f70859562f0>
    └ <Thread(Thread-5478, started daemon 140118013675264)>
  File "/www/server/python_manager/versions/3.6.8/lib/python3.6/threading.py", line 864, in run
    self._target(*self._args, **self._kwargs)
    │    │        │    │        │    └ {}
    │    │        │    │        └ <Thread(Thread-5478, started daemon 140118013675264)>
    │    │        │    └ (<socket.socket fd=289, family=AddressFamily.AF_INET, type=SocketKind.SOCK_STREAM, proto=0, laddr=('127.0.0.1', 9200), raddr=...
    │    │        └ <Thread(Thread-5478, started daemon 140118013675264)>
    │    └ <bound method ThreadingMixIn.process_request_thread of <django.core.servers.basehttp.WSGIServer object at 0x7f7080f2c0b8>>
    └ <Thread(Thread-5478, started daemon 140118013675264)>
  File "/www/server/python_manager/versions/3.6.8/lib/python3.6/socketserver.py", line 654, in process_request_thread
    self.finish_request(request, client_address)
    │    │              │        └ ('127.0.0.1', 35930)
    │    │              └ <socket.socket fd=289, family=AddressFamily.AF_INET, type=SocketKind.SOCK_STREAM, proto=0, laddr=('127.0.0.1', 9200), raddr=(...
    │    └ <function BaseServer.finish_request at 0x7f70807c6bf8>
    └ <django.core.servers.basehttp.WSGIServer object at 0x7f7080f2c0b8>
  File "/www/server/python_manager/versions/3.6.8/lib/python3.6/socketserver.py", line 364, in finish_request
    self.RequestHandlerClass(request, client_address, self)
    │    │                   │        │               └ <django.core.servers.basehttp.WSGIServer object at 0x7f7080f2c0b8>
    │    │                   │        └ ('127.0.0.1', 35930)
    │    │                   └ <socket.socket fd=289, family=AddressFamily.AF_INET, type=SocketKind.SOCK_STREAM, proto=0, laddr=('127.0.0.1', 9200), raddr=(...
    │    └ <class 'django.core.servers.basehttp.WSGIRequestHandler'>
    └ <django.core.servers.basehttp.WSGIServer object at 0x7f7080f2c0b8>
  File "/www/server/python_manager/versions/3.6.8/lib/python3.6/socketserver.py", line 724, in __init__
    self.handle()
    │    └ <function WSGIRequestHandler.handle at 0x7f707f7c5bf8>
    └ <django.core.servers.basehttp.WSGIRequestHandler object at 0x7f7074e7af98>
  File "/www/server/python_manager/versions/3.6.8/lib/python3.6/site-packages/django/core/servers/basehttp.py", line 169, in handle
    self.handle_one_request()
    │    └ <function WSGIRequestHandler.handle_one_request at 0x7f707f7c5c80>
    └ <django.core.servers.basehttp.WSGIRequestHandler object at 0x7f7074e7af98>
  File "/www/server/python_manager/versions/3.6.8/lib/python3.6/site-packages/django/core/servers/basehttp.py", line 194, in handle_one_request
    handler.run(self.server.get_app())
    │       │   │    │      └ <function WSGIServer.get_app at 0x7f707f7c5268>
    │       │   │    └ <django.core.servers.basehttp.WSGIServer object at 0x7f7080f2c0b8>
    │       │   └ <django.core.servers.basehttp.WSGIRequestHandler object at 0x7f7074e7af98>
    │       └ <function BaseHandler.run at 0x7f707f7baf28>
    └ <django.core.servers.basehttp.ServerHandler object at 0x7f70803e9b00>
  File "/www/server/python_manager/versions/3.6.8/lib/python3.6/wsgiref/handlers.py", line 137, in run
    self.result = application(self.environ, self.start_response)
    │    │        │           │    │        │    └ <function BaseHandler.start_response at 0x7f707f7c12f0>
    │    │        │           │    │        └ <django.core.servers.basehttp.ServerHandler object at 0x7f70803e9b00>
    │    │        │           │    └ {'LC_ALL': 'en_US.UTF-8', 'LS_COLORS': 'rs=0:di=38;5;33:ln=38;5;51:mh=00:pi=40;38;5;11:so=38;5;13:do=38;5;5:bd=48;5;232;38;5;...
    │    │        │           └ <django.core.servers.basehttp.ServerHandler object at 0x7f70803e9b00>
    │    │        └ <django.core.handlers.wsgi.WSGIHandler object at 0x7f707d6d8f60>
    │    └ None
    └ <django.core.servers.basehttp.ServerHandler object at 0x7f70803e9b00>
  File "/www/server/python_manager/versions/3.6.8/lib/python3.6/site-packages/django/core/handlers/wsgi.py", line 141, in __call__
    response = self.get_response(request)
               │    │            └ <WSGIRequest: GET '/project-21/doc-777/'>
               │    └ <function BaseHandler.get_response at 0x7f707f807488>
               └ <django.core.handlers.wsgi.WSGIHandler object at 0x7f707d6d8f60>
  File "/www/server/python_manager/versions/3.6.8/lib/python3.6/site-packages/django/core/handlers/base.py", line 75, in get_response
    response = self._middleware_chain(request)
               │    │                 └ <WSGIRequest: GET '/project-21/doc-777/'>
               │    └ <function convert_exception_to_response.<locals>.inner at 0x7f707ca91bf8>
               └ <django.core.handlers.wsgi.WSGIHandler object at 0x7f707d6d8f60>
  File "/www/server/python_manager/versions/3.6.8/lib/python3.6/site-packages/django/core/handlers/exception.py", line 34, in inner
    response = get_response(request)
               │            └ <WSGIRequest: GET '/project-21/doc-777/'>
               └ <django.middleware.security.SecurityMiddleware object at 0x7f707cac18d0>
  File "/www/server/python_manager/versions/3.6.8/lib/python3.6/site-packages/django/utils/deprecation.py", line 94, in __call__
    response = response or self.get_response(request)
               │           │    │            └ <WSGIRequest: GET '/project-21/doc-777/'>
               │           │    └ <function convert_exception_to_response.<locals>.inner at 0x7f707ca91b70>
               │           └ <django.middleware.security.SecurityMiddleware object at 0x7f707cac18d0>
               └ None
  File "/www/server/python_manager/versions/3.6.8/lib/python3.6/site-packages/django/core/handlers/exception.py", line 34, in inner
    response = get_response(request)
               │            └ <WSGIRequest: GET '/project-21/doc-777/'>
               └ <django.contrib.sessions.middleware.SessionMiddleware object at 0x7f707cac1908>
  File "/www/server/python_manager/versions/3.6.8/lib/python3.6/site-packages/django/utils/deprecation.py", line 94, in __call__
    response = response or self.get_response(request)
               │           │    │            └ <WSGIRequest: GET '/project-21/doc-777/'>
               │           │    └ <function convert_exception_to_response.<locals>.inner at 0x7f707ca91ae8>
               │           └ <django.contrib.sessions.middleware.SessionMiddleware object at 0x7f707cac1908>
               └ None
  File "/www/server/python_manager/versions/3.6.8/lib/python3.6/site-packages/django/core/handlers/exception.py", line 34, in inner
    response = get_response(request)
               │            └ <WSGIRequest: GET '/project-21/doc-777/'>
               └ <django.middleware.locale.LocaleMiddleware object at 0x7f707cac1c88>
  File "/www/server/python_manager/versions/3.6.8/lib/python3.6/site-packages/django/utils/deprecation.py", line 94, in __call__
    response = response or self.get_response(request)
               │           │    │            └ <WSGIRequest: GET '/project-21/doc-777/'>
               │           │    └ <function convert_exception_to_response.<locals>.inner at 0x7f707ca91a60>
               │           └ <django.middleware.locale.LocaleMiddleware object at 0x7f707cac1c88>
               └ None
  File "/www/server/python_manager/versions/3.6.8/lib/python3.6/site-packages/django/core/handlers/exception.py", line 34, in inner
    response = get_response(request)
               │            └ <WSGIRequest: GET '/project-21/doc-777/'>
               └ <django.middleware.common.CommonMiddleware object at 0x7f707d672198>
  File "/www/server/python_manager/versions/3.6.8/lib/python3.6/site-packages/django/utils/deprecation.py", line 94, in __call__
    response = response or self.get_response(request)
               │           │    │            └ <WSGIRequest: GET '/project-21/doc-777/'>
               │           │    └ <function convert_exception_to_response.<locals>.inner at 0x7f707ca919d8>
               │           └ <django.middleware.common.CommonMiddleware object at 0x7f707d672198>
               └ None
  File "/www/server/python_manager/versions/3.6.8/lib/python3.6/site-packages/django/core/handlers/exception.py", line 34, in inner
    response = get_response(request)
               │            └ <WSGIRequest: GET '/project-21/doc-777/'>
               └ <django.middleware.csrf.CsrfViewMiddleware object at 0x7f707d672128>
  File "/www/server/python_manager/versions/3.6.8/lib/python3.6/site-packages/django/utils/deprecation.py", line 94, in __call__
    response = response or self.get_response(request)
               │           │    │            └ <WSGIRequest: GET '/project-21/doc-777/'>
               │           │    └ <function convert_exception_to_response.<locals>.inner at 0x7f707ca91950>
               │           └ <django.middleware.csrf.CsrfViewMiddleware object at 0x7f707d672128>
               └ None
  File "/www/server/python_manager/versions/3.6.8/lib/python3.6/site-packages/django/core/handlers/exception.py", line 34, in inner
    response = get_response(request)
               │            └ <WSGIRequest: GET '/project-21/doc-777/'>
               └ <django.contrib.auth.middleware.AuthenticationMiddleware object at 0x7f707d672160>
  File "/www/server/python_manager/versions/3.6.8/lib/python3.6/site-packages/django/utils/deprecation.py", line 94, in __call__
    response = response or self.get_response(request)
               │           │    │            └ <WSGIRequest: GET '/project-21/doc-777/'>
               │           │    └ <function convert_exception_to_response.<locals>.inner at 0x7f707ca918c8>
               │           └ <django.contrib.auth.middleware.AuthenticationMiddleware object at 0x7f707d672160>
               └ None
  File "/www/server/python_manager/versions/3.6.8/lib/python3.6/site-packages/django/core/handlers/exception.py", line 34, in inner
    response = get_response(request)
               │            └ <WSGIRequest: GET '/project-21/doc-777/'>
               └ <django.contrib.messages.middleware.MessageMiddleware object at 0x7f707cace6a0>
  File "/www/server/python_manager/versions/3.6.8/lib/python3.6/site-packages/django/utils/deprecation.py", line 94, in __call__
    response = response or self.get_response(request)
               │           │    │            └ <WSGIRequest: GET '/project-21/doc-777/'>
               │           │    └ <function convert_exception_to_response.<locals>.inner at 0x7f707ca91840>
               │           └ <django.contrib.messages.middleware.MessageMiddleware object at 0x7f707cace6a0>
               └ None
  File "/www/server/python_manager/versions/3.6.8/lib/python3.6/site-packages/django/core/handlers/exception.py", line 34, in inner
    response = get_response(request)
               │            └ <WSGIRequest: GET '/project-21/doc-777/'>
               └ <django.middleware.clickjacking.XFrameOptionsMiddleware object at 0x7f707cacec18>
  File "/www/server/python_manager/versions/3.6.8/lib/python3.6/site-packages/django/utils/deprecation.py", line 94, in __call__
    response = response or self.get_response(request)
               │           │    │            └ <WSGIRequest: GET '/project-21/doc-777/'>
               │           │    └ <function convert_exception_to_response.<locals>.inner at 0x7f707ca917b8>
               │           └ <django.middleware.clickjacking.XFrameOptionsMiddleware object at 0x7f707cacec18>
               └ None
  File "/www/server/python_manager/versions/3.6.8/lib/python3.6/site-packages/django/core/handlers/exception.py", line 34, in inner
    response = get_response(request)
               │            └ <WSGIRequest: GET '/project-21/doc-777/'>
               └ <app_admin.middleware.require_login_middleware.RequiredLoginMiddleware object at 0x7f707e369160>

  File "/usr/local/projects/MrDoc/app_admin/middleware/require_login_middleware.py", line 35, in __call__
    response = self.get_response(request)
               │    │            └ <WSGIRequest: GET '/project-21/doc-777/'>
               │    └ <function BaseHandler._get_response at 0x7f707caebea0>
               └ <app_admin.middleware.require_login_middleware.RequiredLoginMiddleware object at 0x7f707e369160>

  File "/www/server/python_manager/versions/3.6.8/lib/python3.6/site-packages/django/core/handlers/exception.py", line 34, in inner
    response = get_response(request)
               │            └ <WSGIRequest: GET '/project-21/doc-777/'>
               └ <bound method BaseHandler._get_response of <django.core.handlers.wsgi.WSGIHandler object at 0x7f707d6d8f60>>
  File "/www/server/python_manager/versions/3.6.8/lib/python3.6/site-packages/django/core/handlers/base.py", line 113, in _get_response
    response = wrapped_callback(request, *callback_args, **callback_kwargs)
               │                │         │                └ {'pro_id': 21, 'doc_id': 777}
               │                │         └ ()
               │                └ <WSGIRequest: GET '/project-21/doc-777/'>
               └ <function doc at 0x7f707d599598>
  File "/www/server/python_manager/versions/3.6.8/lib/python3.6/site-packages/django/views/decorators/http.py", line 40, in inner
    return func(request, *args, **kwargs)
           │    │         │       └ {'pro_id': 21, 'doc_id': 777}
           │    │         └ ()
           │    └ <WSGIRequest: GET '/project-21/doc-777/'>
           └ <function doc at 0x7f707d599510>

> File "/usr/local/projects/MrDoc/app_doc/views.py", line 997, in doc
    doc = Doc.objects.get(id=int(doc_id),status__in=[0,1]) # 文档信息
          │   │                  └ 777
          │   └ <django.db.models.manager.ManagerDescriptor object at 0x7f707f8cc1d0>
          └ <class 'app_doc.models.Doc'>

  File "/www/server/python_manager/versions/3.6.8/lib/python3.6/site-packages/django/db/models/manager.py", line 82, in manager_method
    return getattr(self.get_queryset(), name)(*args, **kwargs)
                   │    │               │      │       └ {'id': 777, 'status__in': [0, 1]}
                   │    │               │      └ ()
                   │    │               └ 'get'
                   │    └ <function BaseManager.get_queryset at 0x7f7080890ae8>
                   └ <django.db.models.manager.Manager object at 0x7f707cb3bac8>
  File "/www/server/python_manager/versions/3.6.8/lib/python3.6/site-packages/django/db/models/query.py", line 408, in get
    self.model._meta.object_name
    │    │     │     └ 'Doc'
    │    │     └ <Options for Doc>
    │    └ <class 'app_doc.models.Doc'>
    └ <QuerySet [<Doc: About>, <Doc: 1、算法框架>, <Doc: 1、TDH>, <Doc: 1.1 常用方法>, <Doc: 2、Shell>, <Doc: 2.1 常用命令>, <Doc: 2.2 示例脚本>, <Doc...

app_doc.models.Doc.DoesNotExist: Doc matching query does not exist.
