2022-08-03 18:00:25.837 | ERROR    | app_doc.views:doc:1075 - Collection browsing error
Traceback (most recent call last):
  File "/usr/lib64/python3.6/threading.py", line 887, in _bootstrap
    self._bootstrap_inner()
    │    └ <function Thread._bootstrap_inner at 0x7f91db09bea0>
    └ <Thread(Thread-829, started daemon 140264145688320)>
  File "/usr/lib64/python3.6/threading.py", line 919, in _bootstrap_inner
    self.run()
    │    └ <function Thread.run at 0x7f91db09bc80>
    └ <Thread(Thread-829, started daemon 140264145688320)>
  File "/usr/lib64/python3.6/threading.py", line 867, in run
    self._target(*self._args, **self._kwargs)
    │    │        │    │        │    └ {}
    │    │        │    │        └ <Thread(Thread-829, started daemon 140264145688320)>
    │    │        │    └ (<socket.socket fd=6, family=AddressFamily.AF_INET, type=SocketKind.SOCK_STREAM, proto=0, laddr=('127.0.0.1', 9200), raddr=('...
    │    │        └ <Thread(Thread-829, started daemon 140264145688320)>
    │    └ <bound method ThreadingMixIn.process_request_thread of <django.core.servers.basehttp.WSGIServer object at 0x7f91d4295080>>
    └ <Thread(Thread-829, started daemon 140264145688320)>
  File "/usr/lib64/python3.6/socketserver.py", line 654, in process_request_thread
    self.finish_request(request, client_address)
    │    │              │        └ ('127.0.0.1', 34692)
    │    │              └ <socket.socket fd=6, family=AddressFamily.AF_INET, type=SocketKind.SOCK_STREAM, proto=0, laddr=('127.0.0.1', 9200), raddr=('1...
    │    └ <function BaseServer.finish_request at 0x7f91d3dc6158>
    └ <django.core.servers.basehttp.WSGIServer object at 0x7f91d4295080>
  File "/usr/lib64/python3.6/socketserver.py", line 364, in finish_request
    self.RequestHandlerClass(request, client_address, self)
    │    │                   │        │               └ <django.core.servers.basehttp.WSGIServer object at 0x7f91d4295080>
    │    │                   │        └ ('127.0.0.1', 34692)
    │    │                   └ <socket.socket fd=6, family=AddressFamily.AF_INET, type=SocketKind.SOCK_STREAM, proto=0, laddr=('127.0.0.1', 9200), raddr=('1...
    │    └ <class 'django.core.servers.basehttp.WSGIRequestHandler'>
    └ <django.core.servers.basehttp.WSGIServer object at 0x7f91d4295080>
  File "/usr/lib64/python3.6/socketserver.py", line 724, in __init__
    self.handle()
    │    └ <function WSGIRequestHandler.handle at 0x7f91d2bc37b8>
    └ <django.core.servers.basehttp.WSGIRequestHandler object at 0x7f91c96704a8>

  File "/usr/local/lib64/python3.6/site-packages/django/core/servers/basehttp.py", line 169, in handle
    self.handle_one_request()
    │    └ <function WSGIRequestHandler.handle_one_request at 0x7f91d2bc3840>
    └ <django.core.servers.basehttp.WSGIRequestHandler object at 0x7f91c96704a8>

  File "/usr/local/lib64/python3.6/site-packages/django/core/servers/basehttp.py", line 194, in handle_one_request
    handler.run(self.server.get_app())
    │       │   │    │      └ <function WSGIServer.get_app at 0x7f91d2bc1d08>
    │       │   │    └ <django.core.servers.basehttp.WSGIServer object at 0x7f91d4295080>
    │       │   └ <django.core.servers.basehttp.WSGIRequestHandler object at 0x7f91c96704a8>
    │       └ <function BaseHandler.run at 0x7f91d2bbca60>
    └ <django.core.servers.basehttp.ServerHandler object at 0x7f91ca9a83c8>

  File "/usr/lib64/python3.6/wsgiref/handlers.py", line 137, in run
    self.result = application(self.environ, self.start_response)
    │    │        │           │    │        │    └ <function BaseHandler.start_response at 0x7f91d2bbcd90>
    │    │        │           │    │        └ <django.core.servers.basehttp.ServerHandler object at 0x7f91ca9a83c8>
    │    │        │           │    └ {'LS_COLORS': 'rs=0:di=38;5;33:ln=38;5;51:mh=00:pi=40;38;5;11:so=38;5;13:do=38;5;5:bd=48;5;232;38;5;11:cd=48;5;232;38;5;3:or=...
    │    │        │           └ <django.core.servers.basehttp.ServerHandler object at 0x7f91ca9a83c8>
    │    │        └ <django.core.handlers.wsgi.WSGIHandler object at 0x7f91d0a6e400>
    │    └ None
    └ <django.core.servers.basehttp.ServerHandler object at 0x7f91ca9a83c8>

  File "/usr/local/lib64/python3.6/site-packages/django/core/handlers/wsgi.py", line 141, in __call__
    response = self.get_response(request)
               │    │            └ <WSGIRequest: GET '/project-21/doc-273/'>
               │    └ <function BaseHandler.get_response at 0x7f91d2bf5f28>
               └ <django.core.handlers.wsgi.WSGIHandler object at 0x7f91d0a6e400>

  File "/usr/local/lib64/python3.6/site-packages/django/core/handlers/base.py", line 75, in get_response
    response = self._middleware_chain(request)
               │    │                 └ <WSGIRequest: GET '/project-21/doc-273/'>
               │    └ <function convert_exception_to_response.<locals>.inner at 0x7f91cbe42c80>
               └ <django.core.handlers.wsgi.WSGIHandler object at 0x7f91d0a6e400>

  File "/usr/local/lib64/python3.6/site-packages/django/core/handlers/exception.py", line 34, in inner
    response = get_response(request)
               │            └ <WSGIRequest: GET '/project-21/doc-273/'>
               └ <django.middleware.security.SecurityMiddleware object at 0x7f91cbed0d68>

  File "/usr/local/lib64/python3.6/site-packages/django/utils/deprecation.py", line 94, in __call__
    response = response or self.get_response(request)
               │           │    │            └ <WSGIRequest: GET '/project-21/doc-273/'>
               │           │    └ <function convert_exception_to_response.<locals>.inner at 0x7f91cbe42bf8>
               │           └ <django.middleware.security.SecurityMiddleware object at 0x7f91cbed0d68>
               └ None

  File "/usr/local/lib64/python3.6/site-packages/django/core/handlers/exception.py", line 34, in inner
    response = get_response(request)
               │            └ <WSGIRequest: GET '/project-21/doc-273/'>
               └ <django.contrib.sessions.middleware.SessionMiddleware object at 0x7f91cbed0ef0>

  File "/usr/local/lib64/python3.6/site-packages/django/utils/deprecation.py", line 94, in __call__
    response = response or self.get_response(request)
               │           │    │            └ <WSGIRequest: GET '/project-21/doc-273/'>
               │           │    └ <function convert_exception_to_response.<locals>.inner at 0x7f91cbe42b70>
               │           └ <django.contrib.sessions.middleware.SessionMiddleware object at 0x7f91cbed0ef0>
               └ None

  File "/usr/local/lib64/python3.6/site-packages/django/core/handlers/exception.py", line 34, in inner
    response = get_response(request)
               │            └ <WSGIRequest: GET '/project-21/doc-273/'>
               └ <django.middleware.locale.LocaleMiddleware object at 0x7f91cbeddda0>

  File "/usr/local/lib64/python3.6/site-packages/django/utils/deprecation.py", line 94, in __call__
    response = response or self.get_response(request)
               │           │    │            └ <WSGIRequest: GET '/project-21/doc-273/'>
               │           │    └ <function convert_exception_to_response.<locals>.inner at 0x7f91cbe42ae8>
               │           └ <django.middleware.locale.LocaleMiddleware object at 0x7f91cbeddda0>
               └ None

  File "/usr/local/lib64/python3.6/site-packages/django/core/handlers/exception.py", line 34, in inner
    response = get_response(request)
               │            └ <WSGIRequest: GET '/project-21/doc-273/'>
               └ <corsheaders.middleware.CorsMiddleware object at 0x7f91cbedd780>

  File "/usr/local/lib64/python3.6/site-packages/django/utils/deprecation.py", line 94, in __call__
    response = response or self.get_response(request)
               │           │    │            └ <WSGIRequest: GET '/project-21/doc-273/'>
               │           │    └ <function convert_exception_to_response.<locals>.inner at 0x7f91cbe42a60>
               │           └ <corsheaders.middleware.CorsMiddleware object at 0x7f91cbedd780>
               └ None

  File "/usr/local/lib64/python3.6/site-packages/django/core/handlers/exception.py", line 34, in inner
    response = get_response(request)
               │            └ <WSGIRequest: GET '/project-21/doc-273/'>
               └ <django.middleware.common.CommonMiddleware object at 0x7f91d0a75f98>

  File "/usr/local/lib64/python3.6/site-packages/django/utils/deprecation.py", line 94, in __call__
    response = response or self.get_response(request)
               │           │    │            └ <WSGIRequest: GET '/project-21/doc-273/'>
               │           │    └ <function convert_exception_to_response.<locals>.inner at 0x7f91cbe429d8>
               │           └ <django.middleware.common.CommonMiddleware object at 0x7f91d0a75f98>
               └ None

  File "/usr/local/lib64/python3.6/site-packages/django/core/handlers/exception.py", line 34, in inner
    response = get_response(request)
               │            └ <WSGIRequest: GET '/project-21/doc-273/'>
               └ <django.middleware.csrf.CsrfViewMiddleware object at 0x7f91d0a75ef0>

  File "/usr/local/lib64/python3.6/site-packages/django/utils/deprecation.py", line 94, in __call__
    response = response or self.get_response(request)
               │           │    │            └ <WSGIRequest: GET '/project-21/doc-273/'>
               │           │    └ <function convert_exception_to_response.<locals>.inner at 0x7f91cbe42950>
               │           └ <django.middleware.csrf.CsrfViewMiddleware object at 0x7f91d0a75ef0>
               └ None

  File "/usr/local/lib64/python3.6/site-packages/django/core/handlers/exception.py", line 34, in inner
    response = get_response(request)
               │            └ <WSGIRequest: GET '/project-21/doc-273/'>
               └ <django.contrib.auth.middleware.AuthenticationMiddleware object at 0x7f91d163b7b8>

  File "/usr/local/lib64/python3.6/site-packages/django/utils/deprecation.py", line 94, in __call__
    response = response or self.get_response(request)
               │           │    │            └ <WSGIRequest: GET '/project-21/doc-273/'>
               │           │    └ <function convert_exception_to_response.<locals>.inner at 0x7f91cbe428c8>
               │           └ <django.contrib.auth.middleware.AuthenticationMiddleware object at 0x7f91d163b7b8>
               └ None

  File "/usr/local/lib64/python3.6/site-packages/django/core/handlers/exception.py", line 34, in inner
    response = get_response(request)
               │            └ <WSGIRequest: GET '/project-21/doc-273/'>
               └ <django.contrib.messages.middleware.MessageMiddleware object at 0x7f91d163bef0>

  File "/usr/local/lib64/python3.6/site-packages/django/utils/deprecation.py", line 94, in __call__
    response = response or self.get_response(request)
               │           │    │            └ <WSGIRequest: GET '/project-21/doc-273/'>
               │           │    └ <function convert_exception_to_response.<locals>.inner at 0x7f91cbe42840>
               │           └ <django.contrib.messages.middleware.MessageMiddleware object at 0x7f91d163bef0>
               └ None

  File "/usr/local/lib64/python3.6/site-packages/django/core/handlers/exception.py", line 34, in inner
    response = get_response(request)
               │            └ <WSGIRequest: GET '/project-21/doc-273/'>
               └ <django.middleware.clickjacking.XFrameOptionsMiddleware object at 0x7f91cbef4080>

  File "/usr/local/lib64/python3.6/site-packages/django/utils/deprecation.py", line 94, in __call__
    response = response or self.get_response(request)
               │           │    │            └ <WSGIRequest: GET '/project-21/doc-273/'>
               │           │    └ <function convert_exception_to_response.<locals>.inner at 0x7f91cbe427b8>
               │           └ <django.middleware.clickjacking.XFrameOptionsMiddleware object at 0x7f91cbef4080>
               └ None

  File "/usr/local/lib64/python3.6/site-packages/django/core/handlers/exception.py", line 34, in inner
    response = get_response(request)
               │            └ <WSGIRequest: GET '/project-21/doc-273/'>
               └ <app_admin.middleware.require_login_middleware.RequiredLoginMiddleware object at 0x7f91cbef4048>

  File "/usr/local/projects/MrDoc/app_admin/middleware/require_login_middleware.py", line 36, in __call__
    response = self.get_response(request)
               │    │            └ <WSGIRequest: GET '/project-21/doc-273/'>
               │    └ <function BaseHandler._get_response at 0x7f91cbf59730>
               └ <app_admin.middleware.require_login_middleware.RequiredLoginMiddleware object at 0x7f91cbef4048>

  File "/usr/local/lib64/python3.6/site-packages/django/core/handlers/exception.py", line 34, in inner
    response = get_response(request)
               │            └ <WSGIRequest: GET '/project-21/doc-273/'>
               └ <bound method BaseHandler._get_response of <django.core.handlers.wsgi.WSGIHandler object at 0x7f91d0a6e400>>

  File "/usr/local/lib64/python3.6/site-packages/django/core/handlers/base.py", line 113, in _get_response
    response = wrapped_callback(request, *callback_args, **callback_kwargs)
               │                │         │                └ {'pro_id': 21, 'doc_id': 273}
               │                │         └ ()
               │                └ <WSGIRequest: GET '/project-21/doc-273/'>
               └ <function doc at 0x7f91d0927048>

  File "/usr/local/lib64/python3.6/site-packages/django/views/decorators/http.py", line 40, in inner
    return func(request, *args, **kwargs)
           │    │         │       └ {'pro_id': 21, 'doc_id': 273}
           │    │         └ ()
           │    └ <WSGIRequest: GET '/project-21/doc-273/'>
           └ <function doc at 0x7f91d0925f28>

> File "/usr/local/projects/MrDoc/app_doc/views.py", line 1002, in doc
    doc = Doc.objects.get(id=int(doc_id),status__in=[0,1]) # 文档信息
          │   │                  └ 273
          │   └ <django.db.models.manager.ManagerDescriptor object at 0x7f91d2cc2f98>
          └ <class 'app_doc.models.Doc'>

  File "/usr/local/lib64/python3.6/site-packages/django/db/models/manager.py", line 82, in manager_method
    return getattr(self.get_queryset(), name)(*args, **kwargs)
                   │    │               │      │       └ {'id': 273, 'status__in': [0, 1]}
                   │    │               │      └ ()
                   │    │               └ 'get'
                   │    └ <function BaseManager.get_queryset at 0x7f91d3e7fd08>
                   └ <django.db.models.manager.Manager object at 0x7f91d2337208>

  File "/usr/local/lib64/python3.6/site-packages/django/db/models/query.py", line 408, in get
    self.model._meta.object_name
    │    │     │     └ 'Doc'
    │    │     └ <Options for Doc>
    │    └ <class 'app_doc.models.Doc'>
    └ <QuerySet [<Doc: About>, <Doc: 算法框架>, <Doc: TDH>, <Doc: 常用方法>, <Doc: Shell>, <Doc: 常用命令>, <Doc: 示例脚本>, <Doc: Redis>, <Doc: 常用...

app_doc.models.Doc.DoesNotExist: Doc matching query does not exist.
2022-08-03 18:33:23.115 | ERROR    | app_doc.views:doc:1075 - 文集浏览出错
Traceback (most recent call last):
  File "/usr/lib64/python3.6/threading.py", line 887, in _bootstrap
    self._bootstrap_inner()
    │    └ <function Thread._bootstrap_inner at 0x7f91db09bea0>
    └ <Thread(Thread-880, started daemon 140264124970752)>
  File "/usr/lib64/python3.6/threading.py", line 919, in _bootstrap_inner
    self.run()
    │    └ <function Thread.run at 0x7f91db09bc80>
    └ <Thread(Thread-880, started daemon 140264124970752)>
  File "/usr/lib64/python3.6/threading.py", line 867, in run
    self._target(*self._args, **self._kwargs)
    │    │        │    │        │    └ {}
    │    │        │    │        └ <Thread(Thread-880, started daemon 140264124970752)>
    │    │        │    └ (<socket.socket fd=6, family=AddressFamily.AF_INET, type=SocketKind.SOCK_STREAM, proto=0, laddr=('127.0.0.1', 9200), raddr=('...
    │    │        └ <Thread(Thread-880, started daemon 140264124970752)>
    │    └ <bound method ThreadingMixIn.process_request_thread of <django.core.servers.basehttp.WSGIServer object at 0x7f91d4295080>>
    └ <Thread(Thread-880, started daemon 140264124970752)>
  File "/usr/lib64/python3.6/socketserver.py", line 654, in process_request_thread
    self.finish_request(request, client_address)
    │    │              │        └ ('127.0.0.1', 34924)
    │    │              └ <socket.socket fd=6, family=AddressFamily.AF_INET, type=SocketKind.SOCK_STREAM, proto=0, laddr=('127.0.0.1', 9200), raddr=('1...
    │    └ <function BaseServer.finish_request at 0x7f91d3dc6158>
    └ <django.core.servers.basehttp.WSGIServer object at 0x7f91d4295080>
  File "/usr/lib64/python3.6/socketserver.py", line 364, in finish_request
    self.RequestHandlerClass(request, client_address, self)
    │    │                   │        │               └ <django.core.servers.basehttp.WSGIServer object at 0x7f91d4295080>
    │    │                   │        └ ('127.0.0.1', 34924)
    │    │                   └ <socket.socket fd=6, family=AddressFamily.AF_INET, type=SocketKind.SOCK_STREAM, proto=0, laddr=('127.0.0.1', 9200), raddr=('1...
    │    └ <class 'django.core.servers.basehttp.WSGIRequestHandler'>
    └ <django.core.servers.basehttp.WSGIServer object at 0x7f91d4295080>
  File "/usr/lib64/python3.6/socketserver.py", line 724, in __init__
    self.handle()
    │    └ <function WSGIRequestHandler.handle at 0x7f91d2bc37b8>
    └ <django.core.servers.basehttp.WSGIRequestHandler object at 0x7f91d50565c0>

  File "/usr/local/lib64/python3.6/site-packages/django/core/servers/basehttp.py", line 169, in handle
    self.handle_one_request()
    │    └ <function WSGIRequestHandler.handle_one_request at 0x7f91d2bc3840>
    └ <django.core.servers.basehttp.WSGIRequestHandler object at 0x7f91d50565c0>

  File "/usr/local/lib64/python3.6/site-packages/django/core/servers/basehttp.py", line 194, in handle_one_request
    handler.run(self.server.get_app())
    │       │   │    │      └ <function WSGIServer.get_app at 0x7f91d2bc1d08>
    │       │   │    └ <django.core.servers.basehttp.WSGIServer object at 0x7f91d4295080>
    │       │   └ <django.core.servers.basehttp.WSGIRequestHandler object at 0x7f91d50565c0>
    │       └ <function BaseHandler.run at 0x7f91d2bbca60>
    └ <django.core.servers.basehttp.ServerHandler object at 0x7f91cbe70e48>

  File "/usr/lib64/python3.6/wsgiref/handlers.py", line 137, in run
    self.result = application(self.environ, self.start_response)
    │    │        │           │    │        │    └ <function BaseHandler.start_response at 0x7f91d2bbcd90>
    │    │        │           │    │        └ <django.core.servers.basehttp.ServerHandler object at 0x7f91cbe70e48>
    │    │        │           │    └ {'LS_COLORS': 'rs=0:di=38;5;33:ln=38;5;51:mh=00:pi=40;38;5;11:so=38;5;13:do=38;5;5:bd=48;5;232;38;5;11:cd=48;5;232;38;5;3:or=...
    │    │        │           └ <django.core.servers.basehttp.ServerHandler object at 0x7f91cbe70e48>
    │    │        └ <django.core.handlers.wsgi.WSGIHandler object at 0x7f91d0a6e400>
    │    └ None
    └ <django.core.servers.basehttp.ServerHandler object at 0x7f91cbe70e48>

  File "/usr/local/lib64/python3.6/site-packages/django/core/handlers/wsgi.py", line 141, in __call__
    response = self.get_response(request)
               │    │            └ <WSGIRequest: GET '/project-21/doc-764/'>
               │    └ <function BaseHandler.get_response at 0x7f91d2bf5f28>
               └ <django.core.handlers.wsgi.WSGIHandler object at 0x7f91d0a6e400>

  File "/usr/local/lib64/python3.6/site-packages/django/core/handlers/base.py", line 75, in get_response
    response = self._middleware_chain(request)
               │    │                 └ <WSGIRequest: GET '/project-21/doc-764/'>
               │    └ <function convert_exception_to_response.<locals>.inner at 0x7f91cbe42c80>
               └ <django.core.handlers.wsgi.WSGIHandler object at 0x7f91d0a6e400>

  File "/usr/local/lib64/python3.6/site-packages/django/core/handlers/exception.py", line 34, in inner
    response = get_response(request)
               │            └ <WSGIRequest: GET '/project-21/doc-764/'>
               └ <django.middleware.security.SecurityMiddleware object at 0x7f91cbed0d68>

  File "/usr/local/lib64/python3.6/site-packages/django/utils/deprecation.py", line 94, in __call__
    response = response or self.get_response(request)
               │           │    │            └ <WSGIRequest: GET '/project-21/doc-764/'>
               │           │    └ <function convert_exception_to_response.<locals>.inner at 0x7f91cbe42bf8>
               │           └ <django.middleware.security.SecurityMiddleware object at 0x7f91cbed0d68>
               └ None

  File "/usr/local/lib64/python3.6/site-packages/django/core/handlers/exception.py", line 34, in inner
    response = get_response(request)
               │            └ <WSGIRequest: GET '/project-21/doc-764/'>
               └ <django.contrib.sessions.middleware.SessionMiddleware object at 0x7f91cbed0ef0>

  File "/usr/local/lib64/python3.6/site-packages/django/utils/deprecation.py", line 94, in __call__
    response = response or self.get_response(request)
               │           │    │            └ <WSGIRequest: GET '/project-21/doc-764/'>
               │           │    └ <function convert_exception_to_response.<locals>.inner at 0x7f91cbe42b70>
               │           └ <django.contrib.sessions.middleware.SessionMiddleware object at 0x7f91cbed0ef0>
               └ None

  File "/usr/local/lib64/python3.6/site-packages/django/core/handlers/exception.py", line 34, in inner
    response = get_response(request)
               │            └ <WSGIRequest: GET '/project-21/doc-764/'>
               └ <django.middleware.locale.LocaleMiddleware object at 0x7f91cbeddda0>

  File "/usr/local/lib64/python3.6/site-packages/django/utils/deprecation.py", line 94, in __call__
    response = response or self.get_response(request)
               │           │    │            └ <WSGIRequest: GET '/project-21/doc-764/'>
               │           │    └ <function convert_exception_to_response.<locals>.inner at 0x7f91cbe42ae8>
               │           └ <django.middleware.locale.LocaleMiddleware object at 0x7f91cbeddda0>
               └ None

  File "/usr/local/lib64/python3.6/site-packages/django/core/handlers/exception.py", line 34, in inner
    response = get_response(request)
               │            └ <WSGIRequest: GET '/project-21/doc-764/'>
               └ <corsheaders.middleware.CorsMiddleware object at 0x7f91cbedd780>

  File "/usr/local/lib64/python3.6/site-packages/django/utils/deprecation.py", line 94, in __call__
    response = response or self.get_response(request)
               │           │    │            └ <WSGIRequest: GET '/project-21/doc-764/'>
               │           │    └ <function convert_exception_to_response.<locals>.inner at 0x7f91cbe42a60>
               │           └ <corsheaders.middleware.CorsMiddleware object at 0x7f91cbedd780>
               └ None

  File "/usr/local/lib64/python3.6/site-packages/django/core/handlers/exception.py", line 34, in inner
    response = get_response(request)
               │            └ <WSGIRequest: GET '/project-21/doc-764/'>
               └ <django.middleware.common.CommonMiddleware object at 0x7f91d0a75f98>

  File "/usr/local/lib64/python3.6/site-packages/django/utils/deprecation.py", line 94, in __call__
    response = response or self.get_response(request)
               │           │    │            └ <WSGIRequest: GET '/project-21/doc-764/'>
               │           │    └ <function convert_exception_to_response.<locals>.inner at 0x7f91cbe429d8>
               │           └ <django.middleware.common.CommonMiddleware object at 0x7f91d0a75f98>
               └ None

  File "/usr/local/lib64/python3.6/site-packages/django/core/handlers/exception.py", line 34, in inner
    response = get_response(request)
               │            └ <WSGIRequest: GET '/project-21/doc-764/'>
               └ <django.middleware.csrf.CsrfViewMiddleware object at 0x7f91d0a75ef0>

  File "/usr/local/lib64/python3.6/site-packages/django/utils/deprecation.py", line 94, in __call__
    response = response or self.get_response(request)
               │           │    │            └ <WSGIRequest: GET '/project-21/doc-764/'>
               │           │    └ <function convert_exception_to_response.<locals>.inner at 0x7f91cbe42950>
               │           └ <django.middleware.csrf.CsrfViewMiddleware object at 0x7f91d0a75ef0>
               └ None

  File "/usr/local/lib64/python3.6/site-packages/django/core/handlers/exception.py", line 34, in inner
    response = get_response(request)
               │            └ <WSGIRequest: GET '/project-21/doc-764/'>
               └ <django.contrib.auth.middleware.AuthenticationMiddleware object at 0x7f91d163b7b8>

  File "/usr/local/lib64/python3.6/site-packages/django/utils/deprecation.py", line 94, in __call__
    response = response or self.get_response(request)
               │           │    │            └ <WSGIRequest: GET '/project-21/doc-764/'>
               │           │    └ <function convert_exception_to_response.<locals>.inner at 0x7f91cbe428c8>
               │           └ <django.contrib.auth.middleware.AuthenticationMiddleware object at 0x7f91d163b7b8>
               └ None

  File "/usr/local/lib64/python3.6/site-packages/django/core/handlers/exception.py", line 34, in inner
    response = get_response(request)
               │            └ <WSGIRequest: GET '/project-21/doc-764/'>
               └ <django.contrib.messages.middleware.MessageMiddleware object at 0x7f91d163bef0>

  File "/usr/local/lib64/python3.6/site-packages/django/utils/deprecation.py", line 94, in __call__
    response = response or self.get_response(request)
               │           │    │            └ <WSGIRequest: GET '/project-21/doc-764/'>
               │           │    └ <function convert_exception_to_response.<locals>.inner at 0x7f91cbe42840>
               │           └ <django.contrib.messages.middleware.MessageMiddleware object at 0x7f91d163bef0>
               └ None

  File "/usr/local/lib64/python3.6/site-packages/django/core/handlers/exception.py", line 34, in inner
    response = get_response(request)
               │            └ <WSGIRequest: GET '/project-21/doc-764/'>
               └ <django.middleware.clickjacking.XFrameOptionsMiddleware object at 0x7f91cbef4080>

  File "/usr/local/lib64/python3.6/site-packages/django/utils/deprecation.py", line 94, in __call__
    response = response or self.get_response(request)
               │           │    │            └ <WSGIRequest: GET '/project-21/doc-764/'>
               │           │    └ <function convert_exception_to_response.<locals>.inner at 0x7f91cbe427b8>
               │           └ <django.middleware.clickjacking.XFrameOptionsMiddleware object at 0x7f91cbef4080>
               └ None

  File "/usr/local/lib64/python3.6/site-packages/django/core/handlers/exception.py", line 34, in inner
    response = get_response(request)
               │            └ <WSGIRequest: GET '/project-21/doc-764/'>
               └ <app_admin.middleware.require_login_middleware.RequiredLoginMiddleware object at 0x7f91cbef4048>

  File "/usr/local/projects/MrDoc/app_admin/middleware/require_login_middleware.py", line 36, in __call__
    response = self.get_response(request)
               │    │            └ <WSGIRequest: GET '/project-21/doc-764/'>
               │    └ <function BaseHandler._get_response at 0x7f91cbf59730>
               └ <app_admin.middleware.require_login_middleware.RequiredLoginMiddleware object at 0x7f91cbef4048>

  File "/usr/local/lib64/python3.6/site-packages/django/core/handlers/exception.py", line 34, in inner
    response = get_response(request)
               │            └ <WSGIRequest: GET '/project-21/doc-764/'>
               └ <bound method BaseHandler._get_response of <django.core.handlers.wsgi.WSGIHandler object at 0x7f91d0a6e400>>

  File "/usr/local/lib64/python3.6/site-packages/django/core/handlers/base.py", line 113, in _get_response
    response = wrapped_callback(request, *callback_args, **callback_kwargs)
               │                │         │                └ {'pro_id': 21, 'doc_id': 764}
               │                │         └ ()
               │                └ <WSGIRequest: GET '/project-21/doc-764/'>
               └ <function doc at 0x7f91d0927048>

  File "/usr/local/lib64/python3.6/site-packages/django/views/decorators/http.py", line 40, in inner
    return func(request, *args, **kwargs)
           │    │         │       └ {'pro_id': 21, 'doc_id': 764}
           │    │         └ ()
           │    └ <WSGIRequest: GET '/project-21/doc-764/'>
           └ <function doc at 0x7f91d0925f28>

> File "/usr/local/projects/MrDoc/app_doc/views.py", line 1002, in doc
    doc = Doc.objects.get(id=int(doc_id),status__in=[0,1]) # 文档信息
          │   │                  └ 764
          │   └ <django.db.models.manager.ManagerDescriptor object at 0x7f91d2cc2f98>
          └ <class 'app_doc.models.Doc'>

  File "/usr/local/lib64/python3.6/site-packages/django/db/models/manager.py", line 82, in manager_method
    return getattr(self.get_queryset(), name)(*args, **kwargs)
                   │    │               │      │       └ {'id': 764, 'status__in': [0, 1]}
                   │    │               │      └ ()
                   │    │               └ 'get'
                   │    └ <function BaseManager.get_queryset at 0x7f91d3e7fd08>
                   └ <django.db.models.manager.Manager object at 0x7f91d2337208>

  File "/usr/local/lib64/python3.6/site-packages/django/db/models/query.py", line 408, in get
    self.model._meta.object_name
    │    │     │     └ 'Doc'
    │    │     └ <Options for Doc>
    │    └ <class 'app_doc.models.Doc'>
    └ <QuerySet [<Doc: About>, <Doc: 算法框架>, <Doc: TDH>, <Doc: 常用方法>, <Doc: Shell>, <Doc: 常用命令>, <Doc: 示例脚本>, <Doc: Redis>, <Doc: 常用...

app_doc.models.Doc.DoesNotExist: Doc matching query does not exist.
2022-08-03 22:17:25.227 | ERROR    | app_doc.views:doc:1075 - 文集浏览出错
Traceback (most recent call last):
  File "/usr/lib64/python3.6/threading.py", line 887, in _bootstrap
    self._bootstrap_inner()
    │    └ <function Thread._bootstrap_inner at 0x7f91db09bea0>
    └ <Thread(Thread-1012, started daemon 140264135722752)>
  File "/usr/lib64/python3.6/threading.py", line 919, in _bootstrap_inner
    self.run()
    │    └ <function Thread.run at 0x7f91db09bc80>
    └ <Thread(Thread-1012, started daemon 140264135722752)>
  File "/usr/lib64/python3.6/threading.py", line 867, in run
    self._target(*self._args, **self._kwargs)
    │    │        │    │        │    └ {}
    │    │        │    │        └ <Thread(Thread-1012, started daemon 140264135722752)>
    │    │        │    └ (<socket.socket fd=6, family=AddressFamily.AF_INET, type=SocketKind.SOCK_STREAM, proto=0, laddr=('127.0.0.1', 9200), raddr=('...
    │    │        └ <Thread(Thread-1012, started daemon 140264135722752)>
    │    └ <bound method ThreadingMixIn.process_request_thread of <django.core.servers.basehttp.WSGIServer object at 0x7f91d4295080>>
    └ <Thread(Thread-1012, started daemon 140264135722752)>
  File "/usr/lib64/python3.6/socketserver.py", line 654, in process_request_thread
    self.finish_request(request, client_address)
    │    │              │        └ ('127.0.0.1', 36096)
    │    │              └ <socket.socket fd=6, family=AddressFamily.AF_INET, type=SocketKind.SOCK_STREAM, proto=0, laddr=('127.0.0.1', 9200), raddr=('1...
    │    └ <function BaseServer.finish_request at 0x7f91d3dc6158>
    └ <django.core.servers.basehttp.WSGIServer object at 0x7f91d4295080>
  File "/usr/lib64/python3.6/socketserver.py", line 364, in finish_request
    self.RequestHandlerClass(request, client_address, self)
    │    │                   │        │               └ <django.core.servers.basehttp.WSGIServer object at 0x7f91d4295080>
    │    │                   │        └ ('127.0.0.1', 36096)
    │    │                   └ <socket.socket fd=6, family=AddressFamily.AF_INET, type=SocketKind.SOCK_STREAM, proto=0, laddr=('127.0.0.1', 9200), raddr=('1...
    │    └ <class 'django.core.servers.basehttp.WSGIRequestHandler'>
    └ <django.core.servers.basehttp.WSGIServer object at 0x7f91d4295080>
  File "/usr/lib64/python3.6/socketserver.py", line 724, in __init__
    self.handle()
    │    └ <function WSGIRequestHandler.handle at 0x7f91d2bc37b8>
    └ <django.core.servers.basehttp.WSGIRequestHandler object at 0x7f91c8d6f438>

  File "/usr/local/lib64/python3.6/site-packages/django/core/servers/basehttp.py", line 169, in handle
    self.handle_one_request()
    │    └ <function WSGIRequestHandler.handle_one_request at 0x7f91d2bc3840>
    └ <django.core.servers.basehttp.WSGIRequestHandler object at 0x7f91c8d6f438>

  File "/usr/local/lib64/python3.6/site-packages/django/core/servers/basehttp.py", line 194, in handle_one_request
    handler.run(self.server.get_app())
    │       │   │    │      └ <function WSGIServer.get_app at 0x7f91d2bc1d08>
    │       │   │    └ <django.core.servers.basehttp.WSGIServer object at 0x7f91d4295080>
    │       │   └ <django.core.servers.basehttp.WSGIRequestHandler object at 0x7f91c8d6f438>
    │       └ <function BaseHandler.run at 0x7f91d2bbca60>
    └ <django.core.servers.basehttp.ServerHandler object at 0x7f91c96b26a0>

  File "/usr/lib64/python3.6/wsgiref/handlers.py", line 137, in run
    self.result = application(self.environ, self.start_response)
    │    │        │           │    │        │    └ <function BaseHandler.start_response at 0x7f91d2bbcd90>
    │    │        │           │    │        └ <django.core.servers.basehttp.ServerHandler object at 0x7f91c96b26a0>
    │    │        │           │    └ {'LS_COLORS': 'rs=0:di=38;5;33:ln=38;5;51:mh=00:pi=40;38;5;11:so=38;5;13:do=38;5;5:bd=48;5;232;38;5;11:cd=48;5;232;38;5;3:or=...
    │    │        │           └ <django.core.servers.basehttp.ServerHandler object at 0x7f91c96b26a0>
    │    │        └ <django.core.handlers.wsgi.WSGIHandler object at 0x7f91d0a6e400>
    │    └ None
    └ <django.core.servers.basehttp.ServerHandler object at 0x7f91c96b26a0>

  File "/usr/local/lib64/python3.6/site-packages/django/core/handlers/wsgi.py", line 141, in __call__
    response = self.get_response(request)
               │    │            └ <WSGIRequest: GET '/project-34/doc-517/'>
               │    └ <function BaseHandler.get_response at 0x7f91d2bf5f28>
               └ <django.core.handlers.wsgi.WSGIHandler object at 0x7f91d0a6e400>

  File "/usr/local/lib64/python3.6/site-packages/django/core/handlers/base.py", line 75, in get_response
    response = self._middleware_chain(request)
               │    │                 └ <WSGIRequest: GET '/project-34/doc-517/'>
               │    └ <function convert_exception_to_response.<locals>.inner at 0x7f91cbe42c80>
               └ <django.core.handlers.wsgi.WSGIHandler object at 0x7f91d0a6e400>

  File "/usr/local/lib64/python3.6/site-packages/django/core/handlers/exception.py", line 34, in inner
    response = get_response(request)
               │            └ <WSGIRequest: GET '/project-34/doc-517/'>
               └ <django.middleware.security.SecurityMiddleware object at 0x7f91cbed0d68>

  File "/usr/local/lib64/python3.6/site-packages/django/utils/deprecation.py", line 94, in __call__
    response = response or self.get_response(request)
               │           │    │            └ <WSGIRequest: GET '/project-34/doc-517/'>
               │           │    └ <function convert_exception_to_response.<locals>.inner at 0x7f91cbe42bf8>
               │           └ <django.middleware.security.SecurityMiddleware object at 0x7f91cbed0d68>
               └ None

  File "/usr/local/lib64/python3.6/site-packages/django/core/handlers/exception.py", line 34, in inner
    response = get_response(request)
               │            └ <WSGIRequest: GET '/project-34/doc-517/'>
               └ <django.contrib.sessions.middleware.SessionMiddleware object at 0x7f91cbed0ef0>

  File "/usr/local/lib64/python3.6/site-packages/django/utils/deprecation.py", line 94, in __call__
    response = response or self.get_response(request)
               │           │    │            └ <WSGIRequest: GET '/project-34/doc-517/'>
               │           │    └ <function convert_exception_to_response.<locals>.inner at 0x7f91cbe42b70>
               │           └ <django.contrib.sessions.middleware.SessionMiddleware object at 0x7f91cbed0ef0>
               └ None

  File "/usr/local/lib64/python3.6/site-packages/django/core/handlers/exception.py", line 34, in inner
    response = get_response(request)
               │            └ <WSGIRequest: GET '/project-34/doc-517/'>
               └ <django.middleware.locale.LocaleMiddleware object at 0x7f91cbeddda0>

  File "/usr/local/lib64/python3.6/site-packages/django/utils/deprecation.py", line 94, in __call__
    response = response or self.get_response(request)
               │           │    │            └ <WSGIRequest: GET '/project-34/doc-517/'>
               │           │    └ <function convert_exception_to_response.<locals>.inner at 0x7f91cbe42ae8>
               │           └ <django.middleware.locale.LocaleMiddleware object at 0x7f91cbeddda0>
               └ None

  File "/usr/local/lib64/python3.6/site-packages/django/core/handlers/exception.py", line 34, in inner
    response = get_response(request)
               │            └ <WSGIRequest: GET '/project-34/doc-517/'>
               └ <corsheaders.middleware.CorsMiddleware object at 0x7f91cbedd780>

  File "/usr/local/lib64/python3.6/site-packages/django/utils/deprecation.py", line 94, in __call__
    response = response or self.get_response(request)
               │           │    │            └ <WSGIRequest: GET '/project-34/doc-517/'>
               │           │    └ <function convert_exception_to_response.<locals>.inner at 0x7f91cbe42a60>
               │           └ <corsheaders.middleware.CorsMiddleware object at 0x7f91cbedd780>
               └ None

  File "/usr/local/lib64/python3.6/site-packages/django/core/handlers/exception.py", line 34, in inner
    response = get_response(request)
               │            └ <WSGIRequest: GET '/project-34/doc-517/'>
               └ <django.middleware.common.CommonMiddleware object at 0x7f91d0a75f98>

  File "/usr/local/lib64/python3.6/site-packages/django/utils/deprecation.py", line 94, in __call__
    response = response or self.get_response(request)
               │           │    │            └ <WSGIRequest: GET '/project-34/doc-517/'>
               │           │    └ <function convert_exception_to_response.<locals>.inner at 0x7f91cbe429d8>
               │           └ <django.middleware.common.CommonMiddleware object at 0x7f91d0a75f98>
               └ None

  File "/usr/local/lib64/python3.6/site-packages/django/core/handlers/exception.py", line 34, in inner
    response = get_response(request)
               │            └ <WSGIRequest: GET '/project-34/doc-517/'>
               └ <django.middleware.csrf.CsrfViewMiddleware object at 0x7f91d0a75ef0>

  File "/usr/local/lib64/python3.6/site-packages/django/utils/deprecation.py", line 94, in __call__
    response = response or self.get_response(request)
               │           │    │            └ <WSGIRequest: GET '/project-34/doc-517/'>
               │           │    └ <function convert_exception_to_response.<locals>.inner at 0x7f91cbe42950>
               │           └ <django.middleware.csrf.CsrfViewMiddleware object at 0x7f91d0a75ef0>
               └ None

  File "/usr/local/lib64/python3.6/site-packages/django/core/handlers/exception.py", line 34, in inner
    response = get_response(request)
               │            └ <WSGIRequest: GET '/project-34/doc-517/'>
               └ <django.contrib.auth.middleware.AuthenticationMiddleware object at 0x7f91d163b7b8>

  File "/usr/local/lib64/python3.6/site-packages/django/utils/deprecation.py", line 94, in __call__
    response = response or self.get_response(request)
               │           │    │            └ <WSGIRequest: GET '/project-34/doc-517/'>
               │           │    └ <function convert_exception_to_response.<locals>.inner at 0x7f91cbe428c8>
               │           └ <django.contrib.auth.middleware.AuthenticationMiddleware object at 0x7f91d163b7b8>
               └ None

  File "/usr/local/lib64/python3.6/site-packages/django/core/handlers/exception.py", line 34, in inner
    response = get_response(request)
               │            └ <WSGIRequest: GET '/project-34/doc-517/'>
               └ <django.contrib.messages.middleware.MessageMiddleware object at 0x7f91d163bef0>

  File "/usr/local/lib64/python3.6/site-packages/django/utils/deprecation.py", line 94, in __call__
    response = response or self.get_response(request)
               │           │    │            └ <WSGIRequest: GET '/project-34/doc-517/'>
               │           │    └ <function convert_exception_to_response.<locals>.inner at 0x7f91cbe42840>
               │           └ <django.contrib.messages.middleware.MessageMiddleware object at 0x7f91d163bef0>
               └ None

  File "/usr/local/lib64/python3.6/site-packages/django/core/handlers/exception.py", line 34, in inner
    response = get_response(request)
               │            └ <WSGIRequest: GET '/project-34/doc-517/'>
               └ <django.middleware.clickjacking.XFrameOptionsMiddleware object at 0x7f91cbef4080>

  File "/usr/local/lib64/python3.6/site-packages/django/utils/deprecation.py", line 94, in __call__
    response = response or self.get_response(request)
               │           │    │            └ <WSGIRequest: GET '/project-34/doc-517/'>
               │           │    └ <function convert_exception_to_response.<locals>.inner at 0x7f91cbe427b8>
               │           └ <django.middleware.clickjacking.XFrameOptionsMiddleware object at 0x7f91cbef4080>
               └ None

  File "/usr/local/lib64/python3.6/site-packages/django/core/handlers/exception.py", line 34, in inner
    response = get_response(request)
               │            └ <WSGIRequest: GET '/project-34/doc-517/'>
               └ <app_admin.middleware.require_login_middleware.RequiredLoginMiddleware object at 0x7f91cbef4048>

  File "/usr/local/projects/MrDoc/app_admin/middleware/require_login_middleware.py", line 36, in __call__
    response = self.get_response(request)
               │    │            └ <WSGIRequest: GET '/project-34/doc-517/'>
               │    └ <function BaseHandler._get_response at 0x7f91cbf59730>
               └ <app_admin.middleware.require_login_middleware.RequiredLoginMiddleware object at 0x7f91cbef4048>

  File "/usr/local/lib64/python3.6/site-packages/django/core/handlers/exception.py", line 34, in inner
    response = get_response(request)
               │            └ <WSGIRequest: GET '/project-34/doc-517/'>
               └ <bound method BaseHandler._get_response of <django.core.handlers.wsgi.WSGIHandler object at 0x7f91d0a6e400>>

  File "/usr/local/lib64/python3.6/site-packages/django/core/handlers/base.py", line 113, in _get_response
    response = wrapped_callback(request, *callback_args, **callback_kwargs)
               │                │         │                └ {'pro_id': 34, 'doc_id': 517}
               │                │         └ ()
               │                └ <WSGIRequest: GET '/project-34/doc-517/'>
               └ <function doc at 0x7f91d0927048>

  File "/usr/local/lib64/python3.6/site-packages/django/views/decorators/http.py", line 40, in inner
    return func(request, *args, **kwargs)
           │    │         │       └ {'pro_id': 34, 'doc_id': 517}
           │    │         └ ()
           │    └ <WSGIRequest: GET '/project-34/doc-517/'>
           └ <function doc at 0x7f91d0925f28>

> File "/usr/local/projects/MrDoc/app_doc/views.py", line 1002, in doc
    doc = Doc.objects.get(id=int(doc_id),status__in=[0,1]) # 文档信息
          │   │                  └ 517
          │   └ <django.db.models.manager.ManagerDescriptor object at 0x7f91d2cc2f98>
          └ <class 'app_doc.models.Doc'>

  File "/usr/local/lib64/python3.6/site-packages/django/db/models/manager.py", line 82, in manager_method
    return getattr(self.get_queryset(), name)(*args, **kwargs)
                   │    │               │      │       └ {'id': 517, 'status__in': [0, 1]}
                   │    │               │      └ ()
                   │    │               └ 'get'
                   │    └ <function BaseManager.get_queryset at 0x7f91d3e7fd08>
                   └ <django.db.models.manager.Manager object at 0x7f91d2337208>

  File "/usr/local/lib64/python3.6/site-packages/django/db/models/query.py", line 408, in get
    self.model._meta.object_name
    │    │     │     └ 'Doc'
    │    │     └ <Options for Doc>
    │    └ <class 'app_doc.models.Doc'>
    └ <QuerySet [<Doc: About>, <Doc: 算法框架>, <Doc: TDH>, <Doc: 常用方法>, <Doc: Shell>, <Doc: 常用命令>, <Doc: 示例脚本>, <Doc: Redis>, <Doc: 常用...

app_doc.models.Doc.DoesNotExist: Doc matching query does not exist.
