2022-04-14 11:29:50.871 | ERROR    | app_doc.views:doc:1073 - Collection browsing error
Traceback (most recent call last):
  File "/www/server/python_manager/versions/3.6.8/lib/python3.6/threading.py", line 884, in _bootstrap
    self._bootstrap_inner()
    │    └ <function Thread._bootstrap_inner at 0x7f7740919510>
    └ <Thread(Thread-3972, started daemon 140144990488320)>
  File "/www/server/python_manager/versions/3.6.8/lib/python3.6/threading.py", line 916, in _bootstrap_inner
    self.run()
    │    └ <function Thread.run at 0x7f77409192f0>
    └ <Thread(Thread-3972, started daemon 140144990488320)>
  File "/www/server/python_manager/versions/3.6.8/lib/python3.6/threading.py", line 864, in run
    self._target(*self._args, **self._kwargs)
    │    │        │    │        │    └ {}
    │    │        │    │        └ <Thread(Thread-3972, started daemon 140144990488320)>
    │    │        │    └ (<socket.socket fd=501, family=AddressFamily.AF_INET, type=SocketKind.SOCK_STREAM, proto=0, laddr=('127.0.0.1', 9200), raddr=...
    │    │        └ <Thread(Thread-3972, started daemon 140144990488320)>
    │    └ <bound method ThreadingMixIn.process_request_thread of <django.core.servers.basehttp.WSGIServer object at 0x7f773beef0b8>>
    └ <Thread(Thread-3972, started daemon 140144990488320)>
  File "/www/server/python_manager/versions/3.6.8/lib/python3.6/socketserver.py", line 654, in process_request_thread
    self.finish_request(request, client_address)
    │    │              │        └ ('127.0.0.1', 49252)
    │    │              └ <socket.socket fd=501, family=AddressFamily.AF_INET, type=SocketKind.SOCK_STREAM, proto=0, laddr=('127.0.0.1', 9200), raddr=(...
    │    └ <function BaseServer.finish_request at 0x7f773b788bf8>
    └ <django.core.servers.basehttp.WSGIServer object at 0x7f773beef0b8>
  File "/www/server/python_manager/versions/3.6.8/lib/python3.6/socketserver.py", line 364, in finish_request
    self.RequestHandlerClass(request, client_address, self)
    │    │                   │        │               └ <django.core.servers.basehttp.WSGIServer object at 0x7f773beef0b8>
    │    │                   │        └ ('127.0.0.1', 49252)
    │    │                   └ <socket.socket fd=501, family=AddressFamily.AF_INET, type=SocketKind.SOCK_STREAM, proto=0, laddr=('127.0.0.1', 9200), raddr=(...
    │    └ <class 'django.core.servers.basehttp.WSGIRequestHandler'>
    └ <django.core.servers.basehttp.WSGIServer object at 0x7f773beef0b8>
  File "/www/server/python_manager/versions/3.6.8/lib/python3.6/socketserver.py", line 724, in __init__
    self.handle()
    │    └ <function WSGIRequestHandler.handle at 0x7f773a786bf8>
    └ <django.core.servers.basehttp.WSGIRequestHandler object at 0x7f7730e786d8>
  File "/www/server/python_manager/versions/3.6.8/lib/python3.6/site-packages/django/core/servers/basehttp.py", line 169, in handle
    self.handle_one_request()
    │    └ <function WSGIRequestHandler.handle_one_request at 0x7f773a786c80>
    └ <django.core.servers.basehttp.WSGIRequestHandler object at 0x7f7730e786d8>
  File "/www/server/python_manager/versions/3.6.8/lib/python3.6/site-packages/django/core/servers/basehttp.py", line 194, in handle_one_request
    handler.run(self.server.get_app())
    │       │   │    │      └ <function WSGIServer.get_app at 0x7f773a786268>
    │       │   │    └ <django.core.servers.basehttp.WSGIServer object at 0x7f773beef0b8>
    │       │   └ <django.core.servers.basehttp.WSGIRequestHandler object at 0x7f7730e786d8>
    │       └ <function BaseHandler.run at 0x7f773a779f28>
    └ <django.core.servers.basehttp.ServerHandler object at 0x7f773b4bd3c8>
  File "/www/server/python_manager/versions/3.6.8/lib/python3.6/wsgiref/handlers.py", line 137, in run
    self.result = application(self.environ, self.start_response)
    │    │        │           │    │        │    └ <function BaseHandler.start_response at 0x7f773a7822f0>
    │    │        │           │    │        └ <django.core.servers.basehttp.ServerHandler object at 0x7f773b4bd3c8>
    │    │        │           │    └ {'LC_ALL': 'en_US.UTF-8', 'LS_COLORS': 'rs=0:di=38;5;33:ln=38;5;51:mh=00:pi=40;38;5;11:so=38;5;13:do=38;5;5:bd=48;5;232;38;5;...
    │    │        │           └ <django.core.servers.basehttp.ServerHandler object at 0x7f773b4bd3c8>
    │    │        └ <django.core.handlers.wsgi.WSGIHandler object at 0x7f7738ddd0b8>
    │    └ None
    └ <django.core.servers.basehttp.ServerHandler object at 0x7f773b4bd3c8>
  File "/www/server/python_manager/versions/3.6.8/lib/python3.6/site-packages/django/core/handlers/wsgi.py", line 141, in __call__
    response = self.get_response(request)
               │    │            └ <WSGIRequest: GET '/project-21/doc-323/'>
               │    └ <function BaseHandler.get_response at 0x7f773a7c9488>
               └ <django.core.handlers.wsgi.WSGIHandler object at 0x7f7738ddd0b8>
  File "/www/server/python_manager/versions/3.6.8/lib/python3.6/site-packages/django/core/handlers/base.py", line 75, in get_response
    response = self._middleware_chain(request)
               │    │                 └ <WSGIRequest: GET '/project-21/doc-323/'>
               │    └ <function convert_exception_to_response.<locals>.inner at 0x7f7733a23b70>
               └ <django.core.handlers.wsgi.WSGIHandler object at 0x7f7738ddd0b8>
  File "/www/server/python_manager/versions/3.6.8/lib/python3.6/site-packages/django/core/handlers/exception.py", line 34, in inner
    response = get_response(request)
               │            └ <WSGIRequest: GET '/project-21/doc-323/'>
               └ <django.middleware.security.SecurityMiddleware object at 0x7f7733a530f0>
  File "/www/server/python_manager/versions/3.6.8/lib/python3.6/site-packages/django/utils/deprecation.py", line 94, in __call__
    response = response or self.get_response(request)
               │           │    │            └ <WSGIRequest: GET '/project-21/doc-323/'>
               │           │    └ <function convert_exception_to_response.<locals>.inner at 0x7f7733a23ae8>
               │           └ <django.middleware.security.SecurityMiddleware object at 0x7f7733a530f0>
               └ None
  File "/www/server/python_manager/versions/3.6.8/lib/python3.6/site-packages/django/core/handlers/exception.py", line 34, in inner
    response = get_response(request)
               │            └ <WSGIRequest: GET '/project-21/doc-323/'>
               └ <django.contrib.sessions.middleware.SessionMiddleware object at 0x7f7733a53f98>
  File "/www/server/python_manager/versions/3.6.8/lib/python3.6/site-packages/django/utils/deprecation.py", line 94, in __call__
    response = response or self.get_response(request)
               │           │    │            └ <WSGIRequest: GET '/project-21/doc-323/'>
               │           │    └ <function convert_exception_to_response.<locals>.inner at 0x7f7733a23a60>
               │           └ <django.contrib.sessions.middleware.SessionMiddleware object at 0x7f7733a53f98>
               └ None
  File "/www/server/python_manager/versions/3.6.8/lib/python3.6/site-packages/django/core/handlers/exception.py", line 34, in inner
    response = get_response(request)
               │            └ <WSGIRequest: GET '/project-21/doc-323/'>
               └ <django.middleware.locale.LocaleMiddleware object at 0x7f7733a53940>
  File "/www/server/python_manager/versions/3.6.8/lib/python3.6/site-packages/django/utils/deprecation.py", line 94, in __call__
    response = response or self.get_response(request)
               │           │    │            └ <WSGIRequest: GET '/project-21/doc-323/'>
               │           │    └ <function convert_exception_to_response.<locals>.inner at 0x7f7733a239d8>
               │           └ <django.middleware.locale.LocaleMiddleware object at 0x7f7733a53940>
               └ None
  File "/www/server/python_manager/versions/3.6.8/lib/python3.6/site-packages/django/core/handlers/exception.py", line 34, in inner
    response = get_response(request)
               │            └ <WSGIRequest: GET '/project-21/doc-323/'>
               └ <django.middleware.common.CommonMiddleware object at 0x7f7738dd5fd0>
  File "/www/server/python_manager/versions/3.6.8/lib/python3.6/site-packages/django/utils/deprecation.py", line 94, in __call__
    response = response or self.get_response(request)
               │           │    │            └ <WSGIRequest: GET '/project-21/doc-323/'>
               │           │    └ <function convert_exception_to_response.<locals>.inner at 0x7f7733a23950>
               │           └ <django.middleware.common.CommonMiddleware object at 0x7f7738dd5fd0>
               └ None
  File "/www/server/python_manager/versions/3.6.8/lib/python3.6/site-packages/django/core/handlers/exception.py", line 34, in inner
    response = get_response(request)
               │            └ <WSGIRequest: GET '/project-21/doc-323/'>
               └ <django.middleware.csrf.CsrfViewMiddleware object at 0x7f7738dd5f60>
  File "/www/server/python_manager/versions/3.6.8/lib/python3.6/site-packages/django/utils/deprecation.py", line 94, in __call__
    response = response or self.get_response(request)
               │           │    │            └ <WSGIRequest: GET '/project-21/doc-323/'>
               │           │    └ <function convert_exception_to_response.<locals>.inner at 0x7f7733a238c8>
               │           └ <django.middleware.csrf.CsrfViewMiddleware object at 0x7f7738dd5f60>
               └ None
  File "/www/server/python_manager/versions/3.6.8/lib/python3.6/site-packages/django/core/handlers/exception.py", line 34, in inner
    response = get_response(request)
               │            └ <WSGIRequest: GET '/project-21/doc-323/'>
               └ <django.contrib.auth.middleware.AuthenticationMiddleware object at 0x7f7738dd5f98>
  File "/www/server/python_manager/versions/3.6.8/lib/python3.6/site-packages/django/utils/deprecation.py", line 94, in __call__
    response = response or self.get_response(request)
               │           │    │            └ <WSGIRequest: GET '/project-21/doc-323/'>
               │           │    └ <function convert_exception_to_response.<locals>.inner at 0x7f7733a23840>
               │           └ <django.contrib.auth.middleware.AuthenticationMiddleware object at 0x7f7738dd5f98>
               └ None
  File "/www/server/python_manager/versions/3.6.8/lib/python3.6/site-packages/django/core/handlers/exception.py", line 34, in inner
    response = get_response(request)
               │            └ <WSGIRequest: GET '/project-21/doc-323/'>
               └ <django.contrib.messages.middleware.MessageMiddleware object at 0x7f7733a5b550>
  File "/www/server/python_manager/versions/3.6.8/lib/python3.6/site-packages/django/utils/deprecation.py", line 94, in __call__
    response = response or self.get_response(request)
               │           │    │            └ <WSGIRequest: GET '/project-21/doc-323/'>
               │           │    └ <function convert_exception_to_response.<locals>.inner at 0x7f7733a237b8>
               │           └ <django.contrib.messages.middleware.MessageMiddleware object at 0x7f7733a5b550>
               └ None
  File "/www/server/python_manager/versions/3.6.8/lib/python3.6/site-packages/django/core/handlers/exception.py", line 34, in inner
    response = get_response(request)
               │            └ <WSGIRequest: GET '/project-21/doc-323/'>
               └ <django.middleware.clickjacking.XFrameOptionsMiddleware object at 0x7f7733a5bb00>
  File "/www/server/python_manager/versions/3.6.8/lib/python3.6/site-packages/django/utils/deprecation.py", line 94, in __call__
    response = response or self.get_response(request)
               │           │    │            └ <WSGIRequest: GET '/project-21/doc-323/'>
               │           │    └ <function convert_exception_to_response.<locals>.inner at 0x7f7733a23730>
               │           └ <django.middleware.clickjacking.XFrameOptionsMiddleware object at 0x7f7733a5bb00>
               └ None
  File "/www/server/python_manager/versions/3.6.8/lib/python3.6/site-packages/django/core/handlers/exception.py", line 34, in inner
    response = get_response(request)
               │            └ <WSGIRequest: GET '/project-21/doc-323/'>
               └ <app_admin.middleware.require_login_middleware.RequiredLoginMiddleware object at 0x7f7738bc4748>

  File "/usr/local/projects/MrDoc/app_admin/middleware/require_login_middleware.py", line 35, in __call__
    response = self.get_response(request)
               │    │            └ <WSGIRequest: GET '/project-21/doc-323/'>
               │    └ <function BaseHandler._get_response at 0x7f7733bd7f28>
               └ <app_admin.middleware.require_login_middleware.RequiredLoginMiddleware object at 0x7f7738bc4748>

  File "/www/server/python_manager/versions/3.6.8/lib/python3.6/site-packages/django/core/handlers/exception.py", line 34, in inner
    response = get_response(request)
               │            └ <WSGIRequest: GET '/project-21/doc-323/'>
               └ <bound method BaseHandler._get_response of <django.core.handlers.wsgi.WSGIHandler object at 0x7f7738ddd0b8>>
  File "/www/server/python_manager/versions/3.6.8/lib/python3.6/site-packages/django/core/handlers/base.py", line 113, in _get_response
    response = wrapped_callback(request, *callback_args, **callback_kwargs)
               │                │         │                └ {'pro_id': 21, 'doc_id': 323}
               │                │         └ ()
               │                └ <WSGIRequest: GET '/project-21/doc-323/'>
               └ <function doc at 0x7f7738d04510>
  File "/www/server/python_manager/versions/3.6.8/lib/python3.6/site-packages/django/views/decorators/http.py", line 40, in inner
    return func(request, *args, **kwargs)
           │    │         │       └ {'pro_id': 21, 'doc_id': 323}
           │    │         └ ()
           │    └ <WSGIRequest: GET '/project-21/doc-323/'>
           └ <function doc at 0x7f7738d04488>

> File "/usr/local/projects/MrDoc/app_doc/views.py", line 1000, in doc
    doc = Doc.objects.get(id=int(doc_id),status__in=[0,1]) # 文档信息
          │   │                  └ 323
          │   └ <django.db.models.manager.ManagerDescriptor object at 0x7f773a88f1d0>
          └ <class 'app_doc.models.Doc'>

  File "/www/server/python_manager/versions/3.6.8/lib/python3.6/site-packages/django/db/models/manager.py", line 82, in manager_method
    return getattr(self.get_queryset(), name)(*args, **kwargs)
                   │    │               │      │       └ {'id': 323, 'status__in': [0, 1]}
                   │    │               │      └ ()
                   │    │               └ 'get'
                   │    └ <function BaseManager.get_queryset at 0x7f773b853ae8>
                   └ <django.db.models.manager.Manager object at 0x7f7733ace9e8>
  File "/www/server/python_manager/versions/3.6.8/lib/python3.6/site-packages/django/db/models/query.py", line 408, in get
    self.model._meta.object_name
    │    │     │     └ 'Doc'
    │    │     └ <Options for Doc>
    │    └ <class 'app_doc.models.Doc'>
    └ <QuerySet [<Doc: About>, <Doc: 1、算法框架>, <Doc: 1、TDH>, <Doc: 1.1 常用方法>, <Doc: 2、Shell>, <Doc: 2.1 常用命令>, <Doc: 2.2 示例脚本>, <Doc...

app_doc.models.Doc.DoesNotExist: Doc matching query does not exist.
2022-04-15 05:32:33.481 | ERROR    | app_doc.views:doc:1073 - 文集浏览出错
Traceback (most recent call last):
  File "/www/server/python_manager/versions/3.6.8/lib/python3.6/threading.py", line 884, in _bootstrap
    self._bootstrap_inner()
    │    └ <function Thread._bootstrap_inner at 0x7f5d9ff94510>
    └ <Thread(Thread-272, started daemon 140039841085184)>
  File "/www/server/python_manager/versions/3.6.8/lib/python3.6/threading.py", line 916, in _bootstrap_inner
    self.run()
    │    └ <function Thread.run at 0x7f5d9ff942f0>
    └ <Thread(Thread-272, started daemon 140039841085184)>
  File "/www/server/python_manager/versions/3.6.8/lib/python3.6/threading.py", line 864, in run
    self._target(*self._args, **self._kwargs)
    │    │        │    │        │    └ {}
    │    │        │    │        └ <Thread(Thread-272, started daemon 140039841085184)>
    │    │        │    └ (<socket.socket fd=7, family=AddressFamily.AF_INET, type=SocketKind.SOCK_STREAM, proto=0, laddr=('127.0.0.1', 9200), raddr=('...
    │    │        └ <Thread(Thread-272, started daemon 140039841085184)>
    │    └ <bound method ThreadingMixIn.process_request_thread of <django.core.servers.basehttp.WSGIServer object at 0x7f5d9b56a0b8>>
    └ <Thread(Thread-272, started daemon 140039841085184)>
  File "/www/server/python_manager/versions/3.6.8/lib/python3.6/socketserver.py", line 654, in process_request_thread
    self.finish_request(request, client_address)
    │    │              │        └ ('127.0.0.1', 33832)
    │    │              └ <socket.socket fd=7, family=AddressFamily.AF_INET, type=SocketKind.SOCK_STREAM, proto=0, laddr=('127.0.0.1', 9200), raddr=('1...
    │    └ <function BaseServer.finish_request at 0x7f5d9ae03bf8>
    └ <django.core.servers.basehttp.WSGIServer object at 0x7f5d9b56a0b8>
  File "/www/server/python_manager/versions/3.6.8/lib/python3.6/socketserver.py", line 364, in finish_request
    self.RequestHandlerClass(request, client_address, self)
    │    │                   │        │               └ <django.core.servers.basehttp.WSGIServer object at 0x7f5d9b56a0b8>
    │    │                   │        └ ('127.0.0.1', 33832)
    │    │                   └ <socket.socket fd=7, family=AddressFamily.AF_INET, type=SocketKind.SOCK_STREAM, proto=0, laddr=('127.0.0.1', 9200), raddr=('1...
    │    └ <class 'django.core.servers.basehttp.WSGIRequestHandler'>
    └ <django.core.servers.basehttp.WSGIServer object at 0x7f5d9b56a0b8>
  File "/www/server/python_manager/versions/3.6.8/lib/python3.6/socketserver.py", line 724, in __init__
    self.handle()
    │    └ <function WSGIRequestHandler.handle at 0x7f5d99e01bf8>
    └ <django.core.servers.basehttp.WSGIRequestHandler object at 0x7f5d911a7278>
  File "/www/server/python_manager/versions/3.6.8/lib/python3.6/site-packages/django/core/servers/basehttp.py", line 169, in handle
    self.handle_one_request()
    │    └ <function WSGIRequestHandler.handle_one_request at 0x7f5d99e01c80>
    └ <django.core.servers.basehttp.WSGIRequestHandler object at 0x7f5d911a7278>
  File "/www/server/python_manager/versions/3.6.8/lib/python3.6/site-packages/django/core/servers/basehttp.py", line 194, in handle_one_request
    handler.run(self.server.get_app())
    │       │   │    │      └ <function WSGIServer.get_app at 0x7f5d99e01268>
    │       │   │    └ <django.core.servers.basehttp.WSGIServer object at 0x7f5d9b56a0b8>
    │       │   └ <django.core.servers.basehttp.WSGIRequestHandler object at 0x7f5d911a7278>
    │       └ <function BaseHandler.run at 0x7f5d99df4f28>
    └ <django.core.servers.basehttp.ServerHandler object at 0x7f5d911a73c8>
  File "/www/server/python_manager/versions/3.6.8/lib/python3.6/wsgiref/handlers.py", line 137, in run
    self.result = application(self.environ, self.start_response)
    │    │        │           │    │        │    └ <function BaseHandler.start_response at 0x7f5d99dfd2f0>
    │    │        │           │    │        └ <django.core.servers.basehttp.ServerHandler object at 0x7f5d911a73c8>
    │    │        │           │    └ {'LC_ALL': 'en_US.UTF-8', 'LS_COLORS': 'rs=0:di=38;5;33:ln=38;5;51:mh=00:pi=40;38;5;11:so=38;5;13:do=38;5;5:bd=48;5;232;38;5;...
    │    │        │           └ <django.core.servers.basehttp.ServerHandler object at 0x7f5d911a73c8>
    │    │        └ <django.core.handlers.wsgi.WSGIHandler object at 0x7f5d988c1128>
    │    └ None
    └ <django.core.servers.basehttp.ServerHandler object at 0x7f5d911a73c8>
  File "/www/server/python_manager/versions/3.6.8/lib/python3.6/site-packages/django/core/handlers/wsgi.py", line 141, in __call__
    response = self.get_response(request)
               │    │            └ <WSGIRequest: GET '/project-34/doc-512/'>
               │    └ <function BaseHandler.get_response at 0x7f5d99e44488>
               └ <django.core.handlers.wsgi.WSGIHandler object at 0x7f5d988c1128>
  File "/www/server/python_manager/versions/3.6.8/lib/python3.6/site-packages/django/core/handlers/base.py", line 75, in get_response
    response = self._middleware_chain(request)
               │    │                 └ <WSGIRequest: GET '/project-34/doc-512/'>
               │    └ <function convert_exception_to_response.<locals>.inner at 0x7f5d930a7bf8>
               └ <django.core.handlers.wsgi.WSGIHandler object at 0x7f5d988c1128>
  File "/www/server/python_manager/versions/3.6.8/lib/python3.6/site-packages/django/core/handlers/exception.py", line 34, in inner
    response = get_response(request)
               │            └ <WSGIRequest: GET '/project-34/doc-512/'>
               └ <django.middleware.security.SecurityMiddleware object at 0x7f5d930d5668>
  File "/www/server/python_manager/versions/3.6.8/lib/python3.6/site-packages/django/utils/deprecation.py", line 94, in __call__
    response = response or self.get_response(request)
               │           │    │            └ <WSGIRequest: GET '/project-34/doc-512/'>
               │           │    └ <function convert_exception_to_response.<locals>.inner at 0x7f5d930a7b70>
               │           └ <django.middleware.security.SecurityMiddleware object at 0x7f5d930d5668>
               └ None
  File "/www/server/python_manager/versions/3.6.8/lib/python3.6/site-packages/django/core/handlers/exception.py", line 34, in inner
    response = get_response(request)
               │            └ <WSGIRequest: GET '/project-34/doc-512/'>
               └ <django.contrib.sessions.middleware.SessionMiddleware object at 0x7f5d930d5a58>
  File "/www/server/python_manager/versions/3.6.8/lib/python3.6/site-packages/django/utils/deprecation.py", line 94, in __call__
    response = response or self.get_response(request)
               │           │    │            └ <WSGIRequest: GET '/project-34/doc-512/'>
               │           │    └ <function convert_exception_to_response.<locals>.inner at 0x7f5d930a7ae8>
               │           └ <django.contrib.sessions.middleware.SessionMiddleware object at 0x7f5d930d5a58>
               └ None
  File "/www/server/python_manager/versions/3.6.8/lib/python3.6/site-packages/django/core/handlers/exception.py", line 34, in inner
    response = get_response(request)
               │            └ <WSGIRequest: GET '/project-34/doc-512/'>
               └ <django.middleware.locale.LocaleMiddleware object at 0x7f5d930e17b8>
  File "/www/server/python_manager/versions/3.6.8/lib/python3.6/site-packages/django/utils/deprecation.py", line 94, in __call__
    response = response or self.get_response(request)
               │           │    │            └ <WSGIRequest: GET '/project-34/doc-512/'>
               │           │    └ <function convert_exception_to_response.<locals>.inner at 0x7f5d930a7a60>
               │           └ <django.middleware.locale.LocaleMiddleware object at 0x7f5d930e17b8>
               └ None
  File "/www/server/python_manager/versions/3.6.8/lib/python3.6/site-packages/django/core/handlers/exception.py", line 34, in inner
    response = get_response(request)
               │            └ <WSGIRequest: GET '/project-34/doc-512/'>
               └ <django.middleware.common.CommonMiddleware object at 0x7f5d930e1780>
  File "/www/server/python_manager/versions/3.6.8/lib/python3.6/site-packages/django/utils/deprecation.py", line 94, in __call__
    response = response or self.get_response(request)
               │           │    │            └ <WSGIRequest: GET '/project-34/doc-512/'>
               │           │    └ <function convert_exception_to_response.<locals>.inner at 0x7f5d930a79d8>
               │           └ <django.middleware.common.CommonMiddleware object at 0x7f5d930e1780>
               └ None
  File "/www/server/python_manager/versions/3.6.8/lib/python3.6/site-packages/django/core/handlers/exception.py", line 34, in inner
    response = get_response(request)
               │            └ <WSGIRequest: GET '/project-34/doc-512/'>
               └ <django.middleware.csrf.CsrfViewMiddleware object at 0x7f5d988d7240>
  File "/www/server/python_manager/versions/3.6.8/lib/python3.6/site-packages/django/utils/deprecation.py", line 94, in __call__
    response = response or self.get_response(request)
               │           │    │            └ <WSGIRequest: GET '/project-34/doc-512/'>
               │           │    └ <function convert_exception_to_response.<locals>.inner at 0x7f5d930a7950>
               │           └ <django.middleware.csrf.CsrfViewMiddleware object at 0x7f5d988d7240>
               └ None
  File "/www/server/python_manager/versions/3.6.8/lib/python3.6/site-packages/django/core/handlers/exception.py", line 34, in inner
    response = get_response(request)
               │            └ <WSGIRequest: GET '/project-34/doc-512/'>
               └ <django.contrib.auth.middleware.AuthenticationMiddleware object at 0x7f5d988d7278>
  File "/www/server/python_manager/versions/3.6.8/lib/python3.6/site-packages/django/utils/deprecation.py", line 94, in __call__
    response = response or self.get_response(request)
               │           │    │            └ <WSGIRequest: GET '/project-34/doc-512/'>
               │           │    └ <function convert_exception_to_response.<locals>.inner at 0x7f5d930a78c8>
               │           └ <django.contrib.auth.middleware.AuthenticationMiddleware object at 0x7f5d988d7278>
               └ None
  File "/www/server/python_manager/versions/3.6.8/lib/python3.6/site-packages/django/core/handlers/exception.py", line 34, in inner
    response = get_response(request)
               │            └ <WSGIRequest: GET '/project-34/doc-512/'>
               └ <django.contrib.messages.middleware.MessageMiddleware object at 0x7f5d988d7320>
  File "/www/server/python_manager/versions/3.6.8/lib/python3.6/site-packages/django/utils/deprecation.py", line 94, in __call__
    response = response or self.get_response(request)
               │           │    │            └ <WSGIRequest: GET '/project-34/doc-512/'>
               │           │    └ <function convert_exception_to_response.<locals>.inner at 0x7f5d930a7840>
               │           └ <django.contrib.messages.middleware.MessageMiddleware object at 0x7f5d988d7320>
               └ None
  File "/www/server/python_manager/versions/3.6.8/lib/python3.6/site-packages/django/core/handlers/exception.py", line 34, in inner
    response = get_response(request)
               │            └ <WSGIRequest: GET '/project-34/doc-512/'>
               └ <django.middleware.clickjacking.XFrameOptionsMiddleware object at 0x7f5d988d7208>
  File "/www/server/python_manager/versions/3.6.8/lib/python3.6/site-packages/django/utils/deprecation.py", line 94, in __call__
    response = response or self.get_response(request)
               │           │    │            └ <WSGIRequest: GET '/project-34/doc-512/'>
               │           │    └ <function convert_exception_to_response.<locals>.inner at 0x7f5d930a77b8>
               │           └ <django.middleware.clickjacking.XFrameOptionsMiddleware object at 0x7f5d988d7208>
               └ None
  File "/www/server/python_manager/versions/3.6.8/lib/python3.6/site-packages/django/core/handlers/exception.py", line 34, in inner
    response = get_response(request)
               │            └ <WSGIRequest: GET '/project-34/doc-512/'>
               └ <app_admin.middleware.require_login_middleware.RequiredLoginMiddleware object at 0x7f5d98247cf8>

  File "/usr/local/projects/MrDoc/app_admin/middleware/require_login_middleware.py", line 35, in __call__
    response = self.get_response(request)
               │    │            └ <WSGIRequest: GET '/project-34/doc-512/'>
               │    └ <function BaseHandler._get_response at 0x7f5d93085d08>
               └ <app_admin.middleware.require_login_middleware.RequiredLoginMiddleware object at 0x7f5d98247cf8>

  File "/www/server/python_manager/versions/3.6.8/lib/python3.6/site-packages/django/core/handlers/exception.py", line 34, in inner
    response = get_response(request)
               │            └ <WSGIRequest: GET '/project-34/doc-512/'>
               └ <bound method BaseHandler._get_response of <django.core.handlers.wsgi.WSGIHandler object at 0x7f5d988c1128>>
  File "/www/server/python_manager/versions/3.6.8/lib/python3.6/site-packages/django/core/handlers/base.py", line 113, in _get_response
    response = wrapped_callback(request, *callback_args, **callback_kwargs)
               │                │         │                └ {'pro_id': 34, 'doc_id': 512}
               │                │         └ ()
               │                └ <WSGIRequest: GET '/project-34/doc-512/'>
               └ <function doc at 0x7f5d983828c8>
  File "/www/server/python_manager/versions/3.6.8/lib/python3.6/site-packages/django/views/decorators/http.py", line 40, in inner
    return func(request, *args, **kwargs)
           │    │         │       └ {'pro_id': 34, 'doc_id': 512}
           │    │         └ ()
           │    └ <WSGIRequest: GET '/project-34/doc-512/'>
           └ <function doc at 0x7f5d98382840>

> File "/usr/local/projects/MrDoc/app_doc/views.py", line 1000, in doc
    doc = Doc.objects.get(id=int(doc_id),status__in=[0,1]) # 文档信息
          │   │                  └ 512
          │   └ <django.db.models.manager.ManagerDescriptor object at 0x7f5d99f0a1d0>
          └ <class 'app_doc.models.Doc'>

  File "/www/server/python_manager/versions/3.6.8/lib/python3.6/site-packages/django/db/models/manager.py", line 82, in manager_method
    return getattr(self.get_queryset(), name)(*args, **kwargs)
                   │    │               │      │       └ {'id': 512, 'status__in': [0, 1]}
                   │    │               │      └ ()
                   │    │               └ 'get'
                   │    └ <function BaseManager.get_queryset at 0x7f5d9aeceae8>
                   └ <django.db.models.manager.Manager object at 0x7f5d9314f9e8>
  File "/www/server/python_manager/versions/3.6.8/lib/python3.6/site-packages/django/db/models/query.py", line 408, in get
    self.model._meta.object_name
    │    │     │     └ 'Doc'
    │    │     └ <Options for Doc>
    │    └ <class 'app_doc.models.Doc'>
    └ <QuerySet [<Doc: About>, <Doc: 1、算法框架>, <Doc: 1、TDH>, <Doc: 1.1 常用方法>, <Doc: 2、Shell>, <Doc: 2.1 常用命令>, <Doc: 2.2 示例脚本>, <Doc...

app_doc.models.Doc.DoesNotExist: Doc matching query does not exist.
2022-04-15 05:55:20.961 | ERROR    | app_doc.views:doc:1073 - 文集浏览出错
Traceback (most recent call last):
  File "/www/server/python_manager/versions/3.6.8/lib/python3.6/threading.py", line 884, in _bootstrap
    self._bootstrap_inner()
    │    └ <function Thread._bootstrap_inner at 0x7f5d9ff94510>
    └ <Thread(Thread-275, started daemon 140039841085184)>
  File "/www/server/python_manager/versions/3.6.8/lib/python3.6/threading.py", line 916, in _bootstrap_inner
    self.run()
    │    └ <function Thread.run at 0x7f5d9ff942f0>
    └ <Thread(Thread-275, started daemon 140039841085184)>
  File "/www/server/python_manager/versions/3.6.8/lib/python3.6/threading.py", line 864, in run
    self._target(*self._args, **self._kwargs)
    │    │        │    │        │    └ {}
    │    │        │    │        └ <Thread(Thread-275, started daemon 140039841085184)>
    │    │        │    └ (<socket.socket fd=6, family=AddressFamily.AF_INET, type=SocketKind.SOCK_STREAM, proto=0, laddr=('127.0.0.1', 9200), raddr=('...
    │    │        └ <Thread(Thread-275, started daemon 140039841085184)>
    │    └ <bound method ThreadingMixIn.process_request_thread of <django.core.servers.basehttp.WSGIServer object at 0x7f5d9b56a0b8>>
    └ <Thread(Thread-275, started daemon 140039841085184)>
  File "/www/server/python_manager/versions/3.6.8/lib/python3.6/socketserver.py", line 654, in process_request_thread
    self.finish_request(request, client_address)
    │    │              │        └ ('127.0.0.1', 33858)
    │    │              └ <socket.socket fd=6, family=AddressFamily.AF_INET, type=SocketKind.SOCK_STREAM, proto=0, laddr=('127.0.0.1', 9200), raddr=('1...
    │    └ <function BaseServer.finish_request at 0x7f5d9ae03bf8>
    └ <django.core.servers.basehttp.WSGIServer object at 0x7f5d9b56a0b8>
  File "/www/server/python_manager/versions/3.6.8/lib/python3.6/socketserver.py", line 364, in finish_request
    self.RequestHandlerClass(request, client_address, self)
    │    │                   │        │               └ <django.core.servers.basehttp.WSGIServer object at 0x7f5d9b56a0b8>
    │    │                   │        └ ('127.0.0.1', 33858)
    │    │                   └ <socket.socket fd=6, family=AddressFamily.AF_INET, type=SocketKind.SOCK_STREAM, proto=0, laddr=('127.0.0.1', 9200), raddr=('1...
    │    └ <class 'django.core.servers.basehttp.WSGIRequestHandler'>
    └ <django.core.servers.basehttp.WSGIServer object at 0x7f5d9b56a0b8>
  File "/www/server/python_manager/versions/3.6.8/lib/python3.6/socketserver.py", line 724, in __init__
    self.handle()
    │    └ <function WSGIRequestHandler.handle at 0x7f5d99e01bf8>
    └ <django.core.servers.basehttp.WSGIRequestHandler object at 0x7f5d911567b8>
  File "/www/server/python_manager/versions/3.6.8/lib/python3.6/site-packages/django/core/servers/basehttp.py", line 169, in handle
    self.handle_one_request()
    │    └ <function WSGIRequestHandler.handle_one_request at 0x7f5d99e01c80>
    └ <django.core.servers.basehttp.WSGIRequestHandler object at 0x7f5d911567b8>
  File "/www/server/python_manager/versions/3.6.8/lib/python3.6/site-packages/django/core/servers/basehttp.py", line 194, in handle_one_request
    handler.run(self.server.get_app())
    │       │   │    │      └ <function WSGIServer.get_app at 0x7f5d99e01268>
    │       │   │    └ <django.core.servers.basehttp.WSGIServer object at 0x7f5d9b56a0b8>
    │       │   └ <django.core.servers.basehttp.WSGIRequestHandler object at 0x7f5d911567b8>
    │       └ <function BaseHandler.run at 0x7f5d99df4f28>
    └ <django.core.servers.basehttp.ServerHandler object at 0x7f5d912572b0>
  File "/www/server/python_manager/versions/3.6.8/lib/python3.6/wsgiref/handlers.py", line 137, in run
    self.result = application(self.environ, self.start_response)
    │    │        │           │    │        │    └ <function BaseHandler.start_response at 0x7f5d99dfd2f0>
    │    │        │           │    │        └ <django.core.servers.basehttp.ServerHandler object at 0x7f5d912572b0>
    │    │        │           │    └ {'LC_ALL': 'en_US.UTF-8', 'LS_COLORS': 'rs=0:di=38;5;33:ln=38;5;51:mh=00:pi=40;38;5;11:so=38;5;13:do=38;5;5:bd=48;5;232;38;5;...
    │    │        │           └ <django.core.servers.basehttp.ServerHandler object at 0x7f5d912572b0>
    │    │        └ <django.core.handlers.wsgi.WSGIHandler object at 0x7f5d988c1128>
    │    └ None
    └ <django.core.servers.basehttp.ServerHandler object at 0x7f5d912572b0>
  File "/www/server/python_manager/versions/3.6.8/lib/python3.6/site-packages/django/core/handlers/wsgi.py", line 141, in __call__
    response = self.get_response(request)
               │    │            └ <WSGIRequest: GET '/project-21/doc-323/'>
               │    └ <function BaseHandler.get_response at 0x7f5d99e44488>
               └ <django.core.handlers.wsgi.WSGIHandler object at 0x7f5d988c1128>
  File "/www/server/python_manager/versions/3.6.8/lib/python3.6/site-packages/django/core/handlers/base.py", line 75, in get_response
    response = self._middleware_chain(request)
               │    │                 └ <WSGIRequest: GET '/project-21/doc-323/'>
               │    └ <function convert_exception_to_response.<locals>.inner at 0x7f5d930a7bf8>
               └ <django.core.handlers.wsgi.WSGIHandler object at 0x7f5d988c1128>
  File "/www/server/python_manager/versions/3.6.8/lib/python3.6/site-packages/django/core/handlers/exception.py", line 34, in inner
    response = get_response(request)
               │            └ <WSGIRequest: GET '/project-21/doc-323/'>
               └ <django.middleware.security.SecurityMiddleware object at 0x7f5d930d5668>
  File "/www/server/python_manager/versions/3.6.8/lib/python3.6/site-packages/django/utils/deprecation.py", line 94, in __call__
    response = response or self.get_response(request)
               │           │    │            └ <WSGIRequest: GET '/project-21/doc-323/'>
               │           │    └ <function convert_exception_to_response.<locals>.inner at 0x7f5d930a7b70>
               │           └ <django.middleware.security.SecurityMiddleware object at 0x7f5d930d5668>
               └ None
  File "/www/server/python_manager/versions/3.6.8/lib/python3.6/site-packages/django/core/handlers/exception.py", line 34, in inner
    response = get_response(request)
               │            └ <WSGIRequest: GET '/project-21/doc-323/'>
               └ <django.contrib.sessions.middleware.SessionMiddleware object at 0x7f5d930d5a58>
  File "/www/server/python_manager/versions/3.6.8/lib/python3.6/site-packages/django/utils/deprecation.py", line 94, in __call__
    response = response or self.get_response(request)
               │           │    │            └ <WSGIRequest: GET '/project-21/doc-323/'>
               │           │    └ <function convert_exception_to_response.<locals>.inner at 0x7f5d930a7ae8>
               │           └ <django.contrib.sessions.middleware.SessionMiddleware object at 0x7f5d930d5a58>
               └ None
  File "/www/server/python_manager/versions/3.6.8/lib/python3.6/site-packages/django/core/handlers/exception.py", line 34, in inner
    response = get_response(request)
               │            └ <WSGIRequest: GET '/project-21/doc-323/'>
               └ <django.middleware.locale.LocaleMiddleware object at 0x7f5d930e17b8>
  File "/www/server/python_manager/versions/3.6.8/lib/python3.6/site-packages/django/utils/deprecation.py", line 94, in __call__
    response = response or self.get_response(request)
               │           │    │            └ <WSGIRequest: GET '/project-21/doc-323/'>
               │           │    └ <function convert_exception_to_response.<locals>.inner at 0x7f5d930a7a60>
               │           └ <django.middleware.locale.LocaleMiddleware object at 0x7f5d930e17b8>
               └ None
  File "/www/server/python_manager/versions/3.6.8/lib/python3.6/site-packages/django/core/handlers/exception.py", line 34, in inner
    response = get_response(request)
               │            └ <WSGIRequest: GET '/project-21/doc-323/'>
               └ <django.middleware.common.CommonMiddleware object at 0x7f5d930e1780>
  File "/www/server/python_manager/versions/3.6.8/lib/python3.6/site-packages/django/utils/deprecation.py", line 94, in __call__
    response = response or self.get_response(request)
               │           │    │            └ <WSGIRequest: GET '/project-21/doc-323/'>
               │           │    └ <function convert_exception_to_response.<locals>.inner at 0x7f5d930a79d8>
               │           └ <django.middleware.common.CommonMiddleware object at 0x7f5d930e1780>
               └ None
  File "/www/server/python_manager/versions/3.6.8/lib/python3.6/site-packages/django/core/handlers/exception.py", line 34, in inner
    response = get_response(request)
               │            └ <WSGIRequest: GET '/project-21/doc-323/'>
               └ <django.middleware.csrf.CsrfViewMiddleware object at 0x7f5d988d7240>
  File "/www/server/python_manager/versions/3.6.8/lib/python3.6/site-packages/django/utils/deprecation.py", line 94, in __call__
    response = response or self.get_response(request)
               │           │    │            └ <WSGIRequest: GET '/project-21/doc-323/'>
               │           │    └ <function convert_exception_to_response.<locals>.inner at 0x7f5d930a7950>
               │           └ <django.middleware.csrf.CsrfViewMiddleware object at 0x7f5d988d7240>
               └ None
  File "/www/server/python_manager/versions/3.6.8/lib/python3.6/site-packages/django/core/handlers/exception.py", line 34, in inner
    response = get_response(request)
               │            └ <WSGIRequest: GET '/project-21/doc-323/'>
               └ <django.contrib.auth.middleware.AuthenticationMiddleware object at 0x7f5d988d7278>
  File "/www/server/python_manager/versions/3.6.8/lib/python3.6/site-packages/django/utils/deprecation.py", line 94, in __call__
    response = response or self.get_response(request)
               │           │    │            └ <WSGIRequest: GET '/project-21/doc-323/'>
               │           │    └ <function convert_exception_to_response.<locals>.inner at 0x7f5d930a78c8>
               │           └ <django.contrib.auth.middleware.AuthenticationMiddleware object at 0x7f5d988d7278>
               └ None
  File "/www/server/python_manager/versions/3.6.8/lib/python3.6/site-packages/django/core/handlers/exception.py", line 34, in inner
    response = get_response(request)
               │            └ <WSGIRequest: GET '/project-21/doc-323/'>
               └ <django.contrib.messages.middleware.MessageMiddleware object at 0x7f5d988d7320>
  File "/www/server/python_manager/versions/3.6.8/lib/python3.6/site-packages/django/utils/deprecation.py", line 94, in __call__
    response = response or self.get_response(request)
               │           │    │            └ <WSGIRequest: GET '/project-21/doc-323/'>
               │           │    └ <function convert_exception_to_response.<locals>.inner at 0x7f5d930a7840>
               │           └ <django.contrib.messages.middleware.MessageMiddleware object at 0x7f5d988d7320>
               └ None
  File "/www/server/python_manager/versions/3.6.8/lib/python3.6/site-packages/django/core/handlers/exception.py", line 34, in inner
    response = get_response(request)
               │            └ <WSGIRequest: GET '/project-21/doc-323/'>
               └ <django.middleware.clickjacking.XFrameOptionsMiddleware object at 0x7f5d988d7208>
  File "/www/server/python_manager/versions/3.6.8/lib/python3.6/site-packages/django/utils/deprecation.py", line 94, in __call__
    response = response or self.get_response(request)
               │           │    │            └ <WSGIRequest: GET '/project-21/doc-323/'>
               │           │    └ <function convert_exception_to_response.<locals>.inner at 0x7f5d930a77b8>
               │           └ <django.middleware.clickjacking.XFrameOptionsMiddleware object at 0x7f5d988d7208>
               └ None
  File "/www/server/python_manager/versions/3.6.8/lib/python3.6/site-packages/django/core/handlers/exception.py", line 34, in inner
    response = get_response(request)
               │            └ <WSGIRequest: GET '/project-21/doc-323/'>
               └ <app_admin.middleware.require_login_middleware.RequiredLoginMiddleware object at 0x7f5d98247cf8>

  File "/usr/local/projects/MrDoc/app_admin/middleware/require_login_middleware.py", line 35, in __call__
    response = self.get_response(request)
               │    │            └ <WSGIRequest: GET '/project-21/doc-323/'>
               │    └ <function BaseHandler._get_response at 0x7f5d93085d08>
               └ <app_admin.middleware.require_login_middleware.RequiredLoginMiddleware object at 0x7f5d98247cf8>

  File "/www/server/python_manager/versions/3.6.8/lib/python3.6/site-packages/django/core/handlers/exception.py", line 34, in inner
    response = get_response(request)
               │            └ <WSGIRequest: GET '/project-21/doc-323/'>
               └ <bound method BaseHandler._get_response of <django.core.handlers.wsgi.WSGIHandler object at 0x7f5d988c1128>>
  File "/www/server/python_manager/versions/3.6.8/lib/python3.6/site-packages/django/core/handlers/base.py", line 113, in _get_response
    response = wrapped_callback(request, *callback_args, **callback_kwargs)
               │                │         │                └ {'pro_id': 21, 'doc_id': 323}
               │                │         └ ()
               │                └ <WSGIRequest: GET '/project-21/doc-323/'>
               └ <function doc at 0x7f5d983828c8>
  File "/www/server/python_manager/versions/3.6.8/lib/python3.6/site-packages/django/views/decorators/http.py", line 40, in inner
    return func(request, *args, **kwargs)
           │    │         │       └ {'pro_id': 21, 'doc_id': 323}
           │    │         └ ()
           │    └ <WSGIRequest: GET '/project-21/doc-323/'>
           └ <function doc at 0x7f5d98382840>

> File "/usr/local/projects/MrDoc/app_doc/views.py", line 1000, in doc
    doc = Doc.objects.get(id=int(doc_id),status__in=[0,1]) # 文档信息
          │   │                  └ 323
          │   └ <django.db.models.manager.ManagerDescriptor object at 0x7f5d99f0a1d0>
          └ <class 'app_doc.models.Doc'>

  File "/www/server/python_manager/versions/3.6.8/lib/python3.6/site-packages/django/db/models/manager.py", line 82, in manager_method
    return getattr(self.get_queryset(), name)(*args, **kwargs)
                   │    │               │      │       └ {'id': 323, 'status__in': [0, 1]}
                   │    │               │      └ ()
                   │    │               └ 'get'
                   │    └ <function BaseManager.get_queryset at 0x7f5d9aeceae8>
                   └ <django.db.models.manager.Manager object at 0x7f5d9314f9e8>
  File "/www/server/python_manager/versions/3.6.8/lib/python3.6/site-packages/django/db/models/query.py", line 408, in get
    self.model._meta.object_name
    │    │     │     └ 'Doc'
    │    │     └ <Options for Doc>
    │    └ <class 'app_doc.models.Doc'>
    └ <QuerySet [<Doc: About>, <Doc: 1、算法框架>, <Doc: 1、TDH>, <Doc: 1.1 常用方法>, <Doc: 2、Shell>, <Doc: 2.1 常用命令>, <Doc: 2.2 示例脚本>, <Doc...

app_doc.models.Doc.DoesNotExist: Doc matching query does not exist.
2022-04-15 07:58:37.123 | ERROR    | app_doc.views:doc:1073 - Collection browsing error
Traceback (most recent call last):
  File "/www/server/python_manager/versions/3.6.8/lib/python3.6/threading.py", line 884, in _bootstrap
    self._bootstrap_inner()
    │    └ <function Thread._bootstrap_inner at 0x7f5d9ff94510>
    └ <Thread(Thread-293, started daemon 140039841085184)>
  File "/www/server/python_manager/versions/3.6.8/lib/python3.6/threading.py", line 916, in _bootstrap_inner
    self.run()
    │    └ <function Thread.run at 0x7f5d9ff942f0>
    └ <Thread(Thread-293, started daemon 140039841085184)>
  File "/www/server/python_manager/versions/3.6.8/lib/python3.6/threading.py", line 864, in run
    self._target(*self._args, **self._kwargs)
    │    │        │    │        │    └ {}
    │    │        │    │        └ <Thread(Thread-293, started daemon 140039841085184)>
    │    │        │    └ (<socket.socket fd=6, family=AddressFamily.AF_INET, type=SocketKind.SOCK_STREAM, proto=0, laddr=('127.0.0.1', 9200), raddr=('...
    │    │        └ <Thread(Thread-293, started daemon 140039841085184)>
    │    └ <bound method ThreadingMixIn.process_request_thread of <django.core.servers.basehttp.WSGIServer object at 0x7f5d9b56a0b8>>
    └ <Thread(Thread-293, started daemon 140039841085184)>
  File "/www/server/python_manager/versions/3.6.8/lib/python3.6/socketserver.py", line 654, in process_request_thread
    self.finish_request(request, client_address)
    │    │              │        └ ('127.0.0.1', 33938)
    │    │              └ <socket.socket fd=6, family=AddressFamily.AF_INET, type=SocketKind.SOCK_STREAM, proto=0, laddr=('127.0.0.1', 9200), raddr=('1...
    │    └ <function BaseServer.finish_request at 0x7f5d9ae03bf8>
    └ <django.core.servers.basehttp.WSGIServer object at 0x7f5d9b56a0b8>
  File "/www/server/python_manager/versions/3.6.8/lib/python3.6/socketserver.py", line 364, in finish_request
    self.RequestHandlerClass(request, client_address, self)
    │    │                   │        │               └ <django.core.servers.basehttp.WSGIServer object at 0x7f5d9b56a0b8>
    │    │                   │        └ ('127.0.0.1', 33938)
    │    │                   └ <socket.socket fd=6, family=AddressFamily.AF_INET, type=SocketKind.SOCK_STREAM, proto=0, laddr=('127.0.0.1', 9200), raddr=('1...
    │    └ <class 'django.core.servers.basehttp.WSGIRequestHandler'>
    └ <django.core.servers.basehttp.WSGIServer object at 0x7f5d9b56a0b8>
  File "/www/server/python_manager/versions/3.6.8/lib/python3.6/socketserver.py", line 724, in __init__
    self.handle()
    │    └ <function WSGIRequestHandler.handle at 0x7f5d99e01bf8>
    └ <django.core.servers.basehttp.WSGIRequestHandler object at 0x7f5d9310c0f0>
  File "/www/server/python_manager/versions/3.6.8/lib/python3.6/site-packages/django/core/servers/basehttp.py", line 169, in handle
    self.handle_one_request()
    │    └ <function WSGIRequestHandler.handle_one_request at 0x7f5d99e01c80>
    └ <django.core.servers.basehttp.WSGIRequestHandler object at 0x7f5d9310c0f0>
  File "/www/server/python_manager/versions/3.6.8/lib/python3.6/site-packages/django/core/servers/basehttp.py", line 194, in handle_one_request
    handler.run(self.server.get_app())
    │       │   │    │      └ <function WSGIServer.get_app at 0x7f5d99e01268>
    │       │   │    └ <django.core.servers.basehttp.WSGIServer object at 0x7f5d9b56a0b8>
    │       │   └ <django.core.servers.basehttp.WSGIRequestHandler object at 0x7f5d9310c0f0>
    │       └ <function BaseHandler.run at 0x7f5d99df4f28>
    └ <django.core.servers.basehttp.ServerHandler object at 0x7f5d91010e80>
  File "/www/server/python_manager/versions/3.6.8/lib/python3.6/wsgiref/handlers.py", line 137, in run
    self.result = application(self.environ, self.start_response)
    │    │        │           │    │        │    └ <function BaseHandler.start_response at 0x7f5d99dfd2f0>
    │    │        │           │    │        └ <django.core.servers.basehttp.ServerHandler object at 0x7f5d91010e80>
    │    │        │           │    └ {'LC_ALL': 'en_US.UTF-8', 'LS_COLORS': 'rs=0:di=38;5;33:ln=38;5;51:mh=00:pi=40;38;5;11:so=38;5;13:do=38;5;5:bd=48;5;232;38;5;...
    │    │        │           └ <django.core.servers.basehttp.ServerHandler object at 0x7f5d91010e80>
    │    │        └ <django.core.handlers.wsgi.WSGIHandler object at 0x7f5d988c1128>
    │    └ None
    └ <django.core.servers.basehttp.ServerHandler object at 0x7f5d91010e80>
  File "/www/server/python_manager/versions/3.6.8/lib/python3.6/site-packages/django/core/handlers/wsgi.py", line 141, in __call__
    response = self.get_response(request)
               │    │            └ <WSGIRequest: GET '/project-21/doc-738/'>
               │    └ <function BaseHandler.get_response at 0x7f5d99e44488>
               └ <django.core.handlers.wsgi.WSGIHandler object at 0x7f5d988c1128>
  File "/www/server/python_manager/versions/3.6.8/lib/python3.6/site-packages/django/core/handlers/base.py", line 75, in get_response
    response = self._middleware_chain(request)
               │    │                 └ <WSGIRequest: GET '/project-21/doc-738/'>
               │    └ <function convert_exception_to_response.<locals>.inner at 0x7f5d930a7bf8>
               └ <django.core.handlers.wsgi.WSGIHandler object at 0x7f5d988c1128>
  File "/www/server/python_manager/versions/3.6.8/lib/python3.6/site-packages/django/core/handlers/exception.py", line 34, in inner
    response = get_response(request)
               │            └ <WSGIRequest: GET '/project-21/doc-738/'>
               └ <django.middleware.security.SecurityMiddleware object at 0x7f5d930d5668>
  File "/www/server/python_manager/versions/3.6.8/lib/python3.6/site-packages/django/utils/deprecation.py", line 94, in __call__
    response = response or self.get_response(request)
               │           │    │            └ <WSGIRequest: GET '/project-21/doc-738/'>
               │           │    └ <function convert_exception_to_response.<locals>.inner at 0x7f5d930a7b70>
               │           └ <django.middleware.security.SecurityMiddleware object at 0x7f5d930d5668>
               └ None
  File "/www/server/python_manager/versions/3.6.8/lib/python3.6/site-packages/django/core/handlers/exception.py", line 34, in inner
    response = get_response(request)
               │            └ <WSGIRequest: GET '/project-21/doc-738/'>
               └ <django.contrib.sessions.middleware.SessionMiddleware object at 0x7f5d930d5a58>
  File "/www/server/python_manager/versions/3.6.8/lib/python3.6/site-packages/django/utils/deprecation.py", line 94, in __call__
    response = response or self.get_response(request)
               │           │    │            └ <WSGIRequest: GET '/project-21/doc-738/'>
               │           │    └ <function convert_exception_to_response.<locals>.inner at 0x7f5d930a7ae8>
               │           └ <django.contrib.sessions.middleware.SessionMiddleware object at 0x7f5d930d5a58>
               └ None
  File "/www/server/python_manager/versions/3.6.8/lib/python3.6/site-packages/django/core/handlers/exception.py", line 34, in inner
    response = get_response(request)
               │            └ <WSGIRequest: GET '/project-21/doc-738/'>
               └ <django.middleware.locale.LocaleMiddleware object at 0x7f5d930e17b8>
  File "/www/server/python_manager/versions/3.6.8/lib/python3.6/site-packages/django/utils/deprecation.py", line 94, in __call__
    response = response or self.get_response(request)
               │           │    │            └ <WSGIRequest: GET '/project-21/doc-738/'>
               │           │    └ <function convert_exception_to_response.<locals>.inner at 0x7f5d930a7a60>
               │           └ <django.middleware.locale.LocaleMiddleware object at 0x7f5d930e17b8>
               └ None
  File "/www/server/python_manager/versions/3.6.8/lib/python3.6/site-packages/django/core/handlers/exception.py", line 34, in inner
    response = get_response(request)
               │            └ <WSGIRequest: GET '/project-21/doc-738/'>
               └ <django.middleware.common.CommonMiddleware object at 0x7f5d930e1780>
  File "/www/server/python_manager/versions/3.6.8/lib/python3.6/site-packages/django/utils/deprecation.py", line 94, in __call__
    response = response or self.get_response(request)
               │           │    │            └ <WSGIRequest: GET '/project-21/doc-738/'>
               │           │    └ <function convert_exception_to_response.<locals>.inner at 0x7f5d930a79d8>
               │           └ <django.middleware.common.CommonMiddleware object at 0x7f5d930e1780>
               └ None
  File "/www/server/python_manager/versions/3.6.8/lib/python3.6/site-packages/django/core/handlers/exception.py", line 34, in inner
    response = get_response(request)
               │            └ <WSGIRequest: GET '/project-21/doc-738/'>
               └ <django.middleware.csrf.CsrfViewMiddleware object at 0x7f5d988d7240>
  File "/www/server/python_manager/versions/3.6.8/lib/python3.6/site-packages/django/utils/deprecation.py", line 94, in __call__
    response = response or self.get_response(request)
               │           │    │            └ <WSGIRequest: GET '/project-21/doc-738/'>
               │           │    └ <function convert_exception_to_response.<locals>.inner at 0x7f5d930a7950>
               │           └ <django.middleware.csrf.CsrfViewMiddleware object at 0x7f5d988d7240>
               └ None
  File "/www/server/python_manager/versions/3.6.8/lib/python3.6/site-packages/django/core/handlers/exception.py", line 34, in inner
    response = get_response(request)
               │            └ <WSGIRequest: GET '/project-21/doc-738/'>
               └ <django.contrib.auth.middleware.AuthenticationMiddleware object at 0x7f5d988d7278>
  File "/www/server/python_manager/versions/3.6.8/lib/python3.6/site-packages/django/utils/deprecation.py", line 94, in __call__
    response = response or self.get_response(request)
               │           │    │            └ <WSGIRequest: GET '/project-21/doc-738/'>
               │           │    └ <function convert_exception_to_response.<locals>.inner at 0x7f5d930a78c8>
               │           └ <django.contrib.auth.middleware.AuthenticationMiddleware object at 0x7f5d988d7278>
               └ None
  File "/www/server/python_manager/versions/3.6.8/lib/python3.6/site-packages/django/core/handlers/exception.py", line 34, in inner
    response = get_response(request)
               │            └ <WSGIRequest: GET '/project-21/doc-738/'>
               └ <django.contrib.messages.middleware.MessageMiddleware object at 0x7f5d988d7320>
  File "/www/server/python_manager/versions/3.6.8/lib/python3.6/site-packages/django/utils/deprecation.py", line 94, in __call__
    response = response or self.get_response(request)
               │           │    │            └ <WSGIRequest: GET '/project-21/doc-738/'>
               │           │    └ <function convert_exception_to_response.<locals>.inner at 0x7f5d930a7840>
               │           └ <django.contrib.messages.middleware.MessageMiddleware object at 0x7f5d988d7320>
               └ None
  File "/www/server/python_manager/versions/3.6.8/lib/python3.6/site-packages/django/core/handlers/exception.py", line 34, in inner
    response = get_response(request)
               │            └ <WSGIRequest: GET '/project-21/doc-738/'>
               └ <django.middleware.clickjacking.XFrameOptionsMiddleware object at 0x7f5d988d7208>
  File "/www/server/python_manager/versions/3.6.8/lib/python3.6/site-packages/django/utils/deprecation.py", line 94, in __call__
    response = response or self.get_response(request)
               │           │    │            └ <WSGIRequest: GET '/project-21/doc-738/'>
               │           │    └ <function convert_exception_to_response.<locals>.inner at 0x7f5d930a77b8>
               │           └ <django.middleware.clickjacking.XFrameOptionsMiddleware object at 0x7f5d988d7208>
               └ None
  File "/www/server/python_manager/versions/3.6.8/lib/python3.6/site-packages/django/core/handlers/exception.py", line 34, in inner
    response = get_response(request)
               │            └ <WSGIRequest: GET '/project-21/doc-738/'>
               └ <app_admin.middleware.require_login_middleware.RequiredLoginMiddleware object at 0x7f5d98247cf8>

  File "/usr/local/projects/MrDoc/app_admin/middleware/require_login_middleware.py", line 35, in __call__
    response = self.get_response(request)
               │    │            └ <WSGIRequest: GET '/project-21/doc-738/'>
               │    └ <function BaseHandler._get_response at 0x7f5d93085d08>
               └ <app_admin.middleware.require_login_middleware.RequiredLoginMiddleware object at 0x7f5d98247cf8>

  File "/www/server/python_manager/versions/3.6.8/lib/python3.6/site-packages/django/core/handlers/exception.py", line 34, in inner
    response = get_response(request)
               │            └ <WSGIRequest: GET '/project-21/doc-738/'>
               └ <bound method BaseHandler._get_response of <django.core.handlers.wsgi.WSGIHandler object at 0x7f5d988c1128>>
  File "/www/server/python_manager/versions/3.6.8/lib/python3.6/site-packages/django/core/handlers/base.py", line 113, in _get_response
    response = wrapped_callback(request, *callback_args, **callback_kwargs)
               │                │         │                └ {'pro_id': 21, 'doc_id': 738}
               │                │         └ ()
               │                └ <WSGIRequest: GET '/project-21/doc-738/'>
               └ <function doc at 0x7f5d983828c8>
  File "/www/server/python_manager/versions/3.6.8/lib/python3.6/site-packages/django/views/decorators/http.py", line 40, in inner
    return func(request, *args, **kwargs)
           │    │         │       └ {'pro_id': 21, 'doc_id': 738}
           │    │         └ ()
           │    └ <WSGIRequest: GET '/project-21/doc-738/'>
           └ <function doc at 0x7f5d98382840>

> File "/usr/local/projects/MrDoc/app_doc/views.py", line 1000, in doc
    doc = Doc.objects.get(id=int(doc_id),status__in=[0,1]) # 文档信息
          │   │                  └ 738
          │   └ <django.db.models.manager.ManagerDescriptor object at 0x7f5d99f0a1d0>
          └ <class 'app_doc.models.Doc'>

  File "/www/server/python_manager/versions/3.6.8/lib/python3.6/site-packages/django/db/models/manager.py", line 82, in manager_method
    return getattr(self.get_queryset(), name)(*args, **kwargs)
                   │    │               │      │       └ {'id': 738, 'status__in': [0, 1]}
                   │    │               │      └ ()
                   │    │               └ 'get'
                   │    └ <function BaseManager.get_queryset at 0x7f5d9aeceae8>
                   └ <django.db.models.manager.Manager object at 0x7f5d9314f9e8>
  File "/www/server/python_manager/versions/3.6.8/lib/python3.6/site-packages/django/db/models/query.py", line 408, in get
    self.model._meta.object_name
    │    │     │     └ 'Doc'
    │    │     └ <Options for Doc>
    │    └ <class 'app_doc.models.Doc'>
    └ <QuerySet [<Doc: About>, <Doc: 1、算法框架>, <Doc: 1、TDH>, <Doc: 1.1 常用方法>, <Doc: 2、Shell>, <Doc: 2.1 常用命令>, <Doc: 2.2 示例脚本>, <Doc...

app_doc.models.Doc.DoesNotExist: Doc matching query does not exist.
